<?xml version="1.0" encoding="UTF-8"?>
<testsuites name="Basic" time="363" tests="11" failures="1" errors="0">
   <testsuite name="Basic" tests="11" failures="1" errors="0" time="363" timestamp="2560-11-07 11:30:59" hostname="PIEW - 192.168.11.220" id="Test Suites/Basic">
      <properties>
         <property name="deviceName" value=""/>
         <property name="devicePlatform" value=""/>
         <property name="logFolder" value="C:\\Users\\PIEW\\git\\GuruTMDA\\Reports\\Basic\\25601107_113057"/>
         <property name="logFiles" value="C:\\Users\\PIEW\\git\\GuruTMDA\\Reports\\Basic\\25601107_113057\\execution0.log"/>
         <property name="attachments" value="C:\\Users\\PIEW\\git\\GuruTMDA\\Reports\\Basic\\25601107_113057\\1510029275251.png, C:\\Users\\PIEW\\git\\GuruTMDA\\Reports\\Basic\\25601107_113057\\1510029289023.png"/>
         <property name="hostName" value="PIEW - 192.168.11.220"/>
         <property name="os" value="Windows 7 64bit"/>
         <property name="katalonVersion" value="5.0.1.1"/>
         <property name="browser" value="Chrome 61.0.3163.100"/>
         <property name="hostAddress" value="192.168.11.220"/>
         <property name="sessionId" value="d44c100aec969216b825273ef770fa0e"/>
         <property name="seleniumVersion" value="2.53.0"/>
         <property name="proxyInformation" value="ProxyInformation{proxyOption=NO_PROXY, proxyServerType=HTTP, password=, proxyServerAddress=, proxyServerPort=0}"/>
         <property name="platform" value="Windows 7"/>
      </properties>
      <testcase name="Test Cases/1. Start Page (without login)/Single Verbatim without login" classname="Test Cases/1. Start Page (without login)/Single Verbatim without login" status="PASSED">
         <system-out><![CDATA[2560-11-07 11:30:59 - [TEST_CASE][PASSED] - Test Cases/1. Start Page (without login)/Single Verbatim without login: Test Cases/1. Start Page (without login)/Single Verbatim without login

2560-11-07 11:31:00 - [TEST_STEP][PASSED] - openBrowser: Browser is opened with url: ''

2560-11-07 11:31:02 - [MESSAGE][PASSED] - Browser is opened with url: ''

2560-11-07 11:31:02 - [TEST_STEP][PASSED] - maximizeWindow: Current window maximized

2560-11-07 11:31:02 - [MESSAGE][PASSED] - Current window maximized

2560-11-07 11:31:02 - [TEST_STEP][PASSED] - navigateToUrl: Navigate to 'http://192.168.11.59/' successfully

2560-11-07 11:31:07 - [MESSAGE][PASSED] - Navigate to 'http://192.168.11.59/' successfully

2560-11-07 11:31:07 - [TEST_STEP][PASSED] - click: Object: 'Object Repository/Single verbatim without login//i_fa fa-location-arrow w3-text (1)' is clicked on

2560-11-07 11:31:08 - [MESSAGE][PASSED] - Object: 'Object Repository/Single verbatim without login//i_fa fa-location-arrow w3-text (1)' is clicked on

2560-11-07 11:31:08 - [TEST_STEP][PASSED] - verifyElementPresent: Object 'Object Repository/single verbatim with login/span_Verbatim is not null' is present

2560-11-07 11:31:08 - [MESSAGE][PASSED] - Object 'Object Repository/single verbatim with login/span_Verbatim is not null' is present

2560-11-07 11:31:08 - [TEST_STEP][PASSED] - setText: Text 'บริการดีแต่รอคิวนาน' is set on object 'Object Repository/Single verbatim without login/input_input-text w3-large inpu'

2560-11-07 11:31:08 - [MESSAGE][PASSED] - Text 'บริการดีแต่รอคิวนาน' is set on object 'Object Repository/Single verbatim without login/input_input-text w3-large inpu'

2560-11-07 11:31:08 - [TEST_STEP][PASSED] - click: Object: 'Object Repository/Single verbatim without login//i_fa fa-location-arrow w3-text (1)' is clicked on

2560-11-07 11:31:08 - [MESSAGE][PASSED] - Object: 'Object Repository/Single verbatim without login//i_fa fa-location-arrow w3-text (1)' is clicked on

2560-11-07 11:31:08 - [TEST_STEP][PASSED] - verifyElementPresent: Object 'Object Repository/Single verbatim without login//div_predict-result' is present

2560-11-07 11:31:27 - [MESSAGE][PASSED] - Object 'Object Repository/Single verbatim without login//div_predict-result' is present

2560-11-07 11:31:27 - [TEST_STEP][PASSED] - verifyElementPresent: Object 'Object Repository/Single verbatim without login//div_row' is present

2560-11-07 11:31:27 - [MESSAGE][PASSED] - Object 'Object Repository/Single verbatim without login//div_row' is present

2560-11-07 11:31:27 - [TEST_STEP][PASSED] - setText: Text 'โคยยยยย' is set on object 'Object Repository/Single verbatim without login/input_input-text w3-large inpu'

2560-11-07 11:31:27 - [MESSAGE][PASSED] - Text 'โคยยยยย' is set on object 'Object Repository/Single verbatim without login/input_input-text w3-large inpu'

2560-11-07 11:31:27 - [TEST_STEP][PASSED] - click: Object: 'Object Repository/Single verbatim without login//i_fa fa-location-arrow w3-text (1)' is clicked on

2560-11-07 11:31:27 - [MESSAGE][PASSED] - Object: 'Object Repository/Single verbatim without login//i_fa fa-location-arrow w3-text (1)' is clicked on

2560-11-07 11:31:27 - [TEST_STEP][PASSED] - verifyElementPresent: Object 'Object Repository/Single verbatim without login//div_predict-result (1)' is present

2560-11-07 11:31:45 - [MESSAGE][PASSED] - Object 'Object Repository/Single verbatim without login//div_predict-result (1)' is present

2560-11-07 11:31:45 - [TEST_STEP][PASSED] - verifyElementPresent: Object 'Object Repository/single verbatim with login/img' is present

2560-11-07 11:31:45 - [MESSAGE][PASSED] - Object 'Object Repository/single verbatim with login/img' is present

2560-11-07 11:31:45 - [TEST_STEP][NOT_RUN] - closeBrowser: NOT_RUN: closeBrowser

2560-11-07 11:31:45 - [MESSAGE][NOT_RUN] - NOT_RUN: closeBrowser]]></system-out>
         <system-err><![CDATA[]]></system-err>
      </testcase>
      <testcase name="Test Cases/2. Login/Sign Up" classname="Test Cases/2. Login/Sign Up" status="PASSED">
         <system-out><![CDATA[2560-11-07 11:31:45 - [TEST_CASE][PASSED] - Test Cases/2. Login/Sign Up: Test Cases/2. Login/Sign Up

2560-11-07 11:31:46 - [TEST_STEP][NOT_RUN] - openBrowser: NOT_RUN: openBrowser

2560-11-07 11:31:46 - [MESSAGE][NOT_RUN] - NOT_RUN: openBrowser

2560-11-07 11:31:46 - [TEST_STEP][NOT_RUN] - maximizeWindow: NOT_RUN: maximizeWindow

2560-11-07 11:31:46 - [MESSAGE][NOT_RUN] - NOT_RUN: maximizeWindow

2560-11-07 11:31:46 - [TEST_STEP][NOT_RUN] - navigateToUrl: NOT_RUN: navigateToUrl

2560-11-07 11:31:46 - [MESSAGE][NOT_RUN] - NOT_RUN: navigateToUrl

2560-11-07 11:31:46 - [TEST_STEP][PASSED] - click: Object: 'Object Repository/signup/start/span_Login' is clicked on

2560-11-07 11:31:46 - [MESSAGE][PASSED] - Object: 'Object Repository/signup/start/span_Login' is clicked on

2560-11-07 11:31:46 - [TEST_STEP][PASSED] - scrollToElement: Scroll to object 'Object Repository/signup/login/a_Sign Up' successfully

2560-11-07 11:31:46 - [MESSAGE][PASSED] - Scroll to object 'Object Repository/signup/login/a_Sign Up' successfully

2560-11-07 11:31:46 - [TEST_STEP][PASSED] - click: Object: 'Object Repository/signup/login/a_Sign Up' is clicked on

2560-11-07 11:31:46 - [MESSAGE][PASSED] - Object: 'Object Repository/signup/login/a_Sign Up' is clicked on

2560-11-07 11:31:46 - [TEST_STEP][PASSED] - Statement - date = new java.util.Date(): null

2560-11-07 11:31:46 - [TEST_STEP][PASSED] - Statement - df = new java.text.SimpleDateFormat(): null

2560-11-07 11:31:46 - [TEST_STEP][PASSED] - Statement - df.applyPattern("ddmmyyyyHHmmss"): null

2560-11-07 11:31:46 - [TEST_STEP][PASSED] - setText: Text 'Creme' is set on object 'Object Repository/signup/signup/input_username'

2560-11-07 11:31:46 - [MESSAGE][PASSED] - Text 'Creme' is set on object 'Object Repository/signup/signup/input_username'

2560-11-07 11:31:46 - [TEST_STEP][PASSED] - setText: Text '1234' is set on object 'Object Repository/signup/signup/input_password'

2560-11-07 11:31:46 - [MESSAGE][PASSED] - Text '1234' is set on object 'Object Repository/signup/signup/input_password'

2560-11-07 11:31:46 - [TEST_STEP][PASSED] - setText: Text '1234' is set on object 'Object Repository/signup/signup/input_cfpassword'

2560-11-07 11:31:47 - [MESSAGE][PASSED] - Text '1234' is set on object 'Object Repository/signup/signup/input_cfpassword'

2560-11-07 11:31:47 - [TEST_STEP][PASSED] - setText: Text 'Piratchana' is set on object 'Object Repository/signup/signup/input_first_name'

2560-11-07 11:31:47 - [MESSAGE][PASSED] - Text 'Piratchana' is set on object 'Object Repository/signup/signup/input_first_name'

2560-11-07 11:31:47 - [TEST_STEP][PASSED] - setText: Text 'Maksub' is set on object 'Object Repository/signup/signup/input_last_name'

2560-11-07 11:31:47 - [MESSAGE][PASSED] - Text 'Maksub' is set on object 'Object Repository/signup/signup/input_last_name'

2560-11-07 11:31:47 - [TEST_STEP][PASSED] - setText: Text 'Cprcn@gmail.com' is set on object 'Object Repository/signup/signup/input_email'

2560-11-07 11:31:47 - [MESSAGE][PASSED] - Text 'Cprcn@gmail.com' is set on object 'Object Repository/signup/signup/input_email'

2560-11-07 11:31:47 - [TEST_STEP][PASSED] - selectOptionByValue: All options with value '1' are selected in object 'Object Repository/signup/signup/select_question'  using regular expression

2560-11-07 11:31:48 - [MESSAGE][PASSED] - All options with value '1' are selected in object 'Object Repository/signup/signup/select_question'  using regular expression

2560-11-07 11:31:48 - [TEST_STEP][PASSED] - setText: Text 'Dog' is set on object 'Object Repository/signup/signup/input_answer'

2560-11-07 11:31:48 - [MESSAGE][PASSED] - Text 'Dog' is set on object 'Object Repository/signup/signup/input_answer'

2560-11-07 11:31:48 - [TEST_STEP][PASSED] - verifyElementNotClickable: Object 'Object Repository/signup/signup/button_Sign Up' is NOT clickable

2560-11-07 11:31:48 - [MESSAGE][PASSED] - Object 'Object Repository/signup/signup/button_Sign Up' is NOT clickable

2560-11-07 11:31:48 - [TEST_STEP][PASSED] - uploadFile: File 'C:\Penguins.jpg' sent to object: 'Object Repository/signup/signup/input_file-input'

2560-11-07 11:31:48 - [MESSAGE][PASSED] - File 'C:\Penguins.jpg' sent to object: 'Object Repository/signup/signup/input_file-input'

2560-11-07 11:31:48 - [TEST_STEP][PASSED] - setText: Text 'e' is set on object 'Object Repository/signup/signup/input_username'

2560-11-07 11:31:48 - [MESSAGE][PASSED] - Text 'e' is set on object 'Object Repository/signup/signup/input_username'

2560-11-07 11:31:48 - [TEST_STEP][PASSED] - sendKeys: Keys 'BACK_SPACE + ' sent to object: 'Object Repository/signup/signup/input_username'

2560-11-07 11:31:49 - [MESSAGE][PASSED] - Keys 'BACK_SPACE + ' sent to object: 'Object Repository/signup/signup/input_username'

2560-11-07 11:31:49 - [TEST_STEP][PASSED] - verifyElementNotClickable: Object 'Object Repository/signup/signup/button_Sign Up' is NOT clickable

2560-11-07 11:31:49 - [MESSAGE][PASSED] - Object 'Object Repository/signup/signup/button_Sign Up' is NOT clickable

2560-11-07 11:31:49 - [TEST_STEP][PASSED] - verifyElementPresent: Object 'Object Repository/signup/signup/Required/div_Username is required.' is present

2560-11-07 11:31:49 - [MESSAGE][PASSED] - Object 'Object Repository/signup/signup/Required/div_Username is required.' is present

2560-11-07 11:31:49 - [TEST_STEP][PASSED] - setText: Text 'Creme' is set on object 'Object Repository/signup/signup/input_username'

2560-11-07 11:31:49 - [MESSAGE][PASSED] - Text 'Creme' is set on object 'Object Repository/signup/signup/input_username'

2560-11-07 11:31:49 - [TEST_STEP][PASSED] - waitForElementClickable: Object 'Object Repository/signup/signup//button_Sign Up' is clickable

2560-11-07 11:31:49 - [MESSAGE][PASSED] - Object 'Object Repository/signup/signup//button_Sign Up' is clickable

2560-11-07 11:31:49 - [TEST_STEP][PASSED] - click: Object: 'Object Repository/signup/signup/button_Sign Up' is clicked on

2560-11-07 11:31:49 - [MESSAGE][PASSED] - Object: 'Object Repository/signup/signup/button_Sign Up' is clicked on

2560-11-07 11:31:49 - [TEST_STEP][PASSED] - verifyElementPresent: Object 'Object Repository/signup/signup//div_Username is existing accou' is present

2560-11-07 11:31:50 - [MESSAGE][PASSED] - Object 'Object Repository/signup/signup//div_Username is existing accou' is present

2560-11-07 11:31:50 - [TEST_STEP][PASSED] - click: Object: 'Object Repository/signup/signup//button_' is clicked on

2560-11-07 11:31:50 - [MESSAGE][PASSED] - Object: 'Object Repository/signup/signup//button_' is clicked on

2560-11-07 11:31:50 - [TEST_STEP][PASSED] - setText: Text 'e' is set on object 'Object Repository/signup/signup/input_password'

2560-11-07 11:31:50 - [MESSAGE][PASSED] - Text 'e' is set on object 'Object Repository/signup/signup/input_password'

2560-11-07 11:31:50 - [TEST_STEP][PASSED] - sendKeys: Keys 'BACK_SPACE + ' sent to object: 'Object Repository/signup/signup/input_password'

2560-11-07 11:31:50 - [MESSAGE][PASSED] - Keys 'BACK_SPACE + ' sent to object: 'Object Repository/signup/signup/input_password'

2560-11-07 11:31:50 - [TEST_STEP][PASSED] - verifyElementNotClickable: Object 'Object Repository/signup/signup/button_Sign Up' is NOT clickable

2560-11-07 11:31:50 - [MESSAGE][PASSED] - Object 'Object Repository/signup/signup/button_Sign Up' is NOT clickable

2560-11-07 11:31:50 - [TEST_STEP][PASSED] - verifyElementPresent: Object 'Object Repository/signup/signup/Required/div_Password is required.' is present

2560-11-07 11:31:50 - [MESSAGE][PASSED] - Object 'Object Repository/signup/signup/Required/div_Password is required.' is present

2560-11-07 11:31:51 - [TEST_STEP][PASSED] - setText: Text '1234' is set on object 'Object Repository/signup/signup/input_password'

2560-11-07 11:31:51 - [MESSAGE][PASSED] - Text '1234' is set on object 'Object Repository/signup/signup/input_password'

2560-11-07 11:31:51 - [TEST_STEP][PASSED] - setText: Text '54321' is set on object 'Object Repository/signup/signup/input_cfpassword'

2560-11-07 11:31:51 - [MESSAGE][PASSED] - Text '54321' is set on object 'Object Repository/signup/signup/input_cfpassword'

2560-11-07 11:31:51 - [TEST_STEP][PASSED] - verifyElementNotClickable: Object 'Object Repository/signup/signup/button_Sign Up' is NOT clickable

2560-11-07 11:31:51 - [MESSAGE][PASSED] - Object 'Object Repository/signup/signup/button_Sign Up' is NOT clickable

2560-11-07 11:31:51 - [TEST_STEP][PASSED] - verifyElementPresent: Object 'Object Repository/signup/signup/div_Password and Confirm Passw' is present

2560-11-07 11:31:52 - [MESSAGE][PASSED] - Object 'Object Repository/signup/signup/div_Password and Confirm Passw' is present

2560-11-07 11:31:52 - [TEST_STEP][PASSED] - setText: Text 'e' is set on object 'Object Repository/signup/signup/input_cfpassword'

2560-11-07 11:31:52 - [MESSAGE][PASSED] - Text 'e' is set on object 'Object Repository/signup/signup/input_cfpassword'

2560-11-07 11:31:52 - [TEST_STEP][PASSED] - sendKeys: Keys 'BACK_SPACE + ' sent to object: 'Object Repository/signup/signup/input_cfpassword'

2560-11-07 11:31:52 - [MESSAGE][PASSED] - Keys 'BACK_SPACE + ' sent to object: 'Object Repository/signup/signup/input_cfpassword'

2560-11-07 11:31:52 - [TEST_STEP][PASSED] - verifyElementNotClickable: Object 'Object Repository/signup/signup/button_Sign Up' is NOT clickable

2560-11-07 11:31:52 - [MESSAGE][PASSED] - Object 'Object Repository/signup/signup/button_Sign Up' is NOT clickable

2560-11-07 11:31:52 - [TEST_STEP][PASSED] - verifyElementPresent: Object 'Object Repository/signup/signup/div_Password and Confirm Passw' is present

2560-11-07 11:31:52 - [MESSAGE][PASSED] - Object 'Object Repository/signup/signup/div_Password and Confirm Passw' is present

2560-11-07 11:31:52 - [TEST_STEP][PASSED] - setText: Text '1234' is set on object 'Object Repository/signup/signup/input_cfpassword'

2560-11-07 11:31:52 - [MESSAGE][PASSED] - Text '1234' is set on object 'Object Repository/signup/signup/input_cfpassword'

2560-11-07 11:31:52 - [TEST_STEP][PASSED] - setText: Text 'e' is set on object 'Object Repository/signup/signup/input_first_name'

2560-11-07 11:31:52 - [MESSAGE][PASSED] - Text 'e' is set on object 'Object Repository/signup/signup/input_first_name'

2560-11-07 11:31:52 - [TEST_STEP][PASSED] - sendKeys: Keys 'BACK_SPACE + ' sent to object: 'Object Repository/signup/signup/input_first_name'

2560-11-07 11:31:52 - [MESSAGE][PASSED] - Keys 'BACK_SPACE + ' sent to object: 'Object Repository/signup/signup/input_first_name'

2560-11-07 11:31:52 - [TEST_STEP][PASSED] - verifyElementNotClickable: Object 'Object Repository/signup/signup/button_Sign Up' is NOT clickable

2560-11-07 11:31:53 - [MESSAGE][PASSED] - Object 'Object Repository/signup/signup/button_Sign Up' is NOT clickable

2560-11-07 11:31:53 - [TEST_STEP][PASSED] - verifyElementPresent: Object 'Object Repository/signup/signup/Required/div_Firstname is required.' is present

2560-11-07 11:31:53 - [MESSAGE][PASSED] - Object 'Object Repository/signup/signup/Required/div_Firstname is required.' is present

2560-11-07 11:31:53 - [TEST_STEP][PASSED] - setText: Text '55555' is set on object 'Object Repository/signup/signup/input_first_name'

2560-11-07 11:31:54 - [MESSAGE][PASSED] - Text '55555' is set on object 'Object Repository/signup/signup/input_first_name'

2560-11-07 11:31:54 - [TEST_STEP][PASSED] - verifyElementNotClickable: Object 'Object Repository/signup/signup/button_Sign Up' is NOT clickable

2560-11-07 11:31:54 - [MESSAGE][PASSED] - Object 'Object Repository/signup/signup/button_Sign Up' is NOT clickable

2560-11-07 11:31:54 - [TEST_STEP][PASSED] - verifyElementPresent: Object 'Object Repository/signup/signup//div_Firstname is not pattern.' is present

2560-11-07 11:31:54 - [MESSAGE][PASSED] - Object 'Object Repository/signup/signup//div_Firstname is not pattern.' is present

2560-11-07 11:31:54 - [TEST_STEP][PASSED] - setText: Text 'Piratchana' is set on object 'Object Repository/signup/signup/input_first_name'

2560-11-07 11:31:54 - [MESSAGE][PASSED] - Text 'Piratchana' is set on object 'Object Repository/signup/signup/input_first_name'

2560-11-07 11:31:54 - [TEST_STEP][PASSED] - setText: Text 'e' is set on object 'Object Repository/signup/signup/input_last_name'

2560-11-07 11:31:54 - [MESSAGE][PASSED] - Text 'e' is set on object 'Object Repository/signup/signup/input_last_name'

2560-11-07 11:31:54 - [TEST_STEP][PASSED] - sendKeys: Keys 'BACK_SPACE + ' sent to object: 'Object Repository/signup/signup/input_last_name'

2560-11-07 11:31:54 - [MESSAGE][PASSED] - Keys 'BACK_SPACE + ' sent to object: 'Object Repository/signup/signup/input_last_name'

2560-11-07 11:31:54 - [TEST_STEP][PASSED] - verifyElementNotClickable: Object 'Object Repository/signup/signup/button_Sign Up' is NOT clickable

2560-11-07 11:31:54 - [MESSAGE][PASSED] - Object 'Object Repository/signup/signup/button_Sign Up' is NOT clickable

2560-11-07 11:31:54 - [TEST_STEP][PASSED] - verifyElementPresent: Object 'Object Repository/signup/signup/Required/div_Lastname is required.' is present

2560-11-07 11:31:54 - [MESSAGE][PASSED] - Object 'Object Repository/signup/signup/Required/div_Lastname is required.' is present

2560-11-07 11:31:55 - [TEST_STEP][PASSED] - setText: Text '55555' is set on object 'Object Repository/signup/signup/input_last_name'

2560-11-07 11:31:55 - [MESSAGE][PASSED] - Text '55555' is set on object 'Object Repository/signup/signup/input_last_name'

2560-11-07 11:31:55 - [TEST_STEP][PASSED] - verifyElementNotClickable: Object 'Object Repository/signup/signup/button_Sign Up' is NOT clickable

2560-11-07 11:31:55 - [MESSAGE][PASSED] - Object 'Object Repository/signup/signup/button_Sign Up' is NOT clickable

2560-11-07 11:31:55 - [TEST_STEP][PASSED] - verifyElementPresent: Object 'Object Repository/signup/signup//div_Lastname is not pattern.' is present

2560-11-07 11:31:55 - [MESSAGE][PASSED] - Object 'Object Repository/signup/signup//div_Lastname is not pattern.' is present

2560-11-07 11:31:55 - [TEST_STEP][PASSED] - setText: Text 'Maksub' is set on object 'Object Repository/signup/signup/input_last_name'

2560-11-07 11:31:55 - [MESSAGE][PASSED] - Text 'Maksub' is set on object 'Object Repository/signup/signup/input_last_name'

2560-11-07 11:31:55 - [TEST_STEP][PASSED] - setText: Text 'e' is set on object 'Object Repository/signup/signup/input_email'

2560-11-07 11:31:56 - [MESSAGE][PASSED] - Text 'e' is set on object 'Object Repository/signup/signup/input_email'

2560-11-07 11:31:56 - [TEST_STEP][PASSED] - sendKeys: Keys 'BACK_SPACE + ' sent to object: 'Object Repository/signup/signup/input_email'

2560-11-07 11:31:56 - [MESSAGE][PASSED] - Keys 'BACK_SPACE + ' sent to object: 'Object Repository/signup/signup/input_email'

2560-11-07 11:31:56 - [TEST_STEP][PASSED] - verifyElementNotClickable: Object 'Object Repository/signup/signup/button_Sign Up' is NOT clickable

2560-11-07 11:31:56 - [MESSAGE][PASSED] - Object 'Object Repository/signup/signup/button_Sign Up' is NOT clickable

2560-11-07 11:31:56 - [TEST_STEP][PASSED] - verifyElementPresent: Object 'Object Repository/signup/signup/Required/div_Email is required.' is present

2560-11-07 11:31:56 - [MESSAGE][PASSED] - Object 'Object Repository/signup/signup/Required/div_Email is required.' is present

2560-11-07 11:31:56 - [TEST_STEP][PASSED] - setText: Text 'Cprcnnnnnn' is set on object 'Object Repository/signup/signup/input_email'

2560-11-07 11:31:56 - [MESSAGE][PASSED] - Text 'Cprcnnnnnn' is set on object 'Object Repository/signup/signup/input_email'

2560-11-07 11:31:56 - [TEST_STEP][PASSED] - verifyElementNotClickable: Object 'Object Repository/signup/signup/button_Sign Up' is NOT clickable

2560-11-07 11:31:56 - [MESSAGE][PASSED] - Object 'Object Repository/signup/signup/button_Sign Up' is NOT clickable

2560-11-07 11:31:56 - [TEST_STEP][PASSED] - verifyElementPresent: Object 'Object Repository/signup/signup//div_Email is not pattern.' is present

2560-11-07 11:31:56 - [MESSAGE][PASSED] - Object 'Object Repository/signup/signup//div_Email is not pattern.' is present

2560-11-07 11:31:56 - [TEST_STEP][PASSED] - setText: Text 'Cprcn@gmail.com' is set on object 'Object Repository/signup/signup/input_email'

2560-11-07 11:31:57 - [MESSAGE][PASSED] - Text 'Cprcn@gmail.com' is set on object 'Object Repository/signup/signup/input_email'

2560-11-07 11:31:57 - [TEST_STEP][PASSED] - selectOptionByIndex: All options with index in [0] are selected on object 'Object Repository/signup/signup/select_question'

2560-11-07 11:31:57 - [MESSAGE][PASSED] - All options with index in [0] are selected on object 'Object Repository/signup/signup/select_question'

2560-11-07 11:31:57 - [TEST_STEP][PASSED] - verifyElementNotClickable: Object 'Object Repository/signup/signup/button_Sign Up' is NOT clickable

2560-11-07 11:31:57 - [MESSAGE][PASSED] - Object 'Object Repository/signup/signup/button_Sign Up' is NOT clickable

2560-11-07 11:31:57 - [TEST_STEP][PASSED] - verifyElementPresent: Object 'Object Repository/signup/signup/Required/div_Question is required.' is present

2560-11-07 11:31:57 - [MESSAGE][PASSED] - Object 'Object Repository/signup/signup/Required/div_Question is required.' is present

2560-11-07 11:31:57 - [TEST_STEP][PASSED] - selectOptionByValue: All options with value '1' are selected in object 'Object Repository/signup/signup/select_question'  using regular expression

2560-11-07 11:31:57 - [MESSAGE][PASSED] - All options with value '1' are selected in object 'Object Repository/signup/signup/select_question'  using regular expression

2560-11-07 11:31:57 - [TEST_STEP][PASSED] - setText: Text 'e' is set on object 'Object Repository/signup/signup/input_answer'

2560-11-07 11:31:57 - [MESSAGE][PASSED] - Text 'e' is set on object 'Object Repository/signup/signup/input_answer'

2560-11-07 11:31:57 - [TEST_STEP][PASSED] - sendKeys: Keys 'BACK_SPACE + ' sent to object: 'Object Repository/signup/signup/input_answer'

2560-11-07 11:31:58 - [MESSAGE][PASSED] - Keys 'BACK_SPACE + ' sent to object: 'Object Repository/signup/signup/input_answer'

2560-11-07 11:31:58 - [TEST_STEP][PASSED] - verifyElementNotClickable: Object 'Object Repository/signup/signup/button_Sign Up' is NOT clickable

2560-11-07 11:31:58 - [MESSAGE][PASSED] - Object 'Object Repository/signup/signup/button_Sign Up' is NOT clickable

2560-11-07 11:31:58 - [TEST_STEP][PASSED] - verifyElementPresent: Object 'Object Repository/signup/signup/Required/div_Answer is required.' is present

2560-11-07 11:31:58 - [MESSAGE][PASSED] - Object 'Object Repository/signup/signup/Required/div_Answer is required.' is present

2560-11-07 11:31:58 - [TEST_STEP][PASSED] - setText: Text 'Dog' is set on object 'Object Repository/signup/signup/input_answer'

2560-11-07 11:31:58 - [MESSAGE][PASSED] - Text 'Dog' is set on object 'Object Repository/signup/signup/input_answer'

2560-11-07 11:31:58 - [TEST_STEP][PASSED] - setText: Text '07312560113146' is set on object 'Object Repository/signup/signup/input_username'

2560-11-07 11:31:59 - [MESSAGE][PASSED] - Text '07312560113146' is set on object 'Object Repository/signup/signup/input_username'

2560-11-07 11:31:59 - [TEST_STEP][PASSED] - click: Object: 'Object Repository/signup/signup/button_Sign Up' is clicked on

2560-11-07 11:31:59 - [MESSAGE][PASSED] - Object: 'Object Repository/signup/signup/button_Sign Up' is clicked on

2560-11-07 11:31:59 - [TEST_STEP][PASSED] - verifyElementPresent: Object 'Object Repository/signup/signup/div_Sign Up Successful' is present

2560-11-07 11:31:59 - [MESSAGE][PASSED] - Object 'Object Repository/signup/signup/div_Sign Up Successful' is present

2560-11-07 11:31:59 - [TEST_STEP][PASSED] - click: Object: 'Object Repository/signup/signup//button_' is clicked on

2560-11-07 11:31:59 - [MESSAGE][PASSED] - Object: 'Object Repository/signup/signup//button_' is clicked on

2560-11-07 11:31:59 - [TEST_STEP][PASSED] - scrollToElement: Scroll to object 'Object Repository/signup/start/span_Login' successfully

2560-11-07 11:32:00 - [MESSAGE][PASSED] - Scroll to object 'Object Repository/signup/start/span_Login' successfully

2560-11-07 11:32:00 - [TEST_STEP][NOT_RUN] - closeBrowser: NOT_RUN: closeBrowser

2560-11-07 11:32:00 - [MESSAGE][NOT_RUN] - NOT_RUN: closeBrowser]]></system-out>
         <system-err><![CDATA[]]></system-err>
      </testcase>
      <testcase name="Test Cases/2. Login/Login" classname="Test Cases/2. Login/Login" status="PASSED">
         <system-out><![CDATA[2560-11-07 11:32:00 - [TEST_CASE][PASSED] - Test Cases/2. Login/Login: Test Cases/2. Login/Login

2560-11-07 11:32:00 - [TEST_STEP][NOT_RUN] - openBrowser: NOT_RUN: openBrowser

2560-11-07 11:32:00 - [MESSAGE][NOT_RUN] - NOT_RUN: openBrowser

2560-11-07 11:32:00 - [TEST_STEP][NOT_RUN] - maximizeWindow: NOT_RUN: maximizeWindow

2560-11-07 11:32:00 - [MESSAGE][NOT_RUN] - NOT_RUN: maximizeWindow

2560-11-07 11:32:00 - [TEST_STEP][NOT_RUN] - navigateToUrl: NOT_RUN: navigateToUrl

2560-11-07 11:32:00 - [MESSAGE][NOT_RUN] - NOT_RUN: navigateToUrl

2560-11-07 11:32:00 - [TEST_STEP][PASSED] - click: Object: 'Object Repository/Page_Guru TMDA/span_Login' is clicked on

2560-11-07 11:32:00 - [MESSAGE][PASSED] - Object: 'Object Repository/Page_Guru TMDA/span_Login' is clicked on

2560-11-07 11:32:00 - [TEST_STEP][PASSED] - setText: Text '1234' is set on object 'Object Repository/Page_Guru TMDA (1)/input_ng-untouched ng-pristine'

2560-11-07 11:32:00 - [MESSAGE][PASSED] - Text '1234' is set on object 'Object Repository/Page_Guru TMDA (1)/input_ng-untouched ng-pristine'

2560-11-07 11:32:00 - [TEST_STEP][PASSED] - submit: The form containing object: 'Object Repository/Page_Guru TMDA (1)/button_Login' is submitted

2560-11-07 11:32:00 - [MESSAGE][PASSED] - The form containing object: 'Object Repository/Page_Guru TMDA (1)/button_Login' is submitted

2560-11-07 11:32:00 - [TEST_STEP][PASSED] - verifyElementPresent: Object 'Object Repository/Login/div_Username is not null.' is present

2560-11-07 11:32:00 - [MESSAGE][PASSED] - Object 'Object Repository/Login/div_Username is not null.' is present

2560-11-07 11:32:00 - [TEST_STEP][PASSED] - setText: Text 'Cremeee' is set on object 'Object Repository/Page_Guru TMDA (1)/input_ng-untouched ng-valid ng'

2560-11-07 11:32:01 - [MESSAGE][PASSED] - Text 'Cremeee' is set on object 'Object Repository/Page_Guru TMDA (1)/input_ng-untouched ng-valid ng'

2560-11-07 11:32:01 - [TEST_STEP][PASSED] - submit: The form containing object: 'Object Repository/Page_Guru TMDA (1)/button_Login' is submitted

2560-11-07 11:32:01 - [MESSAGE][PASSED] - The form containing object: 'Object Repository/Page_Guru TMDA (1)/button_Login' is submitted

2560-11-07 11:32:01 - [TEST_STEP][PASSED] - verifyElementPresent: Object 'Object Repository/Login/div_User Not Found' is present

2560-11-07 11:32:02 - [MESSAGE][PASSED] - Object 'Object Repository/Login/div_User Not Found' is present

2560-11-07 11:32:02 - [TEST_STEP][PASSED] - setText: Text 'bbb' is set on object 'Object Repository/Page_Guru TMDA (1)/input_ng-untouched ng-valid ng'

2560-11-07 11:32:02 - [MESSAGE][PASSED] - Text 'bbb' is set on object 'Object Repository/Page_Guru TMDA (1)/input_ng-untouched ng-valid ng'

2560-11-07 11:32:02 - [TEST_STEP][PASSED] - setText: Text 'bbb' is set on object 'Object Repository/Page_Guru TMDA (1)/input_ng-untouched ng-pristine'

2560-11-07 11:32:02 - [MESSAGE][PASSED] - Text 'bbb' is set on object 'Object Repository/Page_Guru TMDA (1)/input_ng-untouched ng-pristine'

2560-11-07 11:32:02 - [TEST_STEP][PASSED] - submit: The form containing object: 'Object Repository/Page_Guru TMDA (1)/button_Login' is submitted

2560-11-07 11:32:02 - [MESSAGE][PASSED] - The form containing object: 'Object Repository/Page_Guru TMDA (1)/button_Login' is submitted

2560-11-07 11:32:02 - [TEST_STEP][PASSED] - verifyElementPresent: Object 'Object Repository/Login/div_User Not Activate' is present

2560-11-07 11:32:02 - [MESSAGE][PASSED] - Object 'Object Repository/Login/div_User Not Activate' is present

2560-11-07 11:32:02 - [TEST_STEP][PASSED] - setText: Text 'Creme' is set on object 'Object Repository/Page_Guru TMDA (1)/input_ng-untouched ng-valid ng'

2560-11-07 11:32:02 - [MESSAGE][PASSED] - Text 'Creme' is set on object 'Object Repository/Page_Guru TMDA (1)/input_ng-untouched ng-valid ng'

2560-11-07 11:32:02 - [TEST_STEP][PASSED] - setText: Text 'e' is set on object 'Object Repository/Page_Guru TMDA (1)/input_ng-untouched ng-pristine'

2560-11-07 11:32:02 - [MESSAGE][PASSED] - Text 'e' is set on object 'Object Repository/Page_Guru TMDA (1)/input_ng-untouched ng-pristine'

2560-11-07 11:32:02 - [TEST_STEP][PASSED] - sendKeys: Keys 'BACK_SPACE + ' sent to object: 'Object Repository/Page_Guru TMDA (1)/input_ng-untouched ng-pristine'

2560-11-07 11:32:02 - [MESSAGE][PASSED] - Keys 'BACK_SPACE + ' sent to object: 'Object Repository/Page_Guru TMDA (1)/input_ng-untouched ng-pristine'

2560-11-07 11:32:02 - [TEST_STEP][PASSED] - submit: The form containing object: 'Object Repository/Page_Guru TMDA (1)/button_Login' is submitted

2560-11-07 11:32:02 - [MESSAGE][PASSED] - The form containing object: 'Object Repository/Page_Guru TMDA (1)/button_Login' is submitted

2560-11-07 11:32:02 - [TEST_STEP][PASSED] - verifyElementPresent: Object 'Object Repository/Login/div_Password is not null.' is present

2560-11-07 11:32:03 - [MESSAGE][PASSED] - Object 'Object Repository/Login/div_Password is not null.' is present

2560-11-07 11:32:03 - [TEST_STEP][PASSED] - setText: Text '55555' is set on object 'Object Repository/Page_Guru TMDA (1)/input_ng-untouched ng-pristine'

2560-11-07 11:32:03 - [MESSAGE][PASSED] - Text '55555' is set on object 'Object Repository/Page_Guru TMDA (1)/input_ng-untouched ng-pristine'

2560-11-07 11:32:03 - [TEST_STEP][PASSED] - submit: The form containing object: 'Object Repository/Page_Guru TMDA (1)/button_Login' is submitted

2560-11-07 11:32:03 - [MESSAGE][PASSED] - The form containing object: 'Object Repository/Page_Guru TMDA (1)/button_Login' is submitted

2560-11-07 11:32:03 - [TEST_STEP][PASSED] - verifyElementPresent: Object 'Object Repository/Login/div_Incorrect Password' is present

2560-11-07 11:32:03 - [MESSAGE][PASSED] - Object 'Object Repository/Login/div_Incorrect Password' is present

2560-11-07 11:32:03 - [TEST_STEP][PASSED] - setText: Text '1234' is set on object 'Object Repository/Page_Guru TMDA (1)/input_ng-untouched ng-pristine'

2560-11-07 11:32:04 - [MESSAGE][PASSED] - Text '1234' is set on object 'Object Repository/Page_Guru TMDA (1)/input_ng-untouched ng-pristine'

2560-11-07 11:32:04 - [TEST_STEP][PASSED] - submit: The form containing object: 'Object Repository/Page_Guru TMDA (1)/button_Login' is submitted

2560-11-07 11:32:04 - [MESSAGE][PASSED] - The form containing object: 'Object Repository/Page_Guru TMDA (1)/button_Login' is submitted

2560-11-07 11:32:04 - [TEST_STEP][PASSED] - verifyElementPresent: Object 'Object Repository/Page_Guru TMDA (7)/a_Help' is present

2560-11-07 11:32:04 - [MESSAGE][WARNING] - Timeout '0' is invalid. Using default page load timeout: '30'

2560-11-07 11:32:04 - [MESSAGE][PASSED] - Object 'Object Repository/Page_Guru TMDA (7)/a_Help' is present

2560-11-07 11:32:04 - [TEST_STEP][NOT_RUN] - closeBrowser: NOT_RUN: closeBrowser

2560-11-07 11:32:04 - [MESSAGE][NOT_RUN] - NOT_RUN: closeBrowser]]></system-out>
         <system-err><![CDATA[]]></system-err>
      </testcase>
      <testcase name="Test Cases/3. Menu Text Prediction/Single Verbatim with login" classname="Test Cases/3. Menu Text Prediction/Single Verbatim with login" status="PASSED">
         <system-out><![CDATA[2560-11-07 11:32:04 - [TEST_CASE][PASSED] - Test Cases/3. Menu Text Prediction/Single Verbatim with login: Test Cases/3. Menu Text Prediction/Single Verbatim with login

2560-11-07 11:32:04 - [TEST_STEP][NOT_RUN] - openBrowser: NOT_RUN: openBrowser

2560-11-07 11:32:04 - [MESSAGE][NOT_RUN] - NOT_RUN: openBrowser

2560-11-07 11:32:04 - [TEST_STEP][NOT_RUN] - maximizeWindow: NOT_RUN: maximizeWindow

2560-11-07 11:32:04 - [MESSAGE][NOT_RUN] - NOT_RUN: maximizeWindow

2560-11-07 11:32:04 - [TEST_STEP][NOT_RUN] - navigateToUrl: NOT_RUN: navigateToUrl

2560-11-07 11:32:04 - [MESSAGE][NOT_RUN] - NOT_RUN: navigateToUrl

2560-11-07 11:32:04 - [TEST_STEP][NOT_RUN] - click: NOT_RUN: click

2560-11-07 11:32:04 - [MESSAGE][NOT_RUN] - NOT_RUN: click

2560-11-07 11:32:04 - [TEST_STEP][NOT_RUN] - setText: NOT_RUN: setText

2560-11-07 11:32:04 - [MESSAGE][NOT_RUN] - NOT_RUN: setText

2560-11-07 11:32:04 - [TEST_STEP][NOT_RUN] - setText: NOT_RUN: setText

2560-11-07 11:32:04 - [MESSAGE][NOT_RUN] - NOT_RUN: setText

2560-11-07 11:32:04 - [TEST_STEP][NOT_RUN] - click: NOT_RUN: click

2560-11-07 11:32:04 - [MESSAGE][NOT_RUN] - NOT_RUN: click

2560-11-07 11:32:04 - [TEST_STEP][PASSED] - click: Object: 'Object Repository/Page single/Page_Guru TMDA/button_btn btn-link' is clicked on

2560-11-07 11:32:04 - [MESSAGE][PASSED] - Object: 'Object Repository/Page single/Page_Guru TMDA/button_btn btn-link' is clicked on

2560-11-07 11:32:04 - [TEST_STEP][PASSED] - verifyElementPresent: Object 'Object Repository/single verbatim with login/span_Verbatim is not null' is present

2560-11-07 11:32:05 - [MESSAGE][PASSED] - Object 'Object Repository/single verbatim with login/span_Verbatim is not null' is present

2560-11-07 11:32:05 - [TEST_STEP][PASSED] - setText: Text 'บริการดีแต่รอคิวนาน' is set on object 'Object Repository/Page_Guru TMDA (2)/input_input-text w3-large inpu'

2560-11-07 11:32:05 - [MESSAGE][PASSED] - Text 'บริการดีแต่รอคิวนาน' is set on object 'Object Repository/Page_Guru TMDA (2)/input_input-text w3-large inpu'

2560-11-07 11:32:05 - [TEST_STEP][PASSED] - click: Object: 'Object Repository/Page single/Page_Guru TMDA/button_btn btn-link' is clicked on

2560-11-07 11:32:05 - [MESSAGE][PASSED] - Object: 'Object Repository/Page single/Page_Guru TMDA/button_btn btn-link' is clicked on

2560-11-07 11:32:05 - [TEST_STEP][PASSED] - verifyElementPresent: Object 'Object Repository/Page_Guru TMDA (2)/div_row' is present

2560-11-07 11:32:23 - [MESSAGE][PASSED] - Object 'Object Repository/Page_Guru TMDA (2)/div_row' is present

2560-11-07 11:32:23 - [TEST_STEP][PASSED] - verifyElementPresent: Object 'Object Repository/Page_Guru TMDA (2)/div_predict-result' is present

2560-11-07 11:32:23 - [MESSAGE][PASSED] - Object 'Object Repository/Page_Guru TMDA (2)/div_predict-result' is present

2560-11-07 11:32:23 - [TEST_STEP][PASSED] - setText: Text 'โคยยยยย' is set on object 'Object Repository/Page_Guru TMDA (2)/input_input-text w3-large inpu'

2560-11-07 11:32:23 - [MESSAGE][PASSED] - Text 'โคยยยยย' is set on object 'Object Repository/Page_Guru TMDA (2)/input_input-text w3-large inpu'

2560-11-07 11:32:23 - [TEST_STEP][PASSED] - click: Object: 'Object Repository/single verbatim with login//button_btn btn-link' is clicked on

2560-11-07 11:32:23 - [MESSAGE][PASSED] - Object: 'Object Repository/single verbatim with login//button_btn btn-link' is clicked on

2560-11-07 11:32:23 - [TEST_STEP][PASSED] - verifyElementPresent: Object 'Object Repository/Page_Guru TMDA (2)/div_predict-result' is present

2560-11-07 11:32:41 - [MESSAGE][PASSED] - Object 'Object Repository/Page_Guru TMDA (2)/div_predict-result' is present

2560-11-07 11:32:41 - [TEST_STEP][PASSED] - verifyElementPresent: Object 'Object Repository/single verbatim with login/img' is present

2560-11-07 11:32:41 - [MESSAGE][PASSED] - Object 'Object Repository/single verbatim with login/img' is present

2560-11-07 11:32:41 - [TEST_STEP][NOT_RUN] - closeBrowser: NOT_RUN: closeBrowser

2560-11-07 11:32:41 - [MESSAGE][NOT_RUN] - NOT_RUN: closeBrowser]]></system-out>
         <system-err><![CDATA[]]></system-err>
      </testcase>
      <testcase name="Test Cases/3. Menu Text Prediction/Upload File without labelling" classname="Test Cases/3. Menu Text Prediction/Upload File without labelling" status="PASSED">
         <system-out><![CDATA[2560-11-07 11:32:41 - [TEST_CASE][PASSED] - Test Cases/3. Menu Text Prediction/Upload File without labelling: Test Cases/3. Menu Text Prediction/Upload File without labelling

2560-11-07 11:32:42 - [TEST_STEP][NOT_RUN] - openBrowser: NOT_RUN: openBrowser

2560-11-07 11:32:42 - [MESSAGE][NOT_RUN] - NOT_RUN: openBrowser

2560-11-07 11:32:42 - [TEST_STEP][NOT_RUN] - maximizeWindow: NOT_RUN: maximizeWindow

2560-11-07 11:32:42 - [MESSAGE][NOT_RUN] - NOT_RUN: maximizeWindow

2560-11-07 11:32:42 - [TEST_STEP][NOT_RUN] - navigateToUrl: NOT_RUN: navigateToUrl

2560-11-07 11:32:42 - [MESSAGE][NOT_RUN] - NOT_RUN: navigateToUrl

2560-11-07 11:32:42 - [TEST_STEP][NOT_RUN] - click: NOT_RUN: click

2560-11-07 11:32:42 - [MESSAGE][NOT_RUN] - NOT_RUN: click

2560-11-07 11:32:42 - [TEST_STEP][NOT_RUN] - setText: NOT_RUN: setText

2560-11-07 11:32:42 - [MESSAGE][NOT_RUN] - NOT_RUN: setText

2560-11-07 11:32:42 - [TEST_STEP][NOT_RUN] - setText: NOT_RUN: setText

2560-11-07 11:32:42 - [MESSAGE][NOT_RUN] - NOT_RUN: setText

2560-11-07 11:32:42 - [TEST_STEP][NOT_RUN] - click: NOT_RUN: click

2560-11-07 11:32:42 - [MESSAGE][NOT_RUN] - NOT_RUN: click

2560-11-07 11:32:42 - [TEST_STEP][PASSED] - click: Object: 'Object Repository/Page_Guru TMDA (3)/a_Text Prediction' is clicked on

2560-11-07 11:32:42 - [MESSAGE][PASSED] - Object: 'Object Repository/Page_Guru TMDA (3)/a_Text Prediction' is clicked on

2560-11-07 11:32:42 - [TEST_STEP][PASSED] - click: Object: 'Object Repository/Page_Guru TMDA (3)/a_Upload File' is clicked on

2560-11-07 11:32:42 - [MESSAGE][PASSED] - Object: 'Object Repository/Page_Guru TMDA (3)/a_Upload File' is clicked on

2560-11-07 11:32:42 - [TEST_STEP][PASSED] - verifyElementNotClickable: Object 'Object Repository/Page_Guru TMDA (5)/button_Upload' is NOT clickable

2560-11-07 11:32:42 - [MESSAGE][PASSED] - Object 'Object Repository/Page_Guru TMDA (5)/button_Upload' is NOT clickable

2560-11-07 11:32:42 - [TEST_STEP][PASSED] - uploadFile: File 'C:\Penguins.jpg' sent to object: 'Object Repository/Page_Guru TMDA (6)/Page_Guru TMDA (4)/input_upfile'

2560-11-07 11:32:42 - [MESSAGE][PASSED] - File 'C:\Penguins.jpg' sent to object: 'Object Repository/Page_Guru TMDA (6)/Page_Guru TMDA (4)/input_upfile'

2560-11-07 11:32:42 - [TEST_STEP][PASSED] - waitForElementClickable: Object 'Object Repository/Page_Guru TMDA (5)/button_Upload' is clickable

2560-11-07 11:32:42 - [MESSAGE][PASSED] - Object 'Object Repository/Page_Guru TMDA (5)/button_Upload' is clickable

2560-11-07 11:32:42 - [TEST_STEP][PASSED] - click: Object: 'Object Repository/Page_Guru TMDA (5)/button_Upload' is clicked on

2560-11-07 11:32:42 - [MESSAGE][PASSED] - Object: 'Object Repository/Page_Guru TMDA (5)/button_Upload' is clicked on

2560-11-07 11:32:42 - [TEST_STEP][PASSED] - waitForElementNotPresent: Web element with id: 'Object Repository/Page_Guru TMDA (6)/Page_Guru TMDA (5)/Page_Guru TMDA/div_progress-bar-zone' located by 'By.xpath: //div[count(. | /html[1]/body[1]/my-app[1]/app-multiple-verbatim[1]/div[@class="popup-zone"]/div[@class="progress-bar-zone"]) = count(/html[1]/body[1]/my-app[1]/app-multiple-verbatim[1]/div[@class="popup-zone"]/div[@class="progress-bar-zone"])]' is not present after '5' second(s)

2560-11-07 11:32:44 - [MESSAGE][PASSED] - Web element with id: 'Object Repository/Page_Guru TMDA (6)/Page_Guru TMDA (5)/Page_Guru TMDA/div_progress-bar-zone' located by 'By.xpath: //div[count(. | /html[1]/body[1]/my-app[1]/app-multiple-verbatim[1]/div[@class="popup-zone"]/div[@class="progress-bar-zone"]) = count(/html[1]/body[1]/my-app[1]/app-multiple-verbatim[1]/div[@class="popup-zone"]/div[@class="progress-bar-zone"])]' is not present after '5' second(s)

2560-11-07 11:32:44 - [TEST_STEP][PASSED] - verifyElementPresent: Object 'Object Repository/Upload file without Labeling/Uploading/div_File Not Type of Excel' is present

2560-11-07 11:32:44 - [MESSAGE][PASSED] - Object 'Object Repository/Upload file without Labeling/Uploading/div_File Not Type of Excel' is present

2560-11-07 11:32:44 - [TEST_STEP][PASSED] - click: Object: 'Object Repository/Upload file without Labeling/Uploading/button_ close Not type of excel' is clicked on

2560-11-07 11:32:44 - [MESSAGE][PASSED] - Object: 'Object Repository/Upload file without Labeling/Uploading/button_ close Not type of excel' is clicked on

2560-11-07 11:32:44 - [TEST_STEP][PASSED] - waitForElementNotPresent: Web element with id: 'Object Repository/Upload file without Labeling/Uploading//div_File Not Type of Excel' located by 'By.xpath: //div[count(. | //*[@class = 'w3-xlarge w3-text-gray w3-padding-16']) = count(//*[@class = 'w3-xlarge w3-text-gray w3-padding-16'])][count(. | //*[text() = 'File Not Type of Excel!']) = count(//*[text() = 'File Not Type of Excel!'])][count(. | id("swal2-content")/div[@class="w3-white"]/div[@class="w3-xlarge w3-text-gray w3-padding-16"]) = count(id("swal2-content")/div[@class="w3-white"]/div[@class="w3-xlarge w3-text-gray w3-padding-16"])]' is not present after '5' second(s)

2560-11-07 11:32:44 - [MESSAGE][PASSED] - Web element with id: 'Object Repository/Upload file without Labeling/Uploading//div_File Not Type of Excel' located by 'By.xpath: //div[count(. | //*[@class = 'w3-xlarge w3-text-gray w3-padding-16']) = count(//*[@class = 'w3-xlarge w3-text-gray w3-padding-16'])][count(. | //*[text() = 'File Not Type of Excel!']) = count(//*[text() = 'File Not Type of Excel!'])][count(. | id("swal2-content")/div[@class="w3-white"]/div[@class="w3-xlarge w3-text-gray w3-padding-16"]) = count(id("swal2-content")/div[@class="w3-white"]/div[@class="w3-xlarge w3-text-gray w3-padding-16"])]' is not present after '5' second(s)

2560-11-07 11:32:44 - [TEST_STEP][PASSED] - uploadFile: File 'C:\test-Copy1.xlsx' sent to object: 'Object Repository/Page_Guru TMDA (6)/Page_Guru TMDA (4)/input_upfile'

2560-11-07 11:32:44 - [MESSAGE][PASSED] - File 'C:\test-Copy1.xlsx' sent to object: 'Object Repository/Page_Guru TMDA (6)/Page_Guru TMDA (4)/input_upfile'

2560-11-07 11:32:44 - [TEST_STEP][PASSED] - click: Object: 'Object Repository/Page_Guru TMDA (5)/button_Upload' is clicked on

2560-11-07 11:32:44 - [MESSAGE][PASSED] - Object: 'Object Repository/Page_Guru TMDA (5)/button_Upload' is clicked on

2560-11-07 11:32:44 - [TEST_STEP][PASSED] - waitForElementNotPresent: Web element with id: 'Object Repository/Page_Guru TMDA (6)/Page_Guru TMDA (5)/Page_Guru TMDA/div_progress-bar-zone' located by 'By.xpath: //div[count(. | /html[1]/body[1]/my-app[1]/app-multiple-verbatim[1]/div[@class="popup-zone"]/div[@class="progress-bar-zone"]) = count(/html[1]/body[1]/my-app[1]/app-multiple-verbatim[1]/div[@class="popup-zone"]/div[@class="progress-bar-zone"])]' is not present after '5' second(s)

2560-11-07 11:32:45 - [MESSAGE][PASSED] - Web element with id: 'Object Repository/Page_Guru TMDA (6)/Page_Guru TMDA (5)/Page_Guru TMDA/div_progress-bar-zone' located by 'By.xpath: //div[count(. | /html[1]/body[1]/my-app[1]/app-multiple-verbatim[1]/div[@class="popup-zone"]/div[@class="progress-bar-zone"]) = count(/html[1]/body[1]/my-app[1]/app-multiple-verbatim[1]/div[@class="popup-zone"]/div[@class="progress-bar-zone"])]' is not present after '5' second(s)

2560-11-07 11:32:45 - [TEST_STEP][NOT_RUN] - click: NOT_RUN: click

2560-11-07 11:32:45 - [MESSAGE][NOT_RUN] - NOT_RUN: click

2560-11-07 11:32:45 - [TEST_STEP][PASSED] - selectOptionByIndex: All options with index in [1] are selected on object 'Object Repository/Page_Guru TMDA (5)/select_sheet'

2560-11-07 11:32:46 - [MESSAGE][PASSED] - All options with index in [1] are selected on object 'Object Repository/Page_Guru TMDA (5)/select_sheet'

2560-11-07 11:32:46 - [TEST_STEP][PASSED] - waitForElementPresent: Object 'Object Repository/Page_Guru TMDA (6)/Page_Guru TMDA (1)/div_w3-padding-32 w3-center' is present

2560-11-07 11:32:49 - [MESSAGE][PASSED] - Object 'Object Repository/Page_Guru TMDA (6)/Page_Guru TMDA (1)/div_w3-padding-32 w3-center' is present

2560-11-07 11:32:49 - [TEST_STEP][PASSED] - verifyElementPresent: Object 'Object Repository/Upload file without Labeling/Uploading/div_Your file is not verified.' is present

2560-11-07 11:32:49 - [MESSAGE][PASSED] - Object 'Object Repository/Upload file without Labeling/Uploading/div_Your file is not verified.' is present

2560-11-07 11:32:49 - [TEST_STEP][PASSED] - click: Object: 'Object Repository/Upload file without Labeling/Uploading/button_ closeing Your file is not verified' is clicked on

2560-11-07 11:32:49 - [MESSAGE][PASSED] - Object: 'Object Repository/Upload file without Labeling/Uploading/button_ closeing Your file is not verified' is clicked on

2560-11-07 11:32:49 - [TEST_STEP][PASSED] - waitForElementNotPresent: Web element with id: 'Object Repository/Upload file without Labeling/Uploading/div_Your file is not verified.' located by 'By.xpath: //div[count(. | //*[@class = 'w3-xlarge w3-text-gray w3-padding-16']) = count(//*[@class = 'w3-xlarge w3-text-gray w3-padding-16'])][count(. | //*[text() = 'Your file is not verified.']) = count(//*[text() = 'Your file is not verified.'])][count(. | id("swal2-content")/div[@class="w3-white"]/div[@class="w3-xlarge w3-text-gray w3-padding-16"]) = count(id("swal2-content")/div[@class="w3-white"]/div[@class="w3-xlarge w3-text-gray w3-padding-16"])]' is not present after '5' second(s)

2560-11-07 11:32:49 - [MESSAGE][PASSED] - Web element with id: 'Object Repository/Upload file without Labeling/Uploading/div_Your file is not verified.' located by 'By.xpath: //div[count(. | //*[@class = 'w3-xlarge w3-text-gray w3-padding-16']) = count(//*[@class = 'w3-xlarge w3-text-gray w3-padding-16'])][count(. | //*[text() = 'Your file is not verified.']) = count(//*[text() = 'Your file is not verified.'])][count(. | id("swal2-content")/div[@class="w3-white"]/div[@class="w3-xlarge w3-text-gray w3-padding-16"]) = count(id("swal2-content")/div[@class="w3-white"]/div[@class="w3-xlarge w3-text-gray w3-padding-16"])]' is not present after '5' second(s)

2560-11-07 11:32:49 - [TEST_STEP][PASSED] - uploadFile: File 'C:\test1.xlsx' sent to object: 'Object Repository/Page_Guru TMDA (6)/Page_Guru TMDA (4)/input_upfile'

2560-11-07 11:32:50 - [MESSAGE][PASSED] - File 'C:\test1.xlsx' sent to object: 'Object Repository/Page_Guru TMDA (6)/Page_Guru TMDA (4)/input_upfile'

2560-11-07 11:32:50 - [TEST_STEP][PASSED] - click: Object: 'Object Repository/Page_Guru TMDA (5)/button_Upload' is clicked on

2560-11-07 11:32:50 - [MESSAGE][PASSED] - Object: 'Object Repository/Page_Guru TMDA (5)/button_Upload' is clicked on

2560-11-07 11:32:50 - [TEST_STEP][PASSED] - waitForElementNotPresent: Web element with id: 'Object Repository/Page_Guru TMDA (6)/Page_Guru TMDA (5)/Page_Guru TMDA/div_progress-bar-zone' located by 'By.xpath: //div[count(. | /html[1]/body[1]/my-app[1]/app-multiple-verbatim[1]/div[@class="popup-zone"]/div[@class="progress-bar-zone"]) = count(/html[1]/body[1]/my-app[1]/app-multiple-verbatim[1]/div[@class="popup-zone"]/div[@class="progress-bar-zone"])]' is not present after '5' second(s)

2560-11-07 11:32:51 - [MESSAGE][PASSED] - Web element with id: 'Object Repository/Page_Guru TMDA (6)/Page_Guru TMDA (5)/Page_Guru TMDA/div_progress-bar-zone' located by 'By.xpath: //div[count(. | /html[1]/body[1]/my-app[1]/app-multiple-verbatim[1]/div[@class="popup-zone"]/div[@class="progress-bar-zone"]) = count(/html[1]/body[1]/my-app[1]/app-multiple-verbatim[1]/div[@class="popup-zone"]/div[@class="progress-bar-zone"])]' is not present after '5' second(s)

2560-11-07 11:32:51 - [TEST_STEP][NOT_RUN] - click: NOT_RUN: click

2560-11-07 11:32:51 - [MESSAGE][NOT_RUN] - NOT_RUN: click

2560-11-07 11:32:51 - [TEST_STEP][PASSED] - selectOptionByIndex: All options with index in [1] are selected on object 'Object Repository/Page_Guru TMDA (5)/select_sheet'

2560-11-07 11:32:51 - [MESSAGE][PASSED] - All options with index in [1] are selected on object 'Object Repository/Page_Guru TMDA (5)/select_sheet'

2560-11-07 11:32:51 - [TEST_STEP][PASSED] - waitForElementPresent: Object 'Object Repository/Page_Guru TMDA (6)/Page_Guru TMDA (1)/div_w3-padding-32 w3-center' is present

2560-11-07 11:32:54 - [MESSAGE][PASSED] - Object 'Object Repository/Page_Guru TMDA (6)/Page_Guru TMDA (1)/div_w3-padding-32 w3-center' is present

2560-11-07 11:32:54 - [TEST_STEP][PASSED] - verifyElementPresent: Object 'Object Repository/Upload file without Labeling/Uploading/div_Your file is not verified.' is present

2560-11-07 11:32:54 - [MESSAGE][PASSED] - Object 'Object Repository/Upload file without Labeling/Uploading/div_Your file is not verified.' is present

2560-11-07 11:32:54 - [TEST_STEP][PASSED] - click: Object: 'Object Repository/Upload file without Labeling/Uploading/button_ closeing Your file is not verified' is clicked on

2560-11-07 11:32:54 - [MESSAGE][PASSED] - Object: 'Object Repository/Upload file without Labeling/Uploading/button_ closeing Your file is not verified' is clicked on

2560-11-07 11:32:54 - [TEST_STEP][PASSED] - waitForElementNotPresent: Web element with id: 'Object Repository/Upload file without Labeling/Uploading/div_Your file is not verified.' located by 'By.xpath: //div[count(. | //*[@class = 'w3-xlarge w3-text-gray w3-padding-16']) = count(//*[@class = 'w3-xlarge w3-text-gray w3-padding-16'])][count(. | //*[text() = 'Your file is not verified.']) = count(//*[text() = 'Your file is not verified.'])][count(. | id("swal2-content")/div[@class="w3-white"]/div[@class="w3-xlarge w3-text-gray w3-padding-16"]) = count(id("swal2-content")/div[@class="w3-white"]/div[@class="w3-xlarge w3-text-gray w3-padding-16"])]' is not present after '5' second(s)

2560-11-07 11:32:55 - [MESSAGE][PASSED] - Web element with id: 'Object Repository/Upload file without Labeling/Uploading/div_Your file is not verified.' located by 'By.xpath: //div[count(. | //*[@class = 'w3-xlarge w3-text-gray w3-padding-16']) = count(//*[@class = 'w3-xlarge w3-text-gray w3-padding-16'])][count(. | //*[text() = 'Your file is not verified.']) = count(//*[text() = 'Your file is not verified.'])][count(. | id("swal2-content")/div[@class="w3-white"]/div[@class="w3-xlarge w3-text-gray w3-padding-16"]) = count(id("swal2-content")/div[@class="w3-white"]/div[@class="w3-xlarge w3-text-gray w3-padding-16"])]' is not present after '5' second(s)

2560-11-07 11:32:55 - [TEST_STEP][PASSED] - uploadFile: File 'C:\test.xlsx' sent to object: 'Object Repository/Page_Guru TMDA (6)/Page_Guru TMDA (4)/input_upfile'

2560-11-07 11:32:55 - [MESSAGE][PASSED] - File 'C:\test.xlsx' sent to object: 'Object Repository/Page_Guru TMDA (6)/Page_Guru TMDA (4)/input_upfile'

2560-11-07 11:32:55 - [TEST_STEP][PASSED] - click: Object: 'Object Repository/Page_Guru TMDA (5)/button_Upload' is clicked on

2560-11-07 11:32:55 - [MESSAGE][PASSED] - Object: 'Object Repository/Page_Guru TMDA (5)/button_Upload' is clicked on

2560-11-07 11:32:55 - [TEST_STEP][PASSED] - waitForElementNotPresent: Web element with id: 'Object Repository/Page_Guru TMDA (6)/Page_Guru TMDA (5)/Page_Guru TMDA/div_progress-bar-zone' located by 'By.xpath: //div[count(. | /html[1]/body[1]/my-app[1]/app-multiple-verbatim[1]/div[@class="popup-zone"]/div[@class="progress-bar-zone"]) = count(/html[1]/body[1]/my-app[1]/app-multiple-verbatim[1]/div[@class="popup-zone"]/div[@class="progress-bar-zone"])]' is not present after '5' second(s)

2560-11-07 11:32:57 - [MESSAGE][PASSED] - Web element with id: 'Object Repository/Page_Guru TMDA (6)/Page_Guru TMDA (5)/Page_Guru TMDA/div_progress-bar-zone' located by 'By.xpath: //div[count(. | /html[1]/body[1]/my-app[1]/app-multiple-verbatim[1]/div[@class="popup-zone"]/div[@class="progress-bar-zone"]) = count(/html[1]/body[1]/my-app[1]/app-multiple-verbatim[1]/div[@class="popup-zone"]/div[@class="progress-bar-zone"])]' is not present after '5' second(s)

2560-11-07 11:32:57 - [TEST_STEP][NOT_RUN] - click: NOT_RUN: click

2560-11-07 11:32:57 - [MESSAGE][NOT_RUN] - NOT_RUN: click

2560-11-07 11:32:57 - [TEST_STEP][PASSED] - selectOptionByIndex: All options with index in [1] are selected on object 'Object Repository/Page_Guru TMDA (5)/select_sheet'

2560-11-07 11:32:57 - [MESSAGE][PASSED] - All options with index in [1] are selected on object 'Object Repository/Page_Guru TMDA (5)/select_sheet'

2560-11-07 11:32:57 - [TEST_STEP][PASSED] - waitForElementPresent: Object 'Object Repository/Page_Guru TMDA (6)/Page_Guru TMDA (1)/div_w3-padding-32 w3-center' is present

2560-11-07 11:33:01 - [MESSAGE][PASSED] - Object 'Object Repository/Page_Guru TMDA (6)/Page_Guru TMDA (1)/div_w3-padding-32 w3-center' is present

2560-11-07 11:33:01 - [TEST_STEP][PASSED] - verifyElementPresent: Object 'Object Repository/Upload file without Labeling/Uploading/div_Your file is verified.' is present

2560-11-07 11:33:01 - [MESSAGE][PASSED] - Object 'Object Repository/Upload file without Labeling/Uploading/div_Your file is verified.' is present

2560-11-07 11:33:01 - [TEST_STEP][PASSED] - click: Object: 'Object Repository/Page_Guru TMDA (6)/Page_Guru TMDA (3)/button_' is clicked on

2560-11-07 11:33:02 - [MESSAGE][PASSED] - Object: 'Object Repository/Page_Guru TMDA (6)/Page_Guru TMDA (3)/button_' is clicked on

2560-11-07 11:33:02 - [TEST_STEP][PASSED] - waitForElementNotPresent: Web element with id: 'Object Repository/Page_Guru TMDA (6)/Page_Guru TMDA (1)/div_w3-padding-32 w3-center' located by 'By.xpath: //div[count(. | id("swal2-content")/div[@class="w3-padding-32 w3-center"]) = count(id("swal2-content")/div[@class="w3-padding-32 w3-center"])]' is not present after '5' second(s)

2560-11-07 11:33:02 - [MESSAGE][PASSED] - Web element with id: 'Object Repository/Page_Guru TMDA (6)/Page_Guru TMDA (1)/div_w3-padding-32 w3-center' located by 'By.xpath: //div[count(. | id("swal2-content")/div[@class="w3-padding-32 w3-center"]) = count(id("swal2-content")/div[@class="w3-padding-32 w3-center"])]' is not present after '5' second(s)

2560-11-07 11:33:02 - [TEST_STEP][PASSED] - waitForElementPresent: Object 'Object Repository/Page_Guru TMDA (6)/Page_Guru TMDA (2)/i_fa fa-check w3-text-green' is present

2560-11-07 11:33:02 - [MESSAGE][PASSED] - Object 'Object Repository/Page_Guru TMDA (6)/Page_Guru TMDA (2)/i_fa fa-check w3-text-green' is present

2560-11-07 11:33:02 - [TEST_STEP][PASSED] - click: Object: 'Object Repository/Upload file without Labeling/Uploading//button_Preview' is clicked on

2560-11-07 11:33:02 - [MESSAGE][PASSED] - Object: 'Object Repository/Upload file without Labeling/Uploading//button_Preview' is clicked on

2560-11-07 11:33:02 - [TEST_STEP][PASSED] - verifyElementPresent: Object 'Object Repository/Upload file without Labeling/Uploading//div_excel-reader' is present

2560-11-07 11:33:02 - [MESSAGE][PASSED] - Object 'Object Repository/Upload file without Labeling/Uploading//div_excel-reader' is present

2560-11-07 11:33:02 - [TEST_STEP][PASSED] - click: Object: 'Object Repository/Upload file without Labeling/Uploading/div_close' is clicked on

2560-11-07 11:33:02 - [MESSAGE][PASSED] - Object: 'Object Repository/Upload file without Labeling/Uploading/div_close' is clicked on

2560-11-07 11:33:02 - [TEST_STEP][PASSED] - scrollToElement: Scroll to object 'Object Repository/Page_Guru TMDA (16)/button_Start' successfully

2560-11-07 11:33:03 - [MESSAGE][PASSED] - Scroll to object 'Object Repository/Page_Guru TMDA (16)/button_Start' successfully

2560-11-07 11:33:03 - [TEST_STEP][PASSED] - click: Object: 'Object Repository/Page_Guru TMDA (5)/button_Start' is clicked on

2560-11-07 11:33:03 - [MESSAGE][PASSED] - Object: 'Object Repository/Page_Guru TMDA (5)/button_Start' is clicked on

2560-11-07 11:33:03 - [TEST_STEP][PASSED] - waitForElementNotPresent: Web element with id: 'Object Repository/Upload file without Labeling/div_loader' located by 'By.xpath: //div[count(. | //*[@class = 'loader']) = count(//*[@class = 'loader'])][count(. | /html[1]/body[1]/my-app[1]/app-predicted-results[1]/div[@class="container-fluid"]/div[@class="row"]/div[@class="col-sm-6 col-sm-offset-3"]/div[@class="loader"]) = count(/html[1]/body[1]/my-app[1]/app-predicted-results[1]/div[@class="container-fluid"]/div[@class="row"]/div[@class="col-sm-6 col-sm-offset-3"]/div[@class="loader"])]' is not present after '60' second(s)

2560-11-07 11:33:03 - [MESSAGE][PASSED] - Web element with id: 'Object Repository/Upload file without Labeling/div_loader' located by 'By.xpath: //div[count(. | //*[@class = 'loader']) = count(//*[@class = 'loader'])][count(. | /html[1]/body[1]/my-app[1]/app-predicted-results[1]/div[@class="container-fluid"]/div[@class="row"]/div[@class="col-sm-6 col-sm-offset-3"]/div[@class="loader"]) = count(/html[1]/body[1]/my-app[1]/app-predicted-results[1]/div[@class="container-fluid"]/div[@class="row"]/div[@class="col-sm-6 col-sm-offset-3"]/div[@class="loader"])]' is not present after '60' second(s)

2560-11-07 11:33:03 - [TEST_STEP][NOT_RUN] - closeBrowser: NOT_RUN: closeBrowser

2560-11-07 11:33:03 - [MESSAGE][NOT_RUN] - NOT_RUN: closeBrowser]]></system-out>
         <system-err><![CDATA[]]></system-err>
      </testcase>
      <testcase name="Test Cases/3. Menu Text Prediction/Multiple Verbatim Predicted Result (Predicted in detail)" classname="Test Cases/3. Menu Text Prediction/Multiple Verbatim Predicted Result (Predicted in detail)" status="FAILED">
         <failure type="FAILED" message="com.kms.katalon.core.webui.exception.WebElementNotFoundException: Web element with id: 'Object Repository/Predicted in details/Multiple Prediction By SAI/span_Private Reason (1)' located by 'By.xpath: //span[count(. | //*[@class = 'w3-small pull-left']) = count(//*[@class = 'w3-small pull-left'])][count(. | //*[text() = 'Private Reason']) = count(//*[text() = 'Private Reason'])][count(. | /html[1]/body[1]/my-app[1]/app-predicted-results[1]/div[@class=&quot;container-fluid&quot;]/div[@class=&quot;row centurygothic-font&quot;]/div[@class=&quot;col-xs-12 col-sm-8 col-md-8 col-lg-9&quot;]/div[5]/div[@class=&quot;row&quot;]/div[@class=&quot;col-xs-12 col-sm-12 col-md-7 col-lg-7&quot;]/div[@class=&quot;row&quot;]/div[@class=&quot;col-xs-6&quot;]/div[1]/div[@class=&quot;row w3-padding-small w3-margin-top-bottom-4&quot;]/div[@class=&quot;col-xs-9 text-nowrap box-padding&quot;]/div[2]/span[@class=&quot;w3-small pull-left&quot;]) = count(/html[1]/body[1]/my-app[1]/app-predicted-results[1]/div[@class=&quot;container-fluid&quot;]/div[@class=&quot;row centurygothic-font&quot;]/div[@class=&quot;col-xs-12 col-sm-8 col-md-8 col-lg-9&quot;]/div[5]/div[@class=&quot;row&quot;]/div[@class=&quot;col-xs-12 col-sm-12 col-md-7 col-lg-7&quot;]/div[@class=&quot;row&quot;]/div[@class=&quot;col-xs-6&quot;]/div[1]/div[@class=&quot;row w3-padding-small w3-margin-top-bottom-4&quot;]/div[@class=&quot;col-xs-9 text-nowrap box-padding&quot;]/div[2]/span[@class=&quot;w3-small pull-left&quot;])]' not found"/>
         <system-out><![CDATA[2560-11-07 11:33:03 - [TEST_CASE][FAILED] - Test Cases/3. Menu Text Prediction/Multiple Verbatim Predicted Result (Predicted in detail): Test Cases/3. Menu Text Prediction/Multiple Verbatim Predicted Result (Predicted in detail) FAILED because (of) com.kms.katalon.core.webui.exception.WebElementNotFoundException: Web element with id: 'Object Repository/Predicted in details/Multiple Prediction By SAI/span_Private Reason (1)' located by 'By.xpath: //span[count(. | //*[@class = 'w3-small pull-left']) = count(//*[@class = 'w3-small pull-left'])][count(. | //*[text() = 'Private Reason']) = count(//*[text() = 'Private Reason'])][count(. | /html[1]/body[1]/my-app[1]/app-predicted-results[1]/div[@class="container-fluid"]/div[@class="row centurygothic-font"]/div[@class="col-xs-12 col-sm-8 col-md-8 col-lg-9"]/div[5]/div[@class="row"]/div[@class="col-xs-12 col-sm-12 col-md-7 col-lg-7"]/div[@class="row"]/div[@class="col-xs-6"]/div[1]/div[@class="row w3-padding-small w3-margin-top-bottom-4"]/div[@class="col-xs-9 text-nowrap box-padding"]/div[2]/span[@class="w3-small pull-left"]) = count(/html[1]/body[1]/my-app[1]/app-predicted-results[1]/div[@class="container-fluid"]/div[@class="row centurygothic-font"]/div[@class="col-xs-12 col-sm-8 col-md-8 col-lg-9"]/div[5]/div[@class="row"]/div[@class="col-xs-12 col-sm-12 col-md-7 col-lg-7"]/div[@class="row"]/div[@class="col-xs-6"]/div[1]/div[@class="row w3-padding-small w3-margin-top-bottom-4"]/div[@class="col-xs-9 text-nowrap box-padding"]/div[2]/span[@class="w3-small pull-left"])]' not found

2560-11-07 11:33:03 - [TEST_STEP][NOT_RUN] - openBrowser: NOT_RUN: openBrowser

2560-11-07 11:33:03 - [MESSAGE][NOT_RUN] - NOT_RUN: openBrowser

2560-11-07 11:33:03 - [TEST_STEP][NOT_RUN] - maximizeWindow: NOT_RUN: maximizeWindow

2560-11-07 11:33:03 - [MESSAGE][NOT_RUN] - NOT_RUN: maximizeWindow

2560-11-07 11:33:03 - [TEST_STEP][NOT_RUN] - navigateToUrl: NOT_RUN: navigateToUrl

2560-11-07 11:33:03 - [MESSAGE][NOT_RUN] - NOT_RUN: navigateToUrl

2560-11-07 11:33:03 - [TEST_STEP][NOT_RUN] - click: NOT_RUN: click

2560-11-07 11:33:03 - [MESSAGE][NOT_RUN] - NOT_RUN: click

2560-11-07 11:33:03 - [TEST_STEP][NOT_RUN] - setText: NOT_RUN: setText

2560-11-07 11:33:03 - [MESSAGE][NOT_RUN] - NOT_RUN: setText

2560-11-07 11:33:03 - [TEST_STEP][NOT_RUN] - setText: NOT_RUN: setText

2560-11-07 11:33:03 - [MESSAGE][NOT_RUN] - NOT_RUN: setText

2560-11-07 11:33:03 - [TEST_STEP][NOT_RUN] - click: NOT_RUN: click

2560-11-07 11:33:03 - [MESSAGE][NOT_RUN] - NOT_RUN: click

2560-11-07 11:33:03 - [TEST_STEP][NOT_RUN] - click: NOT_RUN: click

2560-11-07 11:33:03 - [MESSAGE][NOT_RUN] - NOT_RUN: click

2560-11-07 11:33:03 - [TEST_STEP][NOT_RUN] - click: NOT_RUN: click

2560-11-07 11:33:03 - [MESSAGE][NOT_RUN] - NOT_RUN: click

2560-11-07 11:33:03 - [TEST_STEP][NOT_RUN] - uploadFile: NOT_RUN: uploadFile

2560-11-07 11:33:03 - [MESSAGE][NOT_RUN] - NOT_RUN: uploadFile

2560-11-07 11:33:03 - [TEST_STEP][NOT_RUN] - click: NOT_RUN: click

2560-11-07 11:33:03 - [MESSAGE][NOT_RUN] - NOT_RUN: click

2560-11-07 11:33:03 - [TEST_STEP][NOT_RUN] - waitForElementNotPresent: NOT_RUN: waitForElementNotPresent

2560-11-07 11:33:03 - [MESSAGE][NOT_RUN] - NOT_RUN: waitForElementNotPresent

2560-11-07 11:33:03 - [TEST_STEP][NOT_RUN] - click: NOT_RUN: click

2560-11-07 11:33:03 - [MESSAGE][NOT_RUN] - NOT_RUN: click

2560-11-07 11:33:03 - [TEST_STEP][NOT_RUN] - selectOptionByIndex: NOT_RUN: selectOptionByIndex

2560-11-07 11:33:03 - [MESSAGE][NOT_RUN] - NOT_RUN: selectOptionByIndex

2560-11-07 11:33:03 - [TEST_STEP][NOT_RUN] - waitForElementPresent: NOT_RUN: waitForElementPresent

2560-11-07 11:33:04 - [MESSAGE][NOT_RUN] - NOT_RUN: waitForElementPresent

2560-11-07 11:33:04 - [TEST_STEP][NOT_RUN] - verifyElementPresent: NOT_RUN: verifyElementPresent

2560-11-07 11:33:04 - [MESSAGE][NOT_RUN] - NOT_RUN: verifyElementPresent

2560-11-07 11:33:04 - [TEST_STEP][NOT_RUN] - click: NOT_RUN: click

2560-11-07 11:33:04 - [MESSAGE][NOT_RUN] - NOT_RUN: click

2560-11-07 11:33:04 - [TEST_STEP][NOT_RUN] - waitForElementNotPresent: NOT_RUN: waitForElementNotPresent

2560-11-07 11:33:04 - [MESSAGE][NOT_RUN] - NOT_RUN: waitForElementNotPresent

2560-11-07 11:33:04 - [TEST_STEP][NOT_RUN] - waitForElementPresent: NOT_RUN: waitForElementPresent

2560-11-07 11:33:04 - [MESSAGE][NOT_RUN] - NOT_RUN: waitForElementPresent

2560-11-07 11:33:04 - [TEST_STEP][NOT_RUN] - scrollToElement: NOT_RUN: scrollToElement

2560-11-07 11:33:04 - [MESSAGE][NOT_RUN] - NOT_RUN: scrollToElement

2560-11-07 11:33:04 - [TEST_STEP][NOT_RUN] - click: NOT_RUN: click

2560-11-07 11:33:04 - [MESSAGE][NOT_RUN] - NOT_RUN: click

2560-11-07 11:33:04 - [TEST_STEP][NOT_RUN] - waitForElementNotPresent: NOT_RUN: waitForElementNotPresent

2560-11-07 11:33:04 - [MESSAGE][NOT_RUN] - NOT_RUN: waitForElementNotPresent

2560-11-07 11:33:04 - [TEST_STEP][PASSED] - waitForElementPresent: Object 'Object Repository/Predicted in details/Show All Multiple Verbatim Predicted Result/label_Select All' is not present after 7 second(s)

2560-11-07 11:33:11 - [MESSAGE][WARNING] - Object 'Object Repository/Predicted in details/Show All Multiple Verbatim Predicted Result/label_Select All' is not present after 7 second(s)

2560-11-07 11:33:11 - [TEST_STEP][PASSED] - click: Object: 'Object Repository/Predicted in details/Show All Multiple Verbatim Predicted Result/label_Select All' is clicked on

2560-11-07 11:33:34 - [MESSAGE][PASSED] - Object: 'Object Repository/Predicted in details/Show All Multiple Verbatim Predicted Result/label_Select All' is clicked on

2560-11-07 11:33:34 - [TEST_STEP][PASSED] - verifyElementNotPresent: Web element with id: 'Object Repository/Upload file without Labeling/list/div_row' located by 'By.xpath: //div[count(. | /html[1]/body[1]/my-app[1]/app-predicted-results[1]/div[@class="container-fluid"]/div[@class="row centurygothic-font"]/div[@class="col-xs-12 col-sm-8 col-md-8 col-lg-9"]/div[2]/div[@class="row"]) = count(/html[1]/body[1]/my-app[1]/app-predicted-results[1]/div[@class="container-fluid"]/div[@class="row centurygothic-font"]/div[@class="col-xs-12 col-sm-8 col-md-8 col-lg-9"]/div[2]/div[@class="row"])]' is not present after '5' second(s)

2560-11-07 11:33:35 - [MESSAGE][PASSED] - Web element with id: 'Object Repository/Upload file without Labeling/list/div_row' located by 'By.xpath: //div[count(. | /html[1]/body[1]/my-app[1]/app-predicted-results[1]/div[@class="container-fluid"]/div[@class="row centurygothic-font"]/div[@class="col-xs-12 col-sm-8 col-md-8 col-lg-9"]/div[2]/div[@class="row"]) = count(/html[1]/body[1]/my-app[1]/app-predicted-results[1]/div[@class="container-fluid"]/div[@class="row centurygothic-font"]/div[@class="col-xs-12 col-sm-8 col-md-8 col-lg-9"]/div[2]/div[@class="row"])]' is not present after '5' second(s)

2560-11-07 11:33:35 - [TEST_STEP][PASSED] - click: Object: 'Object Repository/Predicted in details/Button_Export' is clicked on

2560-11-07 11:33:35 - [MESSAGE][PASSED] - Object: 'Object Repository/Predicted in details/Button_Export' is clicked on

2560-11-07 11:33:35 - [TEST_STEP][PASSED] - click: Object: 'Object Repository/Predicted in details/Show All Multiple Verbatim Predicted Result/label_Select All' is clicked on

2560-11-07 11:33:35 - [MESSAGE][PASSED] - Object: 'Object Repository/Predicted in details/Show All Multiple Verbatim Predicted Result/label_Select All' is clicked on

2560-11-07 11:33:35 - [TEST_STEP][PASSED] - verifyElementPresent: Object 'Object Repository/Predicted in details/Show All Multiple Verbatim Predicted Result//span_Accessibility' is present

2560-11-07 11:33:35 - [MESSAGE][PASSED] - Object 'Object Repository/Predicted in details/Show All Multiple Verbatim Predicted Result//span_Accessibility' is present

2560-11-07 11:33:35 - [TEST_STEP][PASSED] - click: Object: 'Object Repository/Predicted in details/Show All Multiple Verbatim Predicted Result//a_page-link' is clicked on

2560-11-07 11:33:35 - [MESSAGE][PASSED] - Object: 'Object Repository/Predicted in details/Show All Multiple Verbatim Predicted Result//a_page-link' is clicked on

2560-11-07 11:33:35 - [TEST_STEP][PASSED] - verifyElementPresent: Object 'Object Repository/Predicted in details/Show All Multiple Verbatim Predicted Result//span_Company Brand' is present

2560-11-07 11:33:35 - [MESSAGE][PASSED] - Object 'Object Repository/Predicted in details/Show All Multiple Verbatim Predicted Result//span_Company Brand' is present

2560-11-07 11:33:35 - [TEST_STEP][PASSED] - verifyElementPresent: Object 'Object Repository/Predicted in details/Show All Multiple Verbatim Predicted Result//span_Process' is present

2560-11-07 11:33:35 - [MESSAGE][PASSED] - Object 'Object Repository/Predicted in details/Show All Multiple Verbatim Predicted Result//span_Process' is present

2560-11-07 11:33:35 - [TEST_STEP][PASSED] - click: Object: 'Object Repository/Predicted in details/Show All Multiple Verbatim Predicted Result//a_page-link' is clicked on

2560-11-07 11:33:36 - [MESSAGE][PASSED] - Object: 'Object Repository/Predicted in details/Show All Multiple Verbatim Predicted Result//a_page-link' is clicked on

2560-11-07 11:33:36 - [TEST_STEP][PASSED] - verifyElementPresent: Object 'Object Repository/Predicted in details/Show All Multiple Verbatim Predicted Result//span_Product Feature' is present

2560-11-07 11:33:36 - [MESSAGE][PASSED] - Object 'Object Repository/Predicted in details/Show All Multiple Verbatim Predicted Result//span_Product Feature' is present

2560-11-07 11:33:36 - [TEST_STEP][PASSED] - click: Object: 'Object Repository/Predicted in details/Show All Multiple Verbatim Predicted Result//a_page-link' is clicked on

2560-11-07 11:33:36 - [MESSAGE][PASSED] - Object: 'Object Repository/Predicted in details/Show All Multiple Verbatim Predicted Result//a_page-link' is clicked on

2560-11-07 11:33:36 - [TEST_STEP][PASSED] - click: Object: 'Object Repository/Predicted in details/Show All Multiple Verbatim Predicted Result//a_page-link' is clicked on

2560-11-07 11:33:36 - [MESSAGE][PASSED] - Object: 'Object Repository/Predicted in details/Show All Multiple Verbatim Predicted Result//a_page-link' is clicked on

2560-11-07 11:33:36 - [TEST_STEP][PASSED] - verifyElementPresent: Object 'Object Repository/Predicted in details/Show All Multiple Verbatim Predicted Result//span_Staff Quality' is present

2560-11-07 11:33:36 - [MESSAGE][PASSED] - Object 'Object Repository/Predicted in details/Show All Multiple Verbatim Predicted Result//span_Staff Quality' is present

2560-11-07 11:33:37 - [TEST_STEP][PASSED] - click: Object: 'Object Repository/Predicted in details/Show All Multiple Verbatim Predicted Result//a_page-link' is clicked on

2560-11-07 11:33:37 - [MESSAGE][PASSED] - Object: 'Object Repository/Predicted in details/Show All Multiple Verbatim Predicted Result//a_page-link' is clicked on

2560-11-07 11:33:37 - [TEST_STEP][PASSED] - verifyElementPresent: Object 'Object Repository/Predicted in details/Show All Multiple Verbatim Predicted Result/span_Competitors (1)' is present

2560-11-07 11:33:37 - [MESSAGE][PASSED] - Object 'Object Repository/Predicted in details/Show All Multiple Verbatim Predicted Result/span_Competitors (1)' is present

2560-11-07 11:33:37 - [TEST_STEP][PASSED] - verifyElementPresent: Object 'Object Repository/Predicted in details/span_Timing' is present

2560-11-07 11:33:37 - [MESSAGE][PASSED] - Object 'Object Repository/Predicted in details/span_Timing' is present

2560-11-07 11:33:37 - [TEST_STEP][PASSED] - click: Object: 'Object Repository/Predicted in details/Show All Multiple Verbatim Predicted Result//a_page-link' is clicked on

2560-11-07 11:33:37 - [MESSAGE][PASSED] - Object: 'Object Repository/Predicted in details/Show All Multiple Verbatim Predicted Result//a_page-link' is clicked on

2560-11-07 11:33:38 - [TEST_STEP][PASSED] - verifyElementPresent: Object 'Object Repository/Predicted in details/Show All Multiple Verbatim Predicted Result/span_Private Reason (1)' is present

2560-11-07 11:33:38 - [MESSAGE][PASSED] - Object 'Object Repository/Predicted in details/Show All Multiple Verbatim Predicted Result/span_Private Reason (1)' is present

2560-11-07 11:33:38 - [TEST_STEP][PASSED] - click: Object: 'Object Repository/Predicted in details/Button_Export' is clicked on

2560-11-07 11:33:38 - [MESSAGE][PASSED] - Object: 'Object Repository/Predicted in details/Button_Export' is clicked on

2560-11-07 11:33:38 - [TEST_STEP][PASSED] - click: Object: 'Object Repository/Predicted in details/Show All Multiple Verbatim Predicted Result/label_Select All' is clicked on

2560-11-07 11:33:38 - [MESSAGE][PASSED] - Object: 'Object Repository/Predicted in details/Show All Multiple Verbatim Predicted Result/label_Select All' is clicked on

2560-11-07 11:33:38 - [TEST_STEP][PASSED] - click: Object: 'Object Repository/Predicted in details/Show All Multiple Verbatim Predicted Result/label_Accessibility' is clicked on

2560-11-07 11:33:39 - [MESSAGE][PASSED] - Object: 'Object Repository/Predicted in details/Show All Multiple Verbatim Predicted Result/label_Accessibility' is clicked on

2560-11-07 11:33:39 - [TEST_STEP][PASSED] - verifyElementPresent: Object 'Object Repository/Predicted in details/Show All Multiple Verbatim Predicted Result/Accessibility/span_Capacity' is present

2560-11-07 11:33:39 - [MESSAGE][PASSED] - Object 'Object Repository/Predicted in details/Show All Multiple Verbatim Predicted Result/Accessibility/span_Capacity' is present

2560-11-07 11:33:39 - [TEST_STEP][PASSED] - verifyElementPresent: Object 'Object Repository/Predicted in details/Show All Multiple Verbatim Predicted Result/Accessibility/span_Convenience' is present

2560-11-07 11:33:39 - [MESSAGE][PASSED] - Object 'Object Repository/Predicted in details/Show All Multiple Verbatim Predicted Result/Accessibility/span_Convenience' is present

2560-11-07 11:33:39 - [TEST_STEP][PASSED] - verifyElementPresent: Object 'Object Repository/Predicted in details/Show All Multiple Verbatim Predicted Result/Accessibility/span_Facility' is present

2560-11-07 11:33:40 - [MESSAGE][PASSED] - Object 'Object Repository/Predicted in details/Show All Multiple Verbatim Predicted Result/Accessibility/span_Facility' is present

2560-11-07 11:33:40 - [TEST_STEP][PASSED] - verifyElementPresent: Object 'Object Repository/Predicted in details/Show All Multiple Verbatim Predicted Result/Accessibility/span_Staffing' is present

2560-11-07 11:33:40 - [MESSAGE][PASSED] - Object 'Object Repository/Predicted in details/Show All Multiple Verbatim Predicted Result/Accessibility/span_Staffing' is present

2560-11-07 11:33:40 - [TEST_STEP][PASSED] - verifyElementPresent: Object 'Object Repository/Predicted in details/Show All Multiple Verbatim Predicted Result/Accessibility/span_System' is present

2560-11-07 11:33:40 - [MESSAGE][PASSED] - Object 'Object Repository/Predicted in details/Show All Multiple Verbatim Predicted Result/Accessibility/span_System' is present

2560-11-07 11:33:40 - [TEST_STEP][PASSED] - click: Object: 'Object Repository/Predicted in details/Button_Export' is clicked on

2560-11-07 11:33:40 - [MESSAGE][PASSED] - Object: 'Object Repository/Predicted in details/Button_Export' is clicked on

2560-11-07 11:33:40 - [TEST_STEP][PASSED] - click: Object: 'Object Repository/Predicted in details/Show All Multiple Verbatim Predicted Result/label_Accessibility' is clicked on

2560-11-07 11:33:41 - [MESSAGE][PASSED] - Object: 'Object Repository/Predicted in details/Show All Multiple Verbatim Predicted Result/label_Accessibility' is clicked on

2560-11-07 11:33:41 - [TEST_STEP][PASSED] - click: Object: 'Object Repository/Predicted in details/Show All Multiple Verbatim Predicted Result/Accessibility/i_fa fa-caret-right' is clicked on

2560-11-07 11:33:41 - [MESSAGE][PASSED] - Object: 'Object Repository/Predicted in details/Show All Multiple Verbatim Predicted Result/Accessibility/i_fa fa-caret-right' is clicked on

2560-11-07 11:33:41 - [TEST_STEP][PASSED] - click: Object: 'Object Repository/Predicted in details/Show All Multiple Verbatim Predicted Result/Accessibility/label_Capacity' is clicked on

2560-11-07 11:33:41 - [MESSAGE][PASSED] - Object: 'Object Repository/Predicted in details/Show All Multiple Verbatim Predicted Result/Accessibility/label_Capacity' is clicked on

2560-11-07 11:33:41 - [TEST_STEP][PASSED] - verifyElementPresent: Object 'Object Repository/Predicted in details/Show All Multiple Verbatim Predicted Result/Accessibility/span_Capacity' is present

2560-11-07 11:33:41 - [MESSAGE][PASSED] - Object 'Object Repository/Predicted in details/Show All Multiple Verbatim Predicted Result/Accessibility/span_Capacity' is present

2560-11-07 11:33:41 - [TEST_STEP][PASSED] - click: Object: 'Object Repository/Predicted in details/Button_Export' is clicked on

2560-11-07 11:33:41 - [MESSAGE][PASSED] - Object: 'Object Repository/Predicted in details/Button_Export' is clicked on

2560-11-07 11:33:41 - [TEST_STEP][PASSED] - click: Object: 'Object Repository/Predicted in details/Show All Multiple Verbatim Predicted Result/Accessibility/label_Capacity' is clicked on

2560-11-07 11:33:41 - [MESSAGE][PASSED] - Object: 'Object Repository/Predicted in details/Show All Multiple Verbatim Predicted Result/Accessibility/label_Capacity' is clicked on

2560-11-07 11:33:41 - [TEST_STEP][PASSED] - click: Object: 'Object Repository/Predicted in details/Show All Multiple Verbatim Predicted Result/Accessibility/label_Convenience' is clicked on

2560-11-07 11:33:42 - [MESSAGE][PASSED] - Object: 'Object Repository/Predicted in details/Show All Multiple Verbatim Predicted Result/Accessibility/label_Convenience' is clicked on

2560-11-07 11:33:42 - [TEST_STEP][PASSED] - verifyElementPresent: Object 'Object Repository/Predicted in details/Show All Multiple Verbatim Predicted Result/Accessibility/span_Convenience (1)' is present

2560-11-07 11:33:42 - [MESSAGE][PASSED] - Object 'Object Repository/Predicted in details/Show All Multiple Verbatim Predicted Result/Accessibility/span_Convenience (1)' is present

2560-11-07 11:33:42 - [TEST_STEP][PASSED] - click: Object: 'Object Repository/Predicted in details/Button_Export' is clicked on

2560-11-07 11:33:42 - [MESSAGE][PASSED] - Object: 'Object Repository/Predicted in details/Button_Export' is clicked on

2560-11-07 11:33:42 - [TEST_STEP][PASSED] - click: Object: 'Object Repository/Predicted in details/Show All Multiple Verbatim Predicted Result/Accessibility/label_Convenience' is clicked on

2560-11-07 11:33:42 - [MESSAGE][PASSED] - Object: 'Object Repository/Predicted in details/Show All Multiple Verbatim Predicted Result/Accessibility/label_Convenience' is clicked on

2560-11-07 11:33:42 - [TEST_STEP][PASSED] - click: Object: 'Object Repository/Predicted in details/Show All Multiple Verbatim Predicted Result/Accessibility/label_Staffing' is clicked on

2560-11-07 11:33:42 - [MESSAGE][PASSED] - Object: 'Object Repository/Predicted in details/Show All Multiple Verbatim Predicted Result/Accessibility/label_Staffing' is clicked on

2560-11-07 11:33:43 - [TEST_STEP][PASSED] - verifyElementPresent: Object 'Object Repository/Predicted in details/Show All Multiple Verbatim Predicted Result/Accessibility//span_Staffing 1' is present

2560-11-07 11:33:43 - [MESSAGE][PASSED] - Object 'Object Repository/Predicted in details/Show All Multiple Verbatim Predicted Result/Accessibility//span_Staffing 1' is present

2560-11-07 11:33:43 - [TEST_STEP][PASSED] - click: Object: 'Object Repository/Predicted in details/Button_Export' is clicked on

2560-11-07 11:33:43 - [MESSAGE][PASSED] - Object: 'Object Repository/Predicted in details/Button_Export' is clicked on

2560-11-07 11:33:43 - [TEST_STEP][PASSED] - click: Object: 'Object Repository/Predicted in details/Show All Multiple Verbatim Predicted Result/Accessibility/label_Staffing' is clicked on

2560-11-07 11:33:43 - [MESSAGE][PASSED] - Object: 'Object Repository/Predicted in details/Show All Multiple Verbatim Predicted Result/Accessibility/label_Staffing' is clicked on

2560-11-07 11:33:44 - [TEST_STEP][PASSED] - click: Object: 'Object Repository/Predicted in details/Show All Multiple Verbatim Predicted Result/Accessibility//label_System' is clicked on

2560-11-07 11:33:44 - [MESSAGE][PASSED] - Object: 'Object Repository/Predicted in details/Show All Multiple Verbatim Predicted Result/Accessibility//label_System' is clicked on

2560-11-07 11:33:44 - [TEST_STEP][PASSED] - verifyElementPresent: Object 'Object Repository/Predicted in details/Show All Multiple Verbatim Predicted Result/Accessibility/span_System 1' is present

2560-11-07 11:33:44 - [MESSAGE][PASSED] - Object 'Object Repository/Predicted in details/Show All Multiple Verbatim Predicted Result/Accessibility/span_System 1' is present

2560-11-07 11:33:44 - [TEST_STEP][PASSED] - click: Object: 'Object Repository/Predicted in details/Button_Export' is clicked on

2560-11-07 11:33:44 - [MESSAGE][PASSED] - Object: 'Object Repository/Predicted in details/Button_Export' is clicked on

2560-11-07 11:33:44 - [TEST_STEP][PASSED] - click: Object: 'Object Repository/Predicted in details/Show All Multiple Verbatim Predicted Result/Accessibility//label_System' is clicked on

2560-11-07 11:33:45 - [MESSAGE][PASSED] - Object: 'Object Repository/Predicted in details/Show All Multiple Verbatim Predicted Result/Accessibility//label_System' is clicked on

2560-11-07 11:33:45 - [TEST_STEP][PASSED] - click: Object: 'Object Repository/Predicted in details/Show All Multiple Verbatim Predicted Result/Accessibility//label_Facility' is clicked on

2560-11-07 11:33:45 - [MESSAGE][PASSED] - Object: 'Object Repository/Predicted in details/Show All Multiple Verbatim Predicted Result/Accessibility//label_Facility' is clicked on

2560-11-07 11:33:45 - [TEST_STEP][PASSED] - verifyElementPresent: Object 'Object Repository/Predicted in details/Show All Multiple Verbatim Predicted Result/Accessibility/span_Facility (1)' is present

2560-11-07 11:33:45 - [MESSAGE][PASSED] - Object 'Object Repository/Predicted in details/Show All Multiple Verbatim Predicted Result/Accessibility/span_Facility (1)' is present

2560-11-07 11:33:45 - [TEST_STEP][PASSED] - click: Object: 'Object Repository/Predicted in details/Button_Export' is clicked on

2560-11-07 11:33:45 - [MESSAGE][PASSED] - Object: 'Object Repository/Predicted in details/Button_Export' is clicked on

2560-11-07 11:33:45 - [TEST_STEP][PASSED] - click: Object: 'Object Repository/Predicted in details/Show All Multiple Verbatim Predicted Result/Accessibility//label_Facility' is clicked on

2560-11-07 11:33:45 - [MESSAGE][PASSED] - Object: 'Object Repository/Predicted in details/Show All Multiple Verbatim Predicted Result/Accessibility//label_Facility' is clicked on

2560-11-07 11:33:46 - [TEST_STEP][PASSED] - click: Object: 'Object Repository/Predicted in details/Show All Multiple Verbatim Predicted Result/Company Brand/label_Company Brand' is clicked on

2560-11-07 11:33:46 - [MESSAGE][PASSED] - Object: 'Object Repository/Predicted in details/Show All Multiple Verbatim Predicted Result/Company Brand/label_Company Brand' is clicked on

2560-11-07 11:33:46 - [TEST_STEP][PASSED] - verifyElementPresent: Object 'Object Repository/Predicted in details/Show All Multiple Verbatim Predicted Result/Company Brand//span_Advertising (1)' is present

2560-11-07 11:33:46 - [MESSAGE][PASSED] - Object 'Object Repository/Predicted in details/Show All Multiple Verbatim Predicted Result/Company Brand//span_Advertising (1)' is present

2560-11-07 11:33:46 - [TEST_STEP][PASSED] - verifyElementPresent: Object 'Object Repository/Predicted in details/Show All Multiple Verbatim Predicted Result/Company Brand//span_Loyalty (1)' is present

2560-11-07 11:33:46 - [MESSAGE][PASSED] - Object 'Object Repository/Predicted in details/Show All Multiple Verbatim Predicted Result/Company Brand//span_Loyalty (1)' is present

2560-11-07 11:33:46 - [TEST_STEP][PASSED] - verifyElementPresent: Object 'Object Repository/Predicted in details/Show All Multiple Verbatim Predicted Result/Company Brand/span_Credibility' is present

2560-11-07 11:33:46 - [MESSAGE][PASSED] - Object 'Object Repository/Predicted in details/Show All Multiple Verbatim Predicted Result/Company Brand/span_Credibility' is present

2560-11-07 11:33:47 - [TEST_STEP][PASSED] - click: Object: 'Object Repository/Predicted in details/Button_Export' is clicked on

2560-11-07 11:33:47 - [MESSAGE][PASSED] - Object: 'Object Repository/Predicted in details/Button_Export' is clicked on

2560-11-07 11:33:47 - [TEST_STEP][PASSED] - click: Object: 'Object Repository/Predicted in details/Show All Multiple Verbatim Predicted Result/Company Brand/label_Company Brand' is clicked on

2560-11-07 11:33:47 - [MESSAGE][PASSED] - Object: 'Object Repository/Predicted in details/Show All Multiple Verbatim Predicted Result/Company Brand/label_Company Brand' is clicked on

2560-11-07 11:33:47 - [TEST_STEP][PASSED] - click: Object: 'Object Repository/Predicted in details/Show All Multiple Verbatim Predicted Result/Company Brand/i_fa fa-caret-right' is clicked on

2560-11-07 11:33:47 - [MESSAGE][PASSED] - Object: 'Object Repository/Predicted in details/Show All Multiple Verbatim Predicted Result/Company Brand/i_fa fa-caret-right' is clicked on

2560-11-07 11:33:47 - [TEST_STEP][PASSED] - click: Object: 'Object Repository/Predicted in details/Show All Multiple Verbatim Predicted Result/Company Brand//label_Advertising' is clicked on

2560-11-07 11:33:47 - [MESSAGE][PASSED] - Object: 'Object Repository/Predicted in details/Show All Multiple Verbatim Predicted Result/Company Brand//label_Advertising' is clicked on

2560-11-07 11:33:47 - [TEST_STEP][PASSED] - verifyElementPresent: Object 'Object Repository/Predicted in details/Show All Multiple Verbatim Predicted Result/Company Brand//span_Advertising 1' is present

2560-11-07 11:33:47 - [MESSAGE][PASSED] - Object 'Object Repository/Predicted in details/Show All Multiple Verbatim Predicted Result/Company Brand//span_Advertising 1' is present

2560-11-07 11:33:48 - [TEST_STEP][PASSED] - click: Object: 'Object Repository/Predicted in details/Button_Export' is clicked on

2560-11-07 11:33:48 - [MESSAGE][PASSED] - Object: 'Object Repository/Predicted in details/Button_Export' is clicked on

2560-11-07 11:33:48 - [TEST_STEP][PASSED] - click: Object: 'Object Repository/Predicted in details/Show All Multiple Verbatim Predicted Result/Company Brand//label_Advertising' is clicked on

2560-11-07 11:33:48 - [MESSAGE][PASSED] - Object: 'Object Repository/Predicted in details/Show All Multiple Verbatim Predicted Result/Company Brand//label_Advertising' is clicked on

2560-11-07 11:33:48 - [TEST_STEP][PASSED] - click: Object: 'Object Repository/Predicted in details/Show All Multiple Verbatim Predicted Result/Company Brand//label_Loyalty' is clicked on

2560-11-07 11:33:49 - [MESSAGE][PASSED] - Object: 'Object Repository/Predicted in details/Show All Multiple Verbatim Predicted Result/Company Brand//label_Loyalty' is clicked on

2560-11-07 11:33:49 - [TEST_STEP][PASSED] - verifyElementPresent: Object 'Object Repository/Predicted in details/Show All Multiple Verbatim Predicted Result/Company Brand//span_Loyalty 1' is present

2560-11-07 11:33:49 - [MESSAGE][PASSED] - Object 'Object Repository/Predicted in details/Show All Multiple Verbatim Predicted Result/Company Brand//span_Loyalty 1' is present

2560-11-07 11:33:49 - [TEST_STEP][PASSED] - click: Object: 'Object Repository/Predicted in details/Button_Export' is clicked on

2560-11-07 11:33:49 - [MESSAGE][PASSED] - Object: 'Object Repository/Predicted in details/Button_Export' is clicked on

2560-11-07 11:33:49 - [TEST_STEP][PASSED] - click: Object: 'Object Repository/Predicted in details/Show All Multiple Verbatim Predicted Result/Company Brand//label_Loyalty' is clicked on

2560-11-07 11:33:49 - [MESSAGE][PASSED] - Object: 'Object Repository/Predicted in details/Show All Multiple Verbatim Predicted Result/Company Brand//label_Loyalty' is clicked on

2560-11-07 11:33:49 - [TEST_STEP][PASSED] - click: Object: 'Object Repository/Predicted in details/Show All Multiple Verbatim Predicted Result/Process//label_Process' is clicked on

2560-11-07 11:33:50 - [MESSAGE][PASSED] - Object: 'Object Repository/Predicted in details/Show All Multiple Verbatim Predicted Result/Process//label_Process' is clicked on

2560-11-07 11:33:50 - [TEST_STEP][PASSED] - verifyElementPresent: Object 'Object Repository/Predicted in details/Show All Multiple Verbatim Predicted Result/Process//span_Quality' is present

2560-11-07 11:33:50 - [MESSAGE][PASSED] - Object 'Object Repository/Predicted in details/Show All Multiple Verbatim Predicted Result/Process//span_Quality' is present

2560-11-07 11:33:50 - [TEST_STEP][PASSED] - verifyElementPresent: Object 'Object Repository/Predicted in details/Show All Multiple Verbatim Predicted Result/Process/span_Simplicity' is present

2560-11-07 11:33:50 - [MESSAGE][PASSED] - Object 'Object Repository/Predicted in details/Show All Multiple Verbatim Predicted Result/Process/span_Simplicity' is present

2560-11-07 11:33:50 - [TEST_STEP][PASSED] - verifyElementPresent: Object 'Object Repository/Predicted in details/Show All Multiple Verbatim Predicted Result/Process//span_SLA' is present

2560-11-07 11:33:50 - [MESSAGE][PASSED] - Object 'Object Repository/Predicted in details/Show All Multiple Verbatim Predicted Result/Process//span_SLA' is present

2560-11-07 11:33:50 - [TEST_STEP][PASSED] - click: Object: 'Object Repository/Predicted in details/Button_Export' is clicked on

2560-11-07 11:33:51 - [MESSAGE][PASSED] - Object: 'Object Repository/Predicted in details/Button_Export' is clicked on

2560-11-07 11:33:51 - [TEST_STEP][PASSED] - click: Object: 'Object Repository/Predicted in details/Show All Multiple Verbatim Predicted Result/Process//label_Process' is clicked on

2560-11-07 11:33:51 - [MESSAGE][PASSED] - Object: 'Object Repository/Predicted in details/Show All Multiple Verbatim Predicted Result/Process//label_Process' is clicked on

2560-11-07 11:33:51 - [TEST_STEP][PASSED] - click: Object: 'Object Repository/Predicted in details/Show All Multiple Verbatim Predicted Result/Process//i_fa fa-caret-right' is clicked on

2560-11-07 11:33:51 - [MESSAGE][PASSED] - Object: 'Object Repository/Predicted in details/Show All Multiple Verbatim Predicted Result/Process//i_fa fa-caret-right' is clicked on

2560-11-07 11:33:51 - [TEST_STEP][PASSED] - click: Object: 'Object Repository/Predicted in details/Show All Multiple Verbatim Predicted Result/Process//label_Quantity' is clicked on

2560-11-07 11:33:52 - [MESSAGE][PASSED] - Object: 'Object Repository/Predicted in details/Show All Multiple Verbatim Predicted Result/Process//label_Quantity' is clicked on

2560-11-07 11:33:52 - [TEST_STEP][PASSED] - verifyElementPresent: Object 'Object Repository/Predicted in details/Show All Multiple Verbatim Predicted Result/Process//span_Quality (1)' is present

2560-11-07 11:33:52 - [MESSAGE][PASSED] - Object 'Object Repository/Predicted in details/Show All Multiple Verbatim Predicted Result/Process//span_Quality (1)' is present

2560-11-07 11:33:52 - [TEST_STEP][PASSED] - click: Object: 'Object Repository/Predicted in details/Button_Export' is clicked on

2560-11-07 11:33:52 - [MESSAGE][PASSED] - Object: 'Object Repository/Predicted in details/Button_Export' is clicked on

2560-11-07 11:33:52 - [TEST_STEP][PASSED] - click: Object: 'Object Repository/Predicted in details/Show All Multiple Verbatim Predicted Result/Process//label_Quantity' is clicked on

2560-11-07 11:33:54 - [MESSAGE][PASSED] - Object: 'Object Repository/Predicted in details/Show All Multiple Verbatim Predicted Result/Process//label_Quantity' is clicked on

2560-11-07 11:33:54 - [TEST_STEP][PASSED] - click: Object: 'Object Repository/Predicted in details/Show All Multiple Verbatim Predicted Result/Process//label_Simplicity' is clicked on

2560-11-07 11:33:54 - [MESSAGE][PASSED] - Object: 'Object Repository/Predicted in details/Show All Multiple Verbatim Predicted Result/Process//label_Simplicity' is clicked on

2560-11-07 11:33:54 - [TEST_STEP][PASSED] - verifyElementPresent: Object 'Object Repository/Predicted in details/Show All Multiple Verbatim Predicted Result/Process/span_Simplicity (1)' is present

2560-11-07 11:33:54 - [MESSAGE][PASSED] - Object 'Object Repository/Predicted in details/Show All Multiple Verbatim Predicted Result/Process/span_Simplicity (1)' is present

2560-11-07 11:33:54 - [TEST_STEP][PASSED] - click: Object: 'Object Repository/Predicted in details/Button_Export' is clicked on

2560-11-07 11:33:54 - [MESSAGE][PASSED] - Object: 'Object Repository/Predicted in details/Button_Export' is clicked on

2560-11-07 11:33:54 - [TEST_STEP][PASSED] - click: Object: 'Object Repository/Predicted in details/Show All Multiple Verbatim Predicted Result/Process//label_Simplicity' is clicked on

2560-11-07 11:33:55 - [MESSAGE][PASSED] - Object: 'Object Repository/Predicted in details/Show All Multiple Verbatim Predicted Result/Process//label_Simplicity' is clicked on

2560-11-07 11:33:55 - [TEST_STEP][PASSED] - click: Object: 'Object Repository/Predicted in details/Show All Multiple Verbatim Predicted Result/Process//label_SLA' is clicked on

2560-11-07 11:33:55 - [MESSAGE][PASSED] - Object: 'Object Repository/Predicted in details/Show All Multiple Verbatim Predicted Result/Process//label_SLA' is clicked on

2560-11-07 11:33:55 - [TEST_STEP][PASSED] - verifyElementPresent: Object 'Object Repository/Predicted in details/Show All Multiple Verbatim Predicted Result/Process//span_SLA (1)' is present

2560-11-07 11:33:55 - [MESSAGE][PASSED] - Object 'Object Repository/Predicted in details/Show All Multiple Verbatim Predicted Result/Process//span_SLA (1)' is present

2560-11-07 11:33:55 - [TEST_STEP][PASSED] - click: Object: 'Object Repository/Predicted in details/Button_Export' is clicked on

2560-11-07 11:33:55 - [MESSAGE][PASSED] - Object: 'Object Repository/Predicted in details/Button_Export' is clicked on

2560-11-07 11:33:55 - [TEST_STEP][PASSED] - click: Object: 'Object Repository/Predicted in details/Show All Multiple Verbatim Predicted Result/Process//label_SLA' is clicked on

2560-11-07 11:33:56 - [MESSAGE][PASSED] - Object: 'Object Repository/Predicted in details/Show All Multiple Verbatim Predicted Result/Process//label_SLA' is clicked on

2560-11-07 11:33:56 - [TEST_STEP][PASSED] - click: Object: 'Object Repository/Predicted in details/Show All Multiple Verbatim Predicted Result/Prodyct Feature//label_Product Feature' is clicked on

2560-11-07 11:33:56 - [MESSAGE][PASSED] - Object: 'Object Repository/Predicted in details/Show All Multiple Verbatim Predicted Result/Prodyct Feature//label_Product Feature' is clicked on

2560-11-07 11:33:56 - [TEST_STEP][PASSED] - verifyElementPresent: Object 'Object Repository/Predicted in details/Show All Multiple Verbatim Predicted Result/Prodyct Feature/001/span_Dispute' is present

2560-11-07 11:33:57 - [MESSAGE][PASSED] - Object 'Object Repository/Predicted in details/Show All Multiple Verbatim Predicted Result/Prodyct Feature/001/span_Dispute' is present

2560-11-07 11:33:57 - [TEST_STEP][PASSED] - verifyElementPresent: Object 'Object Repository/Predicted in details/Show All Multiple Verbatim Predicted Result/Prodyct Feature/001/span_Ease of Use' is present

2560-11-07 11:33:57 - [MESSAGE][PASSED] - Object 'Object Repository/Predicted in details/Show All Multiple Verbatim Predicted Result/Prodyct Feature/001/span_Ease of Use' is present

2560-11-07 11:33:57 - [TEST_STEP][PASSED] - verifyElementPresent: Object 'Object Repository/Predicted in details/Show All Multiple Verbatim Predicted Result/Prodyct Feature/001/span_Privilege' is present

2560-11-07 11:33:57 - [MESSAGE][PASSED] - Object 'Object Repository/Predicted in details/Show All Multiple Verbatim Predicted Result/Prodyct Feature/001/span_Privilege' is present

2560-11-07 11:33:57 - [TEST_STEP][PASSED] - verifyElementPresent: Object 'Object Repository/Predicted in details/Show All Multiple Verbatim Predicted Result/Prodyct Feature/001/span_Promotion' is present

2560-11-07 11:33:58 - [MESSAGE][PASSED] - Object 'Object Repository/Predicted in details/Show All Multiple Verbatim Predicted Result/Prodyct Feature/001/span_Promotion' is present

2560-11-07 11:33:58 - [TEST_STEP][PASSED] - verifyElementPresent: Object 'Object Repository/Predicted in details/Show All Multiple Verbatim Predicted Result/Prodyct Feature/001/span_Variability' is present

2560-11-07 11:33:58 - [MESSAGE][PASSED] - Object 'Object Repository/Predicted in details/Show All Multiple Verbatim Predicted Result/Prodyct Feature/001/span_Variability' is present

2560-11-07 11:33:58 - [TEST_STEP][PASSED] - click: Object: 'Object Repository/Predicted in details/Show All Multiple Verbatim Predicted Result/Prodyct Feature/a_page-link' is clicked on

2560-11-07 11:33:58 - [MESSAGE][PASSED] - Object: 'Object Repository/Predicted in details/Show All Multiple Verbatim Predicted Result/Prodyct Feature/a_page-link' is clicked on

2560-11-07 11:33:58 - [TEST_STEP][PASSED] - verifyElementPresent: Object 'Object Repository/Predicted in details/Show All Multiple Verbatim Predicted Result/Prodyct Feature/001/span_Incident' is present

2560-11-07 11:33:58 - [MESSAGE][PASSED] - Object 'Object Repository/Predicted in details/Show All Multiple Verbatim Predicted Result/Prodyct Feature/001/span_Incident' is present

2560-11-07 11:33:58 - [TEST_STEP][PASSED] - verifyElementPresent: Object 'Object Repository/Predicted in details/Show All Multiple Verbatim Predicted Result/Prodyct Feature/001/span_Performance' is present

2560-11-07 11:33:59 - [MESSAGE][PASSED] - Object 'Object Repository/Predicted in details/Show All Multiple Verbatim Predicted Result/Prodyct Feature/001/span_Performance' is present

2560-11-07 11:33:59 - [TEST_STEP][PASSED] - verifyElementPresent: Object 'Object Repository/Predicted in details/Show All Multiple Verbatim Predicted Result/Prodyct Feature/001/span_Fee' is present

2560-11-07 11:34:00 - [MESSAGE][PASSED] - Object 'Object Repository/Predicted in details/Show All Multiple Verbatim Predicted Result/Prodyct Feature/001/span_Fee' is present

2560-11-07 11:34:00 - [TEST_STEP][PASSED] - verifyElementPresent: Object 'Object Repository/Predicted in details/Show All Multiple Verbatim Predicted Result/Prodyct Feature/001/span_Policy' is present

2560-11-07 11:34:00 - [MESSAGE][PASSED] - Object 'Object Repository/Predicted in details/Show All Multiple Verbatim Predicted Result/Prodyct Feature/001/span_Policy' is present

2560-11-07 11:34:00 - [TEST_STEP][PASSED] - click: Object: 'Object Repository/Predicted in details/Button_Export' is clicked on

2560-11-07 11:34:00 - [MESSAGE][PASSED] - Object: 'Object Repository/Predicted in details/Button_Export' is clicked on

2560-11-07 11:34:00 - [TEST_STEP][PASSED] - click: Object: 'Object Repository/Predicted in details/Show All Multiple Verbatim Predicted Result/Prodyct Feature//label_Product Feature' is clicked on

2560-11-07 11:34:01 - [MESSAGE][PASSED] - Object: 'Object Repository/Predicted in details/Show All Multiple Verbatim Predicted Result/Prodyct Feature//label_Product Feature' is clicked on

2560-11-07 11:34:01 - [TEST_STEP][PASSED] - click: Object: 'Object Repository/Predicted in details/Show All Multiple Verbatim Predicted Result/Prodyct Feature//i_fa fa-caret-right' is clicked on

2560-11-07 11:34:01 - [MESSAGE][PASSED] - Object: 'Object Repository/Predicted in details/Show All Multiple Verbatim Predicted Result/Prodyct Feature//i_fa fa-caret-right' is clicked on

2560-11-07 11:34:01 - [TEST_STEP][PASSED] - click: Object: 'Object Repository/Predicted in details/Show All Multiple Verbatim Predicted Result/Prodyct Feature//label_Dispute' is clicked on

2560-11-07 11:34:01 - [MESSAGE][PASSED] - Object: 'Object Repository/Predicted in details/Show All Multiple Verbatim Predicted Result/Prodyct Feature//label_Dispute' is clicked on

2560-11-07 11:34:01 - [TEST_STEP][PASSED] - verifyElementPresent: Object 'Object Repository/Predicted in details/Show All Multiple Verbatim Predicted Result/Prodyct Feature/span_Dispute (1)' is present

2560-11-07 11:34:02 - [MESSAGE][PASSED] - Object 'Object Repository/Predicted in details/Show All Multiple Verbatim Predicted Result/Prodyct Feature/span_Dispute (1)' is present

2560-11-07 11:34:02 - [TEST_STEP][PASSED] - click: Object: 'Object Repository/Predicted in details/Button_Export' is clicked on

2560-11-07 11:34:02 - [MESSAGE][PASSED] - Object: 'Object Repository/Predicted in details/Button_Export' is clicked on

2560-11-07 11:34:02 - [TEST_STEP][PASSED] - click: Object: 'Object Repository/Predicted in details/Show All Multiple Verbatim Predicted Result/Prodyct Feature//label_Dispute' is clicked on

2560-11-07 11:34:02 - [MESSAGE][PASSED] - Object: 'Object Repository/Predicted in details/Show All Multiple Verbatim Predicted Result/Prodyct Feature//label_Dispute' is clicked on

2560-11-07 11:34:02 - [TEST_STEP][PASSED] - click: Object: 'Object Repository/Predicted in details/Show All Multiple Verbatim Predicted Result/Prodyct Feature//label_Privilege' is clicked on

2560-11-07 11:34:03 - [MESSAGE][PASSED] - Object: 'Object Repository/Predicted in details/Show All Multiple Verbatim Predicted Result/Prodyct Feature//label_Privilege' is clicked on

2560-11-07 11:34:03 - [TEST_STEP][PASSED] - verifyElementPresent: Object 'Object Repository/Predicted in details/Show All Multiple Verbatim Predicted Result/Prodyct Feature//span_Privilege (1)' is present

2560-11-07 11:34:03 - [MESSAGE][PASSED] - Object 'Object Repository/Predicted in details/Show All Multiple Verbatim Predicted Result/Prodyct Feature//span_Privilege (1)' is present

2560-11-07 11:34:03 - [TEST_STEP][PASSED] - click: Object: 'Object Repository/Predicted in details/Button_Export' is clicked on

2560-11-07 11:34:03 - [MESSAGE][PASSED] - Object: 'Object Repository/Predicted in details/Button_Export' is clicked on

2560-11-07 11:34:03 - [TEST_STEP][PASSED] - click: Object: 'Object Repository/Predicted in details/Show All Multiple Verbatim Predicted Result/Prodyct Feature//label_Privilege' is clicked on

2560-11-07 11:34:03 - [MESSAGE][PASSED] - Object: 'Object Repository/Predicted in details/Show All Multiple Verbatim Predicted Result/Prodyct Feature//label_Privilege' is clicked on

2560-11-07 11:34:03 - [TEST_STEP][PASSED] - click: Object: 'Object Repository/Predicted in details/Show All Multiple Verbatim Predicted Result/Prodyct Feature//label_Ease of Use' is clicked on

2560-11-07 11:34:04 - [MESSAGE][PASSED] - Object: 'Object Repository/Predicted in details/Show All Multiple Verbatim Predicted Result/Prodyct Feature//label_Ease of Use' is clicked on

2560-11-07 11:34:04 - [TEST_STEP][PASSED] - verifyElementPresent: Object 'Object Repository/Predicted in details/Show All Multiple Verbatim Predicted Result/Prodyct Feature/span_Ease of Use' is present

2560-11-07 11:34:04 - [MESSAGE][PASSED] - Object 'Object Repository/Predicted in details/Show All Multiple Verbatim Predicted Result/Prodyct Feature/span_Ease of Use' is present

2560-11-07 11:34:04 - [TEST_STEP][PASSED] - click: Object: 'Object Repository/Predicted in details/Button_Export' is clicked on

2560-11-07 11:34:04 - [MESSAGE][PASSED] - Object: 'Object Repository/Predicted in details/Button_Export' is clicked on

2560-11-07 11:34:04 - [TEST_STEP][PASSED] - click: Object: 'Object Repository/Predicted in details/Show All Multiple Verbatim Predicted Result/Prodyct Feature//label_Ease of Use' is clicked on

2560-11-07 11:34:05 - [MESSAGE][PASSED] - Object: 'Object Repository/Predicted in details/Show All Multiple Verbatim Predicted Result/Prodyct Feature//label_Ease of Use' is clicked on

2560-11-07 11:34:05 - [TEST_STEP][PASSED] - click: Object: 'Object Repository/Predicted in details/Show All Multiple Verbatim Predicted Result/Prodyct Feature//label_Promotion' is clicked on

2560-11-07 11:34:05 - [MESSAGE][PASSED] - Object: 'Object Repository/Predicted in details/Show All Multiple Verbatim Predicted Result/Prodyct Feature//label_Promotion' is clicked on

2560-11-07 11:34:05 - [TEST_STEP][PASSED] - verifyElementPresent: Object 'Object Repository/Predicted in details/Show All Multiple Verbatim Predicted Result/Prodyct Feature//span_Promotion (1)' is present

2560-11-07 11:34:05 - [MESSAGE][PASSED] - Object 'Object Repository/Predicted in details/Show All Multiple Verbatim Predicted Result/Prodyct Feature//span_Promotion (1)' is present

2560-11-07 11:34:05 - [TEST_STEP][PASSED] - click: Object: 'Object Repository/Predicted in details/Button_Export' is clicked on

2560-11-07 11:34:06 - [MESSAGE][PASSED] - Object: 'Object Repository/Predicted in details/Button_Export' is clicked on

2560-11-07 11:34:06 - [TEST_STEP][PASSED] - click: Object: 'Object Repository/Predicted in details/Show All Multiple Verbatim Predicted Result/Prodyct Feature//label_Promotion' is clicked on

2560-11-07 11:34:06 - [MESSAGE][PASSED] - Object: 'Object Repository/Predicted in details/Show All Multiple Verbatim Predicted Result/Prodyct Feature//label_Promotion' is clicked on

2560-11-07 11:34:06 - [TEST_STEP][PASSED] - click: Object: 'Object Repository/Predicted in details/Show All Multiple Verbatim Predicted Result/Prodyct Feature//label_Variability' is clicked on

2560-11-07 11:34:07 - [MESSAGE][PASSED] - Object: 'Object Repository/Predicted in details/Show All Multiple Verbatim Predicted Result/Prodyct Feature//label_Variability' is clicked on

2560-11-07 11:34:07 - [TEST_STEP][PASSED] - verifyElementPresent: Object 'Object Repository/Predicted in details/Show All Multiple Verbatim Predicted Result/Prodyct Feature//span_Variability (1)' is present

2560-11-07 11:34:07 - [MESSAGE][PASSED] - Object 'Object Repository/Predicted in details/Show All Multiple Verbatim Predicted Result/Prodyct Feature//span_Variability (1)' is present

2560-11-07 11:34:07 - [TEST_STEP][PASSED] - click: Object: 'Object Repository/Predicted in details/Button_Export' is clicked on

2560-11-07 11:34:07 - [MESSAGE][PASSED] - Object: 'Object Repository/Predicted in details/Button_Export' is clicked on

2560-11-07 11:34:08 - [TEST_STEP][PASSED] - click: Object: 'Object Repository/Predicted in details/Show All Multiple Verbatim Predicted Result/Prodyct Feature//label_Variability' is clicked on

2560-11-07 11:34:08 - [MESSAGE][PASSED] - Object: 'Object Repository/Predicted in details/Show All Multiple Verbatim Predicted Result/Prodyct Feature//label_Variability' is clicked on

2560-11-07 11:34:08 - [TEST_STEP][PASSED] - click: Object: 'Object Repository/Predicted in details/Show All Multiple Verbatim Predicted Result/Prodyct Feature//label_Incident' is clicked on

2560-11-07 11:34:08 - [MESSAGE][PASSED] - Object: 'Object Repository/Predicted in details/Show All Multiple Verbatim Predicted Result/Prodyct Feature//label_Incident' is clicked on

2560-11-07 11:34:08 - [TEST_STEP][PASSED] - verifyElementPresent: Object 'Object Repository/Predicted in details/Show All Multiple Verbatim Predicted Result/Prodyct Feature//span_Incident (1)' is present

2560-11-07 11:34:08 - [MESSAGE][PASSED] - Object 'Object Repository/Predicted in details/Show All Multiple Verbatim Predicted Result/Prodyct Feature//span_Incident (1)' is present

2560-11-07 11:34:08 - [TEST_STEP][PASSED] - click: Object: 'Object Repository/Predicted in details/Button_Export' is clicked on

2560-11-07 11:34:09 - [MESSAGE][PASSED] - Object: 'Object Repository/Predicted in details/Button_Export' is clicked on

2560-11-07 11:34:09 - [TEST_STEP][PASSED] - click: Object: 'Object Repository/Predicted in details/Show All Multiple Verbatim Predicted Result/Prodyct Feature//label_Incident' is clicked on

2560-11-07 11:34:09 - [MESSAGE][PASSED] - Object: 'Object Repository/Predicted in details/Show All Multiple Verbatim Predicted Result/Prodyct Feature//label_Incident' is clicked on

2560-11-07 11:34:09 - [TEST_STEP][PASSED] - click: Object: 'Object Repository/Predicted in details/Show All Multiple Verbatim Predicted Result/Prodyct Feature//label_Performance' is clicked on

2560-11-07 11:34:09 - [MESSAGE][PASSED] - Object: 'Object Repository/Predicted in details/Show All Multiple Verbatim Predicted Result/Prodyct Feature//label_Performance' is clicked on

2560-11-07 11:34:09 - [TEST_STEP][PASSED] - verifyElementPresent: Object 'Object Repository/Predicted in details/Show All Multiple Verbatim Predicted Result/Prodyct Feature//span_Performance (1)' is present

2560-11-07 11:34:10 - [MESSAGE][PASSED] - Object 'Object Repository/Predicted in details/Show All Multiple Verbatim Predicted Result/Prodyct Feature//span_Performance (1)' is present

2560-11-07 11:34:10 - [TEST_STEP][PASSED] - click: Object: 'Object Repository/Predicted in details/Button_Export' is clicked on

2560-11-07 11:34:10 - [MESSAGE][PASSED] - Object: 'Object Repository/Predicted in details/Button_Export' is clicked on

2560-11-07 11:34:11 - [TEST_STEP][PASSED] - click: Object: 'Object Repository/Predicted in details/Show All Multiple Verbatim Predicted Result/Prodyct Feature//label_Performance' is clicked on

2560-11-07 11:34:11 - [MESSAGE][PASSED] - Object: 'Object Repository/Predicted in details/Show All Multiple Verbatim Predicted Result/Prodyct Feature//label_Performance' is clicked on

2560-11-07 11:34:11 - [TEST_STEP][PASSED] - click: Object: 'Object Repository/Predicted in details/Show All Multiple Verbatim Predicted Result/Prodyct Feature//label_Fee' is clicked on

2560-11-07 11:34:11 - [MESSAGE][PASSED] - Object: 'Object Repository/Predicted in details/Show All Multiple Verbatim Predicted Result/Prodyct Feature//label_Fee' is clicked on

2560-11-07 11:34:11 - [TEST_STEP][PASSED] - verifyElementPresent: Object 'Object Repository/Predicted in details/Show All Multiple Verbatim Predicted Result/Prodyct Feature//span_Fee (1)' is present

2560-11-07 11:34:11 - [MESSAGE][PASSED] - Object 'Object Repository/Predicted in details/Show All Multiple Verbatim Predicted Result/Prodyct Feature//span_Fee (1)' is present

2560-11-07 11:34:11 - [TEST_STEP][PASSED] - click: Object: 'Object Repository/Predicted in details/Button_Export' is clicked on

2560-11-07 11:34:11 - [MESSAGE][PASSED] - Object: 'Object Repository/Predicted in details/Button_Export' is clicked on

2560-11-07 11:34:11 - [TEST_STEP][PASSED] - click: Object: 'Object Repository/Predicted in details/Show All Multiple Verbatim Predicted Result/Prodyct Feature//label_Fee' is clicked on

2560-11-07 11:34:13 - [MESSAGE][PASSED] - Object: 'Object Repository/Predicted in details/Show All Multiple Verbatim Predicted Result/Prodyct Feature//label_Fee' is clicked on

2560-11-07 11:34:13 - [TEST_STEP][PASSED] - click: Object: 'Object Repository/Predicted in details/Show All Multiple Verbatim Predicted Result/Prodyct Feature//label_Policy' is clicked on

2560-11-07 11:34:13 - [MESSAGE][PASSED] - Object: 'Object Repository/Predicted in details/Show All Multiple Verbatim Predicted Result/Prodyct Feature//label_Policy' is clicked on

2560-11-07 11:34:13 - [TEST_STEP][PASSED] - verifyElementPresent: Object 'Object Repository/Predicted in details/Show All Multiple Verbatim Predicted Result/Prodyct Feature/span_Policy (1)' is present

2560-11-07 11:34:13 - [MESSAGE][PASSED] - Object 'Object Repository/Predicted in details/Show All Multiple Verbatim Predicted Result/Prodyct Feature/span_Policy (1)' is present

2560-11-07 11:34:13 - [TEST_STEP][PASSED] - click: Object: 'Object Repository/Predicted in details/Button_Export' is clicked on

2560-11-07 11:34:14 - [MESSAGE][PASSED] - Object: 'Object Repository/Predicted in details/Button_Export' is clicked on

2560-11-07 11:34:14 - [TEST_STEP][PASSED] - click: Object: 'Object Repository/Predicted in details/Show All Multiple Verbatim Predicted Result/Prodyct Feature//label_Policy' is clicked on

2560-11-07 11:34:14 - [MESSAGE][PASSED] - Object: 'Object Repository/Predicted in details/Show All Multiple Verbatim Predicted Result/Prodyct Feature//label_Policy' is clicked on

2560-11-07 11:34:14 - [TEST_STEP][PASSED] - click: Object: 'Object Repository/Predicted in details/Show All Multiple Verbatim Predicted Result/Staff Quality//label_Staff Quality' is clicked on

2560-11-07 11:34:14 - [MESSAGE][PASSED] - Object: 'Object Repository/Predicted in details/Show All Multiple Verbatim Predicted Result/Staff Quality//label_Staff Quality' is clicked on

2560-11-07 11:34:14 - [TEST_STEP][PASSED] - verifyElementPresent: Object 'Object Repository/Predicted in details/Show All Multiple Verbatim Predicted Result/Staff Quality//span_Communication skillKnowle' is present

2560-11-07 11:34:14 - [MESSAGE][PASSED] - Object 'Object Repository/Predicted in details/Show All Multiple Verbatim Predicted Result/Staff Quality//span_Communication skillKnowle' is present

2560-11-07 11:34:14 - [TEST_STEP][PASSED] - verifyElementPresent: Object 'Object Repository/Predicted in details/Show All Multiple Verbatim Predicted Result/Staff Quality//span_MannerService' is present

2560-11-07 11:34:15 - [MESSAGE][PASSED] - Object 'Object Repository/Predicted in details/Show All Multiple Verbatim Predicted Result/Staff Quality//span_MannerService' is present

2560-11-07 11:34:15 - [TEST_STEP][PASSED] - verifyElementPresent: Object 'Object Repository/Predicted in details/Show All Multiple Verbatim Predicted Result/Staff Quality//span_Take Ownership' is present

2560-11-07 11:34:16 - [MESSAGE][PASSED] - Object 'Object Repository/Predicted in details/Show All Multiple Verbatim Predicted Result/Staff Quality//span_Take Ownership' is present

2560-11-07 11:34:16 - [TEST_STEP][PASSED] - verifyElementPresent: Object 'Object Repository/Predicted in details/Show All Multiple Verbatim Predicted Result/Staff Quality//span_Force Sale' is present

2560-11-07 11:34:16 - [MESSAGE][PASSED] - Object 'Object Repository/Predicted in details/Show All Multiple Verbatim Predicted Result/Staff Quality//span_Force Sale' is present

2560-11-07 11:34:16 - [TEST_STEP][PASSED] - verifyElementPresent: Object 'Object Repository/Predicted in details/Show All Multiple Verbatim Predicted Result/Staff Quality/span_Ethic' is present

2560-11-07 11:34:16 - [MESSAGE][PASSED] - Object 'Object Repository/Predicted in details/Show All Multiple Verbatim Predicted Result/Staff Quality/span_Ethic' is present

2560-11-07 11:34:17 - [TEST_STEP][PASSED] - click: Object: 'Object Repository/Predicted in details/Show All Multiple Verbatim Predicted Result/Staff Quality/a_page-link' is clicked on

2560-11-07 11:34:17 - [MESSAGE][PASSED] - Object: 'Object Repository/Predicted in details/Show All Multiple Verbatim Predicted Result/Staff Quality/a_page-link' is clicked on

2560-11-07 11:34:17 - [TEST_STEP][PASSED] - verifyElementPresent: Object 'Object Repository/Predicted in details/Show All Multiple Verbatim Predicted Result/Staff Quality//span_Staff Appearance (1)' is present

2560-11-07 11:34:17 - [MESSAGE][PASSED] - Object 'Object Repository/Predicted in details/Show All Multiple Verbatim Predicted Result/Staff Quality//span_Staff Appearance (1)' is present

2560-11-07 11:34:17 - [TEST_STEP][PASSED] - click: Object: 'Object Repository/Predicted in details/Button_Export' is clicked on

2560-11-07 11:34:18 - [MESSAGE][PASSED] - Object: 'Object Repository/Predicted in details/Button_Export' is clicked on

2560-11-07 11:34:18 - [TEST_STEP][PASSED] - click: Object: 'Object Repository/Predicted in details/Show All Multiple Verbatim Predicted Result/Staff Quality//label_Staff Quality' is clicked on

2560-11-07 11:34:18 - [MESSAGE][PASSED] - Object: 'Object Repository/Predicted in details/Show All Multiple Verbatim Predicted Result/Staff Quality//label_Staff Quality' is clicked on

2560-11-07 11:34:18 - [TEST_STEP][PASSED] - click: Object: 'Object Repository/Predicted in details/Show All Multiple Verbatim Predicted Result/Staff Quality/i_fa fa-caret-right' is clicked on

2560-11-07 11:34:19 - [MESSAGE][PASSED] - Object: 'Object Repository/Predicted in details/Show All Multiple Verbatim Predicted Result/Staff Quality/i_fa fa-caret-right' is clicked on

2560-11-07 11:34:19 - [TEST_STEP][PASSED] - click: Object: 'Object Repository/Predicted in details/Show All Multiple Verbatim Predicted Result/Staff Quality//label_Communication SkillKnowl' is clicked on

2560-11-07 11:34:20 - [MESSAGE][PASSED] - Object: 'Object Repository/Predicted in details/Show All Multiple Verbatim Predicted Result/Staff Quality//label_Communication SkillKnowl' is clicked on

2560-11-07 11:34:20 - [TEST_STEP][PASSED] - verifyElementPresent: Object 'Object Repository/Predicted in details/Show All Multiple Verbatim Predicted Result/Staff Quality//span_Communication skillKnowle (1)' is present

2560-11-07 11:34:20 - [MESSAGE][PASSED] - Object 'Object Repository/Predicted in details/Show All Multiple Verbatim Predicted Result/Staff Quality//span_Communication skillKnowle (1)' is present

2560-11-07 11:34:20 - [TEST_STEP][PASSED] - click: Object: 'Object Repository/Predicted in details/Button_Export' is clicked on

2560-11-07 11:34:20 - [MESSAGE][PASSED] - Object: 'Object Repository/Predicted in details/Button_Export' is clicked on

2560-11-07 11:34:20 - [TEST_STEP][PASSED] - click: Object: 'Object Repository/Predicted in details/Show All Multiple Verbatim Predicted Result/Staff Quality//label_Communication SkillKnowl' is clicked on

2560-11-07 11:34:20 - [MESSAGE][PASSED] - Object: 'Object Repository/Predicted in details/Show All Multiple Verbatim Predicted Result/Staff Quality//label_Communication SkillKnowl' is clicked on

2560-11-07 11:34:20 - [TEST_STEP][PASSED] - click: Object: 'Object Repository/Predicted in details/Show All Multiple Verbatim Predicted Result/Staff Quality//label_ServiceManner' is clicked on

2560-11-07 11:34:21 - [MESSAGE][PASSED] - Object: 'Object Repository/Predicted in details/Show All Multiple Verbatim Predicted Result/Staff Quality//label_ServiceManner' is clicked on

2560-11-07 11:34:21 - [TEST_STEP][PASSED] - verifyElementPresent: Object 'Object Repository/Predicted in details/Show All Multiple Verbatim Predicted Result/Staff Quality//span_MannerService (1)' is present

2560-11-07 11:34:21 - [MESSAGE][PASSED] - Object 'Object Repository/Predicted in details/Show All Multiple Verbatim Predicted Result/Staff Quality//span_MannerService (1)' is present

2560-11-07 11:34:21 - [TEST_STEP][PASSED] - click: Object: 'Object Repository/Predicted in details/Button_Export' is clicked on

2560-11-07 11:34:21 - [MESSAGE][PASSED] - Object: 'Object Repository/Predicted in details/Button_Export' is clicked on

2560-11-07 11:34:21 - [TEST_STEP][PASSED] - click: Object: 'Object Repository/Predicted in details/Show All Multiple Verbatim Predicted Result/Staff Quality//label_ServiceManner' is clicked on

2560-11-07 11:34:21 - [MESSAGE][PASSED] - Object: 'Object Repository/Predicted in details/Show All Multiple Verbatim Predicted Result/Staff Quality//label_ServiceManner' is clicked on

2560-11-07 11:34:21 - [TEST_STEP][PASSED] - click: Object: 'Object Repository/Predicted in details/Show All Multiple Verbatim Predicted Result/Staff Quality//label_Take Ownership' is clicked on

2560-11-07 11:34:22 - [MESSAGE][PASSED] - Object: 'Object Repository/Predicted in details/Show All Multiple Verbatim Predicted Result/Staff Quality//label_Take Ownership' is clicked on

2560-11-07 11:34:22 - [TEST_STEP][PASSED] - verifyElementPresent: Object 'Object Repository/Predicted in details/Show All Multiple Verbatim Predicted Result/Staff Quality//span_Take Ownership (1)' is present

2560-11-07 11:34:22 - [MESSAGE][PASSED] - Object 'Object Repository/Predicted in details/Show All Multiple Verbatim Predicted Result/Staff Quality//span_Take Ownership (1)' is present

2560-11-07 11:34:22 - [TEST_STEP][PASSED] - click: Object: 'Object Repository/Predicted in details/Button_Export' is clicked on

2560-11-07 11:34:22 - [MESSAGE][PASSED] - Object: 'Object Repository/Predicted in details/Button_Export' is clicked on

2560-11-07 11:34:23 - [TEST_STEP][PASSED] - click: Object: 'Object Repository/Predicted in details/Show All Multiple Verbatim Predicted Result/Staff Quality//label_Take Ownership' is clicked on

2560-11-07 11:34:23 - [MESSAGE][PASSED] - Object: 'Object Repository/Predicted in details/Show All Multiple Verbatim Predicted Result/Staff Quality//label_Take Ownership' is clicked on

2560-11-07 11:34:23 - [TEST_STEP][PASSED] - click: Object: 'Object Repository/Predicted in details/Show All Multiple Verbatim Predicted Result/Staff Quality//label_Force Sale' is clicked on

2560-11-07 11:34:23 - [MESSAGE][PASSED] - Object: 'Object Repository/Predicted in details/Show All Multiple Verbatim Predicted Result/Staff Quality//label_Force Sale' is clicked on

2560-11-07 11:34:23 - [TEST_STEP][PASSED] - verifyElementPresent: Object 'Object Repository/Predicted in details/Show All Multiple Verbatim Predicted Result/Staff Quality/span_Force Sale (1)' is present

2560-11-07 11:34:23 - [MESSAGE][PASSED] - Object 'Object Repository/Predicted in details/Show All Multiple Verbatim Predicted Result/Staff Quality/span_Force Sale (1)' is present

2560-11-07 11:34:23 - [TEST_STEP][PASSED] - click: Object: 'Object Repository/Predicted in details/Button_Export' is clicked on

2560-11-07 11:34:24 - [MESSAGE][PASSED] - Object: 'Object Repository/Predicted in details/Button_Export' is clicked on

2560-11-07 11:34:24 - [TEST_STEP][PASSED] - click: Object: 'Object Repository/Predicted in details/Show All Multiple Verbatim Predicted Result/Staff Quality//label_Force Sale' is clicked on

2560-11-07 11:34:24 - [MESSAGE][PASSED] - Object: 'Object Repository/Predicted in details/Show All Multiple Verbatim Predicted Result/Staff Quality//label_Force Sale' is clicked on

2560-11-07 11:34:24 - [TEST_STEP][PASSED] - click: Object: 'Object Repository/Predicted in details/Multiple Prediction By SAI/label_Ethic (1)' is clicked on

2560-11-07 11:34:25 - [MESSAGE][PASSED] - Object: 'Object Repository/Predicted in details/Multiple Prediction By SAI/label_Ethic (1)' is clicked on

2560-11-07 11:34:25 - [TEST_STEP][PASSED] - verifyElementPresent: Object 'Object Repository/Predicted in details/Multiple Prediction By SAI//span_Staff Quality' is present

2560-11-07 11:34:25 - [MESSAGE][PASSED] - Object 'Object Repository/Predicted in details/Multiple Prediction By SAI//span_Staff Quality' is present

2560-11-07 11:34:25 - [TEST_STEP][PASSED] - verifyElementPresent: Object 'Object Repository/Predicted in details/Multiple Prediction By SAI/span_Private Reason' is present

2560-11-07 11:34:26 - [MESSAGE][PASSED] - Object 'Object Repository/Predicted in details/Multiple Prediction By SAI/span_Private Reason' is present

2560-11-07 11:34:26 - [TEST_STEP][PASSED] - click: Object: 'Object Repository/Predicted in details/Multiple Prediction By SAI/button_Export (1)' is clicked on

2560-11-07 11:34:26 - [MESSAGE][PASSED] - Object: 'Object Repository/Predicted in details/Multiple Prediction By SAI/button_Export (1)' is clicked on

2560-11-07 11:34:26 - [TEST_STEP][PASSED] - click: Object: 'Object Repository/Predicted in details/Multiple Prediction By SAI//label_Ethic_un' is clicked on

2560-11-07 11:34:26 - [MESSAGE][PASSED] - Object: 'Object Repository/Predicted in details/Multiple Prediction By SAI//label_Ethic_un' is clicked on

2560-11-07 11:34:26 - [TEST_STEP][PASSED] - click: Object: 'Object Repository/Predicted in details/Multiple Prediction By SAI//label_Staff Appearance' is clicked on

2560-11-07 11:34:27 - [MESSAGE][PASSED] - Object: 'Object Repository/Predicted in details/Multiple Prediction By SAI//label_Staff Appearance' is clicked on

2560-11-07 11:34:27 - [TEST_STEP][PASSED] - verifyElementPresent: Object 'Object Repository/Predicted in details/Multiple Prediction By SAI/span_Staff Quality (1)' is present

2560-11-07 11:34:27 - [MESSAGE][PASSED] - Object 'Object Repository/Predicted in details/Multiple Prediction By SAI/span_Staff Quality (1)' is present

2560-11-07 11:34:27 - [TEST_STEP][PASSED] - click: Object: 'Object Repository/Predicted in details/Multiple Prediction By SAI/button_Export02' is clicked on

2560-11-07 11:34:28 - [MESSAGE][PASSED] - Object: 'Object Repository/Predicted in details/Multiple Prediction By SAI/button_Export02' is clicked on

2560-11-07 11:34:28 - [TEST_STEP][PASSED] - click: Object: 'Object Repository/Predicted in details/Multiple Prediction By SAI//label_Staff Appearance_un' is clicked on

2560-11-07 11:34:28 - [MESSAGE][PASSED] - Object: 'Object Repository/Predicted in details/Multiple Prediction By SAI//label_Staff Appearance_un' is clicked on

2560-11-07 11:34:28 - [TEST_STEP][PASSED] - click: Object: 'Object Repository/Predicted in details/Multiple Prediction By SAI//i_fa fa-caret-right_private' is clicked on

2560-11-07 11:34:29 - [MESSAGE][PASSED] - Object: 'Object Repository/Predicted in details/Multiple Prediction By SAI//i_fa fa-caret-right_private' is clicked on

2560-11-07 11:34:29 - [TEST_STEP][PASSED] - click: Object: 'Object Repository/Predicted in details/Multiple Prediction By SAI//label_Private Reason' is clicked on

2560-11-07 11:34:29 - [MESSAGE][PASSED] - Object: 'Object Repository/Predicted in details/Multiple Prediction By SAI//label_Private Reason' is clicked on

2560-11-07 11:34:29 - [TEST_STEP][FAILED] - verifyElementPresent: com.kms.katalon.core.webui.exception.WebElementNotFoundException: Web element with id: 'Object Repository/Predicted in details/Multiple Prediction By SAI/span_Private Reason (1)' located by 'By.xpath: //span[count(. | //*[@class = 'w3-small pull-left']) = count(//*[@class = 'w3-small pull-left'])][count(. | //*[text() = 'Private Reason']) = count(//*[text() = 'Private Reason'])][count(. | /html[1]/body[1]/my-app[1]/app-predicted-results[1]/div[@class="container-fluid"]/div[@class="row centurygothic-font"]/div[@class="col-xs-12 col-sm-8 col-md-8 col-lg-9"]/div[5]/div[@class="row"]/div[@class="col-xs-12 col-sm-12 col-md-7 col-lg-7"]/div[@class="row"]/div[@class="col-xs-6"]/div[1]/div[@class="row w3-padding-small w3-margin-top-bottom-4"]/div[@class="col-xs-9 text-nowrap box-padding"]/div[2]/span[@class="w3-small pull-left"]) = count(/html[1]/body[1]/my-app[1]/app-predicted-results[1]/div[@class="container-fluid"]/div[@class="row centurygothic-font"]/div[@class="col-xs-12 col-sm-8 col-md-8 col-lg-9"]/div[5]/div[@class="row"]/div[@class="col-xs-12 col-sm-12 col-md-7 col-lg-7"]/div[@class="row"]/div[@class="col-xs-6"]/div[1]/div[@class="row w3-padding-small w3-margin-top-bottom-4"]/div[@class="col-xs-9 text-nowrap box-padding"]/div[2]/span[@class="w3-small pull-left"])]' not found

2560-11-07 11:34:35 - [MESSAGE][FAILED] - com.kms.katalon.core.webui.exception.WebElementNotFoundException: Web element with id: 'Object Repository/Predicted in details/Multiple Prediction By SAI/span_Private Reason (1)' located by 'By.xpath: //span[count(. | //*[@class = 'w3-small pull-left']) = count(//*[@class = 'w3-small pull-left'])][count(. | //*[text() = 'Private Reason']) = count(//*[text() = 'Private Reason'])][count(. | /html[1]/body[1]/my-app[1]/app-predicted-results[1]/div[@class="container-fluid"]/div[@class="row centurygothic-font"]/div[@class="col-xs-12 col-sm-8 col-md-8 col-lg-9"]/div[5]/div[@class="row"]/div[@class="col-xs-12 col-sm-12 col-md-7 col-lg-7"]/div[@class="row"]/div[@class="col-xs-6"]/div[1]/div[@class="row w3-padding-small w3-margin-top-bottom-4"]/div[@class="col-xs-9 text-nowrap box-padding"]/div[2]/span[@class="w3-small pull-left"]) = count(/html[1]/body[1]/my-app[1]/app-predicted-results[1]/div[@class="container-fluid"]/div[@class="row centurygothic-font"]/div[@class="col-xs-12 col-sm-8 col-md-8 col-lg-9"]/div[5]/div[@class="row"]/div[@class="col-xs-12 col-sm-12 col-md-7 col-lg-7"]/div[@class="row"]/div[@class="col-xs-6"]/div[1]/div[@class="row w3-padding-small w3-margin-top-bottom-4"]/div[@class="col-xs-9 text-nowrap box-padding"]/div[2]/span[@class="w3-small pull-left"])]' not found
[[ATTACHMENT|C:\\Users\\PIEW\\git\\GuruTMDA\\Reports\\Basic\\25601107_113057\\1510029275251.png]]

2560-11-07 11:34:35 - [TEST_STEP][PASSED] - click: Object: 'Object Repository/Predicted in details/Multiple Prediction By SAI/button_Export03' is clicked on

2560-11-07 11:34:35 - [MESSAGE][PASSED] - Object: 'Object Repository/Predicted in details/Multiple Prediction By SAI/button_Export03' is clicked on

2560-11-07 11:34:35 - [TEST_STEP][PASSED] - click: Object: 'Object Repository/Predicted in details/Multiple Prediction By SAI/label_Private Reason_un' is clicked on

2560-11-07 11:34:35 - [MESSAGE][PASSED] - Object: 'Object Repository/Predicted in details/Multiple Prediction By SAI/label_Private Reason_un' is clicked on

2560-11-07 11:34:35 - [TEST_STEP][PASSED] - click: Object: 'Object Repository/Predicted in details/Multiple Prediction By SAI/i_fa fa-caret-right_time' is clicked on

2560-11-07 11:34:35 - [MESSAGE][PASSED] - Object: 'Object Repository/Predicted in details/Multiple Prediction By SAI/i_fa fa-caret-right_time' is clicked on

2560-11-07 11:34:35 - [TEST_STEP][PASSED] - click: Object: 'Object Repository/Predicted in details/Multiple Prediction By SAI//label_Timing' is clicked on

2560-11-07 11:34:36 - [MESSAGE][PASSED] - Object: 'Object Repository/Predicted in details/Multiple Prediction By SAI//label_Timing' is clicked on

2560-11-07 11:34:36 - [TEST_STEP][PASSED] - verifyElementPresent: Object 'Object Repository/Predicted in details/Multiple Prediction By SAI/span_Timing' is present

2560-11-07 11:34:36 - [MESSAGE][PASSED] - Object 'Object Repository/Predicted in details/Multiple Prediction By SAI/span_Timing' is present

2560-11-07 11:34:36 - [TEST_STEP][PASSED] - click: Object: 'Object Repository/Predicted in details/Multiple Prediction By SAI/button_Export04' is clicked on

2560-11-07 11:34:36 - [MESSAGE][PASSED] - Object: 'Object Repository/Predicted in details/Multiple Prediction By SAI/button_Export04' is clicked on

2560-11-07 11:34:36 - [TEST_STEP][PASSED] - click: Object: 'Object Repository/Predicted in details/Multiple Prediction By SAI//label_Timing_un' is clicked on

2560-11-07 11:34:37 - [MESSAGE][PASSED] - Object: 'Object Repository/Predicted in details/Multiple Prediction By SAI//label_Timing_un' is clicked on

2560-11-07 11:34:37 - [TEST_STEP][PASSED] - click: Object: 'Object Repository/Predicted in details/Multiple Prediction By SAI//label_Queue Time' is clicked on

2560-11-07 11:34:37 - [MESSAGE][PASSED] - Object: 'Object Repository/Predicted in details/Multiple Prediction By SAI//label_Queue Time' is clicked on

2560-11-07 11:34:37 - [TEST_STEP][PASSED] - verifyElementPresent: Object 'Object Repository/Predicted in details/Multiple Prediction By SAI//span_Timing' is present

2560-11-07 11:34:37 - [MESSAGE][PASSED] - Object 'Object Repository/Predicted in details/Multiple Prediction By SAI//span_Timing' is present

2560-11-07 11:34:37 - [TEST_STEP][PASSED] - click: Object: 'Object Repository/Predicted in details/Multiple Prediction By SAI/button_Export05' is clicked on

2560-11-07 11:34:38 - [MESSAGE][PASSED] - Object: 'Object Repository/Predicted in details/Multiple Prediction By SAI/button_Export05' is clicked on

2560-11-07 11:34:38 - [TEST_STEP][PASSED] - click: Object: 'Object Repository/Predicted in details/Multiple Prediction By SAI/label_Queue Time_un' is clicked on

2560-11-07 11:34:38 - [MESSAGE][PASSED] - Object: 'Object Repository/Predicted in details/Multiple Prediction By SAI/label_Queue Time_un' is clicked on

2560-11-07 11:34:38 - [TEST_STEP][PASSED] - click: Object: 'Object Repository/Predicted in details/Multiple Prediction By SAI//label_Service Time' is clicked on

2560-11-07 11:34:38 - [MESSAGE][PASSED] - Object: 'Object Repository/Predicted in details/Multiple Prediction By SAI//label_Service Time' is clicked on

2560-11-07 11:34:38 - [TEST_STEP][PASSED] - verifyElementPresent: Object 'Object Repository/Predicted in details/Multiple Prediction By SAI//span_Timing' is present

2560-11-07 11:34:39 - [MESSAGE][PASSED] - Object 'Object Repository/Predicted in details/Multiple Prediction By SAI//span_Timing' is present

2560-11-07 11:34:39 - [TEST_STEP][PASSED] - click: Object: 'Object Repository/Predicted in details/Multiple Prediction By SAI//button_Export06' is clicked on

2560-11-07 11:34:39 - [MESSAGE][PASSED] - Object: 'Object Repository/Predicted in details/Multiple Prediction By SAI//button_Export06' is clicked on

2560-11-07 11:34:39 - [TEST_STEP][PASSED] - click: Object: 'Object Repository/Predicted in details/Multiple Prediction By SAI//label_Service Time' is clicked on

2560-11-07 11:34:40 - [MESSAGE][PASSED] - Object: 'Object Repository/Predicted in details/Multiple Prediction By SAI//label_Service Time' is clicked on

2560-11-07 11:34:40 - [TEST_STEP][PASSED] - click: Object: 'Object Repository/Predicted in details/Multiple Prediction By SAI//label_Waiting Time' is clicked on

2560-11-07 11:34:40 - [MESSAGE][PASSED] - Object: 'Object Repository/Predicted in details/Multiple Prediction By SAI//label_Waiting Time' is clicked on

2560-11-07 11:34:40 - [TEST_STEP][PASSED] - verifyElementPresent: Object 'Object Repository/Predicted in details/Multiple Prediction By SAI//span_Timing' is present

2560-11-07 11:34:40 - [MESSAGE][PASSED] - Object 'Object Repository/Predicted in details/Multiple Prediction By SAI//span_Timing' is present

2560-11-07 11:34:40 - [TEST_STEP][PASSED] - click: Object: 'Object Repository/Predicted in details/Multiple Prediction By SAI/button_Export07' is clicked on

2560-11-07 11:34:41 - [MESSAGE][PASSED] - Object: 'Object Repository/Predicted in details/Multiple Prediction By SAI/button_Export07' is clicked on

2560-11-07 11:34:41 - [TEST_STEP][PASSED] - click: Object: 'Object Repository/Predicted in details/Multiple Prediction By SAI//label_Waiting Time' is clicked on

2560-11-07 11:34:41 - [MESSAGE][PASSED] - Object: 'Object Repository/Predicted in details/Multiple Prediction By SAI//label_Waiting Time' is clicked on

2560-11-07 11:34:41 - [TEST_STEP][PASSED] - click: Object: 'Object Repository/Predicted in details/Multiple Prediction By SAI//i_fa fa-caret-right_competitors' is clicked on

2560-11-07 11:34:43 - [MESSAGE][PASSED] - Object: 'Object Repository/Predicted in details/Multiple Prediction By SAI//i_fa fa-caret-right_competitors' is clicked on

2560-11-07 11:34:43 - [TEST_STEP][PASSED] - click: Object: 'Object Repository/Predicted in details/Multiple Prediction By SAI//label_Competitors' is clicked on

2560-11-07 11:34:43 - [MESSAGE][PASSED] - Object: 'Object Repository/Predicted in details/Multiple Prediction By SAI//label_Competitors' is clicked on

2560-11-07 11:34:43 - [TEST_STEP][FAILED] - verifyElementPresent: com.kms.katalon.core.webui.exception.WebElementNotFoundException: Web element with id: 'Object Repository/Predicted in details/Multiple Prediction By SAI/span_Competitors' located by 'By.xpath: //span[count(. | //*[@class = 'w3-small pull-left']) = count(//*[@class = 'w3-small pull-left'])][count(. | //*[text() = 'Competitors']) = count(//*[text() = 'Competitors'])][count(. | /html[1]/body[1]/my-app[1]/app-predicted-results[1]/div[@class="container-fluid"]/div[@class="row centurygothic-font"]/div[@class="col-xs-12 col-sm-8 col-md-8 col-lg-9"]/div[2]/div[@class="row"]/div[@class="col-xs-12 col-sm-12 col-md-7 col-lg-7"]/div[@class="row"]/div[@class="col-xs-6"]/div[1]/div[@class="row w3-padding-small w3-margin-top-bottom-4"]/div[@class="col-xs-9 text-nowrap box-padding"]/div[2]/span[@class="w3-small pull-left"]) = count(/html[1]/body[1]/my-app[1]/app-predicted-results[1]/div[@class="container-fluid"]/div[@class="row centurygothic-font"]/div[@class="col-xs-12 col-sm-8 col-md-8 col-lg-9"]/div[2]/div[@class="row"]/div[@class="col-xs-12 col-sm-12 col-md-7 col-lg-7"]/div[@class="row"]/div[@class="col-xs-6"]/div[1]/div[@class="row w3-padding-small w3-margin-top-bottom-4"]/div[@class="col-xs-9 text-nowrap box-padding"]/div[2]/span[@class="w3-small pull-left"])]' not found

2560-11-07 11:34:49 - [MESSAGE][FAILED] - com.kms.katalon.core.webui.exception.WebElementNotFoundException: Web element with id: 'Object Repository/Predicted in details/Multiple Prediction By SAI/span_Competitors' located by 'By.xpath: //span[count(. | //*[@class = 'w3-small pull-left']) = count(//*[@class = 'w3-small pull-left'])][count(. | //*[text() = 'Competitors']) = count(//*[text() = 'Competitors'])][count(. | /html[1]/body[1]/my-app[1]/app-predicted-results[1]/div[@class="container-fluid"]/div[@class="row centurygothic-font"]/div[@class="col-xs-12 col-sm-8 col-md-8 col-lg-9"]/div[2]/div[@class="row"]/div[@class="col-xs-12 col-sm-12 col-md-7 col-lg-7"]/div[@class="row"]/div[@class="col-xs-6"]/div[1]/div[@class="row w3-padding-small w3-margin-top-bottom-4"]/div[@class="col-xs-9 text-nowrap box-padding"]/div[2]/span[@class="w3-small pull-left"]) = count(/html[1]/body[1]/my-app[1]/app-predicted-results[1]/div[@class="container-fluid"]/div[@class="row centurygothic-font"]/div[@class="col-xs-12 col-sm-8 col-md-8 col-lg-9"]/div[2]/div[@class="row"]/div[@class="col-xs-12 col-sm-12 col-md-7 col-lg-7"]/div[@class="row"]/div[@class="col-xs-6"]/div[1]/div[@class="row w3-padding-small w3-margin-top-bottom-4"]/div[@class="col-xs-9 text-nowrap box-padding"]/div[2]/span[@class="w3-small pull-left"])]' not found
[[ATTACHMENT|C:\\Users\\PIEW\\git\\GuruTMDA\\Reports\\Basic\\25601107_113057\\1510029289023.png]]

2560-11-07 11:34:49 - [TEST_STEP][PASSED] - click: Object: 'Object Repository/Predicted in details/Multiple Prediction By SAI/button_Export09' is clicked on

2560-11-07 11:34:49 - [MESSAGE][PASSED] - Object: 'Object Repository/Predicted in details/Multiple Prediction By SAI/button_Export09' is clicked on

2560-11-07 11:34:49 - [TEST_STEP][PASSED] - click: Object: 'Object Repository/Predicted in details/Multiple Prediction By SAI//label_Competitors' is clicked on

2560-11-07 11:34:49 - [MESSAGE][PASSED] - Object: 'Object Repository/Predicted in details/Multiple Prediction By SAI//label_Competitors' is clicked on

2560-11-07 11:34:49 - [TEST_STEP][PASSED] - click: Object: 'Object Repository/Predicted in details/Multiple Prediction By SAI/label_Select All' is clicked on

2560-11-07 11:34:49 - [MESSAGE][PASSED] - Object: 'Object Repository/Predicted in details/Multiple Prediction By SAI/label_Select All' is clicked on

2560-11-07 11:34:49 - [TEST_STEP][PASSED] - verifyElementPresent: Object 'Object Repository/Predicted in details/Multiple Prediction By SAI//span_ATM Machine' is present

2560-11-07 11:34:50 - [MESSAGE][PASSED] - Object 'Object Repository/Predicted in details/Multiple Prediction By SAI//span_ATM Machine' is present

2560-11-07 11:34:50 - [TEST_STEP][PASSED] - verifyElementPresent: Object 'Object Repository/Predicted in details/Multiple Prediction By SAI//span_E Machine' is present

2560-11-07 11:34:50 - [MESSAGE][PASSED] - Object 'Object Repository/Predicted in details/Multiple Prediction By SAI//span_E Machine' is present

2560-11-07 11:34:50 - [TEST_STEP][PASSED] - click: Object: 'Object Repository/Predicted in details/Multiple Prediction By SAI/button_Export10' is clicked on

2560-11-07 11:34:50 - [MESSAGE][PASSED] - Object: 'Object Repository/Predicted in details/Multiple Prediction By SAI/button_Export10' is clicked on

2560-11-07 11:34:50 - [TEST_STEP][PASSED] - click: Object: 'Object Repository/Predicted in details/Multiple Prediction By SAI//a_2' is clicked on

2560-11-07 11:34:50 - [MESSAGE][PASSED] - Object: 'Object Repository/Predicted in details/Multiple Prediction By SAI//a_2' is clicked on

2560-11-07 11:34:50 - [TEST_STEP][PASSED] - verifyElementPresent: Object 'Object Repository/Predicted in details/Multiple Prediction By SAI//span_ATM Machine' is present

2560-11-07 11:34:51 - [MESSAGE][PASSED] - Object 'Object Repository/Predicted in details/Multiple Prediction By SAI//span_ATM Machine' is present

2560-11-07 11:34:51 - [TEST_STEP][PASSED] - click: Object: 'Object Repository/Predicted in details/Multiple Prediction By SAI/button_Export10' is clicked on

2560-11-07 11:34:51 - [MESSAGE][PASSED] - Object: 'Object Repository/Predicted in details/Multiple Prediction By SAI/button_Export10' is clicked on

2560-11-07 11:34:51 - [TEST_STEP][PASSED] - click: Object: 'Object Repository/Predicted in details/Multiple Prediction By SAI//a_4' is clicked on

2560-11-07 11:34:51 - [MESSAGE][PASSED] - Object: 'Object Repository/Predicted in details/Multiple Prediction By SAI//a_4' is clicked on

2560-11-07 11:34:51 - [TEST_STEP][PASSED] - verifyElementPresent: Object 'Object Repository/Predicted in details/Multiple Prediction By SAI//span_E Machine' is present

2560-11-07 11:34:52 - [MESSAGE][PASSED] - Object 'Object Repository/Predicted in details/Multiple Prediction By SAI//span_E Machine' is present

2560-11-07 11:34:52 - [TEST_STEP][PASSED] - verifyElementPresent: Object 'Object Repository/Predicted in details/Multiple Prediction By SAI//span_Loan' is present

2560-11-07 11:34:52 - [MESSAGE][PASSED] - Object 'Object Repository/Predicted in details/Multiple Prediction By SAI//span_Loan' is present

2560-11-07 11:34:52 - [TEST_STEP][PASSED] - verifyElementPresent: Object 'Object Repository/Predicted in details/Multiple Prediction By SAI//span_SMS Alert' is present

2560-11-07 11:34:52 - [MESSAGE][PASSED] - Object 'Object Repository/Predicted in details/Multiple Prediction By SAI//span_SMS Alert' is present

2560-11-07 11:34:52 - [TEST_STEP][PASSED] - verifyElementPresent: Object 'Object Repository/Predicted in details/Multiple Prediction By SAI//span_Mutual Fund' is present

2560-11-07 11:34:52 - [MESSAGE][PASSED] - Object 'Object Repository/Predicted in details/Multiple Prediction By SAI//span_Mutual Fund' is present

2560-11-07 11:34:53 - [TEST_STEP][PASSED] - click: Object: 'Object Repository/Predicted in details/Multiple Prediction By SAI/button_Export10' is clicked on

2560-11-07 11:34:53 - [MESSAGE][PASSED] - Object: 'Object Repository/Predicted in details/Multiple Prediction By SAI/button_Export10' is clicked on

2560-11-07 11:34:53 - [TEST_STEP][NOT_RUN] - closeBrowser: NOT_RUN: closeBrowser

2560-11-07 11:34:53 - [MESSAGE][NOT_RUN] - NOT_RUN: closeBrowser]]></system-out>
         <system-err><![CDATA[2560-11-07 11:33:03 - [TEST_CASE][FAILED] - Test Cases/3. Menu Text Prediction/Multiple Verbatim Predicted Result (Predicted in detail): Test Cases/3. Menu Text Prediction/Multiple Verbatim Predicted Result (Predicted in detail) FAILED because (of) com.kms.katalon.core.webui.exception.WebElementNotFoundException: Web element with id: 'Object Repository/Predicted in details/Multiple Prediction By SAI/span_Private Reason (1)' located by 'By.xpath: //span[count(. | //*[@class = 'w3-small pull-left']) = count(//*[@class = 'w3-small pull-left'])][count(. | //*[text() = 'Private Reason']) = count(//*[text() = 'Private Reason'])][count(. | /html[1]/body[1]/my-app[1]/app-predicted-results[1]/div[@class="container-fluid"]/div[@class="row centurygothic-font"]/div[@class="col-xs-12 col-sm-8 col-md-8 col-lg-9"]/div[5]/div[@class="row"]/div[@class="col-xs-12 col-sm-12 col-md-7 col-lg-7"]/div[@class="row"]/div[@class="col-xs-6"]/div[1]/div[@class="row w3-padding-small w3-margin-top-bottom-4"]/div[@class="col-xs-9 text-nowrap box-padding"]/div[2]/span[@class="w3-small pull-left"]) = count(/html[1]/body[1]/my-app[1]/app-predicted-results[1]/div[@class="container-fluid"]/div[@class="row centurygothic-font"]/div[@class="col-xs-12 col-sm-8 col-md-8 col-lg-9"]/div[5]/div[@class="row"]/div[@class="col-xs-12 col-sm-12 col-md-7 col-lg-7"]/div[@class="row"]/div[@class="col-xs-6"]/div[1]/div[@class="row w3-padding-small w3-margin-top-bottom-4"]/div[@class="col-xs-9 text-nowrap box-padding"]/div[2]/span[@class="w3-small pull-left"])]' not found]]></system-err>
      </testcase>
      <testcase name="Test Cases/4. Menu User Management/Search user list" classname="Test Cases/4. Menu User Management/Search user list" status="PASSED">
         <system-out><![CDATA[2560-11-07 11:34:54 - [TEST_CASE][PASSED] - Test Cases/4. Menu User Management/Search user list: Test Cases/4. Menu User Management/Search user list

2560-11-07 11:34:54 - [TEST_STEP][NOT_RUN] - openBrowser: NOT_RUN: openBrowser

2560-11-07 11:34:54 - [MESSAGE][NOT_RUN] - NOT_RUN: openBrowser

2560-11-07 11:34:54 - [TEST_STEP][NOT_RUN] - maximizeWindow: NOT_RUN: maximizeWindow

2560-11-07 11:34:55 - [MESSAGE][NOT_RUN] - NOT_RUN: maximizeWindow

2560-11-07 11:34:55 - [TEST_STEP][NOT_RUN] - navigateToUrl: NOT_RUN: navigateToUrl

2560-11-07 11:34:55 - [MESSAGE][NOT_RUN] - NOT_RUN: navigateToUrl

2560-11-07 11:34:55 - [TEST_STEP][NOT_RUN] - click: NOT_RUN: click

2560-11-07 11:34:55 - [MESSAGE][NOT_RUN] - NOT_RUN: click

2560-11-07 11:34:55 - [TEST_STEP][NOT_RUN] - setText: NOT_RUN: setText

2560-11-07 11:34:55 - [MESSAGE][NOT_RUN] - NOT_RUN: setText

2560-11-07 11:34:55 - [TEST_STEP][NOT_RUN] - setText: NOT_RUN: setText

2560-11-07 11:34:55 - [MESSAGE][NOT_RUN] - NOT_RUN: setText

2560-11-07 11:34:55 - [TEST_STEP][NOT_RUN] - submit: NOT_RUN: submit

2560-11-07 11:34:55 - [MESSAGE][NOT_RUN] - NOT_RUN: submit

2560-11-07 11:34:55 - [TEST_STEP][PASSED] - click: Object: 'Object Repository/Chage status/Page_Guru TMDA/a_User Management' is clicked on

2560-11-07 11:34:55 - [MESSAGE][PASSED] - Object: 'Object Repository/Chage status/Page_Guru TMDA/a_User Management' is clicked on

2560-11-07 11:34:55 - [TEST_STEP][PASSED] - setText: Text 'Dog1111' is set on object 'Object Repository/Search user list/Page_Guru TMDA (2)/input_ng-untouched ng-valid ng'

2560-11-07 11:34:56 - [MESSAGE][PASSED] - Text 'Dog1111' is set on object 'Object Repository/Search user list/Page_Guru TMDA (2)/input_ng-untouched ng-valid ng'

2560-11-07 11:34:56 - [TEST_STEP][PASSED] - verifyElementNotPresent: Web element with id: 'Object Repository/Search user list//i_fa fa-pencil-square-o' located by 'By.xpath: //i[count(. | //*[@aria-hidden = 'true']) = count(//*[@aria-hidden = 'true'])][count(. | //*[@class = 'fa fa-pencil-square-o']) = count(//*[@class = 'fa fa-pencil-square-o'])][count(. | /html[1]/body[1]/my-app[1]/app-user-management[1]/div[@class="container-fluid"]/div[2]/div[@class="table-responsive"]/table[@class="table centurygothic-font"]/tbody[1]/tr[2]/td[@class="w3-center"]/button[@class="btn w3-text-white btn-edit w3-circle padding-0"]/i[@class="fa fa-pencil-square-o"]) = count(/html[1]/body[1]/my-app[1]/app-user-management[1]/div[@class="container-fluid"]/div[2]/div[@class="table-responsive"]/table[@class="table centurygothic-font"]/tbody[1]/tr[2]/td[@class="w3-center"]/button[@class="btn w3-text-white btn-edit w3-circle padding-0"]/i[@class="fa fa-pencil-square-o"])]' is not present after '5' second(s)

2560-11-07 11:34:56 - [MESSAGE][PASSED] - Web element with id: 'Object Repository/Search user list//i_fa fa-pencil-square-o' located by 'By.xpath: //i[count(. | //*[@aria-hidden = 'true']) = count(//*[@aria-hidden = 'true'])][count(. | //*[@class = 'fa fa-pencil-square-o']) = count(//*[@class = 'fa fa-pencil-square-o'])][count(. | /html[1]/body[1]/my-app[1]/app-user-management[1]/div[@class="container-fluid"]/div[2]/div[@class="table-responsive"]/table[@class="table centurygothic-font"]/tbody[1]/tr[2]/td[@class="w3-center"]/button[@class="btn w3-text-white btn-edit w3-circle padding-0"]/i[@class="fa fa-pencil-square-o"]) = count(/html[1]/body[1]/my-app[1]/app-user-management[1]/div[@class="container-fluid"]/div[2]/div[@class="table-responsive"]/table[@class="table centurygothic-font"]/tbody[1]/tr[2]/td[@class="w3-center"]/button[@class="btn w3-text-white btn-edit w3-circle padding-0"]/i[@class="fa fa-pencil-square-o"])]' is not present after '5' second(s)

2560-11-07 11:34:56 - [TEST_STEP][PASSED] - setText: Text 'Creme' is set on object 'Object Repository/Search user list/Page_Guru TMDA (2)/input_ng-untouched ng-valid ng'

2560-11-07 11:34:56 - [MESSAGE][PASSED] - Text 'Creme' is set on object 'Object Repository/Search user list/Page_Guru TMDA (2)/input_ng-untouched ng-valid ng'

2560-11-07 11:34:56 - [TEST_STEP][PASSED] - verifyElementPresent: Object 'Object Repository/Search user list/td_Creme' is present

2560-11-07 11:34:57 - [MESSAGE][PASSED] - Object 'Object Repository/Search user list/td_Creme' is present

2560-11-07 11:34:57 - [TEST_STEP][NOT_RUN] - closeBrowser: NOT_RUN: closeBrowser

2560-11-07 11:34:57 - [MESSAGE][NOT_RUN] - NOT_RUN: closeBrowser]]></system-out>
         <system-err><![CDATA[]]></system-err>
      </testcase>
      <testcase name="Test Cases/4. Menu User Management/Change role and status" classname="Test Cases/4. Menu User Management/Change role and status" status="PASSED">
         <system-out><![CDATA[2560-11-07 11:34:57 - [TEST_CASE][PASSED] - Test Cases/4. Menu User Management/Change role and status: Test Cases/4. Menu User Management/Change role and status

2560-11-07 11:34:57 - [TEST_STEP][NOT_RUN] - openBrowser: NOT_RUN: openBrowser

2560-11-07 11:34:57 - [MESSAGE][NOT_RUN] - NOT_RUN: openBrowser

2560-11-07 11:34:57 - [TEST_STEP][NOT_RUN] - maximizeWindow: NOT_RUN: maximizeWindow

2560-11-07 11:34:57 - [MESSAGE][NOT_RUN] - NOT_RUN: maximizeWindow

2560-11-07 11:34:57 - [TEST_STEP][NOT_RUN] - navigateToUrl: NOT_RUN: navigateToUrl

2560-11-07 11:34:57 - [MESSAGE][NOT_RUN] - NOT_RUN: navigateToUrl

2560-11-07 11:34:57 - [TEST_STEP][NOT_RUN] - click: NOT_RUN: click

2560-11-07 11:34:57 - [MESSAGE][NOT_RUN] - NOT_RUN: click

2560-11-07 11:34:57 - [TEST_STEP][NOT_RUN] - setText: NOT_RUN: setText

2560-11-07 11:34:57 - [MESSAGE][NOT_RUN] - NOT_RUN: setText

2560-11-07 11:34:57 - [TEST_STEP][NOT_RUN] - setText: NOT_RUN: setText

2560-11-07 11:34:57 - [MESSAGE][NOT_RUN] - NOT_RUN: setText

2560-11-07 11:34:57 - [TEST_STEP][NOT_RUN] - submit: NOT_RUN: submit

2560-11-07 11:34:57 - [MESSAGE][NOT_RUN] - NOT_RUN: submit

2560-11-07 11:34:57 - [TEST_STEP][PASSED] - click: Object: 'Object Repository/Change role/Page_Guru TMDA/a_User Management' is clicked on

2560-11-07 11:34:57 - [MESSAGE][PASSED] - Object: 'Object Repository/Change role/Page_Guru TMDA/a_User Management' is clicked on

2560-11-07 11:34:57 - [TEST_STEP][PASSED] - setText: Text 'fortest' is set on object 'Object Repository/Change role/Page_Guru TMDA (2)/input_ng-untouched ng-valid ng'

2560-11-07 11:34:58 - [MESSAGE][PASSED] - Text 'fortest' is set on object 'Object Repository/Change role/Page_Guru TMDA (2)/input_ng-untouched ng-valid ng'

2560-11-07 11:34:58 - [TEST_STEP][PASSED] - click: Object: 'Object Repository/Change role/Page_Guru TMDA (2)/button_User' is clicked on

2560-11-07 11:34:58 - [MESSAGE][PASSED] - Object: 'Object Repository/Change role/Page_Guru TMDA (2)/button_User' is clicked on

2560-11-07 11:34:58 - [TEST_STEP][PASSED] - click: Object: 'Object Repository/Change role/Page_Guru TMDA (2)/button_ADMIN' is clicked on

2560-11-07 11:34:58 - [MESSAGE][PASSED] - Object: 'Object Repository/Change role/Page_Guru TMDA (2)/button_ADMIN' is clicked on

2560-11-07 11:34:58 - [TEST_STEP][PASSED] - click: Object: 'Object Repository/Chage status/Page_Guru TMDA (2)/button_DEACTIVATED' is clicked on

2560-11-07 11:34:58 - [MESSAGE][PASSED] - Object: 'Object Repository/Chage status/Page_Guru TMDA (2)/button_DEACTIVATED' is clicked on

2560-11-07 11:34:58 - [TEST_STEP][PASSED] - click: Object: 'Object Repository/Chage status/Page_Guru TMDA (2)/button_ACTIVATED' is clicked on

2560-11-07 11:34:58 - [MESSAGE][PASSED] - Object: 'Object Repository/Chage status/Page_Guru TMDA (2)/button_ACTIVATED' is clicked on

2560-11-07 11:34:58 - [TEST_STEP][PASSED] - refresh: Refresh successfully

2560-11-07 11:35:01 - [MESSAGE][PASSED] - Refresh successfully

2560-11-07 11:35:01 - [TEST_STEP][PASSED] - click: Object: 'Object Repository/Change role/Page_Guru TMDA/a_User Management' is clicked on

2560-11-07 11:35:01 - [MESSAGE][PASSED] - Object: 'Object Repository/Change role/Page_Guru TMDA/a_User Management' is clicked on

2560-11-07 11:35:01 - [TEST_STEP][PASSED] - setText: Text 'fortest' is set on object 'Object Repository/Change role/Page_Guru TMDA (2)/input_ng-untouched ng-valid ng'

2560-11-07 11:35:02 - [MESSAGE][PASSED] - Text 'fortest' is set on object 'Object Repository/Change role/Page_Guru TMDA (2)/input_ng-untouched ng-valid ng'

2560-11-07 11:35:02 - [TEST_STEP][PASSED] - verifyElementPresent: Object 'Object Repository/Change role/Page_Guru TMDA (2)/button_User' is present

2560-11-07 11:35:02 - [MESSAGE][PASSED] - Object 'Object Repository/Change role/Page_Guru TMDA (2)/button_User' is present

2560-11-07 11:35:02 - [TEST_STEP][PASSED] - verifyElementPresent: Object 'Object Repository/Chage status/Page_Guru TMDA (2)/button_DEACTIVATED' is present

2560-11-07 11:35:02 - [MESSAGE][PASSED] - Object 'Object Repository/Chage status/Page_Guru TMDA (2)/button_DEACTIVATED' is present

2560-11-07 11:35:02 - [TEST_STEP][PASSED] - click: Object: 'Object Repository/Change role/Page_Guru TMDA (2)/button_User' is clicked on

2560-11-07 11:35:02 - [MESSAGE][PASSED] - Object: 'Object Repository/Change role/Page_Guru TMDA (2)/button_User' is clicked on

2560-11-07 11:35:02 - [TEST_STEP][PASSED] - click: Object: 'Object Repository/Change role/Page_Guru TMDA (2)/button_ADMIN' is clicked on

2560-11-07 11:35:02 - [MESSAGE][PASSED] - Object: 'Object Repository/Change role/Page_Guru TMDA (2)/button_ADMIN' is clicked on

2560-11-07 11:35:02 - [TEST_STEP][PASSED] - refresh: Refresh successfully

2560-11-07 11:35:04 - [MESSAGE][PASSED] - Refresh successfully

2560-11-07 11:35:04 - [TEST_STEP][PASSED] - click: Object: 'Object Repository/Change role/Page_Guru TMDA/a_User Management' is clicked on

2560-11-07 11:35:04 - [MESSAGE][PASSED] - Object: 'Object Repository/Change role/Page_Guru TMDA/a_User Management' is clicked on

2560-11-07 11:35:04 - [TEST_STEP][PASSED] - setText: Text 'fortest' is set on object 'Object Repository/Change role/Page_Guru TMDA (2)/input_ng-untouched ng-valid ng'

2560-11-07 11:35:04 - [MESSAGE][PASSED] - Text 'fortest' is set on object 'Object Repository/Change role/Page_Guru TMDA (2)/input_ng-untouched ng-valid ng'

2560-11-07 11:35:04 - [TEST_STEP][PASSED] - verifyElementPresent: Object 'Object Repository/Change role/Page_Guru TMDA (2)/button_User' is present

2560-11-07 11:35:04 - [MESSAGE][PASSED] - Object 'Object Repository/Change role/Page_Guru TMDA (2)/button_User' is present

2560-11-07 11:35:04 - [TEST_STEP][PASSED] - verifyElementPresent: Object 'Object Repository/Chage status/Page_Guru TMDA (2)/button_DEACTIVATED' is present

2560-11-07 11:35:04 - [MESSAGE][PASSED] - Object 'Object Repository/Chage status/Page_Guru TMDA (2)/button_DEACTIVATED' is present

2560-11-07 11:35:04 - [TEST_STEP][PASSED] - click: Object: 'Object Repository/Chage status/Page_Guru TMDA (2)/button_DEACTIVATED' is clicked on

2560-11-07 11:35:04 - [MESSAGE][PASSED] - Object: 'Object Repository/Chage status/Page_Guru TMDA (2)/button_DEACTIVATED' is clicked on

2560-11-07 11:35:04 - [TEST_STEP][PASSED] - click: Object: 'Object Repository/Chage status/Page_Guru TMDA (2)/button_ACTIVATED' is clicked on

2560-11-07 11:35:04 - [MESSAGE][PASSED] - Object: 'Object Repository/Chage status/Page_Guru TMDA (2)/button_ACTIVATED' is clicked on

2560-11-07 11:35:04 - [TEST_STEP][PASSED] - refresh: Refresh successfully

2560-11-07 11:35:06 - [MESSAGE][PASSED] - Refresh successfully

2560-11-07 11:35:06 - [TEST_STEP][PASSED] - click: Object: 'Object Repository/Change role/Page_Guru TMDA/a_User Management' is clicked on

2560-11-07 11:35:07 - [MESSAGE][PASSED] - Object: 'Object Repository/Change role/Page_Guru TMDA/a_User Management' is clicked on

2560-11-07 11:35:07 - [TEST_STEP][PASSED] - setText: Text 'fortest' is set on object 'Object Repository/Change role/Page_Guru TMDA (2)/input_ng-untouched ng-valid ng'

2560-11-07 11:35:07 - [MESSAGE][PASSED] - Text 'fortest' is set on object 'Object Repository/Change role/Page_Guru TMDA (2)/input_ng-untouched ng-valid ng'

2560-11-07 11:35:07 - [TEST_STEP][PASSED] - verifyElementPresent: Object 'Object Repository/Change role/Page_Guru TMDA (2)/button_User' is present

2560-11-07 11:35:07 - [MESSAGE][PASSED] - Object 'Object Repository/Change role/Page_Guru TMDA (2)/button_User' is present

2560-11-07 11:35:07 - [TEST_STEP][PASSED] - verifyElementPresent: Object 'Object Repository/Chage status/Page_Guru TMDA (2)/button_DEACTIVATED' is present

2560-11-07 11:35:07 - [MESSAGE][PASSED] - Object 'Object Repository/Chage status/Page_Guru TMDA (2)/button_DEACTIVATED' is present

2560-11-07 11:35:07 - [TEST_STEP][PASSED] - click: Object: 'Object Repository/Change role/Page_Guru TMDA (2)/button_User' is clicked on

2560-11-07 11:35:07 - [MESSAGE][PASSED] - Object: 'Object Repository/Change role/Page_Guru TMDA (2)/button_User' is clicked on

2560-11-07 11:35:07 - [TEST_STEP][PASSED] - click: Object: 'Object Repository/Change role/Page_Guru TMDA (2)/button_ADMIN' is clicked on

2560-11-07 11:35:07 - [MESSAGE][PASSED] - Object: 'Object Repository/Change role/Page_Guru TMDA (2)/button_ADMIN' is clicked on

2560-11-07 11:35:07 - [TEST_STEP][PASSED] - click: Object: 'Object Repository/Chage status/Page_Guru TMDA (2)/button_DEACTIVATED' is clicked on

2560-11-07 11:35:07 - [MESSAGE][PASSED] - Object: 'Object Repository/Chage status/Page_Guru TMDA (2)/button_DEACTIVATED' is clicked on

2560-11-07 11:35:07 - [TEST_STEP][PASSED] - click: Object: 'Object Repository/Chage status/Page_Guru TMDA (2)/button_ACTIVATED' is clicked on

2560-11-07 11:35:07 - [MESSAGE][PASSED] - Object: 'Object Repository/Chage status/Page_Guru TMDA (2)/button_ACTIVATED' is clicked on

2560-11-07 11:35:07 - [TEST_STEP][PASSED] - click: Object: 'Object Repository/Change role/Page_Guru TMDA (2)/button_SUBMIT' is clicked on

2560-11-07 11:35:08 - [MESSAGE][PASSED] - Object: 'Object Repository/Change role/Page_Guru TMDA (2)/button_SUBMIT' is clicked on

2560-11-07 11:35:08 - [TEST_STEP][PASSED] - verifyElementPresent: Object 'Object Repository/Change role/Page_Guru TMDA (2)/div_User Management Successful' is present

2560-11-07 11:35:08 - [MESSAGE][PASSED] - Object 'Object Repository/Change role/Page_Guru TMDA (2)/div_User Management Successful' is present

2560-11-07 11:35:08 - [TEST_STEP][PASSED] - click: Object: 'Object Repository/Change role/Page_Guru TMDA (2)/button_' is clicked on

2560-11-07 11:35:08 - [MESSAGE][PASSED] - Object: 'Object Repository/Change role/Page_Guru TMDA (2)/button_' is clicked on

2560-11-07 11:35:09 - [TEST_STEP][PASSED] - refresh: Refresh successfully

2560-11-07 11:35:11 - [MESSAGE][PASSED] - Refresh successfully

2560-11-07 11:35:11 - [TEST_STEP][PASSED] - click: Object: 'Object Repository/Change role/Page_Guru TMDA/a_User Management' is clicked on

2560-11-07 11:35:11 - [MESSAGE][PASSED] - Object: 'Object Repository/Change role/Page_Guru TMDA/a_User Management' is clicked on

2560-11-07 11:35:11 - [TEST_STEP][PASSED] - setText: Text 'fortest' is set on object 'Object Repository/Change role/Page_Guru TMDA (2)/input_ng-untouched ng-valid ng'

2560-11-07 11:35:11 - [MESSAGE][PASSED] - Text 'fortest' is set on object 'Object Repository/Change role/Page_Guru TMDA (2)/input_ng-untouched ng-valid ng'

2560-11-07 11:35:11 - [TEST_STEP][PASSED] - verifyElementPresent: Object 'Object Repository/Change role/Page_Guru TMDA (2)/button_Admin (1)' is present

2560-11-07 11:35:11 - [MESSAGE][PASSED] - Object 'Object Repository/Change role/Page_Guru TMDA (2)/button_Admin (1)' is present

2560-11-07 11:35:11 - [TEST_STEP][PASSED] - verifyElementPresent: Object 'Object Repository/Chage status/Page_Guru TMDA (2)/button_ACTIVATED (1)' is present

2560-11-07 11:35:11 - [MESSAGE][PASSED] - Object 'Object Repository/Chage status/Page_Guru TMDA (2)/button_ACTIVATED (1)' is present

2560-11-07 11:35:11 - [TEST_STEP][PASSED] - click: Object: 'Object Repository/Change role/Page_Guru TMDA (2)/button_Admin (1)' is clicked on

2560-11-07 11:35:11 - [MESSAGE][PASSED] - Object: 'Object Repository/Change role/Page_Guru TMDA (2)/button_Admin (1)' is clicked on

2560-11-07 11:35:11 - [TEST_STEP][PASSED] - click: Object: 'Object Repository/Change role/Page_Guru TMDA (2)/button_USER (1)' is clicked on

2560-11-07 11:35:11 - [MESSAGE][PASSED] - Object: 'Object Repository/Change role/Page_Guru TMDA (2)/button_USER (1)' is clicked on

2560-11-07 11:35:11 - [TEST_STEP][PASSED] - click: Object: 'Object Repository/Change role/Page_Guru TMDA (2)/button_SUBMIT' is clicked on

2560-11-07 11:35:11 - [MESSAGE][PASSED] - Object: 'Object Repository/Change role/Page_Guru TMDA (2)/button_SUBMIT' is clicked on

2560-11-07 11:35:11 - [TEST_STEP][PASSED] - verifyElementPresent: Object 'Object Repository/Change role/Page_Guru TMDA (2)/div_User Management Successful' is present

2560-11-07 11:35:12 - [MESSAGE][PASSED] - Object 'Object Repository/Change role/Page_Guru TMDA (2)/div_User Management Successful' is present

2560-11-07 11:35:12 - [TEST_STEP][PASSED] - click: Object: 'Object Repository/Change role/Page_Guru TMDA (2)/button_' is clicked on

2560-11-07 11:35:12 - [MESSAGE][PASSED] - Object: 'Object Repository/Change role/Page_Guru TMDA (2)/button_' is clicked on

2560-11-07 11:35:12 - [TEST_STEP][PASSED] - refresh: Refresh successfully

2560-11-07 11:35:14 - [MESSAGE][PASSED] - Refresh successfully

2560-11-07 11:35:14 - [TEST_STEP][PASSED] - click: Object: 'Object Repository/Change role/Page_Guru TMDA/a_User Management' is clicked on

2560-11-07 11:35:14 - [MESSAGE][PASSED] - Object: 'Object Repository/Change role/Page_Guru TMDA/a_User Management' is clicked on

2560-11-07 11:35:14 - [TEST_STEP][PASSED] - setText: Text 'fortest' is set on object 'Object Repository/Change role/Page_Guru TMDA (2)/input_ng-untouched ng-valid ng'

2560-11-07 11:35:15 - [MESSAGE][PASSED] - Text 'fortest' is set on object 'Object Repository/Change role/Page_Guru TMDA (2)/input_ng-untouched ng-valid ng'

2560-11-07 11:35:15 - [TEST_STEP][PASSED] - verifyElementPresent: Object 'Object Repository/Change role/Page_Guru TMDA (2)/button_User' is present

2560-11-07 11:35:15 - [MESSAGE][PASSED] - Object 'Object Repository/Change role/Page_Guru TMDA (2)/button_User' is present

2560-11-07 11:35:15 - [TEST_STEP][PASSED] - verifyElementPresent: Object 'Object Repository/Chage status/Page_Guru TMDA (2)/button_ACTIVATED (1)' is present

2560-11-07 11:35:15 - [MESSAGE][PASSED] - Object 'Object Repository/Chage status/Page_Guru TMDA (2)/button_ACTIVATED (1)' is present

2560-11-07 11:35:15 - [TEST_STEP][PASSED] - click: Object: 'Object Repository/Chage status/Page_Guru TMDA (2)/button_ACTIVATED (1)' is clicked on

2560-11-07 11:35:15 - [MESSAGE][PASSED] - Object: 'Object Repository/Chage status/Page_Guru TMDA (2)/button_ACTIVATED (1)' is clicked on

2560-11-07 11:35:15 - [TEST_STEP][PASSED] - click: Object: 'Object Repository/Chage status/Page_Guru TMDA (2)/button_DEACTIVATED (1)' is clicked on

2560-11-07 11:35:15 - [MESSAGE][PASSED] - Object: 'Object Repository/Chage status/Page_Guru TMDA (2)/button_DEACTIVATED (1)' is clicked on

2560-11-07 11:35:15 - [TEST_STEP][PASSED] - click: Object: 'Object Repository/Change role/Page_Guru TMDA (2)/button_SUBMIT' is clicked on

2560-11-07 11:35:15 - [MESSAGE][PASSED] - Object: 'Object Repository/Change role/Page_Guru TMDA (2)/button_SUBMIT' is clicked on

2560-11-07 11:35:15 - [TEST_STEP][PASSED] - verifyElementPresent: Object 'Object Repository/Change role/Page_Guru TMDA (2)/div_User Management Successful' is present

2560-11-07 11:35:16 - [MESSAGE][PASSED] - Object 'Object Repository/Change role/Page_Guru TMDA (2)/div_User Management Successful' is present

2560-11-07 11:35:16 - [TEST_STEP][PASSED] - click: Object: 'Object Repository/Change role/Page_Guru TMDA (2)/button_' is clicked on

2560-11-07 11:35:16 - [MESSAGE][PASSED] - Object: 'Object Repository/Change role/Page_Guru TMDA (2)/button_' is clicked on

2560-11-07 11:35:16 - [TEST_STEP][PASSED] - refresh: Refresh successfully

2560-11-07 11:35:18 - [MESSAGE][PASSED] - Refresh successfully

2560-11-07 11:35:18 - [TEST_STEP][PASSED] - click: Object: 'Object Repository/Change role/Page_Guru TMDA/a_User Management' is clicked on

2560-11-07 11:35:18 - [MESSAGE][PASSED] - Object: 'Object Repository/Change role/Page_Guru TMDA/a_User Management' is clicked on

2560-11-07 11:35:18 - [TEST_STEP][PASSED] - setText: Text 'fortest' is set on object 'Object Repository/Change role/Page_Guru TMDA (2)/input_ng-untouched ng-valid ng'

2560-11-07 11:35:18 - [MESSAGE][PASSED] - Text 'fortest' is set on object 'Object Repository/Change role/Page_Guru TMDA (2)/input_ng-untouched ng-valid ng'

2560-11-07 11:35:18 - [TEST_STEP][PASSED] - verifyElementPresent: Object 'Object Repository/Change role/Page_Guru TMDA (2)/button_User' is present

2560-11-07 11:35:18 - [MESSAGE][PASSED] - Object 'Object Repository/Change role/Page_Guru TMDA (2)/button_User' is present

2560-11-07 11:35:18 - [TEST_STEP][PASSED] - verifyElementPresent: Object 'Object Repository/Chage status/Page_Guru TMDA (2)/button_DEACTIVATED' is present

2560-11-07 11:35:18 - [MESSAGE][PASSED] - Object 'Object Repository/Chage status/Page_Guru TMDA (2)/button_DEACTIVATED' is present

2560-11-07 11:35:18 - [TEST_STEP][NOT_RUN] - closeBrowser: NOT_RUN: closeBrowser

2560-11-07 11:35:18 - [MESSAGE][NOT_RUN] - NOT_RUN: closeBrowser]]></system-out>
         <system-err><![CDATA[]]></system-err>
      </testcase>
      <testcase name="Test Cases/4. Menu User Management/Change user profile picture" classname="Test Cases/4. Menu User Management/Change user profile picture" status="PASSED">
         <system-out><![CDATA[2560-11-07 11:35:18 - [TEST_CASE][PASSED] - Test Cases/4. Menu User Management/Change user profile picture: Test Cases/4. Menu User Management/Change user profile picture

2560-11-07 11:35:19 - [TEST_STEP][NOT_RUN] - openBrowser: NOT_RUN: openBrowser

2560-11-07 11:35:19 - [MESSAGE][NOT_RUN] - NOT_RUN: openBrowser

2560-11-07 11:35:19 - [TEST_STEP][NOT_RUN] - maximizeWindow: NOT_RUN: maximizeWindow

2560-11-07 11:35:19 - [MESSAGE][NOT_RUN] - NOT_RUN: maximizeWindow

2560-11-07 11:35:19 - [TEST_STEP][NOT_RUN] - navigateToUrl: NOT_RUN: navigateToUrl

2560-11-07 11:35:19 - [MESSAGE][NOT_RUN] - NOT_RUN: navigateToUrl

2560-11-07 11:35:19 - [TEST_STEP][NOT_RUN] - click: NOT_RUN: click

2560-11-07 11:35:19 - [MESSAGE][NOT_RUN] - NOT_RUN: click

2560-11-07 11:35:19 - [TEST_STEP][NOT_RUN] - setText: NOT_RUN: setText

2560-11-07 11:35:19 - [MESSAGE][NOT_RUN] - NOT_RUN: setText

2560-11-07 11:35:19 - [TEST_STEP][NOT_RUN] - setText: NOT_RUN: setText

2560-11-07 11:35:19 - [MESSAGE][NOT_RUN] - NOT_RUN: setText

2560-11-07 11:35:19 - [TEST_STEP][NOT_RUN] - submit: NOT_RUN: submit

2560-11-07 11:35:19 - [MESSAGE][NOT_RUN] - NOT_RUN: submit

2560-11-07 11:35:19 - [TEST_STEP][PASSED] - click: Object: 'Object Repository/Change profile pic//a_User Management' is clicked on

2560-11-07 11:35:19 - [MESSAGE][PASSED] - Object: 'Object Repository/Change profile pic//a_User Management' is clicked on

2560-11-07 11:35:19 - [TEST_STEP][PASSED] - setText: Text 'fortest' is set on object 'Object Repository/Change profile pic//input_ng-untouched ng-valid ng'

2560-11-07 11:35:19 - [MESSAGE][PASSED] - Text 'fortest' is set on object 'Object Repository/Change profile pic//input_ng-untouched ng-valid ng'

2560-11-07 11:35:19 - [TEST_STEP][PASSED] - click: Object: 'Object Repository/Change profile pic//i_fa fa-pencil-square-o' is clicked on

2560-11-07 11:35:19 - [MESSAGE][PASSED] - Object: 'Object Repository/Change profile pic//i_fa fa-pencil-square-o' is clicked on

2560-11-07 11:35:19 - [TEST_STEP][PASSED] - uploadFile: File 'C:\Penguins.jpg' sent to object: 'Object Repository/Change profile pic/input_file-input'

2560-11-07 11:35:20 - [MESSAGE][PASSED] - File 'C:\Penguins.jpg' sent to object: 'Object Repository/Change profile pic/input_file-input'

2560-11-07 11:35:20 - [TEST_STEP][PASSED] - click: Object: 'Object Repository/Change profile pic//button_SUBMIT' is clicked on

2560-11-07 11:35:20 - [MESSAGE][PASSED] - Object: 'Object Repository/Change profile pic//button_SUBMIT' is clicked on

2560-11-07 11:35:20 - [TEST_STEP][PASSED] - verifyElementPresent: Object 'Object Repository/Change profile pic/div_Edit Profile Successful.' is present

2560-11-07 11:35:20 - [MESSAGE][PASSED] - Object 'Object Repository/Change profile pic/div_Edit Profile Successful.' is present

2560-11-07 11:35:20 - [TEST_STEP][PASSED] - click: Object: 'Object Repository/Change profile pic//button_' is clicked on

2560-11-07 11:35:26 - [MESSAGE][PASSED] - Object: 'Object Repository/Change profile pic//button_' is clicked on

2560-11-07 11:35:26 - [TEST_STEP][NOT_RUN] - closeBrowser: NOT_RUN: closeBrowser

2560-11-07 11:35:26 - [MESSAGE][NOT_RUN] - NOT_RUN: closeBrowser]]></system-out>
         <system-err><![CDATA[]]></system-err>
      </testcase>
      <testcase name="Test Cases/4. Menu User Management/Edit profile management" classname="Test Cases/4. Menu User Management/Edit profile management" status="PASSED">
         <system-out><![CDATA[2560-11-07 11:35:26 - [TEST_CASE][PASSED] - Test Cases/4. Menu User Management/Edit profile management: Test Cases/4. Menu User Management/Edit profile management

2560-11-07 11:35:27 - [TEST_STEP][NOT_RUN] - openBrowser: NOT_RUN: openBrowser

2560-11-07 11:35:27 - [MESSAGE][NOT_RUN] - NOT_RUN: openBrowser

2560-11-07 11:35:27 - [TEST_STEP][NOT_RUN] - maximizeWindow: NOT_RUN: maximizeWindow

2560-11-07 11:35:27 - [MESSAGE][NOT_RUN] - NOT_RUN: maximizeWindow

2560-11-07 11:35:27 - [TEST_STEP][NOT_RUN] - navigateToUrl: NOT_RUN: navigateToUrl

2560-11-07 11:35:27 - [MESSAGE][NOT_RUN] - NOT_RUN: navigateToUrl

2560-11-07 11:35:27 - [TEST_STEP][NOT_RUN] - click: NOT_RUN: click

2560-11-07 11:35:27 - [MESSAGE][NOT_RUN] - NOT_RUN: click

2560-11-07 11:35:27 - [TEST_STEP][NOT_RUN] - setText: NOT_RUN: setText

2560-11-07 11:35:27 - [MESSAGE][NOT_RUN] - NOT_RUN: setText

2560-11-07 11:35:27 - [TEST_STEP][NOT_RUN] - setText: NOT_RUN: setText

2560-11-07 11:35:27 - [MESSAGE][NOT_RUN] - NOT_RUN: setText

2560-11-07 11:35:27 - [TEST_STEP][NOT_RUN] - submit: NOT_RUN: submit

2560-11-07 11:35:27 - [MESSAGE][NOT_RUN] - NOT_RUN: submit

2560-11-07 11:35:27 - [TEST_STEP][PASSED] - click: Object: 'Object Repository/Change role/Page_Guru TMDA/a_User Management' is clicked on

2560-11-07 11:35:27 - [MESSAGE][PASSED] - Object: 'Object Repository/Change role/Page_Guru TMDA/a_User Management' is clicked on

2560-11-07 11:35:27 - [TEST_STEP][PASSED] - setText: Text 'fortest' is set on object 'Object Repository/Change role/Page_Guru TMDA (2)/input_ng-untouched ng-valid ng'

2560-11-07 11:35:27 - [MESSAGE][PASSED] - Text 'fortest' is set on object 'Object Repository/Change role/Page_Guru TMDA (2)/input_ng-untouched ng-valid ng'

2560-11-07 11:35:27 - [TEST_STEP][PASSED] - click: Object: 'Object Repository/Edit user profile/list/i_fa fa-pencil-square-o' is clicked on

2560-11-07 11:35:27 - [MESSAGE][PASSED] - Object: 'Object Repository/Edit user profile/list/i_fa fa-pencil-square-o' is clicked on

2560-11-07 11:35:27 - [TEST_STEP][PASSED] - click: Object: 'Object Repository/Edit user profile/Edit//i_fa fa-pencil name' is clicked on

2560-11-07 11:35:28 - [MESSAGE][PASSED] - Object: 'Object Repository/Edit user profile/Edit//i_fa fa-pencil name' is clicked on

2560-11-07 11:35:28 - [TEST_STEP][PASSED] - click: Object: 'Object Repository/Edit user profile/Edit/i_fa fa-pencil email' is clicked on

2560-11-07 11:35:28 - [MESSAGE][PASSED] - Object: 'Object Repository/Edit user profile/Edit/i_fa fa-pencil email' is clicked on

2560-11-07 11:35:28 - [TEST_STEP][PASSED] - setText: Text 'e' is set on object 'Object Repository/Edit user profile/Edit//input_firstname'

2560-11-07 11:35:28 - [MESSAGE][PASSED] - Text 'e' is set on object 'Object Repository/Edit user profile/Edit//input_firstname'

2560-11-07 11:35:28 - [TEST_STEP][PASSED] - sendKeys: Keys 'BACK_SPACE + ' sent to object: 'Object Repository/Edit user profile/Edit//input_firstname'

2560-11-07 11:35:28 - [MESSAGE][PASSED] - Keys 'BACK_SPACE + ' sent to object: 'Object Repository/Edit user profile/Edit//input_firstname'

2560-11-07 11:35:28 - [TEST_STEP][PASSED] - verifyElementNotClickable: Object 'Object Repository/Edit user profile/Edit/button_SUBMIT' is NOT clickable

2560-11-07 11:35:28 - [MESSAGE][PASSED] - Object 'Object Repository/Edit user profile/Edit/button_SUBMIT' is NOT clickable

2560-11-07 11:35:28 - [TEST_STEP][PASSED] - setText: Text '55555' is set on object 'Object Repository/Edit user profile/Edit//input_firstname'

2560-11-07 11:35:29 - [MESSAGE][PASSED] - Text '55555' is set on object 'Object Repository/Edit user profile/Edit//input_firstname'

2560-11-07 11:35:29 - [TEST_STEP][PASSED] - verifyElementNotClickable: Object 'Object Repository/Edit user profile/Edit/button_SUBMIT' is NOT clickable

2560-11-07 11:35:29 - [MESSAGE][PASSED] - Object 'Object Repository/Edit user profile/Edit/button_SUBMIT' is NOT clickable

2560-11-07 11:35:29 - [TEST_STEP][PASSED] - setText: Text 'Piratchana' is set on object 'Object Repository/Edit user profile/Edit//input_firstname'

2560-11-07 11:35:30 - [MESSAGE][PASSED] - Text 'Piratchana' is set on object 'Object Repository/Edit user profile/Edit//input_firstname'

2560-11-07 11:35:30 - [TEST_STEP][PASSED] - setText: Text 'e' is set on object 'Object Repository/Edit user profile/Edit//input_lastname'

2560-11-07 11:35:30 - [MESSAGE][PASSED] - Text 'e' is set on object 'Object Repository/Edit user profile/Edit//input_lastname'

2560-11-07 11:35:30 - [TEST_STEP][PASSED] - sendKeys: Keys 'BACK_SPACE + ' sent to object: 'Object Repository/Edit user profile/Edit//input_lastname'

2560-11-07 11:35:30 - [MESSAGE][PASSED] - Keys 'BACK_SPACE + ' sent to object: 'Object Repository/Edit user profile/Edit//input_lastname'

2560-11-07 11:35:30 - [TEST_STEP][PASSED] - verifyElementNotClickable: Object 'Object Repository/Edit user profile/Edit/button_SUBMIT' is NOT clickable

2560-11-07 11:35:30 - [MESSAGE][PASSED] - Object 'Object Repository/Edit user profile/Edit/button_SUBMIT' is NOT clickable

2560-11-07 11:35:31 - [TEST_STEP][PASSED] - setText: Text '55555' is set on object 'Object Repository/Edit user profile/Edit//input_lastname'

2560-11-07 11:35:31 - [MESSAGE][PASSED] - Text '55555' is set on object 'Object Repository/Edit user profile/Edit//input_lastname'

2560-11-07 11:35:31 - [TEST_STEP][PASSED] - verifyElementNotClickable: Object 'Object Repository/Edit user profile/Edit/button_SUBMIT' is NOT clickable

2560-11-07 11:35:31 - [MESSAGE][PASSED] - Object 'Object Repository/Edit user profile/Edit/button_SUBMIT' is NOT clickable

2560-11-07 11:35:31 - [TEST_STEP][PASSED] - setText: Text 'Maksub' is set on object 'Object Repository/Edit user profile/Edit//input_lastname'

2560-11-07 11:35:32 - [MESSAGE][PASSED] - Text 'Maksub' is set on object 'Object Repository/Edit user profile/Edit//input_lastname'

2560-11-07 11:35:32 - [TEST_STEP][PASSED] - setText: Text 'e' is set on object 'Object Repository/Edit user profile/Edit/input_email'

2560-11-07 11:35:32 - [MESSAGE][PASSED] - Text 'e' is set on object 'Object Repository/Edit user profile/Edit/input_email'

2560-11-07 11:35:32 - [TEST_STEP][PASSED] - sendKeys: Keys 'BACK_SPACE + ' sent to object: 'Object Repository/Edit user profile/Edit/input_email'

2560-11-07 11:35:32 - [MESSAGE][PASSED] - Keys 'BACK_SPACE + ' sent to object: 'Object Repository/Edit user profile/Edit/input_email'

2560-11-07 11:35:32 - [TEST_STEP][PASSED] - verifyElementNotClickable: Object 'Object Repository/Edit user profile/Edit/button_SUBMIT' is NOT clickable

2560-11-07 11:35:32 - [MESSAGE][PASSED] - Object 'Object Repository/Edit user profile/Edit/button_SUBMIT' is NOT clickable

2560-11-07 11:35:32 - [TEST_STEP][PASSED] - setText: Text 'Cremecreme' is set on object 'Object Repository/Edit user profile/Edit/input_email'

2560-11-07 11:35:33 - [MESSAGE][PASSED] - Text 'Cremecreme' is set on object 'Object Repository/Edit user profile/Edit/input_email'

2560-11-07 11:35:33 - [TEST_STEP][PASSED] - verifyElementNotClickable: Object 'Object Repository/Edit user profile/Edit/button_SUBMIT' is NOT clickable

2560-11-07 11:35:34 - [MESSAGE][PASSED] - Object 'Object Repository/Edit user profile/Edit/button_SUBMIT' is NOT clickable

2560-11-07 11:35:34 - [TEST_STEP][PASSED] - setText: Text 'Creme@mail.com' is set on object 'Object Repository/Edit user profile/Edit/input_email'

2560-11-07 11:35:34 - [MESSAGE][PASSED] - Text 'Creme@mail.com' is set on object 'Object Repository/Edit user profile/Edit/input_email'

2560-11-07 11:35:34 - [TEST_STEP][PASSED] - click: Object: 'Object Repository/Edit user profile/Edit/button_SUBMIT' is clicked on

2560-11-07 11:35:34 - [MESSAGE][PASSED] - Object: 'Object Repository/Edit user profile/Edit/button_SUBMIT' is clicked on

2560-11-07 11:35:34 - [TEST_STEP][PASSED] - verifyElementPresent: Object 'Object Repository/Edit user profile/Edit/div_Edit Profile Successful.' is present

2560-11-07 11:35:35 - [MESSAGE][PASSED] - Object 'Object Repository/Edit user profile/Edit/div_Edit Profile Successful.' is present

2560-11-07 11:35:35 - [TEST_STEP][PASSED] - click: Object: 'Object Repository/Edit user profile/Edit/button_' is clicked on

2560-11-07 11:35:37 - [MESSAGE][PASSED] - Object: 'Object Repository/Edit user profile/Edit/button_' is clicked on

2560-11-07 11:35:37 - [TEST_STEP][NOT_RUN] - closeBrowser: NOT_RUN: closeBrowser

2560-11-07 11:35:37 - [MESSAGE][NOT_RUN] - NOT_RUN: closeBrowser]]></system-out>
         <system-err><![CDATA[]]></system-err>
      </testcase>
      <testcase name="Test Cases/4. Menu User Management/Reset and Change password" classname="Test Cases/4. Menu User Management/Reset and Change password" status="PASSED">
         <system-out><![CDATA[2560-11-07 11:35:37 - [TEST_CASE][PASSED] - Test Cases/4. Menu User Management/Reset and Change password: Test Cases/4. Menu User Management/Reset and Change password

2560-11-07 11:35:37 - [TEST_STEP][NOT_RUN] - openBrowser: NOT_RUN: openBrowser

2560-11-07 11:35:37 - [MESSAGE][NOT_RUN] - NOT_RUN: openBrowser

2560-11-07 11:35:37 - [TEST_STEP][NOT_RUN] - maximizeWindow: NOT_RUN: maximizeWindow

2560-11-07 11:35:37 - [MESSAGE][NOT_RUN] - NOT_RUN: maximizeWindow

2560-11-07 11:35:37 - [TEST_STEP][NOT_RUN] - navigateToUrl: NOT_RUN: navigateToUrl

2560-11-07 11:35:37 - [MESSAGE][NOT_RUN] - NOT_RUN: navigateToUrl

2560-11-07 11:35:37 - [TEST_STEP][NOT_RUN] - click: NOT_RUN: click

2560-11-07 11:35:37 - [MESSAGE][NOT_RUN] - NOT_RUN: click

2560-11-07 11:35:37 - [TEST_STEP][NOT_RUN] - setText: NOT_RUN: setText

2560-11-07 11:35:37 - [MESSAGE][NOT_RUN] - NOT_RUN: setText

2560-11-07 11:35:37 - [TEST_STEP][NOT_RUN] - setText: NOT_RUN: setText

2560-11-07 11:35:37 - [MESSAGE][NOT_RUN] - NOT_RUN: setText

2560-11-07 11:35:37 - [TEST_STEP][NOT_RUN] - submit: NOT_RUN: submit

2560-11-07 11:35:37 - [MESSAGE][NOT_RUN] - NOT_RUN: submit

2560-11-07 11:35:37 - [TEST_STEP][PASSED] - click: Object: 'Object Repository/reset password//a_User Management (1)' is clicked on

2560-11-07 11:35:37 - [MESSAGE][PASSED] - Object: 'Object Repository/reset password//a_User Management (1)' is clicked on

2560-11-07 11:35:37 - [TEST_STEP][PASSED] - setText: Text 'Do not change' is set on object 'Object Repository/Edit user profile/list/input_ng-untouched ng-valid ng'

2560-11-07 11:35:38 - [MESSAGE][PASSED] - Text 'Do not change' is set on object 'Object Repository/Edit user profile/list/input_ng-untouched ng-valid ng'

2560-11-07 11:35:38 - [TEST_STEP][PASSED] - click: Object: 'Object Repository/reset password//i_fa fa-pencil-square-o (1)' is clicked on

2560-11-07 11:35:38 - [MESSAGE][PASSED] - Object: 'Object Repository/reset password//i_fa fa-pencil-square-o (1)' is clicked on

2560-11-07 11:35:38 - [TEST_STEP][PASSED] - click: Object: 'Object Repository/reset password//a_Reset Password (1)' is clicked on

2560-11-07 11:35:39 - [MESSAGE][PASSED] - Object: 'Object Repository/reset password//a_Reset Password (1)' is clicked on

2560-11-07 11:35:39 - [TEST_STEP][PASSED] - click: Object: 'Object Repository/reset password//button_Yes (1)' is clicked on

2560-11-07 11:35:39 - [MESSAGE][PASSED] - Object: 'Object Repository/reset password//button_Yes (1)' is clicked on

2560-11-07 11:35:39 - [TEST_STEP][PASSED] - waitForElementNotPresent: Web element with id: 'Object Repository/reset password/img_w3-center' located by 'By.xpath: //img[count(. | //*[@class = 'w3-center']) = count(//*[@class = 'w3-center'])][count(. | //*[@src = '/assets/img/reset-password.png']) = count(//*[@src = '/assets/img/reset-password.png'])][count(. | //*[@width = '160px']) = count(//*[@width = '160px'])][count(. | /html[1]/body[1]/my-app[1]/app-edit-profile[1]/div[@class="popup-zone"]/div[@class="reset-password-box"]/div[@class="row"]/div[@class="col-xs-5 col-sm-5 col-md-5 col-lg-5 w3-padding-32"]/img[@class="w3-center"]) = count(/html[1]/body[1]/my-app[1]/app-edit-profile[1]/div[@class="popup-zone"]/div[@class="reset-password-box"]/div[@class="row"]/div[@class="col-xs-5 col-sm-5 col-md-5 col-lg-5 w3-padding-32"]/img[@class="w3-center"])]' is not present after '5' second(s)

2560-11-07 11:35:39 - [MESSAGE][PASSED] - Web element with id: 'Object Repository/reset password/img_w3-center' located by 'By.xpath: //img[count(. | //*[@class = 'w3-center']) = count(//*[@class = 'w3-center'])][count(. | //*[@src = '/assets/img/reset-password.png']) = count(//*[@src = '/assets/img/reset-password.png'])][count(. | //*[@width = '160px']) = count(//*[@width = '160px'])][count(. | /html[1]/body[1]/my-app[1]/app-edit-profile[1]/div[@class="popup-zone"]/div[@class="reset-password-box"]/div[@class="row"]/div[@class="col-xs-5 col-sm-5 col-md-5 col-lg-5 w3-padding-32"]/img[@class="w3-center"]) = count(/html[1]/body[1]/my-app[1]/app-edit-profile[1]/div[@class="popup-zone"]/div[@class="reset-password-box"]/div[@class="row"]/div[@class="col-xs-5 col-sm-5 col-md-5 col-lg-5 w3-padding-32"]/img[@class="w3-center"])]' is not present after '5' second(s)

2560-11-07 11:35:39 - [TEST_STEP][PASSED] - click: Object: 'Object Repository/reset password//img_Profile (1)' is clicked on

2560-11-07 11:35:39 - [MESSAGE][PASSED] - Object: 'Object Repository/reset password//img_Profile (1)' is clicked on

2560-11-07 11:35:39 - [TEST_STEP][PASSED] - click: Object: 'Object Repository/reset password//button_LOGOUT (1)' is clicked on

2560-11-07 11:35:40 - [MESSAGE][PASSED] - Object: 'Object Repository/reset password//button_LOGOUT (1)' is clicked on

2560-11-07 11:35:40 - [TEST_STEP][PASSED] - click: Object: 'Object Repository/Page_Guru TMDA/span_Login' is clicked on

2560-11-07 11:35:40 - [MESSAGE][PASSED] - Object: 'Object Repository/Page_Guru TMDA/span_Login' is clicked on

2560-11-07 11:35:40 - [TEST_STEP][PASSED] - setText: Text 'Creme' is set on object 'Object Repository/Page_Guru TMDA (1)/input_ng-untouched ng-valid ng'

2560-11-07 11:35:40 - [MESSAGE][PASSED] - Text 'Creme' is set on object 'Object Repository/Page_Guru TMDA (1)/input_ng-untouched ng-valid ng'

2560-11-07 11:35:40 - [TEST_STEP][PASSED] - setText: Text 'Creme' is set on object 'Object Repository/Page_Guru TMDA (1)/input_ng-untouched ng-pristine'

2560-11-07 11:35:40 - [MESSAGE][PASSED] - Text 'Creme' is set on object 'Object Repository/Page_Guru TMDA (1)/input_ng-untouched ng-pristine'

2560-11-07 11:35:40 - [TEST_STEP][PASSED] - submit: The form containing object: 'Object Repository/Page_Guru TMDA (1)/button_Login' is submitted

2560-11-07 11:35:40 - [MESSAGE][PASSED] - The form containing object: 'Object Repository/Page_Guru TMDA (1)/button_Login' is submitted

2560-11-07 11:35:40 - [TEST_STEP][PASSED] - verifyElementPresent: Object 'Object Repository/reset password//a_Help (1)' is present

2560-11-07 11:35:41 - [MESSAGE][PASSED] - Object 'Object Repository/reset password//a_Help (1)' is present

2560-11-07 11:35:41 - [TEST_STEP][PASSED] - click: Object: 'Object Repository/reset password/img_Profile (1)' is clicked on

2560-11-07 11:35:41 - [MESSAGE][PASSED] - Object: 'Object Repository/reset password/img_Profile (1)' is clicked on

2560-11-07 11:35:41 - [TEST_STEP][PASSED] - click: Object: 'Object Repository/reset password//span_Edit Profile (1)' is clicked on

2560-11-07 11:35:42 - [MESSAGE][PASSED] - Object: 'Object Repository/reset password//span_Edit Profile (1)' is clicked on

2560-11-07 11:35:42 - [TEST_STEP][PASSED] - setText: Text 'Creme' is set on object 'Object Repository/reset password//input_old_password (1)'

2560-11-07 11:35:42 - [MESSAGE][PASSED] - Text 'Creme' is set on object 'Object Repository/reset password//input_old_password (1)'

2560-11-07 11:35:42 - [TEST_STEP][PASSED] - setText: Text '1234' is set on object 'Object Repository/reset password//input_new_password (1)'

2560-11-07 11:35:42 - [MESSAGE][PASSED] - Text '1234' is set on object 'Object Repository/reset password//input_new_password (1)'

2560-11-07 11:35:42 - [TEST_STEP][PASSED] - setText: Text '1234' is set on object 'Object Repository/reset password//input_cf_password (1)'

2560-11-07 11:35:43 - [MESSAGE][PASSED] - Text '1234' is set on object 'Object Repository/reset password//input_cf_password (1)'

2560-11-07 11:35:43 - [TEST_STEP][PASSED] - click: Object: 'Object Repository/reset password//button_SUBMIT (1)' is clicked on

2560-11-07 11:35:44 - [MESSAGE][PASSED] - Object: 'Object Repository/reset password//button_SUBMIT (1)' is clicked on

2560-11-07 11:35:44 - [TEST_STEP][PASSED] - verifyElementPresent: Object 'Object Repository/reset password//div_Edit Profile Successful. (1)' is present

2560-11-07 11:35:44 - [MESSAGE][PASSED] - Object 'Object Repository/reset password//div_Edit Profile Successful. (1)' is present

2560-11-07 11:35:44 - [TEST_STEP][PASSED] - click: Object: 'Object Repository/reset password//button_ Closing Edit successful (1)' is clicked on

2560-11-07 11:35:46 - [MESSAGE][PASSED] - Object: 'Object Repository/reset password//button_ Closing Edit successful (1)' is clicked on

2560-11-07 11:35:46 - [TEST_STEP][PASSED] - click: Object: 'Object Repository/reset password//img_Profile (1)' is clicked on

2560-11-07 11:35:46 - [MESSAGE][PASSED] - Object: 'Object Repository/reset password//img_Profile (1)' is clicked on

2560-11-07 11:35:46 - [TEST_STEP][PASSED] - click: Object: 'Object Repository/reset password//button_LOGOUT (1)' is clicked on

2560-11-07 11:35:46 - [MESSAGE][PASSED] - Object: 'Object Repository/reset password//button_LOGOUT (1)' is clicked on

2560-11-07 11:35:46 - [TEST_STEP][PASSED] - click: Object: 'Object Repository/Page_Guru TMDA/span_Login' is clicked on

2560-11-07 11:35:47 - [MESSAGE][PASSED] - Object: 'Object Repository/Page_Guru TMDA/span_Login' is clicked on

2560-11-07 11:35:47 - [TEST_STEP][PASSED] - setText: Text 'Creme' is set on object 'Object Repository/Page_Guru TMDA (1)/input_ng-untouched ng-valid ng'

2560-11-07 11:35:47 - [MESSAGE][PASSED] - Text 'Creme' is set on object 'Object Repository/Page_Guru TMDA (1)/input_ng-untouched ng-valid ng'

2560-11-07 11:35:47 - [TEST_STEP][PASSED] - setText: Text '1234' is set on object 'Object Repository/Page_Guru TMDA (1)/input_ng-untouched ng-pristine'

2560-11-07 11:35:47 - [MESSAGE][PASSED] - Text '1234' is set on object 'Object Repository/Page_Guru TMDA (1)/input_ng-untouched ng-pristine'

2560-11-07 11:35:47 - [TEST_STEP][PASSED] - submit: The form containing object: 'Object Repository/Page_Guru TMDA (1)/button_Login' is submitted

2560-11-07 11:35:47 - [MESSAGE][PASSED] - The form containing object: 'Object Repository/Page_Guru TMDA (1)/button_Login' is submitted

2560-11-07 11:35:47 - [TEST_STEP][PASSED] - verifyElementPresent: Object 'Object Repository/reset password//a_Help (1)' is present

2560-11-07 11:35:47 - [MESSAGE][PASSED] - Object 'Object Repository/reset password//a_Help (1)' is present

2560-11-07 11:35:47 - [TEST_STEP][NOT_RUN] - closeBrowser: NOT_RUN: closeBrowser

2560-11-07 11:35:47 - [MESSAGE][NOT_RUN] - NOT_RUN: closeBrowser]]></system-out>
         <system-err><![CDATA[]]></system-err>
      </testcase>
      <testcase name="Test Cases/History Log/Search history log" classname="Test Cases/History Log/Search history log" status="PASSED">
         <system-out><![CDATA[2560-11-07 11:35:48 - [TEST_CASE][PASSED] - Test Cases/History Log/Search history log: Test Cases/History Log/Search history log

2560-11-07 11:35:48 - [TEST_STEP][NOT_RUN] - openBrowser: NOT_RUN: openBrowser

2560-11-07 11:35:48 - [MESSAGE][NOT_RUN] - NOT_RUN: openBrowser

2560-11-07 11:35:48 - [TEST_STEP][NOT_RUN] - maximizeWindow: NOT_RUN: maximizeWindow

2560-11-07 11:35:48 - [MESSAGE][NOT_RUN] - NOT_RUN: maximizeWindow

2560-11-07 11:35:48 - [TEST_STEP][NOT_RUN] - navigateToUrl: NOT_RUN: navigateToUrl

2560-11-07 11:35:48 - [MESSAGE][NOT_RUN] - NOT_RUN: navigateToUrl

2560-11-07 11:35:48 - [TEST_STEP][NOT_RUN] - click: NOT_RUN: click

2560-11-07 11:35:48 - [MESSAGE][NOT_RUN] - NOT_RUN: click

2560-11-07 11:35:48 - [TEST_STEP][NOT_RUN] - setText: NOT_RUN: setText

2560-11-07 11:35:48 - [MESSAGE][NOT_RUN] - NOT_RUN: setText

2560-11-07 11:35:48 - [TEST_STEP][NOT_RUN] - setText: NOT_RUN: setText

2560-11-07 11:35:48 - [MESSAGE][NOT_RUN] - NOT_RUN: setText

2560-11-07 11:35:48 - [TEST_STEP][NOT_RUN] - submit: NOT_RUN: submit

2560-11-07 11:35:48 - [MESSAGE][NOT_RUN] - NOT_RUN: submit

2560-11-07 11:35:48 - [TEST_STEP][PASSED] - click: Object: 'Object Repository/Search history log/search history log/Page_Guru TMDA (1)/a_Log' is clicked on

2560-11-07 11:35:49 - [MESSAGE][PASSED] - Object: 'Object Repository/Search history log/search history log/Page_Guru TMDA (1)/a_Log' is clicked on

2560-11-07 11:35:49 - [TEST_STEP][PASSED] - mouseOver: Object: 'Object Repository/Search history log/search history log/span_2' is hovered

2560-11-07 11:35:49 - [MESSAGE][PASSED] - Object: 'Object Repository/Search history log/search history log/span_2' is hovered

2560-11-07 11:35:49 - [TEST_STEP][PASSED] - verifyElementPresent: Object 'Object Repository/Search history log/search history log/div_ngxp__container ngxp__anim' is present

2560-11-07 11:35:49 - [MESSAGE][PASSED] - Object 'Object Repository/Search history log/search history log/div_ngxp__container ngxp__anim' is present

2560-11-07 11:35:49 - [TEST_STEP][PASSED] - click: Object: 'Object Repository/Search history log/search history log/button_Preview' is clicked on

2560-11-07 11:35:50 - [MESSAGE][PASSED] - Object: 'Object Repository/Search history log/search history log/button_Preview' is clicked on

2560-11-07 11:35:50 - [TEST_STEP][PASSED] - click: Object: 'Object Repository/Search history log/search history log/Page_Guru TMDA (1)/i_fa fa-times w3-xlarge w3-tex' is clicked on

2560-11-07 11:35:50 - [MESSAGE][PASSED] - Object: 'Object Repository/Search history log/search history log/Page_Guru TMDA (1)/i_fa fa-times w3-xlarge w3-tex' is clicked on

2560-11-07 11:35:50 - [TEST_STEP][PASSED] - click: Object: 'Object Repository/Search history log/search history log/Page_Guru TMDA (1)/input_ng-untouched ng-pristine' is clicked on

2560-11-07 11:35:50 - [MESSAGE][PASSED] - Object: 'Object Repository/Search history log/search history log/Page_Guru TMDA (1)/input_ng-untouched ng-pristine' is clicked on

2560-11-07 11:35:50 - [TEST_STEP][PASSED] - click: Object: 'Object Repository/Search history log/search history log/Page_Guru TMDA (1)/button_Export' is clicked on

2560-11-07 11:35:51 - [MESSAGE][PASSED] - Object: 'Object Repository/Search history log/search history log/Page_Guru TMDA (1)/button_Export' is clicked on

2560-11-07 11:35:51 - [TEST_STEP][PASSED] - verifyElementPresent: Object 'Object Repository/Search history log/search history log/td_Survey Single' is present

2560-11-07 11:35:51 - [MESSAGE][PASSED] - Object 'Object Repository/Search history log/search history log/td_Survey Single' is present

2560-11-07 11:35:51 - [TEST_STEP][PASSED] - verifyElementPresent: Object 'Object Repository/Search history log/search history log//td_Survey Multiple' is present

2560-11-07 11:35:51 - [MESSAGE][PASSED] - Object 'Object Repository/Search history log/search history log//td_Survey Multiple' is present

2560-11-07 11:35:52 - [TEST_STEP][PASSED] - selectOptionByValue: All options with value '1' are selected in object 'Object Repository/Search history log/search history log/Page_Guru TMDA (1)/select_serach_type'  using regular expression

2560-11-07 11:35:52 - [MESSAGE][PASSED] - All options with value '1' are selected in object 'Object Repository/Search history log/search history log/Page_Guru TMDA (1)/select_serach_type'  using regular expression

2560-11-07 11:35:52 - [TEST_STEP][PASSED] - mouseOver: Object: 'Object Repository/Search history log/search history log//span_3' is hovered

2560-11-07 11:35:53 - [MESSAGE][PASSED] - Object: 'Object Repository/Search history log/search history log//span_3' is hovered

2560-11-07 11:35:53 - [TEST_STEP][PASSED] - verifyElementPresent: Object 'Object Repository/Search history log/search history log/div_ngxp__container ngxp__anim003' is present

2560-11-07 11:35:53 - [MESSAGE][PASSED] - Object 'Object Repository/Search history log/search history log/div_ngxp__container ngxp__anim003' is present

2560-11-07 11:35:53 - [TEST_STEP][PASSED] - click: Object: 'Object Repository/Search history log/search history log/Page_Guru TMDA (1)/input_ng-valid ng-dirty ng-tou' is clicked on

2560-11-07 11:35:53 - [MESSAGE][PASSED] - Object: 'Object Repository/Search history log/search history log/Page_Guru TMDA (1)/input_ng-valid ng-dirty ng-tou' is clicked on

2560-11-07 11:35:54 - [TEST_STEP][PASSED] - click: Object: 'Object Repository/Search history log/search history log/Page_Guru TMDA (1)/button_Export' is clicked on

2560-11-07 11:35:54 - [MESSAGE][PASSED] - Object: 'Object Repository/Search history log/search history log/Page_Guru TMDA (1)/button_Export' is clicked on

2560-11-07 11:35:54 - [TEST_STEP][PASSED] - verifyElementPresent: Object 'Object Repository/Search history log/search history log/td_Survey Single' is present

2560-11-07 11:35:54 - [MESSAGE][PASSED] - Object 'Object Repository/Search history log/search history log/td_Survey Single' is present

2560-11-07 11:35:54 - [TEST_STEP][PASSED] - selectOptionByValue: All options with value '2' are selected in object 'Object Repository/Search history log/search history log/Page_Guru TMDA (1)/select_serach_type'  using regular expression

2560-11-07 11:35:55 - [MESSAGE][PASSED] - All options with value '2' are selected in object 'Object Repository/Search history log/search history log/Page_Guru TMDA (1)/select_serach_type'  using regular expression

2560-11-07 11:35:55 - [TEST_STEP][PASSED] - click: Object: 'Object Repository/Search history log/search history log/Page_Guru TMDA (1)/button_Preview' is clicked on

2560-11-07 11:35:55 - [MESSAGE][PASSED] - Object: 'Object Repository/Search history log/search history log/Page_Guru TMDA (1)/button_Preview' is clicked on

2560-11-07 11:35:55 - [TEST_STEP][PASSED] - click: Object: 'Object Repository/Search history log/search history log/Page_Guru TMDA (1)/i_fa fa-times w3-xlarge w3-tex' is clicked on

2560-11-07 11:35:55 - [MESSAGE][PASSED] - Object: 'Object Repository/Search history log/search history log/Page_Guru TMDA (1)/i_fa fa-times w3-xlarge w3-tex' is clicked on

2560-11-07 11:35:55 - [TEST_STEP][PASSED] - click: Object: 'Object Repository/Search history log/search history log/Page_Guru TMDA (1)/input_ng-valid ng-dirty ng-tou' is clicked on

2560-11-07 11:35:56 - [MESSAGE][PASSED] - Object: 'Object Repository/Search history log/search history log/Page_Guru TMDA (1)/input_ng-valid ng-dirty ng-tou' is clicked on

2560-11-07 11:35:56 - [TEST_STEP][PASSED] - click: Object: 'Object Repository/Search history log/search history log/Page_Guru TMDA (1)/button_Export' is clicked on

2560-11-07 11:35:56 - [MESSAGE][PASSED] - Object: 'Object Repository/Search history log/search history log/Page_Guru TMDA (1)/button_Export' is clicked on

2560-11-07 11:35:56 - [TEST_STEP][PASSED] - verifyElementPresent: Object 'Object Repository/Search history log/search history log//td_Survey Multiple' is present

2560-11-07 11:35:56 - [MESSAGE][PASSED] - Object 'Object Repository/Search history log/search history log//td_Survey Multiple' is present

2560-11-07 11:35:56 - [TEST_STEP][PASSED] - selectOptionByIndex: All options with index in [0] are selected on object 'Object Repository/Search history log/search history log/Page_Guru TMDA (1)/select_serach_type'

2560-11-07 11:35:57 - [MESSAGE][PASSED] - All options with index in [0] are selected on object 'Object Repository/Search history log/search history log/Page_Guru TMDA (1)/select_serach_type'

2560-11-07 11:35:57 - [TEST_STEP][PASSED] - mouseOver: Object: 'Object Repository/Search history log/search history log//span_4' is hovered

2560-11-07 11:35:58 - [MESSAGE][PASSED] - Object: 'Object Repository/Search history log/search history log//span_4' is hovered

2560-11-07 11:35:58 - [TEST_STEP][PASSED] - verifyElementPresent: Object 'Object Repository/Search history log/search history log//div_ngxp__container ngxp__anim004' is present

2560-11-07 11:35:58 - [MESSAGE][PASSED] - Object 'Object Repository/Search history log/search history log//div_ngxp__container ngxp__anim004' is present

2560-11-07 11:35:58 - [TEST_STEP][PASSED] - click: Object: 'Object Repository/Search history log/search history log/Page_Guru TMDA (1)/button_Preview' is clicked on

2560-11-07 11:35:58 - [MESSAGE][PASSED] - Object: 'Object Repository/Search history log/search history log/Page_Guru TMDA (1)/button_Preview' is clicked on

2560-11-07 11:35:58 - [TEST_STEP][PASSED] - click: Object: 'Object Repository/Search history log/search history log/Page_Guru TMDA (1)/i_fa fa-times w3-xlarge w3-tex' is clicked on

2560-11-07 11:35:58 - [MESSAGE][PASSED] - Object: 'Object Repository/Search history log/search history log/Page_Guru TMDA (1)/i_fa fa-times w3-xlarge w3-tex' is clicked on

2560-11-07 11:35:58 - [TEST_STEP][PASSED] - click: Object: 'Object Repository/Search history log/search history log/Page_Guru TMDA (1)/input_ng-valid ng-dirty ng-tou' is clicked on

2560-11-07 11:35:59 - [MESSAGE][PASSED] - Object: 'Object Repository/Search history log/search history log/Page_Guru TMDA (1)/input_ng-valid ng-dirty ng-tou' is clicked on

2560-11-07 11:35:59 - [TEST_STEP][PASSED] - verifyElementPresent: Object 'Object Repository/Search history log/search history log/td_Survey Single' is present

2560-11-07 11:35:59 - [MESSAGE][PASSED] - Object 'Object Repository/Search history log/search history log/td_Survey Single' is present

2560-11-07 11:35:59 - [TEST_STEP][PASSED] - verifyElementPresent: Object 'Object Repository/Search history log/search history log//td_Survey Multiple' is present

2560-11-07 11:35:59 - [MESSAGE][PASSED] - Object 'Object Repository/Search history log/search history log//td_Survey Multiple' is present

2560-11-07 11:36:00 - [TEST_STEP][PASSED] - selectOptionByValue: All options with value '1' are selected in object 'Object Repository/Search history log/search history log/Page_Guru TMDA (1)/select_serach_type'  using regular expression

2560-11-07 11:36:00 - [MESSAGE][PASSED] - All options with value '1' are selected in object 'Object Repository/Search history log/search history log/Page_Guru TMDA (1)/select_serach_type'  using regular expression

2560-11-07 11:36:00 - [TEST_STEP][PASSED] - mouseOver: Object: 'Object Repository/Search history log/search history log//span_5' is hovered

2560-11-07 11:36:01 - [MESSAGE][PASSED] - Object: 'Object Repository/Search history log/search history log//span_5' is hovered

2560-11-07 11:36:01 - [TEST_STEP][PASSED] - verifyElementPresent: Object 'Object Repository/Search history log/search history log/div_ngxp__container ngxp__anim005' is present

2560-11-07 11:36:01 - [MESSAGE][PASSED] - Object 'Object Repository/Search history log/search history log/div_ngxp__container ngxp__anim005' is present

2560-11-07 11:36:01 - [TEST_STEP][PASSED] - click: Object: 'Object Repository/Search history log/search history log/Page_Guru TMDA (1)/input_ng-valid ng-dirty ng-tou' is clicked on

2560-11-07 11:36:01 - [MESSAGE][PASSED] - Object: 'Object Repository/Search history log/search history log/Page_Guru TMDA (1)/input_ng-valid ng-dirty ng-tou' is clicked on

2560-11-07 11:36:01 - [TEST_STEP][PASSED] - verifyElementPresent: Object 'Object Repository/Search history log/search history log//td_Survey Single' is present

2560-11-07 11:36:02 - [MESSAGE][PASSED] - Object 'Object Repository/Search history log/search history log//td_Survey Single' is present

2560-11-07 11:36:03 - [TEST_STEP][PASSED] - selectOptionByValue: All options with value '2' are selected in object 'Object Repository/Search history log/search history log/Page_Guru TMDA (1)/select_serach_type'  using regular expression

2560-11-07 11:36:03 - [MESSAGE][PASSED] - All options with value '2' are selected in object 'Object Repository/Search history log/search history log/Page_Guru TMDA (1)/select_serach_type'  using regular expression

2560-11-07 11:36:03 - [TEST_STEP][PASSED] - click: Object: 'Object Repository/Search history log/search history log/Page_Guru TMDA (1)/button_Preview' is clicked on

2560-11-07 11:36:04 - [MESSAGE][PASSED] - Object: 'Object Repository/Search history log/search history log/Page_Guru TMDA (1)/button_Preview' is clicked on

2560-11-07 11:36:04 - [TEST_STEP][PASSED] - click: Object: 'Object Repository/Search history log/search history log/Page_Guru TMDA (1)/i_fa fa-times w3-xlarge w3-tex' is clicked on

2560-11-07 11:36:04 - [MESSAGE][PASSED] - Object: 'Object Repository/Search history log/search history log/Page_Guru TMDA (1)/i_fa fa-times w3-xlarge w3-tex' is clicked on

2560-11-07 11:36:04 - [TEST_STEP][PASSED] - click: Object: 'Object Repository/Search history log/search history log/Page_Guru TMDA (1)/input_ng-valid ng-dirty ng-tou' is clicked on

2560-11-07 11:36:04 - [MESSAGE][PASSED] - Object: 'Object Repository/Search history log/search history log/Page_Guru TMDA (1)/input_ng-valid ng-dirty ng-tou' is clicked on

2560-11-07 11:36:04 - [TEST_STEP][PASSED] - verifyElementPresent: Object 'Object Repository/Search history log/search history log//td_Survey Multiple' is present

2560-11-07 11:36:04 - [MESSAGE][PASSED] - Object 'Object Repository/Search history log/search history log//td_Survey Multiple' is present

2560-11-07 11:36:04 - [TEST_STEP][PASSED] - selectOptionByIndex: All options with index in [0] are selected on object 'Object Repository/Search history log/search history log/Page_Guru TMDA (1)/select_serach_type'

2560-11-07 11:36:04 - [MESSAGE][PASSED] - All options with index in [0] are selected on object 'Object Repository/Search history log/search history log/Page_Guru TMDA (1)/select_serach_type'

2560-11-07 11:36:04 - [TEST_STEP][PASSED] - mouseOver: Object: 'Object Repository/Search history log/search history log//span_2' is hovered

2560-11-07 11:36:05 - [MESSAGE][PASSED] - Object: 'Object Repository/Search history log/search history log//span_2' is hovered

2560-11-07 11:36:05 - [TEST_STEP][PASSED] - verifyElementPresent: Object 'Object Repository/Search history log/search history log/div_ngxp__container ngxp__anim' is present

2560-11-07 11:36:05 - [MESSAGE][PASSED] - Object 'Object Repository/Search history log/search history log/div_ngxp__container ngxp__anim' is present

2560-11-07 11:36:05 - [TEST_STEP][PASSED] - click: Object: 'Object Repository/Search history log/search history log/Page_Guru TMDA (1)/button_Preview' is clicked on

2560-11-07 11:36:05 - [MESSAGE][PASSED] - Object: 'Object Repository/Search history log/search history log/Page_Guru TMDA (1)/button_Preview' is clicked on

2560-11-07 11:36:05 - [TEST_STEP][PASSED] - click: Object: 'Object Repository/Search history log/search history log/Page_Guru TMDA (1)/i_fa fa-times w3-xlarge w3-tex' is clicked on

2560-11-07 11:36:05 - [MESSAGE][PASSED] - Object: 'Object Repository/Search history log/search history log/Page_Guru TMDA (1)/i_fa fa-times w3-xlarge w3-tex' is clicked on

2560-11-07 11:36:05 - [TEST_STEP][PASSED] - click: Object: 'Object Repository/Search history log/search history log/Page_Guru TMDA (1)/button_Export' is clicked on

2560-11-07 11:36:06 - [MESSAGE][PASSED] - Object: 'Object Repository/Search history log/search history log/Page_Guru TMDA (1)/button_Export' is clicked on

2560-11-07 11:36:06 - [TEST_STEP][PASSED] - verifyElementPresent: Object 'Object Repository/Search history log/search history log/td_Survey Single' is present

2560-11-07 11:36:06 - [MESSAGE][PASSED] - Object 'Object Repository/Search history log/search history log/td_Survey Single' is present

2560-11-07 11:36:06 - [TEST_STEP][PASSED] - verifyElementPresent: Object 'Object Repository/Search history log/search history log//td_Survey Multiple' is present

2560-11-07 11:36:07 - [MESSAGE][PASSED] - Object 'Object Repository/Search history log/search history log//td_Survey Multiple' is present

2560-11-07 11:36:07 - [TEST_STEP][PASSED] - selectOptionByValue: All options with value '1' are selected in object 'Object Repository/Search history log/search history log/Page_Guru TMDA (1)/select_serach_type'  using regular expression

2560-11-07 11:36:07 - [MESSAGE][PASSED] - All options with value '1' are selected in object 'Object Repository/Search history log/search history log/Page_Guru TMDA (1)/select_serach_type'  using regular expression

2560-11-07 11:36:07 - [TEST_STEP][PASSED] - mouseOver: Object: 'Object Repository/Search history log/search history log/span_8' is hovered

2560-11-07 11:36:08 - [MESSAGE][PASSED] - Object: 'Object Repository/Search history log/search history log/span_8' is hovered

2560-11-07 11:36:08 - [TEST_STEP][PASSED] - verifyElementPresent: Object 'Object Repository/Search history log/search history log/div_ngxp__container ngxp__anim' is present

2560-11-07 11:36:08 - [MESSAGE][PASSED] - Object 'Object Repository/Search history log/search history log/div_ngxp__container ngxp__anim' is present

2560-11-07 11:36:08 - [TEST_STEP][PASSED] - click: Object: 'Object Repository/Search history log/search history log/Page_Guru TMDA (1)/button_Export' is clicked on

2560-11-07 11:36:08 - [MESSAGE][PASSED] - Object: 'Object Repository/Search history log/search history log/Page_Guru TMDA (1)/button_Export' is clicked on

2560-11-07 11:36:08 - [TEST_STEP][PASSED] - verifyElementPresent: Object 'Object Repository/Search history log/search history log/td_Survey Single' is present

2560-11-07 11:36:08 - [MESSAGE][PASSED] - Object 'Object Repository/Search history log/search history log/td_Survey Single' is present

2560-11-07 11:36:08 - [TEST_STEP][PASSED] - selectOptionByValue: All options with value '2' are selected in object 'Object Repository/Search history log/search history log/Page_Guru TMDA (1)/select_serach_type'  using regular expression

2560-11-07 11:36:09 - [MESSAGE][PASSED] - All options with value '2' are selected in object 'Object Repository/Search history log/search history log/Page_Guru TMDA (1)/select_serach_type'  using regular expression

2560-11-07 11:36:09 - [TEST_STEP][PASSED] - click: Object: 'Object Repository/Search history log/search history log/Page_Guru TMDA (1)/button_Preview' is clicked on

2560-11-07 11:36:09 - [MESSAGE][PASSED] - Object: 'Object Repository/Search history log/search history log/Page_Guru TMDA (1)/button_Preview' is clicked on

2560-11-07 11:36:09 - [TEST_STEP][PASSED] - click: Object: 'Object Repository/Search history log/search history log/Page_Guru TMDA/i_fa fa-times w3-xlarge w3-tex' is clicked on

2560-11-07 11:36:09 - [MESSAGE][PASSED] - Object: 'Object Repository/Search history log/search history log/Page_Guru TMDA/i_fa fa-times w3-xlarge w3-tex' is clicked on

2560-11-07 11:36:09 - [TEST_STEP][PASSED] - click: Object: 'Object Repository/Search history log/search history log/Page_Guru TMDA (1)/button_Export' is clicked on

2560-11-07 11:36:09 - [MESSAGE][PASSED] - Object: 'Object Repository/Search history log/search history log/Page_Guru TMDA (1)/button_Export' is clicked on

2560-11-07 11:36:09 - [TEST_STEP][PASSED] - verifyElementPresent: Object 'Object Repository/Search history log/search history log//td_Survey Multiple' is present

2560-11-07 11:36:10 - [MESSAGE][PASSED] - Object 'Object Repository/Search history log/search history log//td_Survey Multiple' is present

2560-11-07 11:36:10 - [TEST_STEP][PASSED] - setText: Text '02/11/2017' is set on object 'Object Repository/Search history log/search history log/input_selection ng-untouched n'

2560-11-07 11:36:12 - [MESSAGE][PASSED] - Text '02/11/2017' is set on object 'Object Repository/Search history log/search history log/input_selection ng-untouched n'

2560-11-07 11:36:12 - [TEST_STEP][PASSED] - selectOptionByIndex: All options with index in [0] are selected on object 'Object Repository/Search history log/search history log/Page_Guru TMDA (1)/select_serach_type'

2560-11-07 11:36:12 - [MESSAGE][PASSED] - All options with index in [0] are selected on object 'Object Repository/Search history log/search history log/Page_Guru TMDA (1)/select_serach_type'

2560-11-07 11:36:12 - [TEST_STEP][PASSED] - mouseOver: Object: 'Object Repository/Search history log/search history log/Page_Guru TMDA (1)/span_ (1)' is hovered

2560-11-07 11:36:13 - [MESSAGE][PASSED] - Object: 'Object Repository/Search history log/search history log/Page_Guru TMDA (1)/span_ (1)' is hovered

2560-11-07 11:36:13 - [TEST_STEP][PASSED] - verifyElementPresent: Object 'Object Repository/Search history log/search history log/div_ngxp__container ngxp__008' is present

2560-11-07 11:36:13 - [MESSAGE][PASSED] - Object 'Object Repository/Search history log/search history log/div_ngxp__container ngxp__008' is present

2560-11-07 11:36:13 - [TEST_STEP][PASSED] - mouseOver: Object: 'Object Repository/Search history log/search history log/Page_Guru TMDA (1)/span_ (1)' is hovered

2560-11-07 11:36:13 - [MESSAGE][PASSED] - Object: 'Object Repository/Search history log/search history log/Page_Guru TMDA (1)/span_ (1)' is hovered

2560-11-07 11:36:13 - [TEST_STEP][PASSED] - verifyElementPresent: Object 'Object Repository/Search history log/search history log/div_ngxp__container ngxp__008' is present

2560-11-07 11:36:13 - [MESSAGE][PASSED] - Object 'Object Repository/Search history log/search history log/div_ngxp__container ngxp__008' is present

2560-11-07 11:36:13 - [TEST_STEP][PASSED] - click: Object: 'Object Repository/Search history log/search history log/Page_Guru TMDA (1)/button_Preview' is clicked on

2560-11-07 11:36:13 - [MESSAGE][PASSED] - Object: 'Object Repository/Search history log/search history log/Page_Guru TMDA (1)/button_Preview' is clicked on

2560-11-07 11:36:13 - [TEST_STEP][PASSED] - click: Object: 'Object Repository/Search history log/search history log/Page_Guru TMDA (1)/i_fa fa-times w3-xlarge w3-tex' is clicked on

2560-11-07 11:36:13 - [MESSAGE][PASSED] - Object: 'Object Repository/Search history log/search history log/Page_Guru TMDA (1)/i_fa fa-times w3-xlarge w3-tex' is clicked on

2560-11-07 11:36:13 - [TEST_STEP][PASSED] - click: Object: 'Object Repository/Search history log/search history log/Page_Guru TMDA (1)/input_ng-valid ng-dirty ng-tou' is clicked on

2560-11-07 11:36:14 - [MESSAGE][PASSED] - Object: 'Object Repository/Search history log/search history log/Page_Guru TMDA (1)/input_ng-valid ng-dirty ng-tou' is clicked on

2560-11-07 11:36:14 - [TEST_STEP][PASSED] - click: Object: 'Object Repository/Search history log/search history log/Page_Guru TMDA (1)/button_Export' is clicked on

2560-11-07 11:36:14 - [MESSAGE][PASSED] - Object: 'Object Repository/Search history log/search history log/Page_Guru TMDA (1)/button_Export' is clicked on

2560-11-07 11:36:14 - [TEST_STEP][PASSED] - verifyElementPresent: Object 'Object Repository/Search history log/search history log/td_Survey Single' is present

2560-11-07 11:36:14 - [MESSAGE][PASSED] - Object 'Object Repository/Search history log/search history log/td_Survey Single' is present

2560-11-07 11:36:14 - [TEST_STEP][PASSED] - verifyElementPresent: Object 'Object Repository/Search history log/search history log//td_Survey Multiple' is present

2560-11-07 11:36:14 - [MESSAGE][PASSED] - Object 'Object Repository/Search history log/search history log//td_Survey Multiple' is present

2560-11-07 11:36:16 - [TEST_STEP][PASSED] - selectOptionByValue: All options with value '1' are selected in object 'Object Repository/Search history log/search history log/Page_Guru TMDA (1)/select_serach_type'  using regular expression

2560-11-07 11:36:16 - [MESSAGE][PASSED] - All options with value '1' are selected in object 'Object Repository/Search history log/search history log/Page_Guru TMDA (1)/select_serach_type'  using regular expression

2560-11-07 11:36:16 - [TEST_STEP][PASSED] - mouseOver: Object: 'Object Repository/Search history log/search history log//span_ 6' is hovered

2560-11-07 11:36:17 - [MESSAGE][PASSED] - Object: 'Object Repository/Search history log/search history log//span_ 6' is hovered

2560-11-07 11:36:17 - [TEST_STEP][PASSED] - verifyElementPresent: Object 'Object Repository/Search history log/search history log/div_ngxp__container ngxp__anim006' is present

2560-11-07 11:36:17 - [MESSAGE][PASSED] - Object 'Object Repository/Search history log/search history log/div_ngxp__container ngxp__anim006' is present

2560-11-07 11:36:17 - [TEST_STEP][PASSED] - click: Object: 'Object Repository/Search history log/search history log/Page_Guru TMDA (1)/input_ng-valid ng-dirty ng-tou' is clicked on

2560-11-07 11:36:17 - [MESSAGE][PASSED] - Object: 'Object Repository/Search history log/search history log/Page_Guru TMDA (1)/input_ng-valid ng-dirty ng-tou' is clicked on

2560-11-07 11:36:17 - [TEST_STEP][PASSED] - click: Object: 'Object Repository/Search history log/search history log/Page_Guru TMDA (1)/button_Export' is clicked on

2560-11-07 11:36:17 - [MESSAGE][PASSED] - Object: 'Object Repository/Search history log/search history log/Page_Guru TMDA (1)/button_Export' is clicked on

2560-11-07 11:36:17 - [TEST_STEP][PASSED] - verifyElementPresent: Object 'Object Repository/Search history log/search history log/td_Survey Single' is present

2560-11-07 11:36:17 - [MESSAGE][PASSED] - Object 'Object Repository/Search history log/search history log/td_Survey Single' is present

2560-11-07 11:36:17 - [TEST_STEP][PASSED] - selectOptionByValue: All options with value '2' are selected in object 'Object Repository/Search history log/search history log/Page_Guru TMDA (1)/select_serach_type'  using regular expression

2560-11-07 11:36:18 - [MESSAGE][PASSED] - All options with value '2' are selected in object 'Object Repository/Search history log/search history log/Page_Guru TMDA (1)/select_serach_type'  using regular expression

2560-11-07 11:36:18 - [TEST_STEP][PASSED] - click: Object: 'Object Repository/Search history log/search history log/Page_Guru TMDA (1)/button_Preview' is clicked on

2560-11-07 11:36:18 - [MESSAGE][PASSED] - Object: 'Object Repository/Search history log/search history log/Page_Guru TMDA (1)/button_Preview' is clicked on

2560-11-07 11:36:18 - [TEST_STEP][PASSED] - click: Object: 'Object Repository/Search history log/search history log/Page_Guru TMDA (1)/i_fa fa-times w3-xlarge w3-tex' is clicked on

2560-11-07 11:36:18 - [MESSAGE][PASSED] - Object: 'Object Repository/Search history log/search history log/Page_Guru TMDA (1)/i_fa fa-times w3-xlarge w3-tex' is clicked on

2560-11-07 11:36:18 - [TEST_STEP][PASSED] - click: Object: 'Object Repository/Search history log/search history log/Page_Guru TMDA (1)/input_ng-valid ng-dirty ng-tou' is clicked on

2560-11-07 11:36:19 - [MESSAGE][PASSED] - Object: 'Object Repository/Search history log/search history log/Page_Guru TMDA (1)/input_ng-valid ng-dirty ng-tou' is clicked on

2560-11-07 11:36:19 - [TEST_STEP][PASSED] - click: Object: 'Object Repository/Search history log/search history log/Page_Guru TMDA (1)/button_Export' is clicked on

2560-11-07 11:36:19 - [MESSAGE][PASSED] - Object: 'Object Repository/Search history log/search history log/Page_Guru TMDA (1)/button_Export' is clicked on

2560-11-07 11:36:19 - [TEST_STEP][PASSED] - verifyElementPresent: Object 'Object Repository/Search history log/search history log//td_Survey Multiple' is present

2560-11-07 11:36:20 - [MESSAGE][PASSED] - Object 'Object Repository/Search history log/search history log//td_Survey Multiple' is present

2560-11-07 11:36:20 - [TEST_STEP][PASSED] - selectOptionByIndex: All options with index in [0] are selected on object 'Object Repository/Search history log/search history log/Page_Guru TMDA (1)/select_serach_type'

2560-11-07 11:36:21 - [MESSAGE][PASSED] - All options with index in [0] are selected on object 'Object Repository/Search history log/search history log/Page_Guru TMDA (1)/select_serach_type'

2560-11-07 11:36:21 - [TEST_STEP][PASSED] - mouseOver: Object: 'Object Repository/Search history log/search history log/Page_Guru TMDA (1)/span_ (1)' is hovered

2560-11-07 11:36:21 - [MESSAGE][PASSED] - Object: 'Object Repository/Search history log/search history log/Page_Guru TMDA (1)/span_ (1)' is hovered

2560-11-07 11:36:21 - [TEST_STEP][PASSED] - verifyElementPresent: Object 'Object Repository/Search history log/search history log/div_ngxp__container ngxp__008' is present

2560-11-07 11:36:21 - [MESSAGE][PASSED] - Object 'Object Repository/Search history log/search history log/div_ngxp__container ngxp__008' is present

2560-11-07 11:36:21 - [TEST_STEP][PASSED] - click: Object: 'Object Repository/Search history log/search history log/Page_Guru TMDA (1)/button_Preview' is clicked on

2560-11-07 11:36:21 - [MESSAGE][PASSED] - Object: 'Object Repository/Search history log/search history log/Page_Guru TMDA (1)/button_Preview' is clicked on

2560-11-07 11:36:22 - [TEST_STEP][PASSED] - click: Object: 'Object Repository/Search history log/search history log/Page_Guru TMDA (1)/i_fa fa-times w3-xlarge w3-tex' is clicked on

2560-11-07 11:36:22 - [MESSAGE][PASSED] - Object: 'Object Repository/Search history log/search history log/Page_Guru TMDA (1)/i_fa fa-times w3-xlarge w3-tex' is clicked on

2560-11-07 11:36:22 - [TEST_STEP][PASSED] - click: Object: 'Object Repository/Search history log/search history log/Page_Guru TMDA (1)/input_ng-valid ng-dirty ng-tou' is clicked on

2560-11-07 11:36:23 - [MESSAGE][PASSED] - Object: 'Object Repository/Search history log/search history log/Page_Guru TMDA (1)/input_ng-valid ng-dirty ng-tou' is clicked on

2560-11-07 11:36:23 - [TEST_STEP][PASSED] - verifyElementPresent: Object 'Object Repository/Search history log/search history log/td_Survey Single' is present

2560-11-07 11:36:23 - [MESSAGE][PASSED] - Object 'Object Repository/Search history log/search history log/td_Survey Single' is present

2560-11-07 11:36:23 - [TEST_STEP][PASSED] - verifyElementPresent: Object 'Object Repository/Search history log/search history log//td_Survey Multiple' is present

2560-11-07 11:36:23 - [MESSAGE][PASSED] - Object 'Object Repository/Search history log/search history log//td_Survey Multiple' is present

2560-11-07 11:36:23 - [TEST_STEP][PASSED] - selectOptionByValue: All options with value '1' are selected in object 'Object Repository/Search history log/search history log/Page_Guru TMDA (1)/select_serach_type'  using regular expression

2560-11-07 11:36:23 - [MESSAGE][PASSED] - All options with value '1' are selected in object 'Object Repository/Search history log/search history log/Page_Guru TMDA (1)/select_serach_type'  using regular expression

2560-11-07 11:36:23 - [TEST_STEP][PASSED] - mouseOver: Object: 'Object Repository/Search history log/search history log/span_ 11' is hovered

2560-11-07 11:36:24 - [MESSAGE][PASSED] - Object: 'Object Repository/Search history log/search history log/span_ 11' is hovered

2560-11-07 11:36:24 - [TEST_STEP][PASSED] - verifyElementPresent: Object 'Object Repository/Search history log/search history log/div_ngxp__container ngxp__008' is present

2560-11-07 11:36:24 - [MESSAGE][PASSED] - Object 'Object Repository/Search history log/search history log/div_ngxp__container ngxp__008' is present

2560-11-07 11:36:25 - [TEST_STEP][PASSED] - click: Object: 'Object Repository/Search history log/search history log/Page_Guru TMDA (1)/input_ng-valid ng-dirty ng-tou' is clicked on

2560-11-07 11:36:25 - [MESSAGE][PASSED] - Object: 'Object Repository/Search history log/search history log/Page_Guru TMDA (1)/input_ng-valid ng-dirty ng-tou' is clicked on

2560-11-07 11:36:25 - [TEST_STEP][PASSED] - verifyElementPresent: Object 'Object Repository/Search history log/search history log/td_Survey Single' is present

2560-11-07 11:36:25 - [MESSAGE][PASSED] - Object 'Object Repository/Search history log/search history log/td_Survey Single' is present

2560-11-07 11:36:25 - [TEST_STEP][PASSED] - selectOptionByValue: All options with value '2' are selected in object 'Object Repository/Search history log/search history log/Page_Guru TMDA (1)/select_serach_type'  using regular expression

2560-11-07 11:36:26 - [MESSAGE][PASSED] - All options with value '2' are selected in object 'Object Repository/Search history log/search history log/Page_Guru TMDA (1)/select_serach_type'  using regular expression

2560-11-07 11:36:26 - [TEST_STEP][PASSED] - click: Object: 'Object Repository/Search history log/search history log/Page_Guru TMDA (1)/button_Preview' is clicked on

2560-11-07 11:36:26 - [MESSAGE][PASSED] - Object: 'Object Repository/Search history log/search history log/Page_Guru TMDA (1)/button_Preview' is clicked on

2560-11-07 11:36:26 - [TEST_STEP][PASSED] - click: Object: 'Object Repository/Search history log/search history log/Page_Guru TMDA (1)/i_fa fa-times w3-xlarge w3-tex' is clicked on

2560-11-07 11:36:26 - [MESSAGE][PASSED] - Object: 'Object Repository/Search history log/search history log/Page_Guru TMDA (1)/i_fa fa-times w3-xlarge w3-tex' is clicked on

2560-11-07 11:36:26 - [TEST_STEP][PASSED] - click: Object: 'Object Repository/Search history log/search history log/Page_Guru TMDA (1)/input_ng-valid ng-dirty ng-tou' is clicked on

2560-11-07 11:36:27 - [MESSAGE][PASSED] - Object: 'Object Repository/Search history log/search history log/Page_Guru TMDA (1)/input_ng-valid ng-dirty ng-tou' is clicked on

2560-11-07 11:36:27 - [TEST_STEP][PASSED] - verifyElementPresent: Object 'Object Repository/Search history log/search history log//td_Survey Multiple' is present

2560-11-07 11:36:27 - [MESSAGE][PASSED] - Object 'Object Repository/Search history log/search history log//td_Survey Multiple' is present

2560-11-07 11:36:27 - [TEST_STEP][PASSED] - selectOptionByIndex: All options with index in [0] are selected on object 'Object Repository/Search history log/search history log/Page_Guru TMDA (1)/select_serach_type'

2560-11-07 11:36:28 - [MESSAGE][PASSED] - All options with index in [0] are selected on object 'Object Repository/Search history log/search history log/Page_Guru TMDA (1)/select_serach_type'

2560-11-07 11:36:28 - [TEST_STEP][PASSED] - mouseOver: Object: 'Object Repository/Search history log/search history log/Page_Guru TMDA (1)/span_ (1)' is hovered

2560-11-07 11:36:28 - [MESSAGE][PASSED] - Object: 'Object Repository/Search history log/search history log/Page_Guru TMDA (1)/span_ (1)' is hovered

2560-11-07 11:36:28 - [TEST_STEP][PASSED] - verifyElementPresent: Object 'Object Repository/Search history log/search history log/div_ngxp__container ngxp__008' is present

2560-11-07 11:36:28 - [MESSAGE][PASSED] - Object 'Object Repository/Search history log/search history log/div_ngxp__container ngxp__008' is present

2560-11-07 11:36:28 - [TEST_STEP][PASSED] - click: Object: 'Object Repository/Search history log/search history log/Page_Guru TMDA (1)/button_Preview' is clicked on

2560-11-07 11:36:28 - [MESSAGE][PASSED] - Object: 'Object Repository/Search history log/search history log/Page_Guru TMDA (1)/button_Preview' is clicked on

2560-11-07 11:36:28 - [TEST_STEP][PASSED] - click: Object: 'Object Repository/Search history log/search history log/Page_Guru TMDA (1)/i_fa fa-times w3-xlarge w3-tex' is clicked on

2560-11-07 11:36:28 - [MESSAGE][PASSED] - Object: 'Object Repository/Search history log/search history log/Page_Guru TMDA (1)/i_fa fa-times w3-xlarge w3-tex' is clicked on

2560-11-07 11:36:28 - [TEST_STEP][PASSED] - click: Object: 'Object Repository/Search history log/search history log/Page_Guru TMDA (1)/button_Export' is clicked on

2560-11-07 11:36:29 - [MESSAGE][PASSED] - Object: 'Object Repository/Search history log/search history log/Page_Guru TMDA (1)/button_Export' is clicked on

2560-11-07 11:36:29 - [TEST_STEP][PASSED] - verifyElementPresent: Object 'Object Repository/Search history log/search history log/td_Survey Single' is present

2560-11-07 11:36:29 - [MESSAGE][PASSED] - Object 'Object Repository/Search history log/search history log/td_Survey Single' is present

2560-11-07 11:36:29 - [TEST_STEP][PASSED] - verifyElementPresent: Object 'Object Repository/Search history log/search history log//td_Survey Multiple' is present

2560-11-07 11:36:29 - [MESSAGE][PASSED] - Object 'Object Repository/Search history log/search history log//td_Survey Multiple' is present

2560-11-07 11:36:30 - [TEST_STEP][PASSED] - selectOptionByValue: All options with value '1' are selected in object 'Object Repository/Search history log/search history log/Page_Guru TMDA (1)/select_serach_type'  using regular expression

2560-11-07 11:36:30 - [MESSAGE][PASSED] - All options with value '1' are selected in object 'Object Repository/Search history log/search history log/Page_Guru TMDA (1)/select_serach_type'  using regular expression

2560-11-07 11:36:31 - [TEST_STEP][PASSED] - mouseOver: Object: 'Object Repository/Search history log/search history log/span_ 12345689' is hovered

2560-11-07 11:36:31 - [MESSAGE][PASSED] - Object: 'Object Repository/Search history log/search history log/span_ 12345689' is hovered

2560-11-07 11:36:31 - [TEST_STEP][PASSED] - verifyElementPresent: Object 'Object Repository/Search history log/search history log/div_ngxp__container ngxp__008' is present

2560-11-07 11:36:31 - [MESSAGE][PASSED] - Object 'Object Repository/Search history log/search history log/div_ngxp__container ngxp__008' is present

2560-11-07 11:36:31 - [TEST_STEP][PASSED] - click: Object: 'Object Repository/Search history log/search history log/Page_Guru TMDA (1)/button_Export' is clicked on

2560-11-07 11:36:31 - [MESSAGE][PASSED] - Object: 'Object Repository/Search history log/search history log/Page_Guru TMDA (1)/button_Export' is clicked on

2560-11-07 11:36:31 - [TEST_STEP][PASSED] - verifyElementPresent: Object 'Object Repository/Search history log/search history log/td_Survey Single' is present

2560-11-07 11:36:32 - [MESSAGE][PASSED] - Object 'Object Repository/Search history log/search history log/td_Survey Single' is present

2560-11-07 11:36:32 - [TEST_STEP][PASSED] - selectOptionByValue: All options with value '2' are selected in object 'Object Repository/Search history log/search history log/Page_Guru TMDA (1)/select_serach_type'  using regular expression

2560-11-07 11:36:32 - [MESSAGE][PASSED] - All options with value '2' are selected in object 'Object Repository/Search history log/search history log/Page_Guru TMDA (1)/select_serach_type'  using regular expression

2560-11-07 11:36:32 - [TEST_STEP][PASSED] - click: Object: 'Object Repository/Search history log/search history log/Page_Guru TMDA (1)/button_Preview' is clicked on

2560-11-07 11:36:33 - [MESSAGE][PASSED] - Object: 'Object Repository/Search history log/search history log/Page_Guru TMDA (1)/button_Preview' is clicked on

2560-11-07 11:36:33 - [TEST_STEP][PASSED] - click: Object: 'Object Repository/Search history log/search history log/Page_Guru TMDA (1)/i_fa fa-times w3-xlarge w3-tex' is clicked on

2560-11-07 11:36:33 - [MESSAGE][PASSED] - Object: 'Object Repository/Search history log/search history log/Page_Guru TMDA (1)/i_fa fa-times w3-xlarge w3-tex' is clicked on

2560-11-07 11:36:33 - [TEST_STEP][PASSED] - click: Object: 'Object Repository/Search history log/search history log/Page_Guru TMDA (1)/button_Export' is clicked on

2560-11-07 11:36:33 - [MESSAGE][PASSED] - Object: 'Object Repository/Search history log/search history log/Page_Guru TMDA (1)/button_Export' is clicked on

2560-11-07 11:36:33 - [TEST_STEP][PASSED] - verifyElementPresent: Object 'Object Repository/Search history log/search history log//td_Survey Multiple' is present

2560-11-07 11:36:33 - [MESSAGE][PASSED] - Object 'Object Repository/Search history log/search history log//td_Survey Multiple' is present

2560-11-07 11:36:33 - [TEST_STEP][PASSED] - setText: Text '02/11/2017' is set on object 'Object Repository/Search history log/search history log/input_selection ng-untouched n (1)'

2560-11-07 11:36:34 - [MESSAGE][PASSED] - Text '02/11/2017' is set on object 'Object Repository/Search history log/search history log/input_selection ng-untouched n (1)'

2560-11-07 11:36:34 - [TEST_STEP][PASSED] - selectOptionByIndex: All options with index in [0] are selected on object 'Object Repository/Search history log/search history log/Page_Guru TMDA (1)/select_serach_type'

2560-11-07 11:36:35 - [MESSAGE][PASSED] - All options with index in [0] are selected on object 'Object Repository/Search history log/search history log/Page_Guru TMDA (1)/select_serach_type'

2560-11-07 11:36:35 - [TEST_STEP][PASSED] - mouseOver: Object: 'Object Repository/Search history log/search history log/span_ ' is hovered

2560-11-07 11:36:35 - [MESSAGE][PASSED] - Object: 'Object Repository/Search history log/search history log/span_ ' is hovered

2560-11-07 11:36:35 - [TEST_STEP][PASSED] - verifyElementPresent: Object 'Object Repository/Search history log/search history log/div_ngxp__container ngxp__008' is present

2560-11-07 11:36:36 - [MESSAGE][PASSED] - Object 'Object Repository/Search history log/search history log/div_ngxp__container ngxp__008' is present

2560-11-07 11:36:36 - [TEST_STEP][PASSED] - click: Object: 'Object Repository/Search history log/search history log/Page_Guru TMDA (1)/button_Preview' is clicked on

2560-11-07 11:36:36 - [MESSAGE][PASSED] - Object: 'Object Repository/Search history log/search history log/Page_Guru TMDA (1)/button_Preview' is clicked on

2560-11-07 11:36:36 - [TEST_STEP][PASSED] - click: Object: 'Object Repository/Search history log/search history log/Page_Guru TMDA (1)/i_fa fa-times w3-xlarge w3-tex' is clicked on

2560-11-07 11:36:36 - [MESSAGE][PASSED] - Object: 'Object Repository/Search history log/search history log/Page_Guru TMDA (1)/i_fa fa-times w3-xlarge w3-tex' is clicked on

2560-11-07 11:36:36 - [TEST_STEP][PASSED] - click: Object: 'Object Repository/Search history log/search history log/Page_Guru TMDA (1)/input_ng-valid ng-dirty ng-tou' is clicked on

2560-11-07 11:36:36 - [MESSAGE][PASSED] - Object: 'Object Repository/Search history log/search history log/Page_Guru TMDA (1)/input_ng-valid ng-dirty ng-tou' is clicked on

2560-11-07 11:36:36 - [TEST_STEP][PASSED] - click: Object: 'Object Repository/Search history log/search history log/Page_Guru TMDA (1)/button_Export' is clicked on

2560-11-07 11:36:38 - [MESSAGE][PASSED] - Object: 'Object Repository/Search history log/search history log/Page_Guru TMDA (1)/button_Export' is clicked on

2560-11-07 11:36:38 - [TEST_STEP][PASSED] - verifyElementPresent: Object 'Object Repository/Search history log/search history log/td_Survey Single' is present

2560-11-07 11:36:38 - [MESSAGE][PASSED] - Object 'Object Repository/Search history log/search history log/td_Survey Single' is present

2560-11-07 11:36:38 - [TEST_STEP][PASSED] - verifyElementPresent: Object 'Object Repository/Search history log/search history log//td_Survey Multiple' is present

2560-11-07 11:36:39 - [MESSAGE][PASSED] - Object 'Object Repository/Search history log/search history log//td_Survey Multiple' is present

2560-11-07 11:36:39 - [TEST_STEP][PASSED] - selectOptionByValue: All options with value '1' are selected in object 'Object Repository/Search history log/search history log/Page_Guru TMDA (1)/select_serach_type'  using regular expression

2560-11-07 11:36:39 - [MESSAGE][PASSED] - All options with value '1' are selected in object 'Object Repository/Search history log/search history log/Page_Guru TMDA (1)/select_serach_type'  using regular expression

2560-11-07 11:36:39 - [TEST_STEP][PASSED] - mouseOver: Object: 'Object Repository/Search history log/search history log/span_10' is hovered

2560-11-07 11:36:40 - [MESSAGE][PASSED] - Object: 'Object Repository/Search history log/search history log/span_10' is hovered

2560-11-07 11:36:40 - [TEST_STEP][PASSED] - verifyElementPresent: Object 'Object Repository/Search history log/search history log/div_ngxp__container ngxp__008' is present

2560-11-07 11:36:40 - [MESSAGE][PASSED] - Object 'Object Repository/Search history log/search history log/div_ngxp__container ngxp__008' is present

2560-11-07 11:36:40 - [TEST_STEP][PASSED] - click: Object: 'Object Repository/Search history log/search history log/Page_Guru TMDA (1)/input_ng-valid ng-dirty ng-tou' is clicked on

2560-11-07 11:36:40 - [MESSAGE][PASSED] - Object: 'Object Repository/Search history log/search history log/Page_Guru TMDA (1)/input_ng-valid ng-dirty ng-tou' is clicked on

2560-11-07 11:36:40 - [TEST_STEP][PASSED] - click: Object: 'Object Repository/Search history log/search history log/Page_Guru TMDA (1)/button_Export' is clicked on

2560-11-07 11:36:41 - [MESSAGE][PASSED] - Object: 'Object Repository/Search history log/search history log/Page_Guru TMDA (1)/button_Export' is clicked on

2560-11-07 11:36:41 - [TEST_STEP][PASSED] - verifyElementPresent: Object 'Object Repository/Search history log/search history log/td_Survey Single' is present

2560-11-07 11:36:41 - [MESSAGE][PASSED] - Object 'Object Repository/Search history log/search history log/td_Survey Single' is present

2560-11-07 11:36:41 - [TEST_STEP][PASSED] - selectOptionByValue: All options with value '2' are selected in object 'Object Repository/Search history log/search history log/Page_Guru TMDA (1)/select_serach_type'  using regular expression

2560-11-07 11:36:42 - [MESSAGE][PASSED] - All options with value '2' are selected in object 'Object Repository/Search history log/search history log/Page_Guru TMDA (1)/select_serach_type'  using regular expression

2560-11-07 11:36:42 - [TEST_STEP][PASSED] - click: Object: 'Object Repository/Search history log/search history log/Page_Guru TMDA (1)/button_Preview' is clicked on

2560-11-07 11:36:43 - [MESSAGE][PASSED] - Object: 'Object Repository/Search history log/search history log/Page_Guru TMDA (1)/button_Preview' is clicked on

2560-11-07 11:36:43 - [TEST_STEP][PASSED] - click: Object: 'Object Repository/Search history log/search history log/Page_Guru TMDA (1)/i_fa fa-times w3-xlarge w3-tex' is clicked on

2560-11-07 11:36:43 - [MESSAGE][PASSED] - Object: 'Object Repository/Search history log/search history log/Page_Guru TMDA (1)/i_fa fa-times w3-xlarge w3-tex' is clicked on

2560-11-07 11:36:43 - [TEST_STEP][PASSED] - click: Object: 'Object Repository/Search history log/search history log/Page_Guru TMDA (1)/input_ng-valid ng-dirty ng-tou' is clicked on

2560-11-07 11:36:43 - [MESSAGE][PASSED] - Object: 'Object Repository/Search history log/search history log/Page_Guru TMDA (1)/input_ng-valid ng-dirty ng-tou' is clicked on

2560-11-07 11:36:43 - [TEST_STEP][PASSED] - click: Object: 'Object Repository/Search history log/search history log/Page_Guru TMDA (1)/button_Export' is clicked on

2560-11-07 11:36:43 - [MESSAGE][PASSED] - Object: 'Object Repository/Search history log/search history log/Page_Guru TMDA (1)/button_Export' is clicked on

2560-11-07 11:36:43 - [TEST_STEP][PASSED] - verifyElementPresent: Object 'Object Repository/Search history log/search history log//td_Survey Multiple' is present

2560-11-07 11:36:43 - [MESSAGE][PASSED] - Object 'Object Repository/Search history log/search history log//td_Survey Multiple' is present

2560-11-07 11:36:43 - [TEST_STEP][PASSED] - selectOptionByIndex: All options with index in [0] are selected on object 'Object Repository/Search history log/search history log/Page_Guru TMDA (1)/select_serach_type'

2560-11-07 11:36:44 - [MESSAGE][PASSED] - All options with index in [0] are selected on object 'Object Repository/Search history log/search history log/Page_Guru TMDA (1)/select_serach_type'

2560-11-07 11:36:44 - [TEST_STEP][PASSED] - mouseOver: Object: 'Object Repository/Search history log/search history log/span_  (1)' is hovered

2560-11-07 11:36:44 - [MESSAGE][PASSED] - Object: 'Object Repository/Search history log/search history log/span_  (1)' is hovered

2560-11-07 11:36:44 - [TEST_STEP][PASSED] - verifyElementPresent: Object 'Object Repository/Search history log/search history log/div_ngxp__container ngxp__008' is present

2560-11-07 11:36:44 - [MESSAGE][PASSED] - Object 'Object Repository/Search history log/search history log/div_ngxp__container ngxp__008' is present

2560-11-07 11:36:44 - [TEST_STEP][PASSED] - click: Object: 'Object Repository/Search history log/search history log/Page_Guru TMDA (1)/button_Preview' is clicked on

2560-11-07 11:36:45 - [MESSAGE][PASSED] - Object: 'Object Repository/Search history log/search history log/Page_Guru TMDA (1)/button_Preview' is clicked on

2560-11-07 11:36:45 - [TEST_STEP][PASSED] - click: Object: 'Object Repository/Search history log/search history log/Page_Guru TMDA (1)/i_fa fa-times w3-xlarge w3-tex' is clicked on

2560-11-07 11:36:45 - [MESSAGE][PASSED] - Object: 'Object Repository/Search history log/search history log/Page_Guru TMDA (1)/i_fa fa-times w3-xlarge w3-tex' is clicked on

2560-11-07 11:36:45 - [TEST_STEP][PASSED] - click: Object: 'Object Repository/Search history log/search history log/Page_Guru TMDA (1)/input_ng-valid ng-dirty ng-tou' is clicked on

2560-11-07 11:36:45 - [MESSAGE][PASSED] - Object: 'Object Repository/Search history log/search history log/Page_Guru TMDA (1)/input_ng-valid ng-dirty ng-tou' is clicked on

2560-11-07 11:36:45 - [TEST_STEP][PASSED] - verifyElementPresent: Object 'Object Repository/Search history log/search history log/td_Survey Single' is present

2560-11-07 11:36:46 - [MESSAGE][PASSED] - Object 'Object Repository/Search history log/search history log/td_Survey Single' is present

2560-11-07 11:36:46 - [TEST_STEP][PASSED] - verifyElementPresent: Object 'Object Repository/Search history log/search history log//td_Survey Multiple' is present

2560-11-07 11:36:46 - [MESSAGE][PASSED] - Object 'Object Repository/Search history log/search history log//td_Survey Multiple' is present

2560-11-07 11:36:47 - [TEST_STEP][PASSED] - selectOptionByValue: All options with value '1' are selected in object 'Object Repository/Search history log/search history log/Page_Guru TMDA (1)/select_serach_type'  using regular expression

2560-11-07 11:36:47 - [MESSAGE][PASSED] - All options with value '1' are selected in object 'Object Repository/Search history log/search history log/Page_Guru TMDA (1)/select_serach_type'  using regular expression

2560-11-07 11:36:47 - [TEST_STEP][PASSED] - mouseOver: Object: 'Object Repository/Search history log/search history log/span_10' is hovered

2560-11-07 11:36:47 - [MESSAGE][PASSED] - Object: 'Object Repository/Search history log/search history log/span_10' is hovered

2560-11-07 11:36:47 - [TEST_STEP][PASSED] - verifyElementPresent: Object 'Object Repository/Search history log/search history log/div_ngxp__container ngxp__008' is present

2560-11-07 11:36:48 - [MESSAGE][PASSED] - Object 'Object Repository/Search history log/search history log/div_ngxp__container ngxp__008' is present

2560-11-07 11:36:48 - [TEST_STEP][PASSED] - mouseOver: Object: 'Object Repository/Search history log/search history log/Page_Guru TMDA (1)/span_' is hovered

2560-11-07 11:36:48 - [MESSAGE][PASSED] - Object: 'Object Repository/Search history log/search history log/Page_Guru TMDA (1)/span_' is hovered

2560-11-07 11:36:48 - [TEST_STEP][PASSED] - verifyElementPresent: Object 'Object Repository/Search history log/search history log/div_ngxp__container ngxp__008' is present

2560-11-07 11:36:48 - [MESSAGE][PASSED] - Object 'Object Repository/Search history log/search history log/div_ngxp__container ngxp__008' is present

2560-11-07 11:36:48 - [TEST_STEP][PASSED] - click: Object: 'Object Repository/Search history log/search history log/Page_Guru TMDA (1)/input_ng-valid ng-dirty ng-tou' is clicked on

2560-11-07 11:36:48 - [MESSAGE][PASSED] - Object: 'Object Repository/Search history log/search history log/Page_Guru TMDA (1)/input_ng-valid ng-dirty ng-tou' is clicked on

2560-11-07 11:36:49 - [TEST_STEP][PASSED] - verifyElementPresent: Object 'Object Repository/Search history log/search history log/td_Survey Single' is present

2560-11-07 11:36:49 - [MESSAGE][PASSED] - Object 'Object Repository/Search history log/search history log/td_Survey Single' is present

2560-11-07 11:36:49 - [TEST_STEP][PASSED] - selectOptionByValue: All options with value '2' are selected in object 'Object Repository/Search history log/search history log/Page_Guru TMDA (1)/select_serach_type'  using regular expression

2560-11-07 11:36:50 - [MESSAGE][PASSED] - All options with value '2' are selected in object 'Object Repository/Search history log/search history log/Page_Guru TMDA (1)/select_serach_type'  using regular expression

2560-11-07 11:36:50 - [TEST_STEP][PASSED] - click: Object: 'Object Repository/Search history log/search history log/Page_Guru TMDA (1)/button_Preview' is clicked on

2560-11-07 11:36:50 - [MESSAGE][PASSED] - Object: 'Object Repository/Search history log/search history log/Page_Guru TMDA (1)/button_Preview' is clicked on

2560-11-07 11:36:50 - [TEST_STEP][PASSED] - click: Object: 'Object Repository/Search history log/search history log/Page_Guru TMDA (1)/i_fa fa-times w3-xlarge w3-tex' is clicked on

2560-11-07 11:36:50 - [MESSAGE][PASSED] - Object: 'Object Repository/Search history log/search history log/Page_Guru TMDA (1)/i_fa fa-times w3-xlarge w3-tex' is clicked on

2560-11-07 11:36:50 - [TEST_STEP][PASSED] - click: Object: 'Object Repository/Search history log/search history log/Page_Guru TMDA (1)/button_Preview' is clicked on

2560-11-07 11:36:51 - [MESSAGE][PASSED] - Object: 'Object Repository/Search history log/search history log/Page_Guru TMDA (1)/button_Preview' is clicked on

2560-11-07 11:36:51 - [TEST_STEP][PASSED] - click: Object: 'Object Repository/Search history log/search history log/Page_Guru TMDA (1)/i_fa fa-times w3-xlarge w3-tex' is clicked on

2560-11-07 11:36:51 - [MESSAGE][PASSED] - Object: 'Object Repository/Search history log/search history log/Page_Guru TMDA (1)/i_fa fa-times w3-xlarge w3-tex' is clicked on

2560-11-07 11:36:51 - [TEST_STEP][PASSED] - click: Object: 'Object Repository/Search history log/search history log/Page_Guru TMDA (1)/input_ng-valid ng-dirty ng-tou' is clicked on

2560-11-07 11:36:51 - [MESSAGE][PASSED] - Object: 'Object Repository/Search history log/search history log/Page_Guru TMDA (1)/input_ng-valid ng-dirty ng-tou' is clicked on

2560-11-07 11:36:51 - [TEST_STEP][PASSED] - verifyElementPresent: Object 'Object Repository/Search history log/search history log//td_Survey Multiple' is present

2560-11-07 11:36:52 - [MESSAGE][PASSED] - Object 'Object Repository/Search history log/search history log//td_Survey Multiple' is present

2560-11-07 11:36:52 - [TEST_STEP][PASSED] - selectOptionByIndex: All options with index in [0] are selected on object 'Object Repository/Search history log/search history log/Page_Guru TMDA (1)/select_serach_type'

2560-11-07 11:36:53 - [MESSAGE][PASSED] - All options with index in [0] are selected on object 'Object Repository/Search history log/search history log/Page_Guru TMDA (1)/select_serach_type'

2560-11-07 11:36:53 - [TEST_STEP][PASSED] - mouseOver: Object: 'Object Repository/Search history log/search history log/Page_Guru TMDA (1)/span_' is hovered

2560-11-07 11:36:54 - [MESSAGE][PASSED] - Object: 'Object Repository/Search history log/search history log/Page_Guru TMDA (1)/span_' is hovered

2560-11-07 11:36:54 - [TEST_STEP][PASSED] - verifyElementPresent: Object 'Object Repository/Search history log/search history log/div_ngxp__container ngxp__008' is present

2560-11-07 11:36:54 - [MESSAGE][PASSED] - Object 'Object Repository/Search history log/search history log/div_ngxp__container ngxp__008' is present

2560-11-07 11:36:54 - [TEST_STEP][PASSED] - click: Object: 'Object Repository/Search history log/search history log/Page_Guru TMDA (1)/button_Preview' is clicked on

2560-11-07 11:36:54 - [MESSAGE][PASSED] - Object: 'Object Repository/Search history log/search history log/Page_Guru TMDA (1)/button_Preview' is clicked on

2560-11-07 11:36:54 - [TEST_STEP][PASSED] - click: Object: 'Object Repository/Search history log/search history log/Page_Guru TMDA (1)/i_fa fa-times w3-xlarge w3-tex' is clicked on

2560-11-07 11:36:54 - [MESSAGE][PASSED] - Object: 'Object Repository/Search history log/search history log/Page_Guru TMDA (1)/i_fa fa-times w3-xlarge w3-tex' is clicked on

2560-11-07 11:36:54 - [TEST_STEP][PASSED] - click: Object: 'Object Repository/Search history log/search history log/Page_Guru TMDA (1)/button_Export' is clicked on

2560-11-07 11:36:55 - [MESSAGE][PASSED] - Object: 'Object Repository/Search history log/search history log/Page_Guru TMDA (1)/button_Export' is clicked on

2560-11-07 11:36:55 - [TEST_STEP][PASSED] - verifyElementPresent: Object 'Object Repository/Search history log/search history log/td_Survey Single' is present

2560-11-07 11:36:55 - [MESSAGE][PASSED] - Object 'Object Repository/Search history log/search history log/td_Survey Single' is present

2560-11-07 11:36:55 - [TEST_STEP][PASSED] - verifyElementPresent: Object 'Object Repository/Search history log/search history log//td_Survey Multiple' is present

2560-11-07 11:36:55 - [MESSAGE][PASSED] - Object 'Object Repository/Search history log/search history log//td_Survey Multiple' is present

2560-11-07 11:36:55 - [TEST_STEP][PASSED] - selectOptionByValue: All options with value '1' are selected in object 'Object Repository/Search history log/search history log/Page_Guru TMDA (1)/select_serach_type'  using regular expression

2560-11-07 11:36:56 - [MESSAGE][PASSED] - All options with value '1' are selected in object 'Object Repository/Search history log/search history log/Page_Guru TMDA (1)/select_serach_type'  using regular expression

2560-11-07 11:36:56 - [TEST_STEP][PASSED] - mouseOver: Object: 'Object Repository/Search history log/search history log/span_12' is hovered

2560-11-07 11:36:56 - [MESSAGE][PASSED] - Object: 'Object Repository/Search history log/search history log/span_12' is hovered

2560-11-07 11:36:56 - [TEST_STEP][PASSED] - verifyElementPresent: Object 'Object Repository/Search history log/search history log/div_ngxp__container ngxp__008' is present

2560-11-07 11:36:57 - [MESSAGE][PASSED] - Object 'Object Repository/Search history log/search history log/div_ngxp__container ngxp__008' is present

2560-11-07 11:36:57 - [TEST_STEP][PASSED] - click: Object: 'Object Repository/Search history log/search history log/Page_Guru TMDA (1)/button_Export' is clicked on

2560-11-07 11:36:57 - [MESSAGE][PASSED] - Object: 'Object Repository/Search history log/search history log/Page_Guru TMDA (1)/button_Export' is clicked on

2560-11-07 11:36:57 - [TEST_STEP][PASSED] - verifyElementPresent: Object 'Object Repository/Search history log/search history log/td_Survey Single' is present

2560-11-07 11:36:57 - [MESSAGE][PASSED] - Object 'Object Repository/Search history log/search history log/td_Survey Single' is present

2560-11-07 11:36:57 - [TEST_STEP][PASSED] - selectOptionByValue: All options with value '2' are selected in object 'Object Repository/Search history log/search history log/Page_Guru TMDA (1)/select_serach_type'  using regular expression

2560-11-07 11:36:57 - [MESSAGE][PASSED] - All options with value '2' are selected in object 'Object Repository/Search history log/search history log/Page_Guru TMDA (1)/select_serach_type'  using regular expression

2560-11-07 11:36:57 - [TEST_STEP][PASSED] - click: Object: 'Object Repository/Search history log/search history log/Page_Guru TMDA (1)/button_Preview' is clicked on

2560-11-07 11:36:58 - [MESSAGE][PASSED] - Object: 'Object Repository/Search history log/search history log/Page_Guru TMDA (1)/button_Preview' is clicked on

2560-11-07 11:36:58 - [TEST_STEP][PASSED] - click: Object: 'Object Repository/Search history log/search history log/Page_Guru TMDA (1)/i_fa fa-times w3-xlarge w3-tex' is clicked on

2560-11-07 11:36:58 - [MESSAGE][PASSED] - Object: 'Object Repository/Search history log/search history log/Page_Guru TMDA (1)/i_fa fa-times w3-xlarge w3-tex' is clicked on

2560-11-07 11:36:58 - [TEST_STEP][PASSED] - click: Object: 'Object Repository/Search history log/search history log/Page_Guru TMDA (1)/button_Export' is clicked on

2560-11-07 11:36:58 - [MESSAGE][PASSED] - Object: 'Object Repository/Search history log/search history log/Page_Guru TMDA (1)/button_Export' is clicked on

2560-11-07 11:36:58 - [TEST_STEP][PASSED] - verifyElementPresent: Object 'Object Repository/Search history log/search history log//td_Survey Multiple' is present

2560-11-07 11:36:59 - [MESSAGE][PASSED] - Object 'Object Repository/Search history log/search history log//td_Survey Multiple' is present

2560-11-07 11:36:59 - [TEST_STEP][PASSED] - selectOptionByIndex: All options with index in [0] are selected on object 'Object Repository/Search history log/search history log/Page_Guru TMDA (1)/select_serach_type'

2560-11-07 11:37:00 - [MESSAGE][PASSED] - All options with index in [0] are selected on object 'Object Repository/Search history log/search history log/Page_Guru TMDA (1)/select_serach_type'

2560-11-07 11:37:00 - [TEST_STEP][PASSED] - click: Object: 'Object Repository/Search history log/search history log/Page_Guru TMDA (1)/span_mydpicon icon-mydpremove' is clicked on

2560-11-07 11:37:00 - [MESSAGE][PASSED] - Object: 'Object Repository/Search history log/search history log/Page_Guru TMDA (1)/span_mydpicon icon-mydpremove' is clicked on

2560-11-07 11:37:01 - [TEST_STEP][PASSED] - verifyElementNotPresent: Web element with id: 'Object Repository/Search history log/search history log//button_Preview' located by 'By.xpath: //button[count(. | //*[@class = 'btn btn-block w3-text-white w3-padding-small']) = count(//*[@class = 'btn btn-block w3-text-white w3-padding-small'])][count(. | //*[text() = 'Preview']) = count(//*[text() = 'Preview'])][count(. | /html[1]/body[1]/my-app[1]/app-history-log[1]/div[@class="container-fluid"]/div[2]/div[@class="row"]/div[@class="container centurygothic-font"]/div[@class="row w3-margin-bottom"]/div[1]/div[@class="table-responsive"]/table[@class="table tb-log"]/tbody[1]/tr[2]/td[6]/button[@class="btn btn-block w3-text-white w3-padding-small"]) = count(/html[1]/body[1]/my-app[1]/app-history-log[1]/div[@class="container-fluid"]/div[2]/div[@class="row"]/div[@class="container centurygothic-font"]/div[@class="row w3-margin-bottom"]/div[1]/div[@class="table-responsive"]/table[@class="table tb-log"]/tbody[1]/tr[2]/td[6]/button[@class="btn btn-block w3-text-white w3-padding-small"])]' is not present after '5' second(s)

2560-11-07 11:37:01 - [MESSAGE][PASSED] - Web element with id: 'Object Repository/Search history log/search history log//button_Preview' located by 'By.xpath: //button[count(. | //*[@class = 'btn btn-block w3-text-white w3-padding-small']) = count(//*[@class = 'btn btn-block w3-text-white w3-padding-small'])][count(. | //*[text() = 'Preview']) = count(//*[text() = 'Preview'])][count(. | /html[1]/body[1]/my-app[1]/app-history-log[1]/div[@class="container-fluid"]/div[2]/div[@class="row"]/div[@class="container centurygothic-font"]/div[@class="row w3-margin-bottom"]/div[1]/div[@class="table-responsive"]/table[@class="table tb-log"]/tbody[1]/tr[2]/td[6]/button[@class="btn btn-block w3-text-white w3-padding-small"]) = count(/html[1]/body[1]/my-app[1]/app-history-log[1]/div[@class="container-fluid"]/div[2]/div[@class="row"]/div[@class="container centurygothic-font"]/div[@class="row w3-margin-bottom"]/div[1]/div[@class="table-responsive"]/table[@class="table tb-log"]/tbody[1]/tr[2]/td[6]/button[@class="btn btn-block w3-text-white w3-padding-small"])]' is not present after '5' second(s)

2560-11-07 11:37:01 - [TEST_STEP][NOT_RUN] - selectOptionByIndex: NOT_RUN: selectOptionByIndex

2560-11-07 11:37:01 - [MESSAGE][NOT_RUN] - NOT_RUN: selectOptionByIndex

2560-11-07 11:37:01 - [TEST_STEP][PASSED] - setText: Text '02/11/2017' is set on object 'Object Repository/Search history log/search history log/Page_Guru TMDA (1)/input_selection ng-valid ng-di'

2560-11-07 11:37:01 - [MESSAGE][PASSED] - Text '02/11/2017' is set on object 'Object Repository/Search history log/search history log/Page_Guru TMDA (1)/input_selection ng-valid ng-di'

2560-11-07 11:37:01 - [TEST_STEP][PASSED] - closeBrowser: Browser is closed

2560-11-07 11:37:02 - [MESSAGE][PASSED] - Browser is closed]]></system-out>
         <system-err><![CDATA[]]></system-err>
      </testcase>
      <system-out><![CDATA[2560-11-07 11:30:59 - [TEST_SUITE][FAILED] - Basic: Test Cases/3. Menu Text Prediction/Multiple Verbatim Predicted Result (Predicted in detail) FAILED because (of) com.kms.katalon.core.webui.exception.WebElementNotFoundException: Web element with id: 'Object Repository/Predicted in details/Multiple Prediction By SAI/span_Private Reason (1)' located by 'By.xpath: //span[count(. | //*[@class = 'w3-small pull-left']) = count(//*[@class = 'w3-small pull-left'])][count(. | //*[text() = 'Private Reason']) = count(//*[text() = 'Private Reason'])][count(. | /html[1]/body[1]/my-app[1]/app-predicted-results[1]/div[@class="container-fluid"]/div[@class="row centurygothic-font"]/div[@class="col-xs-12 col-sm-8 col-md-8 col-lg-9"]/div[5]/div[@class="row"]/div[@class="col-xs-12 col-sm-12 col-md-7 col-lg-7"]/div[@class="row"]/div[@class="col-xs-6"]/div[1]/div[@class="row w3-padding-small w3-margin-top-bottom-4"]/div[@class="col-xs-9 text-nowrap box-padding"]/div[2]/span[@class="w3-small pull-left"]) = count(/html[1]/body[1]/my-app[1]/app-predicted-results[1]/div[@class="container-fluid"]/div[@class="row centurygothic-font"]/div[@class="col-xs-12 col-sm-8 col-md-8 col-lg-9"]/div[5]/div[@class="row"]/div[@class="col-xs-12 col-sm-12 col-md-7 col-lg-7"]/div[@class="row"]/div[@class="col-xs-6"]/div[1]/div[@class="row w3-padding-small w3-margin-top-bottom-4"]/div[@class="col-xs-9 text-nowrap box-padding"]/div[2]/span[@class="w3-small pull-left"])]' not found]]></system-out>
      <system-err><![CDATA[2560-11-07 11:30:59 - [TEST_SUITE][FAILED] - Basic: Test Cases/3. Menu Text Prediction/Multiple Verbatim Predicted Result (Predicted in detail) FAILED because (of) com.kms.katalon.core.webui.exception.WebElementNotFoundException: Web element with id: 'Object Repository/Predicted in details/Multiple Prediction By SAI/span_Private Reason (1)' located by 'By.xpath: //span[count(. | //*[@class = 'w3-small pull-left']) = count(//*[@class = 'w3-small pull-left'])][count(. | //*[text() = 'Private Reason']) = count(//*[text() = 'Private Reason'])][count(. | /html[1]/body[1]/my-app[1]/app-predicted-results[1]/div[@class="container-fluid"]/div[@class="row centurygothic-font"]/div[@class="col-xs-12 col-sm-8 col-md-8 col-lg-9"]/div[5]/div[@class="row"]/div[@class="col-xs-12 col-sm-12 col-md-7 col-lg-7"]/div[@class="row"]/div[@class="col-xs-6"]/div[1]/div[@class="row w3-padding-small w3-margin-top-bottom-4"]/div[@class="col-xs-9 text-nowrap box-padding"]/div[2]/span[@class="w3-small pull-left"]) = count(/html[1]/body[1]/my-app[1]/app-predicted-results[1]/div[@class="container-fluid"]/div[@class="row centurygothic-font"]/div[@class="col-xs-12 col-sm-8 col-md-8 col-lg-9"]/div[5]/div[@class="row"]/div[@class="col-xs-12 col-sm-12 col-md-7 col-lg-7"]/div[@class="row"]/div[@class="col-xs-6"]/div[1]/div[@class="row w3-padding-small w3-margin-top-bottom-4"]/div[@class="col-xs-9 text-nowrap box-padding"]/div[2]/span[@class="w3-small pull-left"])]' not found]]></system-err>
   </testsuite>
</testsuites>
