<?xml version="1.0" encoding="UTF-8"?>
<testsuites name="Basic" time="363" tests="13" failures="0" errors="0">
   <testsuite name="Basic" tests="13" failures="0" errors="0" time="363" timestamp="2560-11-07 13:48:39" hostname="PIEW - 192.168.11.220" id="Test Suites/Basic">
      <properties>
         <property name="deviceName" value=""/>
         <property name="devicePlatform" value=""/>
         <property name="logFolder" value="C:\\Users\\PIEW\\git\\GuruTMDA\\Reports\\Basic\\25601107_134837"/>
         <property name="logFiles" value="C:\\Users\\PIEW\\git\\GuruTMDA\\Reports\\Basic\\25601107_134837\\execution0.log"/>
         <property name="attachments" value=""/>
         <property name="hostName" value="PIEW - 192.168.11.220"/>
         <property name="os" value="Windows 7 64bit"/>
         <property name="katalonVersion" value="5.0.1.1"/>
         <property name="browser" value="Chrome 61.0.3163.100"/>
         <property name="hostAddress" value="192.168.11.220"/>
         <property name="sessionId" value="b8d9527bed8cf538cdfbd4d13884e01d"/>
         <property name="seleniumVersion" value="2.53.0"/>
         <property name="proxyInformation" value="ProxyInformation{proxyOption=NO_PROXY, proxyServerType=HTTP, password=, proxyServerAddress=, proxyServerPort=0}"/>
         <property name="platform" value="Windows 7"/>
      </properties>
      <testcase name="Test Cases/1. Start Page (without login)/Single Verbatim without login" classname="Test Cases/1. Start Page (without login)/Single Verbatim without login" status="PASSED">
         <system-out><![CDATA[2560-11-07 13:48:39 - [TEST_CASE][PASSED] - Test Cases/1. Start Page (without login)/Single Verbatim without login: Test Cases/1. Start Page (without login)/Single Verbatim without login

2560-11-07 13:48:40 - [TEST_STEP][PASSED] - openBrowser: Browser is opened with url: ''

2560-11-07 13:48:42 - [MESSAGE][PASSED] - Browser is opened with url: ''

2560-11-07 13:48:42 - [TEST_STEP][PASSED] - maximizeWindow: Current window maximized

2560-11-07 13:48:42 - [MESSAGE][PASSED] - Current window maximized

2560-11-07 13:48:42 - [TEST_STEP][PASSED] - navigateToUrl: Navigate to 'http://192.168.11.59/' successfully

2560-11-07 13:48:47 - [MESSAGE][PASSED] - Navigate to 'http://192.168.11.59/' successfully

2560-11-07 13:48:47 - [TEST_STEP][PASSED] - click: Object: 'Object Repository/Single verbatim without login//i_fa fa-location-arrow w3-text (1)' is clicked on

2560-11-07 13:48:47 - [MESSAGE][PASSED] - Object: 'Object Repository/Single verbatim without login//i_fa fa-location-arrow w3-text (1)' is clicked on

2560-11-07 13:48:47 - [TEST_STEP][PASSED] - verifyElementPresent: Object 'Object Repository/single verbatim with login/span_Verbatim is not null' is present

2560-11-07 13:48:47 - [MESSAGE][PASSED] - Object 'Object Repository/single verbatim with login/span_Verbatim is not null' is present

2560-11-07 13:48:47 - [TEST_STEP][PASSED] - setText: Text 'บริการดีแต่รอคิวนาน' is set on object 'Object Repository/Single verbatim without login/input_input-text w3-large inpu'

2560-11-07 13:48:47 - [MESSAGE][PASSED] - Text 'บริการดีแต่รอคิวนาน' is set on object 'Object Repository/Single verbatim without login/input_input-text w3-large inpu'

2560-11-07 13:48:47 - [TEST_STEP][PASSED] - click: Object: 'Object Repository/Single verbatim without login//i_fa fa-location-arrow w3-text (1)' is clicked on

2560-11-07 13:48:47 - [MESSAGE][PASSED] - Object: 'Object Repository/Single verbatim without login//i_fa fa-location-arrow w3-text (1)' is clicked on

2560-11-07 13:48:47 - [TEST_STEP][PASSED] - verifyElementPresent: Object 'Object Repository/Single verbatim without login//div_predict-result' is present

2560-11-07 13:49:06 - [MESSAGE][PASSED] - Object 'Object Repository/Single verbatim without login//div_predict-result' is present

2560-11-07 13:49:06 - [TEST_STEP][PASSED] - verifyElementPresent: Object 'Object Repository/Single verbatim without login//div_row' is present

2560-11-07 13:49:06 - [MESSAGE][PASSED] - Object 'Object Repository/Single verbatim without login//div_row' is present

2560-11-07 13:49:06 - [TEST_STEP][PASSED] - setText: Text 'โคยยยยย' is set on object 'Object Repository/Single verbatim without login/input_input-text w3-large inpu'

2560-11-07 13:49:06 - [MESSAGE][PASSED] - Text 'โคยยยยย' is set on object 'Object Repository/Single verbatim without login/input_input-text w3-large inpu'

2560-11-07 13:49:06 - [TEST_STEP][PASSED] - click: Object: 'Object Repository/Single verbatim without login//i_fa fa-location-arrow w3-text (1)' is clicked on

2560-11-07 13:49:06 - [MESSAGE][PASSED] - Object: 'Object Repository/Single verbatim without login//i_fa fa-location-arrow w3-text (1)' is clicked on

2560-11-07 13:49:06 - [TEST_STEP][PASSED] - verifyElementPresent: Object 'Object Repository/Single verbatim without login//div_predict-result (1)' is present

2560-11-07 13:49:26 - [MESSAGE][PASSED] - Object 'Object Repository/Single verbatim without login//div_predict-result (1)' is present

2560-11-07 13:49:26 - [TEST_STEP][PASSED] - verifyElementPresent: Object 'Object Repository/single verbatim with login/img' is present

2560-11-07 13:49:26 - [MESSAGE][PASSED] - Object 'Object Repository/single verbatim with login/img' is present

2560-11-07 13:49:26 - [TEST_STEP][NOT_RUN] - closeBrowser: NOT_RUN: closeBrowser

2560-11-07 13:49:26 - [MESSAGE][NOT_RUN] - NOT_RUN: closeBrowser]]></system-out>
         <system-err><![CDATA[]]></system-err>
      </testcase>
      <testcase name="Test Cases/2. Login/Sign Up" classname="Test Cases/2. Login/Sign Up" status="PASSED">
         <system-out><![CDATA[2560-11-07 13:49:26 - [TEST_CASE][PASSED] - Test Cases/2. Login/Sign Up: Test Cases/2. Login/Sign Up

2560-11-07 13:49:26 - [TEST_STEP][NOT_RUN] - openBrowser: NOT_RUN: openBrowser

2560-11-07 13:49:26 - [MESSAGE][NOT_RUN] - NOT_RUN: openBrowser

2560-11-07 13:49:26 - [TEST_STEP][NOT_RUN] - maximizeWindow: NOT_RUN: maximizeWindow

2560-11-07 13:49:26 - [MESSAGE][NOT_RUN] - NOT_RUN: maximizeWindow

2560-11-07 13:49:26 - [TEST_STEP][NOT_RUN] - navigateToUrl: NOT_RUN: navigateToUrl

2560-11-07 13:49:26 - [MESSAGE][NOT_RUN] - NOT_RUN: navigateToUrl

2560-11-07 13:49:26 - [TEST_STEP][PASSED] - click: Object: 'Object Repository/signup/start/span_Login' is clicked on

2560-11-07 13:49:26 - [MESSAGE][PASSED] - Object: 'Object Repository/signup/start/span_Login' is clicked on

2560-11-07 13:49:26 - [TEST_STEP][PASSED] - scrollToElement: Scroll to object 'Object Repository/signup/login/a_Sign Up' successfully

2560-11-07 13:49:26 - [MESSAGE][PASSED] - Scroll to object 'Object Repository/signup/login/a_Sign Up' successfully

2560-11-07 13:49:26 - [TEST_STEP][PASSED] - click: Object: 'Object Repository/signup/login/a_Sign Up' is clicked on

2560-11-07 13:49:27 - [MESSAGE][PASSED] - Object: 'Object Repository/signup/login/a_Sign Up' is clicked on

2560-11-07 13:49:27 - [TEST_STEP][PASSED] - Statement - date = new java.util.Date(): null

2560-11-07 13:49:27 - [TEST_STEP][PASSED] - Statement - df = new java.text.SimpleDateFormat(): null

2560-11-07 13:49:27 - [TEST_STEP][PASSED] - Statement - df.applyPattern("ddmmyyyyHHmmss"): null

2560-11-07 13:49:27 - [TEST_STEP][PASSED] - setText: Text 'Creme' is set on object 'Object Repository/signup/signup/input_username'

2560-11-07 13:49:27 - [MESSAGE][PASSED] - Text 'Creme' is set on object 'Object Repository/signup/signup/input_username'

2560-11-07 13:49:27 - [TEST_STEP][PASSED] - setText: Text '1234' is set on object 'Object Repository/signup/signup/input_password'

2560-11-07 13:49:27 - [MESSAGE][PASSED] - Text '1234' is set on object 'Object Repository/signup/signup/input_password'

2560-11-07 13:49:27 - [TEST_STEP][PASSED] - setText: Text '1234' is set on object 'Object Repository/signup/signup/input_cfpassword'

2560-11-07 13:49:28 - [MESSAGE][PASSED] - Text '1234' is set on object 'Object Repository/signup/signup/input_cfpassword'

2560-11-07 13:49:28 - [TEST_STEP][PASSED] - setText: Text 'Piratchana' is set on object 'Object Repository/signup/signup/input_first_name'

2560-11-07 13:49:28 - [MESSAGE][PASSED] - Text 'Piratchana' is set on object 'Object Repository/signup/signup/input_first_name'

2560-11-07 13:49:28 - [TEST_STEP][PASSED] - setText: Text 'Maksub' is set on object 'Object Repository/signup/signup/input_last_name'

2560-11-07 13:49:28 - [MESSAGE][PASSED] - Text 'Maksub' is set on object 'Object Repository/signup/signup/input_last_name'

2560-11-07 13:49:28 - [TEST_STEP][PASSED] - setText: Text 'Cprcn@gmail.com' is set on object 'Object Repository/signup/signup/input_email'

2560-11-07 13:49:28 - [MESSAGE][PASSED] - Text 'Cprcn@gmail.com' is set on object 'Object Repository/signup/signup/input_email'

2560-11-07 13:49:28 - [TEST_STEP][PASSED] - selectOptionByValue: All options with value '1' are selected in object 'Object Repository/signup/signup/select_question'  using regular expression

2560-11-07 13:49:29 - [MESSAGE][PASSED] - All options with value '1' are selected in object 'Object Repository/signup/signup/select_question'  using regular expression

2560-11-07 13:49:29 - [TEST_STEP][PASSED] - setText: Text 'Dog' is set on object 'Object Repository/signup/signup/input_answer'

2560-11-07 13:49:29 - [MESSAGE][PASSED] - Text 'Dog' is set on object 'Object Repository/signup/signup/input_answer'

2560-11-07 13:49:29 - [TEST_STEP][PASSED] - verifyElementNotClickable: Object 'Object Repository/signup/signup/button_Sign Up' is NOT clickable

2560-11-07 13:49:29 - [MESSAGE][PASSED] - Object 'Object Repository/signup/signup/button_Sign Up' is NOT clickable

2560-11-07 13:49:29 - [TEST_STEP][PASSED] - uploadFile: File 'C:\Penguins.jpg' sent to object: 'Object Repository/signup/signup/input_file-input'

2560-11-07 13:49:29 - [MESSAGE][PASSED] - File 'C:\Penguins.jpg' sent to object: 'Object Repository/signup/signup/input_file-input'

2560-11-07 13:49:29 - [TEST_STEP][PASSED] - setText: Text 'e' is set on object 'Object Repository/signup/signup/input_username'

2560-11-07 13:49:29 - [MESSAGE][PASSED] - Text 'e' is set on object 'Object Repository/signup/signup/input_username'

2560-11-07 13:49:29 - [TEST_STEP][PASSED] - sendKeys: Keys 'BACK_SPACE + ' sent to object: 'Object Repository/signup/signup/input_username'

2560-11-07 13:49:29 - [MESSAGE][PASSED] - Keys 'BACK_SPACE + ' sent to object: 'Object Repository/signup/signup/input_username'

2560-11-07 13:49:29 - [TEST_STEP][PASSED] - verifyElementNotClickable: Object 'Object Repository/signup/signup/button_Sign Up' is NOT clickable

2560-11-07 13:49:29 - [MESSAGE][PASSED] - Object 'Object Repository/signup/signup/button_Sign Up' is NOT clickable

2560-11-07 13:49:29 - [TEST_STEP][PASSED] - verifyElementPresent: Object 'Object Repository/signup/signup/Required/div_Username is required.' is present

2560-11-07 13:49:29 - [MESSAGE][PASSED] - Object 'Object Repository/signup/signup/Required/div_Username is required.' is present

2560-11-07 13:49:29 - [TEST_STEP][PASSED] - setText: Text 'Creme' is set on object 'Object Repository/signup/signup/input_username'

2560-11-07 13:49:30 - [MESSAGE][PASSED] - Text 'Creme' is set on object 'Object Repository/signup/signup/input_username'

2560-11-07 13:49:30 - [TEST_STEP][PASSED] - waitForElementClickable: Object 'Object Repository/signup/signup//button_Sign Up' is clickable

2560-11-07 13:49:30 - [MESSAGE][PASSED] - Object 'Object Repository/signup/signup//button_Sign Up' is clickable

2560-11-07 13:49:30 - [TEST_STEP][PASSED] - click: Object: 'Object Repository/signup/signup/button_Sign Up' is clicked on

2560-11-07 13:49:30 - [MESSAGE][PASSED] - Object: 'Object Repository/signup/signup/button_Sign Up' is clicked on

2560-11-07 13:49:30 - [TEST_STEP][PASSED] - verifyElementPresent: Object 'Object Repository/signup/signup//div_Username is existing accou' is present

2560-11-07 13:49:31 - [MESSAGE][PASSED] - Object 'Object Repository/signup/signup//div_Username is existing accou' is present

2560-11-07 13:49:31 - [TEST_STEP][PASSED] - click: Object: 'Object Repository/signup/signup//button_' is clicked on

2560-11-07 13:49:31 - [MESSAGE][PASSED] - Object: 'Object Repository/signup/signup//button_' is clicked on

2560-11-07 13:49:31 - [TEST_STEP][PASSED] - setText: Text 'e' is set on object 'Object Repository/signup/signup/input_password'

2560-11-07 13:49:31 - [MESSAGE][PASSED] - Text 'e' is set on object 'Object Repository/signup/signup/input_password'

2560-11-07 13:49:31 - [TEST_STEP][PASSED] - sendKeys: Keys 'BACK_SPACE + ' sent to object: 'Object Repository/signup/signup/input_password'

2560-11-07 13:49:31 - [MESSAGE][PASSED] - Keys 'BACK_SPACE + ' sent to object: 'Object Repository/signup/signup/input_password'

2560-11-07 13:49:31 - [TEST_STEP][PASSED] - verifyElementNotClickable: Object 'Object Repository/signup/signup/button_Sign Up' is NOT clickable

2560-11-07 13:49:31 - [MESSAGE][PASSED] - Object 'Object Repository/signup/signup/button_Sign Up' is NOT clickable

2560-11-07 13:49:31 - [TEST_STEP][PASSED] - verifyElementPresent: Object 'Object Repository/signup/signup/Required/div_Password is required.' is present

2560-11-07 13:49:31 - [MESSAGE][PASSED] - Object 'Object Repository/signup/signup/Required/div_Password is required.' is present

2560-11-07 13:49:31 - [TEST_STEP][PASSED] - setText: Text '1234' is set on object 'Object Repository/signup/signup/input_password'

2560-11-07 13:49:31 - [MESSAGE][PASSED] - Text '1234' is set on object 'Object Repository/signup/signup/input_password'

2560-11-07 13:49:31 - [TEST_STEP][PASSED] - setText: Text '54321' is set on object 'Object Repository/signup/signup/input_cfpassword'

2560-11-07 13:49:32 - [MESSAGE][PASSED] - Text '54321' is set on object 'Object Repository/signup/signup/input_cfpassword'

2560-11-07 13:49:32 - [TEST_STEP][PASSED] - verifyElementNotClickable: Object 'Object Repository/signup/signup/button_Sign Up' is NOT clickable

2560-11-07 13:49:32 - [MESSAGE][PASSED] - Object 'Object Repository/signup/signup/button_Sign Up' is NOT clickable

2560-11-07 13:49:32 - [TEST_STEP][PASSED] - verifyElementPresent: Object 'Object Repository/signup/signup/div_Password and Confirm Passw' is present

2560-11-07 13:49:32 - [MESSAGE][PASSED] - Object 'Object Repository/signup/signup/div_Password and Confirm Passw' is present

2560-11-07 13:49:32 - [TEST_STEP][PASSED] - setText: Text 'e' is set on object 'Object Repository/signup/signup/input_cfpassword'

2560-11-07 13:49:32 - [MESSAGE][PASSED] - Text 'e' is set on object 'Object Repository/signup/signup/input_cfpassword'

2560-11-07 13:49:32 - [TEST_STEP][PASSED] - sendKeys: Keys 'BACK_SPACE + ' sent to object: 'Object Repository/signup/signup/input_cfpassword'

2560-11-07 13:49:32 - [MESSAGE][PASSED] - Keys 'BACK_SPACE + ' sent to object: 'Object Repository/signup/signup/input_cfpassword'

2560-11-07 13:49:32 - [TEST_STEP][PASSED] - verifyElementNotClickable: Object 'Object Repository/signup/signup/button_Sign Up' is NOT clickable

2560-11-07 13:49:32 - [MESSAGE][PASSED] - Object 'Object Repository/signup/signup/button_Sign Up' is NOT clickable

2560-11-07 13:49:32 - [TEST_STEP][PASSED] - verifyElementPresent: Object 'Object Repository/signup/signup/div_Password and Confirm Passw' is present

2560-11-07 13:49:32 - [MESSAGE][PASSED] - Object 'Object Repository/signup/signup/div_Password and Confirm Passw' is present

2560-11-07 13:49:32 - [TEST_STEP][PASSED] - setText: Text '1234' is set on object 'Object Repository/signup/signup/input_cfpassword'

2560-11-07 13:49:33 - [MESSAGE][PASSED] - Text '1234' is set on object 'Object Repository/signup/signup/input_cfpassword'

2560-11-07 13:49:33 - [TEST_STEP][PASSED] - setText: Text 'e' is set on object 'Object Repository/signup/signup/input_first_name'

2560-11-07 13:49:33 - [MESSAGE][PASSED] - Text 'e' is set on object 'Object Repository/signup/signup/input_first_name'

2560-11-07 13:49:33 - [TEST_STEP][PASSED] - sendKeys: Keys 'BACK_SPACE + ' sent to object: 'Object Repository/signup/signup/input_first_name'

2560-11-07 13:49:33 - [MESSAGE][PASSED] - Keys 'BACK_SPACE + ' sent to object: 'Object Repository/signup/signup/input_first_name'

2560-11-07 13:49:33 - [TEST_STEP][PASSED] - verifyElementNotClickable: Object 'Object Repository/signup/signup/button_Sign Up' is NOT clickable

2560-11-07 13:49:33 - [MESSAGE][PASSED] - Object 'Object Repository/signup/signup/button_Sign Up' is NOT clickable

2560-11-07 13:49:33 - [TEST_STEP][PASSED] - verifyElementPresent: Object 'Object Repository/signup/signup/Required/div_Firstname is required.' is present

2560-11-07 13:49:33 - [MESSAGE][PASSED] - Object 'Object Repository/signup/signup/Required/div_Firstname is required.' is present

2560-11-07 13:49:33 - [TEST_STEP][PASSED] - setText: Text '55555' is set on object 'Object Repository/signup/signup/input_first_name'

2560-11-07 13:49:34 - [MESSAGE][PASSED] - Text '55555' is set on object 'Object Repository/signup/signup/input_first_name'

2560-11-07 13:49:34 - [TEST_STEP][PASSED] - verifyElementNotClickable: Object 'Object Repository/signup/signup/button_Sign Up' is NOT clickable

2560-11-07 13:49:34 - [MESSAGE][PASSED] - Object 'Object Repository/signup/signup/button_Sign Up' is NOT clickable

2560-11-07 13:49:34 - [TEST_STEP][PASSED] - verifyElementPresent: Object 'Object Repository/signup/signup//div_Firstname is not pattern.' is present

2560-11-07 13:49:34 - [MESSAGE][PASSED] - Object 'Object Repository/signup/signup//div_Firstname is not pattern.' is present

2560-11-07 13:49:34 - [TEST_STEP][PASSED] - setText: Text 'Piratchana' is set on object 'Object Repository/signup/signup/input_first_name'

2560-11-07 13:49:34 - [MESSAGE][PASSED] - Text 'Piratchana' is set on object 'Object Repository/signup/signup/input_first_name'

2560-11-07 13:49:34 - [TEST_STEP][PASSED] - setText: Text 'e' is set on object 'Object Repository/signup/signup/input_last_name'

2560-11-07 13:49:34 - [MESSAGE][PASSED] - Text 'e' is set on object 'Object Repository/signup/signup/input_last_name'

2560-11-07 13:49:34 - [TEST_STEP][PASSED] - sendKeys: Keys 'BACK_SPACE + ' sent to object: 'Object Repository/signup/signup/input_last_name'

2560-11-07 13:49:34 - [MESSAGE][PASSED] - Keys 'BACK_SPACE + ' sent to object: 'Object Repository/signup/signup/input_last_name'

2560-11-07 13:49:34 - [TEST_STEP][PASSED] - verifyElementNotClickable: Object 'Object Repository/signup/signup/button_Sign Up' is NOT clickable

2560-11-07 13:49:34 - [MESSAGE][PASSED] - Object 'Object Repository/signup/signup/button_Sign Up' is NOT clickable

2560-11-07 13:49:34 - [TEST_STEP][PASSED] - verifyElementPresent: Object 'Object Repository/signup/signup/Required/div_Lastname is required.' is present

2560-11-07 13:49:35 - [MESSAGE][PASSED] - Object 'Object Repository/signup/signup/Required/div_Lastname is required.' is present

2560-11-07 13:49:35 - [TEST_STEP][PASSED] - setText: Text '55555' is set on object 'Object Repository/signup/signup/input_last_name'

2560-11-07 13:49:35 - [MESSAGE][PASSED] - Text '55555' is set on object 'Object Repository/signup/signup/input_last_name'

2560-11-07 13:49:35 - [TEST_STEP][PASSED] - verifyElementNotClickable: Object 'Object Repository/signup/signup/button_Sign Up' is NOT clickable

2560-11-07 13:49:35 - [MESSAGE][PASSED] - Object 'Object Repository/signup/signup/button_Sign Up' is NOT clickable

2560-11-07 13:49:35 - [TEST_STEP][PASSED] - verifyElementPresent: Object 'Object Repository/signup/signup//div_Lastname is not pattern.' is present

2560-11-07 13:49:36 - [MESSAGE][PASSED] - Object 'Object Repository/signup/signup//div_Lastname is not pattern.' is present

2560-11-07 13:49:36 - [TEST_STEP][PASSED] - setText: Text 'Maksub' is set on object 'Object Repository/signup/signup/input_last_name'

2560-11-07 13:49:36 - [MESSAGE][PASSED] - Text 'Maksub' is set on object 'Object Repository/signup/signup/input_last_name'

2560-11-07 13:49:36 - [TEST_STEP][PASSED] - setText: Text 'e' is set on object 'Object Repository/signup/signup/input_email'

2560-11-07 13:49:36 - [MESSAGE][PASSED] - Text 'e' is set on object 'Object Repository/signup/signup/input_email'

2560-11-07 13:49:36 - [TEST_STEP][PASSED] - sendKeys: Keys 'BACK_SPACE + ' sent to object: 'Object Repository/signup/signup/input_email'

2560-11-07 13:49:36 - [MESSAGE][PASSED] - Keys 'BACK_SPACE + ' sent to object: 'Object Repository/signup/signup/input_email'

2560-11-07 13:49:36 - [TEST_STEP][PASSED] - verifyElementNotClickable: Object 'Object Repository/signup/signup/button_Sign Up' is NOT clickable

2560-11-07 13:49:36 - [MESSAGE][PASSED] - Object 'Object Repository/signup/signup/button_Sign Up' is NOT clickable

2560-11-07 13:49:36 - [TEST_STEP][PASSED] - verifyElementPresent: Object 'Object Repository/signup/signup/Required/div_Email is required.' is present

2560-11-07 13:49:36 - [MESSAGE][PASSED] - Object 'Object Repository/signup/signup/Required/div_Email is required.' is present

2560-11-07 13:49:36 - [TEST_STEP][PASSED] - setText: Text 'Cprcnnnnnn' is set on object 'Object Repository/signup/signup/input_email'

2560-11-07 13:49:37 - [MESSAGE][PASSED] - Text 'Cprcnnnnnn' is set on object 'Object Repository/signup/signup/input_email'

2560-11-07 13:49:37 - [TEST_STEP][PASSED] - verifyElementNotClickable: Object 'Object Repository/signup/signup/button_Sign Up' is NOT clickable

2560-11-07 13:49:37 - [MESSAGE][PASSED] - Object 'Object Repository/signup/signup/button_Sign Up' is NOT clickable

2560-11-07 13:49:37 - [TEST_STEP][PASSED] - verifyElementPresent: Object 'Object Repository/signup/signup//div_Email is not pattern.' is present

2560-11-07 13:49:37 - [MESSAGE][PASSED] - Object 'Object Repository/signup/signup//div_Email is not pattern.' is present

2560-11-07 13:49:37 - [TEST_STEP][PASSED] - setText: Text 'Cprcn@gmail.com' is set on object 'Object Repository/signup/signup/input_email'

2560-11-07 13:49:37 - [MESSAGE][PASSED] - Text 'Cprcn@gmail.com' is set on object 'Object Repository/signup/signup/input_email'

2560-11-07 13:49:37 - [TEST_STEP][PASSED] - selectOptionByIndex: All options with index in [0] are selected on object 'Object Repository/signup/signup/select_question'

2560-11-07 13:49:38 - [MESSAGE][PASSED] - All options with index in [0] are selected on object 'Object Repository/signup/signup/select_question'

2560-11-07 13:49:38 - [TEST_STEP][PASSED] - verifyElementNotClickable: Object 'Object Repository/signup/signup/button_Sign Up' is NOT clickable

2560-11-07 13:49:38 - [MESSAGE][PASSED] - Object 'Object Repository/signup/signup/button_Sign Up' is NOT clickable

2560-11-07 13:49:38 - [TEST_STEP][PASSED] - verifyElementPresent: Object 'Object Repository/signup/signup/Required/div_Question is required.' is present

2560-11-07 13:49:38 - [MESSAGE][PASSED] - Object 'Object Repository/signup/signup/Required/div_Question is required.' is present

2560-11-07 13:49:38 - [TEST_STEP][PASSED] - selectOptionByValue: All options with value '1' are selected in object 'Object Repository/signup/signup/select_question'  using regular expression

2560-11-07 13:49:38 - [MESSAGE][PASSED] - All options with value '1' are selected in object 'Object Repository/signup/signup/select_question'  using regular expression

2560-11-07 13:49:38 - [TEST_STEP][PASSED] - setText: Text 'e' is set on object 'Object Repository/signup/signup/input_answer'

2560-11-07 13:49:38 - [MESSAGE][PASSED] - Text 'e' is set on object 'Object Repository/signup/signup/input_answer'

2560-11-07 13:49:38 - [TEST_STEP][PASSED] - sendKeys: Keys 'BACK_SPACE + ' sent to object: 'Object Repository/signup/signup/input_answer'

2560-11-07 13:49:38 - [MESSAGE][PASSED] - Keys 'BACK_SPACE + ' sent to object: 'Object Repository/signup/signup/input_answer'

2560-11-07 13:49:38 - [TEST_STEP][PASSED] - verifyElementNotClickable: Object 'Object Repository/signup/signup/button_Sign Up' is NOT clickable

2560-11-07 13:49:38 - [MESSAGE][PASSED] - Object 'Object Repository/signup/signup/button_Sign Up' is NOT clickable

2560-11-07 13:49:39 - [TEST_STEP][PASSED] - verifyElementPresent: Object 'Object Repository/signup/signup/Required/div_Answer is required.' is present

2560-11-07 13:49:39 - [MESSAGE][PASSED] - Object 'Object Repository/signup/signup/Required/div_Answer is required.' is present

2560-11-07 13:49:39 - [TEST_STEP][PASSED] - setText: Text 'Dog' is set on object 'Object Repository/signup/signup/input_answer'

2560-11-07 13:49:39 - [MESSAGE][PASSED] - Text 'Dog' is set on object 'Object Repository/signup/signup/input_answer'

2560-11-07 13:49:39 - [TEST_STEP][PASSED] - setText: Text '07492560134927' is set on object 'Object Repository/signup/signup/input_username'

2560-11-07 13:49:39 - [MESSAGE][PASSED] - Text '07492560134927' is set on object 'Object Repository/signup/signup/input_username'

2560-11-07 13:49:39 - [TEST_STEP][PASSED] - click: Object: 'Object Repository/signup/signup/button_Sign Up' is clicked on

2560-11-07 13:49:39 - [MESSAGE][PASSED] - Object: 'Object Repository/signup/signup/button_Sign Up' is clicked on

2560-11-07 13:49:39 - [TEST_STEP][PASSED] - verifyElementPresent: Object 'Object Repository/signup/signup/div_Sign Up Successful' is present

2560-11-07 13:49:40 - [MESSAGE][PASSED] - Object 'Object Repository/signup/signup/div_Sign Up Successful' is present

2560-11-07 13:49:40 - [TEST_STEP][PASSED] - click: Object: 'Object Repository/signup/signup//button_' is clicked on

2560-11-07 13:49:40 - [MESSAGE][PASSED] - Object: 'Object Repository/signup/signup//button_' is clicked on

2560-11-07 13:49:40 - [TEST_STEP][PASSED] - scrollToElement: Scroll to object 'Object Repository/signup/start/span_Login' successfully

2560-11-07 13:49:40 - [MESSAGE][PASSED] - Scroll to object 'Object Repository/signup/start/span_Login' successfully

2560-11-07 13:49:40 - [TEST_STEP][NOT_RUN] - closeBrowser: NOT_RUN: closeBrowser

2560-11-07 13:49:40 - [MESSAGE][NOT_RUN] - NOT_RUN: closeBrowser]]></system-out>
         <system-err><![CDATA[]]></system-err>
      </testcase>
      <testcase name="Test Cases/2. Login/Login" classname="Test Cases/2. Login/Login" status="PASSED">
         <system-out><![CDATA[2560-11-07 13:49:40 - [TEST_CASE][PASSED] - Test Cases/2. Login/Login: Test Cases/2. Login/Login

2560-11-07 13:49:40 - [TEST_STEP][NOT_RUN] - openBrowser: NOT_RUN: openBrowser

2560-11-07 13:49:40 - [MESSAGE][NOT_RUN] - NOT_RUN: openBrowser

2560-11-07 13:49:40 - [TEST_STEP][NOT_RUN] - maximizeWindow: NOT_RUN: maximizeWindow

2560-11-07 13:49:40 - [MESSAGE][NOT_RUN] - NOT_RUN: maximizeWindow

2560-11-07 13:49:40 - [TEST_STEP][NOT_RUN] - navigateToUrl: NOT_RUN: navigateToUrl

2560-11-07 13:49:40 - [MESSAGE][NOT_RUN] - NOT_RUN: navigateToUrl

2560-11-07 13:49:40 - [TEST_STEP][PASSED] - click: Object: 'Object Repository/Page_Guru TMDA/span_Login' is clicked on

2560-11-07 13:49:40 - [MESSAGE][PASSED] - Object: 'Object Repository/Page_Guru TMDA/span_Login' is clicked on

2560-11-07 13:49:40 - [TEST_STEP][PASSED] - setText: Text '1234' is set on object 'Object Repository/Page_Guru TMDA (1)/input_ng-untouched ng-pristine'

2560-11-07 13:49:41 - [MESSAGE][PASSED] - Text '1234' is set on object 'Object Repository/Page_Guru TMDA (1)/input_ng-untouched ng-pristine'

2560-11-07 13:49:41 - [TEST_STEP][PASSED] - submit: The form containing object: 'Object Repository/Page_Guru TMDA (1)/button_Login' is submitted

2560-11-07 13:49:41 - [MESSAGE][PASSED] - The form containing object: 'Object Repository/Page_Guru TMDA (1)/button_Login' is submitted

2560-11-07 13:49:41 - [TEST_STEP][PASSED] - verifyElementPresent: Object 'Object Repository/Login/div_Username is not null.' is present

2560-11-07 13:49:41 - [MESSAGE][PASSED] - Object 'Object Repository/Login/div_Username is not null.' is present

2560-11-07 13:49:41 - [TEST_STEP][PASSED] - setText: Text 'Cremeee' is set on object 'Object Repository/Page_Guru TMDA (1)/input_ng-untouched ng-valid ng'

2560-11-07 13:49:41 - [MESSAGE][PASSED] - Text 'Cremeee' is set on object 'Object Repository/Page_Guru TMDA (1)/input_ng-untouched ng-valid ng'

2560-11-07 13:49:41 - [TEST_STEP][PASSED] - submit: The form containing object: 'Object Repository/Page_Guru TMDA (1)/button_Login' is submitted

2560-11-07 13:49:41 - [MESSAGE][PASSED] - The form containing object: 'Object Repository/Page_Guru TMDA (1)/button_Login' is submitted

2560-11-07 13:49:41 - [TEST_STEP][PASSED] - verifyElementPresent: Object 'Object Repository/Login/div_User Not Found' is present

2560-11-07 13:49:42 - [MESSAGE][PASSED] - Object 'Object Repository/Login/div_User Not Found' is present

2560-11-07 13:49:42 - [TEST_STEP][PASSED] - setText: Text 'bbb' is set on object 'Object Repository/Page_Guru TMDA (1)/input_ng-untouched ng-valid ng'

2560-11-07 13:49:42 - [MESSAGE][PASSED] - Text 'bbb' is set on object 'Object Repository/Page_Guru TMDA (1)/input_ng-untouched ng-valid ng'

2560-11-07 13:49:42 - [TEST_STEP][PASSED] - setText: Text 'bbb' is set on object 'Object Repository/Page_Guru TMDA (1)/input_ng-untouched ng-pristine'

2560-11-07 13:49:42 - [MESSAGE][PASSED] - Text 'bbb' is set on object 'Object Repository/Page_Guru TMDA (1)/input_ng-untouched ng-pristine'

2560-11-07 13:49:42 - [TEST_STEP][PASSED] - submit: The form containing object: 'Object Repository/Page_Guru TMDA (1)/button_Login' is submitted

2560-11-07 13:49:42 - [MESSAGE][PASSED] - The form containing object: 'Object Repository/Page_Guru TMDA (1)/button_Login' is submitted

2560-11-07 13:49:42 - [TEST_STEP][PASSED] - verifyElementPresent: Object 'Object Repository/Login/div_User Not Activate' is present

2560-11-07 13:49:42 - [MESSAGE][PASSED] - Object 'Object Repository/Login/div_User Not Activate' is present

2560-11-07 13:49:42 - [TEST_STEP][PASSED] - setText: Text 'Creme' is set on object 'Object Repository/Page_Guru TMDA (1)/input_ng-untouched ng-valid ng'

2560-11-07 13:49:42 - [MESSAGE][PASSED] - Text 'Creme' is set on object 'Object Repository/Page_Guru TMDA (1)/input_ng-untouched ng-valid ng'

2560-11-07 13:49:42 - [TEST_STEP][PASSED] - setText: Text 'e' is set on object 'Object Repository/Page_Guru TMDA (1)/input_ng-untouched ng-pristine'

2560-11-07 13:49:43 - [MESSAGE][PASSED] - Text 'e' is set on object 'Object Repository/Page_Guru TMDA (1)/input_ng-untouched ng-pristine'

2560-11-07 13:49:43 - [TEST_STEP][PASSED] - sendKeys: Keys 'BACK_SPACE + ' sent to object: 'Object Repository/Page_Guru TMDA (1)/input_ng-untouched ng-pristine'

2560-11-07 13:49:43 - [MESSAGE][PASSED] - Keys 'BACK_SPACE + ' sent to object: 'Object Repository/Page_Guru TMDA (1)/input_ng-untouched ng-pristine'

2560-11-07 13:49:43 - [TEST_STEP][PASSED] - submit: The form containing object: 'Object Repository/Page_Guru TMDA (1)/button_Login' is submitted

2560-11-07 13:49:43 - [MESSAGE][PASSED] - The form containing object: 'Object Repository/Page_Guru TMDA (1)/button_Login' is submitted

2560-11-07 13:49:43 - [TEST_STEP][PASSED] - verifyElementPresent: Object 'Object Repository/Login/div_Password is not null.' is present

2560-11-07 13:49:43 - [MESSAGE][PASSED] - Object 'Object Repository/Login/div_Password is not null.' is present

2560-11-07 13:49:43 - [TEST_STEP][PASSED] - setText: Text '55555' is set on object 'Object Repository/Page_Guru TMDA (1)/input_ng-untouched ng-pristine'

2560-11-07 13:49:43 - [MESSAGE][PASSED] - Text '55555' is set on object 'Object Repository/Page_Guru TMDA (1)/input_ng-untouched ng-pristine'

2560-11-07 13:49:43 - [TEST_STEP][PASSED] - submit: The form containing object: 'Object Repository/Page_Guru TMDA (1)/button_Login' is submitted

2560-11-07 13:49:43 - [MESSAGE][PASSED] - The form containing object: 'Object Repository/Page_Guru TMDA (1)/button_Login' is submitted

2560-11-07 13:49:43 - [TEST_STEP][PASSED] - verifyElementPresent: Object 'Object Repository/Login/div_Incorrect Password' is present

2560-11-07 13:49:43 - [MESSAGE][PASSED] - Object 'Object Repository/Login/div_Incorrect Password' is present

2560-11-07 13:49:43 - [TEST_STEP][PASSED] - setText: Text '1234' is set on object 'Object Repository/Page_Guru TMDA (1)/input_ng-untouched ng-pristine'

2560-11-07 13:49:44 - [MESSAGE][PASSED] - Text '1234' is set on object 'Object Repository/Page_Guru TMDA (1)/input_ng-untouched ng-pristine'

2560-11-07 13:49:44 - [TEST_STEP][PASSED] - submit: The form containing object: 'Object Repository/Page_Guru TMDA (1)/button_Login' is submitted

2560-11-07 13:49:44 - [MESSAGE][PASSED] - The form containing object: 'Object Repository/Page_Guru TMDA (1)/button_Login' is submitted

2560-11-07 13:49:44 - [TEST_STEP][PASSED] - verifyElementPresent: Object 'Object Repository/Page_Guru TMDA (7)/a_Help' is present

2560-11-07 13:49:44 - [MESSAGE][WARNING] - Timeout '0' is invalid. Using default page load timeout: '30'

2560-11-07 13:49:44 - [MESSAGE][PASSED] - Object 'Object Repository/Page_Guru TMDA (7)/a_Help' is present

2560-11-07 13:49:44 - [TEST_STEP][NOT_RUN] - closeBrowser: NOT_RUN: closeBrowser

2560-11-07 13:49:44 - [MESSAGE][NOT_RUN] - NOT_RUN: closeBrowser]]></system-out>
         <system-err><![CDATA[]]></system-err>
      </testcase>
      <testcase name="Test Cases/3. Menu Text Prediction/Single Verbatim with login" classname="Test Cases/3. Menu Text Prediction/Single Verbatim with login" status="PASSED">
         <system-out><![CDATA[2560-11-07 13:49:44 - [TEST_CASE][PASSED] - Test Cases/3. Menu Text Prediction/Single Verbatim with login: Test Cases/3. Menu Text Prediction/Single Verbatim with login

2560-11-07 13:49:44 - [TEST_STEP][NOT_RUN] - openBrowser: NOT_RUN: openBrowser

2560-11-07 13:49:44 - [MESSAGE][NOT_RUN] - NOT_RUN: openBrowser

2560-11-07 13:49:44 - [TEST_STEP][NOT_RUN] - maximizeWindow: NOT_RUN: maximizeWindow

2560-11-07 13:49:44 - [MESSAGE][NOT_RUN] - NOT_RUN: maximizeWindow

2560-11-07 13:49:44 - [TEST_STEP][NOT_RUN] - navigateToUrl: NOT_RUN: navigateToUrl

2560-11-07 13:49:44 - [MESSAGE][NOT_RUN] - NOT_RUN: navigateToUrl

2560-11-07 13:49:44 - [TEST_STEP][NOT_RUN] - click: NOT_RUN: click

2560-11-07 13:49:44 - [MESSAGE][NOT_RUN] - NOT_RUN: click

2560-11-07 13:49:44 - [TEST_STEP][NOT_RUN] - setText: NOT_RUN: setText

2560-11-07 13:49:44 - [MESSAGE][NOT_RUN] - NOT_RUN: setText

2560-11-07 13:49:44 - [TEST_STEP][NOT_RUN] - setText: NOT_RUN: setText

2560-11-07 13:49:44 - [MESSAGE][NOT_RUN] - NOT_RUN: setText

2560-11-07 13:49:44 - [TEST_STEP][NOT_RUN] - click: NOT_RUN: click

2560-11-07 13:49:44 - [MESSAGE][NOT_RUN] - NOT_RUN: click

2560-11-07 13:49:44 - [TEST_STEP][PASSED] - click: Object: 'Object Repository/Page single/Page_Guru TMDA/button_btn btn-link' is clicked on

2560-11-07 13:49:44 - [MESSAGE][PASSED] - Object: 'Object Repository/Page single/Page_Guru TMDA/button_btn btn-link' is clicked on

2560-11-07 13:49:44 - [TEST_STEP][PASSED] - verifyElementPresent: Object 'Object Repository/single verbatim with login/span_Verbatim is not null' is present

2560-11-07 13:49:44 - [MESSAGE][PASSED] - Object 'Object Repository/single verbatim with login/span_Verbatim is not null' is present

2560-11-07 13:49:44 - [TEST_STEP][PASSED] - setText: Text 'บริการดีแต่รอคิวนาน' is set on object 'Object Repository/Page_Guru TMDA (2)/input_input-text w3-large inpu'

2560-11-07 13:49:45 - [MESSAGE][PASSED] - Text 'บริการดีแต่รอคิวนาน' is set on object 'Object Repository/Page_Guru TMDA (2)/input_input-text w3-large inpu'

2560-11-07 13:49:45 - [TEST_STEP][PASSED] - click: Object: 'Object Repository/Page single/Page_Guru TMDA/button_btn btn-link' is clicked on

2560-11-07 13:49:45 - [MESSAGE][PASSED] - Object: 'Object Repository/Page single/Page_Guru TMDA/button_btn btn-link' is clicked on

2560-11-07 13:49:45 - [TEST_STEP][PASSED] - verifyElementPresent: Object 'Object Repository/Page_Guru TMDA (2)/div_row' is present

2560-11-07 13:50:03 - [MESSAGE][PASSED] - Object 'Object Repository/Page_Guru TMDA (2)/div_row' is present

2560-11-07 13:50:03 - [TEST_STEP][PASSED] - verifyElementPresent: Object 'Object Repository/Page_Guru TMDA (2)/div_predict-result' is present

2560-11-07 13:50:03 - [MESSAGE][PASSED] - Object 'Object Repository/Page_Guru TMDA (2)/div_predict-result' is present

2560-11-07 13:50:03 - [TEST_STEP][PASSED] - setText: Text 'โคยยยยย' is set on object 'Object Repository/Page_Guru TMDA (2)/input_input-text w3-large inpu'

2560-11-07 13:50:03 - [MESSAGE][PASSED] - Text 'โคยยยยย' is set on object 'Object Repository/Page_Guru TMDA (2)/input_input-text w3-large inpu'

2560-11-07 13:50:03 - [TEST_STEP][PASSED] - click: Object: 'Object Repository/single verbatim with login//button_btn btn-link' is clicked on

2560-11-07 13:50:03 - [MESSAGE][PASSED] - Object: 'Object Repository/single verbatim with login//button_btn btn-link' is clicked on

2560-11-07 13:50:03 - [TEST_STEP][PASSED] - verifyElementPresent: Object 'Object Repository/Page_Guru TMDA (2)/div_predict-result' is present

2560-11-07 13:50:22 - [MESSAGE][PASSED] - Object 'Object Repository/Page_Guru TMDA (2)/div_predict-result' is present

2560-11-07 13:50:22 - [TEST_STEP][PASSED] - verifyElementPresent: Object 'Object Repository/single verbatim with login/img' is present

2560-11-07 13:50:22 - [MESSAGE][PASSED] - Object 'Object Repository/single verbatim with login/img' is present

2560-11-07 13:50:22 - [TEST_STEP][NOT_RUN] - closeBrowser: NOT_RUN: closeBrowser

2560-11-07 13:50:22 - [MESSAGE][NOT_RUN] - NOT_RUN: closeBrowser]]></system-out>
         <system-err><![CDATA[]]></system-err>
      </testcase>
      <testcase name="Test Cases/3. Menu Text Prediction/Upload File without labelling" classname="Test Cases/3. Menu Text Prediction/Upload File without labelling" status="PASSED">
         <system-out><![CDATA[2560-11-07 13:50:22 - [TEST_CASE][PASSED] - Test Cases/3. Menu Text Prediction/Upload File without labelling: Test Cases/3. Menu Text Prediction/Upload File without labelling

2560-11-07 13:50:23 - [TEST_STEP][NOT_RUN] - openBrowser: NOT_RUN: openBrowser

2560-11-07 13:50:23 - [MESSAGE][NOT_RUN] - NOT_RUN: openBrowser

2560-11-07 13:50:23 - [TEST_STEP][NOT_RUN] - maximizeWindow: NOT_RUN: maximizeWindow

2560-11-07 13:50:23 - [MESSAGE][NOT_RUN] - NOT_RUN: maximizeWindow

2560-11-07 13:50:23 - [TEST_STEP][NOT_RUN] - navigateToUrl: NOT_RUN: navigateToUrl

2560-11-07 13:50:23 - [MESSAGE][NOT_RUN] - NOT_RUN: navigateToUrl

2560-11-07 13:50:23 - [TEST_STEP][NOT_RUN] - click: NOT_RUN: click

2560-11-07 13:50:23 - [MESSAGE][NOT_RUN] - NOT_RUN: click

2560-11-07 13:50:23 - [TEST_STEP][NOT_RUN] - setText: NOT_RUN: setText

2560-11-07 13:50:23 - [MESSAGE][NOT_RUN] - NOT_RUN: setText

2560-11-07 13:50:23 - [TEST_STEP][NOT_RUN] - setText: NOT_RUN: setText

2560-11-07 13:50:23 - [MESSAGE][NOT_RUN] - NOT_RUN: setText

2560-11-07 13:50:23 - [TEST_STEP][NOT_RUN] - click: NOT_RUN: click

2560-11-07 13:50:23 - [MESSAGE][NOT_RUN] - NOT_RUN: click

2560-11-07 13:50:23 - [TEST_STEP][PASSED] - click: Object: 'Object Repository/Page_Guru TMDA (3)/a_Text Prediction' is clicked on

2560-11-07 13:50:23 - [MESSAGE][PASSED] - Object: 'Object Repository/Page_Guru TMDA (3)/a_Text Prediction' is clicked on

2560-11-07 13:50:23 - [TEST_STEP][PASSED] - click: Object: 'Object Repository/Page_Guru TMDA (3)/a_Upload File' is clicked on

2560-11-07 13:50:23 - [MESSAGE][PASSED] - Object: 'Object Repository/Page_Guru TMDA (3)/a_Upload File' is clicked on

2560-11-07 13:50:23 - [TEST_STEP][PASSED] - verifyElementNotClickable: Object 'Object Repository/Page_Guru TMDA (5)/button_Upload' is NOT clickable

2560-11-07 13:50:23 - [MESSAGE][PASSED] - Object 'Object Repository/Page_Guru TMDA (5)/button_Upload' is NOT clickable

2560-11-07 13:50:23 - [TEST_STEP][PASSED] - uploadFile: File 'C:\Penguins.jpg' sent to object: 'Object Repository/Page_Guru TMDA (6)/Page_Guru TMDA (4)/input_upfile'

2560-11-07 13:50:23 - [MESSAGE][PASSED] - File 'C:\Penguins.jpg' sent to object: 'Object Repository/Page_Guru TMDA (6)/Page_Guru TMDA (4)/input_upfile'

2560-11-07 13:50:23 - [TEST_STEP][PASSED] - waitForElementClickable: Object 'Object Repository/Page_Guru TMDA (5)/button_Upload' is clickable

2560-11-07 13:50:23 - [MESSAGE][PASSED] - Object 'Object Repository/Page_Guru TMDA (5)/button_Upload' is clickable

2560-11-07 13:50:23 - [TEST_STEP][PASSED] - click: Object: 'Object Repository/Page_Guru TMDA (5)/button_Upload' is clicked on

2560-11-07 13:50:24 - [MESSAGE][PASSED] - Object: 'Object Repository/Page_Guru TMDA (5)/button_Upload' is clicked on

2560-11-07 13:50:24 - [TEST_STEP][PASSED] - waitForElementNotPresent: Web element with id: 'Object Repository/Page_Guru TMDA (6)/Page_Guru TMDA (5)/Page_Guru TMDA/div_progress-bar-zone' located by 'By.xpath: //div[count(. | /html[1]/body[1]/my-app[1]/app-multiple-verbatim[1]/div[@class="popup-zone"]/div[@class="progress-bar-zone"]) = count(/html[1]/body[1]/my-app[1]/app-multiple-verbatim[1]/div[@class="popup-zone"]/div[@class="progress-bar-zone"])]' is not present after '5' second(s)

2560-11-07 13:50:25 - [MESSAGE][PASSED] - Web element with id: 'Object Repository/Page_Guru TMDA (6)/Page_Guru TMDA (5)/Page_Guru TMDA/div_progress-bar-zone' located by 'By.xpath: //div[count(. | /html[1]/body[1]/my-app[1]/app-multiple-verbatim[1]/div[@class="popup-zone"]/div[@class="progress-bar-zone"]) = count(/html[1]/body[1]/my-app[1]/app-multiple-verbatim[1]/div[@class="popup-zone"]/div[@class="progress-bar-zone"])]' is not present after '5' second(s)

2560-11-07 13:50:25 - [TEST_STEP][PASSED] - verifyElementPresent: Object 'Object Repository/Upload file without Labeling/Uploading/div_File Not Type of Excel' is present

2560-11-07 13:50:25 - [MESSAGE][PASSED] - Object 'Object Repository/Upload file without Labeling/Uploading/div_File Not Type of Excel' is present

2560-11-07 13:50:25 - [TEST_STEP][PASSED] - click: Object: 'Object Repository/Upload file without Labeling/Uploading/button_ close Not type of excel' is clicked on

2560-11-07 13:50:25 - [MESSAGE][PASSED] - Object: 'Object Repository/Upload file without Labeling/Uploading/button_ close Not type of excel' is clicked on

2560-11-07 13:50:25 - [TEST_STEP][PASSED] - waitForElementNotPresent: Web element with id: 'Object Repository/Upload file without Labeling/Uploading//div_File Not Type of Excel' located by 'By.xpath: //div[count(. | //*[@class = 'w3-xlarge w3-text-gray w3-padding-16']) = count(//*[@class = 'w3-xlarge w3-text-gray w3-padding-16'])][count(. | //*[text() = 'File Not Type of Excel!']) = count(//*[text() = 'File Not Type of Excel!'])][count(. | id("swal2-content")/div[@class="w3-white"]/div[@class="w3-xlarge w3-text-gray w3-padding-16"]) = count(id("swal2-content")/div[@class="w3-white"]/div[@class="w3-xlarge w3-text-gray w3-padding-16"])]' is not present after '5' second(s)

2560-11-07 13:50:26 - [MESSAGE][PASSED] - Web element with id: 'Object Repository/Upload file without Labeling/Uploading//div_File Not Type of Excel' located by 'By.xpath: //div[count(. | //*[@class = 'w3-xlarge w3-text-gray w3-padding-16']) = count(//*[@class = 'w3-xlarge w3-text-gray w3-padding-16'])][count(. | //*[text() = 'File Not Type of Excel!']) = count(//*[text() = 'File Not Type of Excel!'])][count(. | id("swal2-content")/div[@class="w3-white"]/div[@class="w3-xlarge w3-text-gray w3-padding-16"]) = count(id("swal2-content")/div[@class="w3-white"]/div[@class="w3-xlarge w3-text-gray w3-padding-16"])]' is not present after '5' second(s)

2560-11-07 13:50:26 - [TEST_STEP][PASSED] - uploadFile: File 'C:\test-Copy1.xlsx' sent to object: 'Object Repository/Page_Guru TMDA (6)/Page_Guru TMDA (4)/input_upfile'

2560-11-07 13:50:26 - [MESSAGE][PASSED] - File 'C:\test-Copy1.xlsx' sent to object: 'Object Repository/Page_Guru TMDA (6)/Page_Guru TMDA (4)/input_upfile'

2560-11-07 13:50:26 - [TEST_STEP][PASSED] - click: Object: 'Object Repository/Page_Guru TMDA (5)/button_Upload' is clicked on

2560-11-07 13:50:26 - [MESSAGE][PASSED] - Object: 'Object Repository/Page_Guru TMDA (5)/button_Upload' is clicked on

2560-11-07 13:50:26 - [TEST_STEP][PASSED] - waitForElementNotPresent: Web element with id: 'Object Repository/Page_Guru TMDA (6)/Page_Guru TMDA (5)/Page_Guru TMDA/div_progress-bar-zone' located by 'By.xpath: //div[count(. | /html[1]/body[1]/my-app[1]/app-multiple-verbatim[1]/div[@class="popup-zone"]/div[@class="progress-bar-zone"]) = count(/html[1]/body[1]/my-app[1]/app-multiple-verbatim[1]/div[@class="popup-zone"]/div[@class="progress-bar-zone"])]' is not present after '5' second(s)

2560-11-07 13:50:27 - [MESSAGE][PASSED] - Web element with id: 'Object Repository/Page_Guru TMDA (6)/Page_Guru TMDA (5)/Page_Guru TMDA/div_progress-bar-zone' located by 'By.xpath: //div[count(. | /html[1]/body[1]/my-app[1]/app-multiple-verbatim[1]/div[@class="popup-zone"]/div[@class="progress-bar-zone"]) = count(/html[1]/body[1]/my-app[1]/app-multiple-verbatim[1]/div[@class="popup-zone"]/div[@class="progress-bar-zone"])]' is not present after '5' second(s)

2560-11-07 13:50:27 - [TEST_STEP][NOT_RUN] - click: NOT_RUN: click

2560-11-07 13:50:27 - [MESSAGE][NOT_RUN] - NOT_RUN: click

2560-11-07 13:50:27 - [TEST_STEP][PASSED] - selectOptionByIndex: All options with index in [1] are selected on object 'Object Repository/Page_Guru TMDA (5)/select_sheet'

2560-11-07 13:50:27 - [MESSAGE][PASSED] - All options with index in [1] are selected on object 'Object Repository/Page_Guru TMDA (5)/select_sheet'

2560-11-07 13:50:27 - [TEST_STEP][PASSED] - waitForElementPresent: Object 'Object Repository/Page_Guru TMDA (6)/Page_Guru TMDA (1)/div_w3-padding-32 w3-center' is present

2560-11-07 13:50:30 - [MESSAGE][PASSED] - Object 'Object Repository/Page_Guru TMDA (6)/Page_Guru TMDA (1)/div_w3-padding-32 w3-center' is present

2560-11-07 13:50:30 - [TEST_STEP][PASSED] - verifyElementPresent: Object 'Object Repository/Upload file without Labeling/Uploading/div_Your file is not verified.' is present

2560-11-07 13:50:30 - [MESSAGE][PASSED] - Object 'Object Repository/Upload file without Labeling/Uploading/div_Your file is not verified.' is present

2560-11-07 13:50:30 - [TEST_STEP][PASSED] - click: Object: 'Object Repository/Upload file without Labeling/Uploading/button_ closeing Your file is not verified' is clicked on

2560-11-07 13:50:30 - [MESSAGE][PASSED] - Object: 'Object Repository/Upload file without Labeling/Uploading/button_ closeing Your file is not verified' is clicked on

2560-11-07 13:50:30 - [TEST_STEP][PASSED] - waitForElementNotPresent: Web element with id: 'Object Repository/Upload file without Labeling/Uploading/div_Your file is not verified.' located by 'By.xpath: //div[count(. | //*[@class = 'w3-xlarge w3-text-gray w3-padding-16']) = count(//*[@class = 'w3-xlarge w3-text-gray w3-padding-16'])][count(. | //*[text() = 'Your file is not verified.']) = count(//*[text() = 'Your file is not verified.'])][count(. | id("swal2-content")/div[@class="w3-white"]/div[@class="w3-xlarge w3-text-gray w3-padding-16"]) = count(id("swal2-content")/div[@class="w3-white"]/div[@class="w3-xlarge w3-text-gray w3-padding-16"])]' is not present after '5' second(s)

2560-11-07 13:50:31 - [MESSAGE][PASSED] - Web element with id: 'Object Repository/Upload file without Labeling/Uploading/div_Your file is not verified.' located by 'By.xpath: //div[count(. | //*[@class = 'w3-xlarge w3-text-gray w3-padding-16']) = count(//*[@class = 'w3-xlarge w3-text-gray w3-padding-16'])][count(. | //*[text() = 'Your file is not verified.']) = count(//*[text() = 'Your file is not verified.'])][count(. | id("swal2-content")/div[@class="w3-white"]/div[@class="w3-xlarge w3-text-gray w3-padding-16"]) = count(id("swal2-content")/div[@class="w3-white"]/div[@class="w3-xlarge w3-text-gray w3-padding-16"])]' is not present after '5' second(s)

2560-11-07 13:50:31 - [TEST_STEP][PASSED] - uploadFile: File 'C:\test1.xlsx' sent to object: 'Object Repository/Page_Guru TMDA (6)/Page_Guru TMDA (4)/input_upfile'

2560-11-07 13:50:31 - [MESSAGE][PASSED] - File 'C:\test1.xlsx' sent to object: 'Object Repository/Page_Guru TMDA (6)/Page_Guru TMDA (4)/input_upfile'

2560-11-07 13:50:31 - [TEST_STEP][PASSED] - click: Object: 'Object Repository/Page_Guru TMDA (5)/button_Upload' is clicked on

2560-11-07 13:50:31 - [MESSAGE][PASSED] - Object: 'Object Repository/Page_Guru TMDA (5)/button_Upload' is clicked on

2560-11-07 13:50:31 - [TEST_STEP][PASSED] - waitForElementNotPresent: Web element with id: 'Object Repository/Page_Guru TMDA (6)/Page_Guru TMDA (5)/Page_Guru TMDA/div_progress-bar-zone' located by 'By.xpath: //div[count(. | /html[1]/body[1]/my-app[1]/app-multiple-verbatim[1]/div[@class="popup-zone"]/div[@class="progress-bar-zone"]) = count(/html[1]/body[1]/my-app[1]/app-multiple-verbatim[1]/div[@class="popup-zone"]/div[@class="progress-bar-zone"])]' is not present after '5' second(s)

2560-11-07 13:50:33 - [MESSAGE][PASSED] - Web element with id: 'Object Repository/Page_Guru TMDA (6)/Page_Guru TMDA (5)/Page_Guru TMDA/div_progress-bar-zone' located by 'By.xpath: //div[count(. | /html[1]/body[1]/my-app[1]/app-multiple-verbatim[1]/div[@class="popup-zone"]/div[@class="progress-bar-zone"]) = count(/html[1]/body[1]/my-app[1]/app-multiple-verbatim[1]/div[@class="popup-zone"]/div[@class="progress-bar-zone"])]' is not present after '5' second(s)

2560-11-07 13:50:33 - [TEST_STEP][NOT_RUN] - click: NOT_RUN: click

2560-11-07 13:50:33 - [MESSAGE][NOT_RUN] - NOT_RUN: click

2560-11-07 13:50:33 - [TEST_STEP][PASSED] - selectOptionByIndex: All options with index in [1] are selected on object 'Object Repository/Page_Guru TMDA (5)/select_sheet'

2560-11-07 13:50:33 - [MESSAGE][PASSED] - All options with index in [1] are selected on object 'Object Repository/Page_Guru TMDA (5)/select_sheet'

2560-11-07 13:50:33 - [TEST_STEP][PASSED] - waitForElementPresent: Object 'Object Repository/Page_Guru TMDA (6)/Page_Guru TMDA (1)/div_w3-padding-32 w3-center' is present

2560-11-07 13:50:36 - [MESSAGE][PASSED] - Object 'Object Repository/Page_Guru TMDA (6)/Page_Guru TMDA (1)/div_w3-padding-32 w3-center' is present

2560-11-07 13:50:36 - [TEST_STEP][PASSED] - verifyElementPresent: Object 'Object Repository/Upload file without Labeling/Uploading/div_Your file is not verified.' is present

2560-11-07 13:50:36 - [MESSAGE][PASSED] - Object 'Object Repository/Upload file without Labeling/Uploading/div_Your file is not verified.' is present

2560-11-07 13:50:36 - [TEST_STEP][PASSED] - click: Object: 'Object Repository/Upload file without Labeling/Uploading/button_ closeing Your file is not verified' is clicked on

2560-11-07 13:50:37 - [MESSAGE][PASSED] - Object: 'Object Repository/Upload file without Labeling/Uploading/button_ closeing Your file is not verified' is clicked on

2560-11-07 13:50:37 - [TEST_STEP][PASSED] - waitForElementNotPresent: Web element with id: 'Object Repository/Upload file without Labeling/Uploading/div_Your file is not verified.' located by 'By.xpath: //div[count(. | //*[@class = 'w3-xlarge w3-text-gray w3-padding-16']) = count(//*[@class = 'w3-xlarge w3-text-gray w3-padding-16'])][count(. | //*[text() = 'Your file is not verified.']) = count(//*[text() = 'Your file is not verified.'])][count(. | id("swal2-content")/div[@class="w3-white"]/div[@class="w3-xlarge w3-text-gray w3-padding-16"]) = count(id("swal2-content")/div[@class="w3-white"]/div[@class="w3-xlarge w3-text-gray w3-padding-16"])]' is not present after '5' second(s)

2560-11-07 13:50:37 - [MESSAGE][PASSED] - Web element with id: 'Object Repository/Upload file without Labeling/Uploading/div_Your file is not verified.' located by 'By.xpath: //div[count(. | //*[@class = 'w3-xlarge w3-text-gray w3-padding-16']) = count(//*[@class = 'w3-xlarge w3-text-gray w3-padding-16'])][count(. | //*[text() = 'Your file is not verified.']) = count(//*[text() = 'Your file is not verified.'])][count(. | id("swal2-content")/div[@class="w3-white"]/div[@class="w3-xlarge w3-text-gray w3-padding-16"]) = count(id("swal2-content")/div[@class="w3-white"]/div[@class="w3-xlarge w3-text-gray w3-padding-16"])]' is not present after '5' second(s)

2560-11-07 13:50:37 - [TEST_STEP][PASSED] - uploadFile: File 'C:\test-Copy.xlsx' sent to object: 'Object Repository/Page_Guru TMDA (6)/Page_Guru TMDA (4)/input_upfile'

2560-11-07 13:50:37 - [MESSAGE][PASSED] - File 'C:\test-Copy.xlsx' sent to object: 'Object Repository/Page_Guru TMDA (6)/Page_Guru TMDA (4)/input_upfile'

2560-11-07 13:50:37 - [TEST_STEP][PASSED] - click: Object: 'Object Repository/Page_Guru TMDA (5)/button_Upload' is clicked on

2560-11-07 13:50:37 - [MESSAGE][PASSED] - Object: 'Object Repository/Page_Guru TMDA (5)/button_Upload' is clicked on

2560-11-07 13:50:37 - [TEST_STEP][PASSED] - waitForElementNotPresent: Web element with id: 'Object Repository/Page_Guru TMDA (6)/Page_Guru TMDA (5)/Page_Guru TMDA/div_progress-bar-zone' located by 'By.xpath: //div[count(. | /html[1]/body[1]/my-app[1]/app-multiple-verbatim[1]/div[@class="popup-zone"]/div[@class="progress-bar-zone"]) = count(/html[1]/body[1]/my-app[1]/app-multiple-verbatim[1]/div[@class="popup-zone"]/div[@class="progress-bar-zone"])]' is not present after '5' second(s)

2560-11-07 13:50:39 - [MESSAGE][PASSED] - Web element with id: 'Object Repository/Page_Guru TMDA (6)/Page_Guru TMDA (5)/Page_Guru TMDA/div_progress-bar-zone' located by 'By.xpath: //div[count(. | /html[1]/body[1]/my-app[1]/app-multiple-verbatim[1]/div[@class="popup-zone"]/div[@class="progress-bar-zone"]) = count(/html[1]/body[1]/my-app[1]/app-multiple-verbatim[1]/div[@class="popup-zone"]/div[@class="progress-bar-zone"])]' is not present after '5' second(s)

2560-11-07 13:50:39 - [TEST_STEP][NOT_RUN] - click: NOT_RUN: click

2560-11-07 13:50:39 - [MESSAGE][NOT_RUN] - NOT_RUN: click

2560-11-07 13:50:39 - [TEST_STEP][PASSED] - selectOptionByIndex: All options with index in [1] are selected on object 'Object Repository/Page_Guru TMDA (5)/select_sheet'

2560-11-07 13:50:39 - [MESSAGE][PASSED] - All options with index in [1] are selected on object 'Object Repository/Page_Guru TMDA (5)/select_sheet'

2560-11-07 13:50:39 - [TEST_STEP][PASSED] - waitForElementPresent: Object 'Object Repository/Page_Guru TMDA (6)/Page_Guru TMDA (1)/div_w3-padding-32 w3-center' is present

2560-11-07 13:50:43 - [MESSAGE][PASSED] - Object 'Object Repository/Page_Guru TMDA (6)/Page_Guru TMDA (1)/div_w3-padding-32 w3-center' is present

2560-11-07 13:50:43 - [TEST_STEP][PASSED] - verifyElementPresent: Object 'Object Repository/Upload file without Labeling/Uploading/div_Your file is verified.' is present

2560-11-07 13:50:44 - [MESSAGE][PASSED] - Object 'Object Repository/Upload file without Labeling/Uploading/div_Your file is verified.' is present

2560-11-07 13:50:44 - [TEST_STEP][PASSED] - click: Object: 'Object Repository/Page_Guru TMDA (6)/Page_Guru TMDA (3)/button_' is clicked on

2560-11-07 13:50:44 - [MESSAGE][PASSED] - Object: 'Object Repository/Page_Guru TMDA (6)/Page_Guru TMDA (3)/button_' is clicked on

2560-11-07 13:50:44 - [TEST_STEP][PASSED] - waitForElementNotPresent: Web element with id: 'Object Repository/Page_Guru TMDA (6)/Page_Guru TMDA (1)/div_w3-padding-32 w3-center' located by 'By.xpath: //div[count(. | id("swal2-content")/div[@class="w3-padding-32 w3-center"]) = count(id("swal2-content")/div[@class="w3-padding-32 w3-center"])]' is not present after '5' second(s)

2560-11-07 13:50:44 - [MESSAGE][PASSED] - Web element with id: 'Object Repository/Page_Guru TMDA (6)/Page_Guru TMDA (1)/div_w3-padding-32 w3-center' located by 'By.xpath: //div[count(. | id("swal2-content")/div[@class="w3-padding-32 w3-center"]) = count(id("swal2-content")/div[@class="w3-padding-32 w3-center"])]' is not present after '5' second(s)

2560-11-07 13:50:44 - [TEST_STEP][PASSED] - waitForElementPresent: Object 'Object Repository/Page_Guru TMDA (6)/Page_Guru TMDA (2)/i_fa fa-check w3-text-green' is present

2560-11-07 13:50:44 - [MESSAGE][PASSED] - Object 'Object Repository/Page_Guru TMDA (6)/Page_Guru TMDA (2)/i_fa fa-check w3-text-green' is present

2560-11-07 13:50:44 - [TEST_STEP][PASSED] - click: Object: 'Object Repository/Upload file without Labeling/Uploading//button_Preview' is clicked on

2560-11-07 13:50:44 - [MESSAGE][PASSED] - Object: 'Object Repository/Upload file without Labeling/Uploading//button_Preview' is clicked on

2560-11-07 13:50:44 - [TEST_STEP][PASSED] - verifyElementPresent: Object 'Object Repository/Upload file without Labeling/Uploading//div_excel-reader' is present

2560-11-07 13:50:44 - [MESSAGE][PASSED] - Object 'Object Repository/Upload file without Labeling/Uploading//div_excel-reader' is present

2560-11-07 13:50:44 - [TEST_STEP][PASSED] - click: Object: 'Object Repository/Upload file without Labeling/Uploading/div_close' is clicked on

2560-11-07 13:50:45 - [MESSAGE][PASSED] - Object: 'Object Repository/Upload file without Labeling/Uploading/div_close' is clicked on

2560-11-07 13:50:45 - [TEST_STEP][PASSED] - scrollToElement: Scroll to object 'Object Repository/Page_Guru TMDA (16)/button_Start' successfully

2560-11-07 13:50:45 - [MESSAGE][PASSED] - Scroll to object 'Object Repository/Page_Guru TMDA (16)/button_Start' successfully

2560-11-07 13:50:45 - [TEST_STEP][PASSED] - click: Object: 'Object Repository/Page_Guru TMDA (5)/button_Start' is clicked on

2560-11-07 13:50:45 - [MESSAGE][PASSED] - Object: 'Object Repository/Page_Guru TMDA (5)/button_Start' is clicked on

2560-11-07 13:50:45 - [TEST_STEP][PASSED] - waitForElementNotPresent: Web element with id: 'Object Repository/Page_Guru TMDA (6)/Page_Guru TMDA (5)/Page_Guru TMDA/div_progress-bar-zone' located by 'By.xpath: //div[count(. | /html[1]/body[1]/my-app[1]/app-multiple-verbatim[1]/div[@class="popup-zone"]/div[@class="progress-bar-zone"]) = count(/html[1]/body[1]/my-app[1]/app-multiple-verbatim[1]/div[@class="popup-zone"]/div[@class="progress-bar-zone"])]' is not present after '5' second(s)

2560-11-07 13:50:46 - [MESSAGE][PASSED] - Web element with id: 'Object Repository/Page_Guru TMDA (6)/Page_Guru TMDA (5)/Page_Guru TMDA/div_progress-bar-zone' located by 'By.xpath: //div[count(. | /html[1]/body[1]/my-app[1]/app-multiple-verbatim[1]/div[@class="popup-zone"]/div[@class="progress-bar-zone"]) = count(/html[1]/body[1]/my-app[1]/app-multiple-verbatim[1]/div[@class="popup-zone"]/div[@class="progress-bar-zone"])]' is not present after '5' second(s)

2560-11-07 13:50:46 - [TEST_STEP][PASSED] - waitForElementNotPresent: Web element with id: 'Object Repository/Upload file without Labeling/div_loader' located by 'By.xpath: //div[count(. | //*[@class = 'loader']) = count(//*[@class = 'loader'])][count(. | /html[1]/body[1]/my-app[1]/app-predicted-results[1]/div[@class="container-fluid"]/div[@class="row"]/div[@class="col-sm-6 col-sm-offset-3"]/div[@class="loader"]) = count(/html[1]/body[1]/my-app[1]/app-predicted-results[1]/div[@class="container-fluid"]/div[@class="row"]/div[@class="col-sm-6 col-sm-offset-3"]/div[@class="loader"])]' is not present after '60' second(s)

2560-11-07 13:51:17 - [MESSAGE][PASSED] - Web element with id: 'Object Repository/Upload file without Labeling/div_loader' located by 'By.xpath: //div[count(. | //*[@class = 'loader']) = count(//*[@class = 'loader'])][count(. | /html[1]/body[1]/my-app[1]/app-predicted-results[1]/div[@class="container-fluid"]/div[@class="row"]/div[@class="col-sm-6 col-sm-offset-3"]/div[@class="loader"]) = count(/html[1]/body[1]/my-app[1]/app-predicted-results[1]/div[@class="container-fluid"]/div[@class="row"]/div[@class="col-sm-6 col-sm-offset-3"]/div[@class="loader"])]' is not present after '60' second(s)

2560-11-07 13:51:17 - [TEST_STEP][PASSED] - verifyElementPresent: Object 'Object Repository/Upload File with labelling/div_row' is present

2560-11-07 13:51:17 - [MESSAGE][PASSED] - Object 'Object Repository/Upload File with labelling/div_row' is present

2560-11-07 13:51:17 - [TEST_STEP][NOT_RUN] - closeBrowser: NOT_RUN: closeBrowser

2560-11-07 13:51:17 - [MESSAGE][NOT_RUN] - NOT_RUN: closeBrowser]]></system-out>
         <system-err><![CDATA[]]></system-err>
      </testcase>
      <testcase name="Test Cases/3. Menu Text Prediction/Upload File with labelling" classname="Test Cases/3. Menu Text Prediction/Upload File with labelling" status="PASSED">
         <system-out><![CDATA[2560-11-07 13:51:17 - [TEST_CASE][PASSED] - Test Cases/3. Menu Text Prediction/Upload File with labelling: Test Cases/3. Menu Text Prediction/Upload File with labelling

2560-11-07 13:51:17 - [TEST_STEP][NOT_RUN] - openBrowser: NOT_RUN: openBrowser

2560-11-07 13:51:17 - [MESSAGE][NOT_RUN] - NOT_RUN: openBrowser

2560-11-07 13:51:17 - [TEST_STEP][NOT_RUN] - maximizeWindow: NOT_RUN: maximizeWindow

2560-11-07 13:51:17 - [MESSAGE][NOT_RUN] - NOT_RUN: maximizeWindow

2560-11-07 13:51:17 - [TEST_STEP][NOT_RUN] - navigateToUrl: NOT_RUN: navigateToUrl

2560-11-07 13:51:17 - [MESSAGE][NOT_RUN] - NOT_RUN: navigateToUrl

2560-11-07 13:51:17 - [TEST_STEP][NOT_RUN] - click: NOT_RUN: click

2560-11-07 13:51:17 - [MESSAGE][NOT_RUN] - NOT_RUN: click

2560-11-07 13:51:17 - [TEST_STEP][NOT_RUN] - setText: NOT_RUN: setText

2560-11-07 13:51:17 - [MESSAGE][NOT_RUN] - NOT_RUN: setText

2560-11-07 13:51:17 - [TEST_STEP][NOT_RUN] - setText: NOT_RUN: setText

2560-11-07 13:51:17 - [MESSAGE][NOT_RUN] - NOT_RUN: setText

2560-11-07 13:51:17 - [TEST_STEP][NOT_RUN] - click: NOT_RUN: click

2560-11-07 13:51:17 - [MESSAGE][NOT_RUN] - NOT_RUN: click

2560-11-07 13:51:17 - [TEST_STEP][PASSED] - click: Object: 'Object Repository/Upload File with labelling/a_Text Prediction' is clicked on

2560-11-07 13:51:17 - [MESSAGE][PASSED] - Object: 'Object Repository/Upload File with labelling/a_Text Prediction' is clicked on

2560-11-07 13:51:17 - [TEST_STEP][PASSED] - click: Object: 'Object Repository/Upload File with labelling//a_Upload File (1)' is clicked on

2560-11-07 13:51:17 - [MESSAGE][PASSED] - Object: 'Object Repository/Upload File with labelling//a_Upload File (1)' is clicked on

2560-11-07 13:51:17 - [TEST_STEP][PASSED] - verifyElementNotClickable: Object 'Object Repository/Upload File with labelling/button_Upload (1)' is NOT clickable

2560-11-07 13:51:18 - [MESSAGE][PASSED] - Object 'Object Repository/Upload File with labelling/button_Upload (1)' is NOT clickable

2560-11-07 13:51:18 - [TEST_STEP][PASSED] - uploadFile: File 'C:\Penguins.jpg' sent to object: 'Object Repository/Upload File with labelling//input_upfile'

2560-11-07 13:51:18 - [MESSAGE][PASSED] - File 'C:\Penguins.jpg' sent to object: 'Object Repository/Upload File with labelling//input_upfile'

2560-11-07 13:51:18 - [TEST_STEP][PASSED] - waitForElementClickable: Object 'Object Repository/Upload File with labelling//button_Upload (1)' is clickable

2560-11-07 13:51:18 - [MESSAGE][PASSED] - Object 'Object Repository/Upload File with labelling//button_Upload (1)' is clickable

2560-11-07 13:51:18 - [TEST_STEP][PASSED] - click: Object: 'Object Repository/Upload File with labelling//button_Upload (1)' is clicked on

2560-11-07 13:51:18 - [MESSAGE][PASSED] - Object: 'Object Repository/Upload File with labelling//button_Upload (1)' is clicked on

2560-11-07 13:51:18 - [TEST_STEP][PASSED] - waitForElementClickable: Object 'Object Repository/Upload File with labelling/div_progress-bar-zone' is clickable

2560-11-07 13:51:18 - [MESSAGE][PASSED] - Object 'Object Repository/Upload File with labelling/div_progress-bar-zone' is clickable

2560-11-07 13:51:18 - [TEST_STEP][PASSED] - verifyElementPresent: Object 'Object Repository/Upload File with labelling/div_File Not Type of Excel' is present

2560-11-07 13:51:18 - [MESSAGE][PASSED] - Object 'Object Repository/Upload File with labelling/div_File Not Type of Excel' is present

2560-11-07 13:51:18 - [TEST_STEP][PASSED] - click: Object: 'Object Repository/Upload File with labelling//button_' is clicked on

2560-11-07 13:51:19 - [MESSAGE][PASSED] - Object: 'Object Repository/Upload File with labelling//button_' is clicked on

2560-11-07 13:51:19 - [TEST_STEP][PASSED] - waitForElementNotPresent: Web element with id: 'Object Repository/Upload File with labelling/div_File Not Type of Excel' located by 'By.xpath: //div[count(. | //*[@class = 'w3-xlarge w3-text-gray w3-padding-16']) = count(//*[@class = 'w3-xlarge w3-text-gray w3-padding-16'])][count(. | //*[text() = 'File Not Type of Excel!']) = count(//*[text() = 'File Not Type of Excel!'])][count(. | id("swal2-content")/div[@class="w3-white"]/div[@class="w3-xlarge w3-text-gray w3-padding-16"]) = count(id("swal2-content")/div[@class="w3-white"]/div[@class="w3-xlarge w3-text-gray w3-padding-16"])]' is not present after '5' second(s)

2560-11-07 13:51:19 - [MESSAGE][PASSED] - Web element with id: 'Object Repository/Upload File with labelling/div_File Not Type of Excel' located by 'By.xpath: //div[count(. | //*[@class = 'w3-xlarge w3-text-gray w3-padding-16']) = count(//*[@class = 'w3-xlarge w3-text-gray w3-padding-16'])][count(. | //*[text() = 'File Not Type of Excel!']) = count(//*[text() = 'File Not Type of Excel!'])][count(. | id("swal2-content")/div[@class="w3-white"]/div[@class="w3-xlarge w3-text-gray w3-padding-16"]) = count(id("swal2-content")/div[@class="w3-white"]/div[@class="w3-xlarge w3-text-gray w3-padding-16"])]' is not present after '5' second(s)

2560-11-07 13:51:19 - [TEST_STEP][PASSED] - uploadFile: File 'C:\test-Copy1.xlsx' sent to object: 'Object Repository/Upload File with labelling//input_upfile'

2560-11-07 13:51:19 - [MESSAGE][PASSED] - File 'C:\test-Copy1.xlsx' sent to object: 'Object Repository/Upload File with labelling//input_upfile'

2560-11-07 13:51:19 - [TEST_STEP][PASSED] - waitForElementClickable: Object 'Object Repository/Upload File with labelling//button_Upload (1)' is clickable

2560-11-07 13:51:19 - [MESSAGE][PASSED] - Object 'Object Repository/Upload File with labelling//button_Upload (1)' is clickable

2560-11-07 13:51:19 - [TEST_STEP][PASSED] - click: Object: 'Object Repository/Upload File with labelling//button_Upload (1)' is clicked on

2560-11-07 13:51:19 - [MESSAGE][PASSED] - Object: 'Object Repository/Upload File with labelling//button_Upload (1)' is clicked on

2560-11-07 13:51:19 - [TEST_STEP][PASSED] - waitForElementNotPresent: Web element with id: 'Object Repository/Page_Guru TMDA (6)/Page_Guru TMDA (5)/Page_Guru TMDA/div_progress-bar-zone' located by 'By.xpath: //div[count(. | /html[1]/body[1]/my-app[1]/app-multiple-verbatim[1]/div[@class="popup-zone"]/div[@class="progress-bar-zone"]) = count(/html[1]/body[1]/my-app[1]/app-multiple-verbatim[1]/div[@class="popup-zone"]/div[@class="progress-bar-zone"])]' is not present after '5' second(s)

2560-11-07 13:51:20 - [MESSAGE][PASSED] - Web element with id: 'Object Repository/Page_Guru TMDA (6)/Page_Guru TMDA (5)/Page_Guru TMDA/div_progress-bar-zone' located by 'By.xpath: //div[count(. | /html[1]/body[1]/my-app[1]/app-multiple-verbatim[1]/div[@class="popup-zone"]/div[@class="progress-bar-zone"]) = count(/html[1]/body[1]/my-app[1]/app-multiple-verbatim[1]/div[@class="popup-zone"]/div[@class="progress-bar-zone"])]' is not present after '5' second(s)

2560-11-07 13:51:20 - [TEST_STEP][NOT_RUN] - click: NOT_RUN: click

2560-11-07 13:51:20 - [MESSAGE][NOT_RUN] - NOT_RUN: click

2560-11-07 13:51:20 - [TEST_STEP][PASSED] - selectOptionByIndex: All options with index in [1] are selected on object 'Object Repository/Upload File with labelling/select_sheet'

2560-11-07 13:51:21 - [MESSAGE][PASSED] - All options with index in [1] are selected on object 'Object Repository/Upload File with labelling/select_sheet'

2560-11-07 13:51:21 - [TEST_STEP][PASSED] - waitForElementPresent: Object 'Object Repository/Upload File with labelling/div_w3-padding-32 w3-center' is present

2560-11-07 13:51:24 - [MESSAGE][PASSED] - Object 'Object Repository/Upload File with labelling/div_w3-padding-32 w3-center' is present

2560-11-07 13:51:24 - [TEST_STEP][PASSED] - verifyElementPresent: Object 'Object Repository/Upload file without Labeling/Uploading/div_Your file is not verified.' is present

2560-11-07 13:51:24 - [MESSAGE][PASSED] - Object 'Object Repository/Upload file without Labeling/Uploading/div_Your file is not verified.' is present

2560-11-07 13:51:24 - [TEST_STEP][PASSED] - click: Object: 'Object Repository/Upload File with labelling/button_your file is not verified' is clicked on

2560-11-07 13:51:24 - [MESSAGE][PASSED] - Object: 'Object Repository/Upload File with labelling/button_your file is not verified' is clicked on

2560-11-07 13:51:24 - [TEST_STEP][PASSED] - waitForElementNotPresent: Web element with id: 'Object Repository/Upload File with labelling/button_your file is not verified' located by 'By.xpath: //button[count(. | //*[@type = 'button']) = count(//*[@type = 'button'])][count(. | //*[@class = 'swal2-close']) = count(//*[@class = 'swal2-close'])][count(. | //*[@aria-label = 'Close this dialog']) = count(//*[@aria-label = 'Close this dialog'])][count(. | //*[text() = '×']) = count(//*[text() = '×'])][count(. | /html[@class="swal2-shown"]/body[@class="swal2-shown"]/div[@class="swal2-container swal2-fade swal2-shown"]/div[@class="swal2-modal swal2-show"]/button[@class="swal2-close"]) = count(/html[@class="swal2-shown"]/body[@class="swal2-shown"]/div[@class="swal2-container swal2-fade swal2-shown"]/div[@class="swal2-modal swal2-show"]/button[@class="swal2-close"])]' is not present after '5' second(s)

2560-11-07 13:51:24 - [MESSAGE][PASSED] - Web element with id: 'Object Repository/Upload File with labelling/button_your file is not verified' located by 'By.xpath: //button[count(. | //*[@type = 'button']) = count(//*[@type = 'button'])][count(. | //*[@class = 'swal2-close']) = count(//*[@class = 'swal2-close'])][count(. | //*[@aria-label = 'Close this dialog']) = count(//*[@aria-label = 'Close this dialog'])][count(. | //*[text() = '×']) = count(//*[text() = '×'])][count(. | /html[@class="swal2-shown"]/body[@class="swal2-shown"]/div[@class="swal2-container swal2-fade swal2-shown"]/div[@class="swal2-modal swal2-show"]/button[@class="swal2-close"]) = count(/html[@class="swal2-shown"]/body[@class="swal2-shown"]/div[@class="swal2-container swal2-fade swal2-shown"]/div[@class="swal2-modal swal2-show"]/button[@class="swal2-close"])]' is not present after '5' second(s)

2560-11-07 13:51:24 - [TEST_STEP][PASSED] - uploadFile: File 'C:\test1.xlsx' sent to object: 'Object Repository/Upload File with labelling/input_upfile'

2560-11-07 13:51:24 - [MESSAGE][PASSED] - File 'C:\test1.xlsx' sent to object: 'Object Repository/Upload File with labelling/input_upfile'

2560-11-07 13:51:24 - [TEST_STEP][PASSED] - waitForElementClickable: Object 'Object Repository/Upload File with labelling//button_Upload (1)' is clickable

2560-11-07 13:51:24 - [MESSAGE][PASSED] - Object 'Object Repository/Upload File with labelling//button_Upload (1)' is clickable

2560-11-07 13:51:24 - [TEST_STEP][PASSED] - click: Object: 'Object Repository/Upload File with labelling//button_Upload (1)' is clicked on

2560-11-07 13:51:24 - [MESSAGE][PASSED] - Object: 'Object Repository/Upload File with labelling//button_Upload (1)' is clicked on

2560-11-07 13:51:24 - [TEST_STEP][PASSED] - waitForElementNotPresent: Web element with id: 'Object Repository/Page_Guru TMDA (6)/Page_Guru TMDA (5)/Page_Guru TMDA/div_progress-bar-zone' located by 'By.xpath: //div[count(. | /html[1]/body[1]/my-app[1]/app-multiple-verbatim[1]/div[@class="popup-zone"]/div[@class="progress-bar-zone"]) = count(/html[1]/body[1]/my-app[1]/app-multiple-verbatim[1]/div[@class="popup-zone"]/div[@class="progress-bar-zone"])]' is not present after '5' second(s)

2560-11-07 13:51:25 - [MESSAGE][PASSED] - Web element with id: 'Object Repository/Page_Guru TMDA (6)/Page_Guru TMDA (5)/Page_Guru TMDA/div_progress-bar-zone' located by 'By.xpath: //div[count(. | /html[1]/body[1]/my-app[1]/app-multiple-verbatim[1]/div[@class="popup-zone"]/div[@class="progress-bar-zone"]) = count(/html[1]/body[1]/my-app[1]/app-multiple-verbatim[1]/div[@class="popup-zone"]/div[@class="progress-bar-zone"])]' is not present after '5' second(s)

2560-11-07 13:51:25 - [TEST_STEP][NOT_RUN] - click: NOT_RUN: click

2560-11-07 13:51:25 - [MESSAGE][NOT_RUN] - NOT_RUN: click

2560-11-07 13:51:25 - [TEST_STEP][PASSED] - selectOptionByIndex: All options with index in [1] are selected on object 'Object Repository/Upload File with labelling/select_sheet (2)'

2560-11-07 13:51:25 - [MESSAGE][PASSED] - All options with index in [1] are selected on object 'Object Repository/Upload File with labelling/select_sheet (2)'

2560-11-07 13:51:25 - [TEST_STEP][PASSED] - waitForElementPresent: Object 'Object Repository/Upload File with labelling/div_w3-padding-32 w3-center' is present

2560-11-07 13:51:28 - [MESSAGE][PASSED] - Object 'Object Repository/Upload File with labelling/div_w3-padding-32 w3-center' is present

2560-11-07 13:51:28 - [TEST_STEP][PASSED] - verifyElementPresent: Object 'Object Repository/Upload file without Labeling/Uploading/div_Your file is not verified.' is present

2560-11-07 13:51:28 - [MESSAGE][PASSED] - Object 'Object Repository/Upload file without Labeling/Uploading/div_Your file is not verified.' is present

2560-11-07 13:51:28 - [TEST_STEP][PASSED] - click: Object: 'Object Repository/Upload File with labelling/button_your file is not verified' is clicked on

2560-11-07 13:51:28 - [MESSAGE][PASSED] - Object: 'Object Repository/Upload File with labelling/button_your file is not verified' is clicked on

2560-11-07 13:51:28 - [TEST_STEP][PASSED] - waitForElementNotPresent: Web element with id: 'Object Repository/Upload File with labelling/button_your file is not verified' located by 'By.xpath: //button[count(. | //*[@type = 'button']) = count(//*[@type = 'button'])][count(. | //*[@class = 'swal2-close']) = count(//*[@class = 'swal2-close'])][count(. | //*[@aria-label = 'Close this dialog']) = count(//*[@aria-label = 'Close this dialog'])][count(. | //*[text() = '×']) = count(//*[text() = '×'])][count(. | /html[@class="swal2-shown"]/body[@class="swal2-shown"]/div[@class="swal2-container swal2-fade swal2-shown"]/div[@class="swal2-modal swal2-show"]/button[@class="swal2-close"]) = count(/html[@class="swal2-shown"]/body[@class="swal2-shown"]/div[@class="swal2-container swal2-fade swal2-shown"]/div[@class="swal2-modal swal2-show"]/button[@class="swal2-close"])]' is not present after '5' second(s)

2560-11-07 13:51:28 - [MESSAGE][PASSED] - Web element with id: 'Object Repository/Upload File with labelling/button_your file is not verified' located by 'By.xpath: //button[count(. | //*[@type = 'button']) = count(//*[@type = 'button'])][count(. | //*[@class = 'swal2-close']) = count(//*[@class = 'swal2-close'])][count(. | //*[@aria-label = 'Close this dialog']) = count(//*[@aria-label = 'Close this dialog'])][count(. | //*[text() = '×']) = count(//*[text() = '×'])][count(. | /html[@class="swal2-shown"]/body[@class="swal2-shown"]/div[@class="swal2-container swal2-fade swal2-shown"]/div[@class="swal2-modal swal2-show"]/button[@class="swal2-close"]) = count(/html[@class="swal2-shown"]/body[@class="swal2-shown"]/div[@class="swal2-container swal2-fade swal2-shown"]/div[@class="swal2-modal swal2-show"]/button[@class="swal2-close"])]' is not present after '5' second(s)

2560-11-07 13:51:28 - [TEST_STEP][PASSED] - uploadFile: File 'C:\test.xlsx' sent to object: 'Object Repository/Upload File with labelling/input_upfile'

2560-11-07 13:51:29 - [MESSAGE][PASSED] - File 'C:\test.xlsx' sent to object: 'Object Repository/Upload File with labelling/input_upfile'

2560-11-07 13:51:29 - [TEST_STEP][PASSED] - waitForElementClickable: Object 'Object Repository/Upload File with labelling//button_Upload (1)' is clickable

2560-11-07 13:51:29 - [MESSAGE][PASSED] - Object 'Object Repository/Upload File with labelling//button_Upload (1)' is clickable

2560-11-07 13:51:29 - [TEST_STEP][PASSED] - click: Object: 'Object Repository/Upload File with labelling//button_Upload (1)' is clicked on

2560-11-07 13:51:29 - [MESSAGE][PASSED] - Object: 'Object Repository/Upload File with labelling//button_Upload (1)' is clicked on

2560-11-07 13:51:29 - [TEST_STEP][PASSED] - waitForElementNotPresent: Web element with id: 'Object Repository/Page_Guru TMDA (6)/Page_Guru TMDA (5)/Page_Guru TMDA/div_progress-bar-zone' located by 'By.xpath: //div[count(. | /html[1]/body[1]/my-app[1]/app-multiple-verbatim[1]/div[@class="popup-zone"]/div[@class="progress-bar-zone"]) = count(/html[1]/body[1]/my-app[1]/app-multiple-verbatim[1]/div[@class="popup-zone"]/div[@class="progress-bar-zone"])]' is not present after '5' second(s)

2560-11-07 13:51:30 - [MESSAGE][PASSED] - Web element with id: 'Object Repository/Page_Guru TMDA (6)/Page_Guru TMDA (5)/Page_Guru TMDA/div_progress-bar-zone' located by 'By.xpath: //div[count(. | /html[1]/body[1]/my-app[1]/app-multiple-verbatim[1]/div[@class="popup-zone"]/div[@class="progress-bar-zone"]) = count(/html[1]/body[1]/my-app[1]/app-multiple-verbatim[1]/div[@class="popup-zone"]/div[@class="progress-bar-zone"])]' is not present after '5' second(s)

2560-11-07 13:51:30 - [TEST_STEP][PASSED] - selectOptionByIndex: All options with index in [1] are selected on object 'Object Repository/Upload File with labelling/select_sheet'

2560-11-07 13:51:30 - [MESSAGE][PASSED] - All options with index in [1] are selected on object 'Object Repository/Upload File with labelling/select_sheet'

2560-11-07 13:51:30 - [TEST_STEP][PASSED] - waitForElementPresent: Object 'Object Repository/Upload File with labelling/div_w3-padding-32 w3-center' is present

2560-11-07 13:51:35 - [MESSAGE][PASSED] - Object 'Object Repository/Upload File with labelling/div_w3-padding-32 w3-center' is present

2560-11-07 13:51:35 - [TEST_STEP][PASSED] - verifyElementPresent: Object 'Object Repository/Upload File with labelling//div_Your file is verified.' is present

2560-11-07 13:51:35 - [MESSAGE][PASSED] - Object 'Object Repository/Upload File with labelling//div_Your file is verified.' is present

2560-11-07 13:51:35 - [TEST_STEP][PASSED] - click: Object: 'Object Repository/Upload File with labelling/button_your file is verified' is clicked on

2560-11-07 13:51:35 - [MESSAGE][PASSED] - Object: 'Object Repository/Upload File with labelling/button_your file is verified' is clicked on

2560-11-07 13:51:35 - [TEST_STEP][PASSED] - waitForElementNotPresent: Web element with id: 'Object Repository/Upload File with labelling//div_w3-padding-32 w3-center' located by 'By.xpath: //div[count(. | //*[@class = 'w3-padding-32 w3-center']) = count(//*[@class = 'w3-padding-32 w3-center'])][count(. | id("swal2-content")/div[@class="w3-padding-32 w3-center"]) = count(id("swal2-content")/div[@class="w3-padding-32 w3-center"])]' is not present after '5' second(s)

2560-11-07 13:51:36 - [MESSAGE][PASSED] - Web element with id: 'Object Repository/Upload File with labelling//div_w3-padding-32 w3-center' located by 'By.xpath: //div[count(. | //*[@class = 'w3-padding-32 w3-center']) = count(//*[@class = 'w3-padding-32 w3-center'])][count(. | id("swal2-content")/div[@class="w3-padding-32 w3-center"]) = count(id("swal2-content")/div[@class="w3-padding-32 w3-center"])]' is not present after '5' second(s)

2560-11-07 13:51:36 - [TEST_STEP][PASSED] - waitForElementPresent: Object 'Object Repository/Upload File with labelling/i_fa fa-check w3-text-green' is present

2560-11-07 13:51:36 - [MESSAGE][PASSED] - Object 'Object Repository/Upload File with labelling/i_fa fa-check w3-text-green' is present

2560-11-07 13:51:36 - [TEST_STEP][PASSED] - click: Object: 'Object Repository/Upload File with labelling//button_Preview (1)' is clicked on

2560-11-07 13:51:36 - [MESSAGE][PASSED] - Object: 'Object Repository/Upload File with labelling//button_Preview (1)' is clicked on

2560-11-07 13:51:36 - [TEST_STEP][PASSED] - verifyElementPresent: Object 'Object Repository/Upload File with labelling/div_excel-reader' is present

2560-11-07 13:51:36 - [MESSAGE][PASSED] - Object 'Object Repository/Upload File with labelling/div_excel-reader' is present

2560-11-07 13:51:36 - [TEST_STEP][PASSED] - click: Object: 'Object Repository/Upload File with labelling/i_fa fa-times w3-xlarge w3-tex' is clicked on

2560-11-07 13:51:36 - [MESSAGE][PASSED] - Object: 'Object Repository/Upload File with labelling/i_fa fa-times w3-xlarge w3-tex' is clicked on

2560-11-07 13:51:36 - [TEST_STEP][PASSED] - scrollToElement: Scroll to object 'Object Repository/Upload File with labelling//button_Start (1)' successfully

2560-11-07 13:51:36 - [MESSAGE][PASSED] - Scroll to object 'Object Repository/Upload File with labelling//button_Start (1)' successfully

2560-11-07 13:51:36 - [TEST_STEP][PASSED] - click: Object: 'Object Repository/Upload File with labelling//button_Start (1)' is clicked on

2560-11-07 13:51:36 - [MESSAGE][PASSED] - Object: 'Object Repository/Upload File with labelling//button_Start (1)' is clicked on

2560-11-07 13:51:36 - [TEST_STEP][PASSED] - waitForElementNotPresent: Web element with id: 'Object Repository/Page_Guru TMDA (6)/Page_Guru TMDA (5)/Page_Guru TMDA/div_progress-bar-zone' located by 'By.xpath: //div[count(. | /html[1]/body[1]/my-app[1]/app-multiple-verbatim[1]/div[@class="popup-zone"]/div[@class="progress-bar-zone"]) = count(/html[1]/body[1]/my-app[1]/app-multiple-verbatim[1]/div[@class="popup-zone"]/div[@class="progress-bar-zone"])]' is not present after '5' second(s)

2560-11-07 13:51:38 - [MESSAGE][PASSED] - Web element with id: 'Object Repository/Page_Guru TMDA (6)/Page_Guru TMDA (5)/Page_Guru TMDA/div_progress-bar-zone' located by 'By.xpath: //div[count(. | /html[1]/body[1]/my-app[1]/app-multiple-verbatim[1]/div[@class="popup-zone"]/div[@class="progress-bar-zone"]) = count(/html[1]/body[1]/my-app[1]/app-multiple-verbatim[1]/div[@class="popup-zone"]/div[@class="progress-bar-zone"])]' is not present after '5' second(s)

2560-11-07 13:51:38 - [TEST_STEP][PASSED] - waitForElementNotPresent: Web element with id: 'Object Repository/Upload File with labelling//div_loader' located by 'By.xpath: //div[count(. | //*[@class = 'loader']) = count(//*[@class = 'loader'])][count(. | /html[1]/body[1]/my-app[1]/app-predicted-results[1]/div[@class="container-fluid"]/div[@class="row"]/div[@class="col-sm-6 col-sm-offset-3"]/div[@class="loader"]) = count(/html[1]/body[1]/my-app[1]/app-predicted-results[1]/div[@class="container-fluid"]/div[@class="row"]/div[@class="col-sm-6 col-sm-offset-3"]/div[@class="loader"])]' is present after '20' second(s)

2560-11-07 13:51:58 - [MESSAGE][WARNING] - Web element with id: 'Object Repository/Upload File with labelling//div_loader' located by 'By.xpath: //div[count(. | //*[@class = 'loader']) = count(//*[@class = 'loader'])][count(. | /html[1]/body[1]/my-app[1]/app-predicted-results[1]/div[@class="container-fluid"]/div[@class="row"]/div[@class="col-sm-6 col-sm-offset-3"]/div[@class="loader"]) = count(/html[1]/body[1]/my-app[1]/app-predicted-results[1]/div[@class="container-fluid"]/div[@class="row"]/div[@class="col-sm-6 col-sm-offset-3"]/div[@class="loader"])]' is present after '20' second(s)

2560-11-07 13:51:58 - [TEST_STEP][PASSED] - verifyElementPresent: Object 'Object Repository/Upload File with labelling/div_row' is present

2560-11-07 13:51:58 - [MESSAGE][PASSED] - Object 'Object Repository/Upload File with labelling/div_row' is present

2560-11-07 13:51:58 - [TEST_STEP][NOT_RUN] - closeBrowser: NOT_RUN: closeBrowser

2560-11-07 13:51:58 - [MESSAGE][NOT_RUN] - NOT_RUN: closeBrowser]]></system-out>
         <system-err><![CDATA[]]></system-err>
      </testcase>
      <testcase name="Test Cases/3. Menu Text Prediction/Multiple Verbatim Predicted Result (Predicted in detail)" classname="Test Cases/3. Menu Text Prediction/Multiple Verbatim Predicted Result (Predicted in detail)" status="PASSED">
         <system-out><![CDATA[2560-11-07 13:51:58 - [TEST_CASE][PASSED] - Test Cases/3. Menu Text Prediction/Multiple Verbatim Predicted Result (Predicted in detail): Test Cases/3. Menu Text Prediction/Multiple Verbatim Predicted Result (Predicted in detail)

2560-11-07 13:51:59 - [TEST_STEP][NOT_RUN] - openBrowser: NOT_RUN: openBrowser

2560-11-07 13:51:59 - [MESSAGE][NOT_RUN] - NOT_RUN: openBrowser

2560-11-07 13:51:59 - [TEST_STEP][NOT_RUN] - maximizeWindow: NOT_RUN: maximizeWindow

2560-11-07 13:51:59 - [MESSAGE][NOT_RUN] - NOT_RUN: maximizeWindow

2560-11-07 13:51:59 - [TEST_STEP][NOT_RUN] - navigateToUrl: NOT_RUN: navigateToUrl

2560-11-07 13:51:59 - [MESSAGE][NOT_RUN] - NOT_RUN: navigateToUrl

2560-11-07 13:51:59 - [TEST_STEP][NOT_RUN] - click: NOT_RUN: click

2560-11-07 13:51:59 - [MESSAGE][NOT_RUN] - NOT_RUN: click

2560-11-07 13:51:59 - [TEST_STEP][NOT_RUN] - setText: NOT_RUN: setText

2560-11-07 13:51:59 - [MESSAGE][NOT_RUN] - NOT_RUN: setText

2560-11-07 13:51:59 - [TEST_STEP][NOT_RUN] - setText: NOT_RUN: setText

2560-11-07 13:51:59 - [MESSAGE][NOT_RUN] - NOT_RUN: setText

2560-11-07 13:51:59 - [TEST_STEP][NOT_RUN] - click: NOT_RUN: click

2560-11-07 13:51:59 - [MESSAGE][NOT_RUN] - NOT_RUN: click

2560-11-07 13:51:59 - [TEST_STEP][NOT_RUN] - click: NOT_RUN: click

2560-11-07 13:51:59 - [MESSAGE][NOT_RUN] - NOT_RUN: click

2560-11-07 13:51:59 - [TEST_STEP][NOT_RUN] - click: NOT_RUN: click

2560-11-07 13:51:59 - [MESSAGE][NOT_RUN] - NOT_RUN: click

2560-11-07 13:51:59 - [TEST_STEP][NOT_RUN] - uploadFile: NOT_RUN: uploadFile

2560-11-07 13:51:59 - [MESSAGE][NOT_RUN] - NOT_RUN: uploadFile

2560-11-07 13:51:59 - [TEST_STEP][NOT_RUN] - click: NOT_RUN: click

2560-11-07 13:51:59 - [MESSAGE][NOT_RUN] - NOT_RUN: click

2560-11-07 13:51:59 - [TEST_STEP][NOT_RUN] - waitForElementNotPresent: NOT_RUN: waitForElementNotPresent

2560-11-07 13:51:59 - [MESSAGE][NOT_RUN] - NOT_RUN: waitForElementNotPresent

2560-11-07 13:51:59 - [TEST_STEP][NOT_RUN] - click: NOT_RUN: click

2560-11-07 13:51:59 - [MESSAGE][NOT_RUN] - NOT_RUN: click

2560-11-07 13:51:59 - [TEST_STEP][NOT_RUN] - selectOptionByIndex: NOT_RUN: selectOptionByIndex

2560-11-07 13:51:59 - [MESSAGE][NOT_RUN] - NOT_RUN: selectOptionByIndex

2560-11-07 13:51:59 - [TEST_STEP][NOT_RUN] - waitForElementPresent: NOT_RUN: waitForElementPresent

2560-11-07 13:51:59 - [MESSAGE][NOT_RUN] - NOT_RUN: waitForElementPresent

2560-11-07 13:51:59 - [TEST_STEP][NOT_RUN] - verifyElementPresent: NOT_RUN: verifyElementPresent

2560-11-07 13:51:59 - [MESSAGE][NOT_RUN] - NOT_RUN: verifyElementPresent

2560-11-07 13:51:59 - [TEST_STEP][NOT_RUN] - click: NOT_RUN: click

2560-11-07 13:51:59 - [MESSAGE][NOT_RUN] - NOT_RUN: click

2560-11-07 13:51:59 - [TEST_STEP][NOT_RUN] - waitForElementNotPresent: NOT_RUN: waitForElementNotPresent

2560-11-07 13:51:59 - [MESSAGE][NOT_RUN] - NOT_RUN: waitForElementNotPresent

2560-11-07 13:51:59 - [TEST_STEP][NOT_RUN] - waitForElementPresent: NOT_RUN: waitForElementPresent

2560-11-07 13:51:59 - [MESSAGE][NOT_RUN] - NOT_RUN: waitForElementPresent

2560-11-07 13:51:59 - [TEST_STEP][NOT_RUN] - scrollToElement: NOT_RUN: scrollToElement

2560-11-07 13:51:59 - [MESSAGE][NOT_RUN] - NOT_RUN: scrollToElement

2560-11-07 13:51:59 - [TEST_STEP][NOT_RUN] - click: NOT_RUN: click

2560-11-07 13:51:59 - [MESSAGE][NOT_RUN] - NOT_RUN: click

2560-11-07 13:51:59 - [TEST_STEP][NOT_RUN] - waitForElementNotPresent: NOT_RUN: waitForElementNotPresent

2560-11-07 13:51:59 - [MESSAGE][NOT_RUN] - NOT_RUN: waitForElementNotPresent

2560-11-07 13:51:59 - [TEST_STEP][PASSED] - waitForElementPresent: Object 'Object Repository/Predicted in details/Show All Multiple Verbatim Predicted Result/label_Select All' is not present after 7 second(s)

2560-11-07 13:52:06 - [MESSAGE][WARNING] - Object 'Object Repository/Predicted in details/Show All Multiple Verbatim Predicted Result/label_Select All' is not present after 7 second(s)

2560-11-07 13:52:06 - [TEST_STEP][PASSED] - click: Object: 'Object Repository/Predicted in details/Show All Multiple Verbatim Predicted Result/label_Select All' is clicked on

2560-11-07 13:52:08 - [MESSAGE][PASSED] - Object: 'Object Repository/Predicted in details/Show All Multiple Verbatim Predicted Result/label_Select All' is clicked on

2560-11-07 13:52:08 - [TEST_STEP][PASSED] - verifyElementNotPresent: Web element with id: 'Object Repository/Upload file without Labeling/list/div_row' located by 'By.xpath: //div[count(. | /html[1]/body[1]/my-app[1]/app-predicted-results[1]/div[@class="container-fluid"]/div[@class="row centurygothic-font"]/div[@class="col-xs-12 col-sm-8 col-md-8 col-lg-9"]/div[2]/div[@class="row"]) = count(/html[1]/body[1]/my-app[1]/app-predicted-results[1]/div[@class="container-fluid"]/div[@class="row centurygothic-font"]/div[@class="col-xs-12 col-sm-8 col-md-8 col-lg-9"]/div[2]/div[@class="row"])]' is not present after '5' second(s)

2560-11-07 13:52:08 - [MESSAGE][PASSED] - Web element with id: 'Object Repository/Upload file without Labeling/list/div_row' located by 'By.xpath: //div[count(. | /html[1]/body[1]/my-app[1]/app-predicted-results[1]/div[@class="container-fluid"]/div[@class="row centurygothic-font"]/div[@class="col-xs-12 col-sm-8 col-md-8 col-lg-9"]/div[2]/div[@class="row"]) = count(/html[1]/body[1]/my-app[1]/app-predicted-results[1]/div[@class="container-fluid"]/div[@class="row centurygothic-font"]/div[@class="col-xs-12 col-sm-8 col-md-8 col-lg-9"]/div[2]/div[@class="row"])]' is not present after '5' second(s)

2560-11-07 13:52:08 - [TEST_STEP][PASSED] - click: Object: 'Object Repository/Predicted in details/Button_Export' is clicked on

2560-11-07 13:52:08 - [MESSAGE][PASSED] - Object: 'Object Repository/Predicted in details/Button_Export' is clicked on

2560-11-07 13:52:08 - [TEST_STEP][PASSED] - click: Object: 'Object Repository/Predicted in details/Show All Multiple Verbatim Predicted Result/label_Select All' is clicked on

2560-11-07 13:52:09 - [MESSAGE][PASSED] - Object: 'Object Repository/Predicted in details/Show All Multiple Verbatim Predicted Result/label_Select All' is clicked on

2560-11-07 13:52:09 - [TEST_STEP][PASSED] - verifyElementPresent: Object 'Object Repository/Predicted in details/Show All Multiple Verbatim Predicted Result//span_Accessibility' is present

2560-11-07 13:52:09 - [MESSAGE][PASSED] - Object 'Object Repository/Predicted in details/Show All Multiple Verbatim Predicted Result//span_Accessibility' is present

2560-11-07 13:52:09 - [TEST_STEP][PASSED] - click: Object: 'Object Repository/Predicted in details/Show All Multiple Verbatim Predicted Result//a_page-link' is clicked on

2560-11-07 13:52:09 - [MESSAGE][PASSED] - Object: 'Object Repository/Predicted in details/Show All Multiple Verbatim Predicted Result//a_page-link' is clicked on

2560-11-07 13:52:09 - [TEST_STEP][PASSED] - verifyElementPresent: Object 'Object Repository/Predicted in details/Show All Multiple Verbatim Predicted Result//span_Company Brand' is present

2560-11-07 13:52:09 - [MESSAGE][PASSED] - Object 'Object Repository/Predicted in details/Show All Multiple Verbatim Predicted Result//span_Company Brand' is present

2560-11-07 13:52:09 - [TEST_STEP][PASSED] - verifyElementPresent: Object 'Object Repository/Predicted in details/Show All Multiple Verbatim Predicted Result//span_Process' is present

2560-11-07 13:52:09 - [MESSAGE][PASSED] - Object 'Object Repository/Predicted in details/Show All Multiple Verbatim Predicted Result//span_Process' is present

2560-11-07 13:52:09 - [TEST_STEP][PASSED] - click: Object: 'Object Repository/Predicted in details/Show All Multiple Verbatim Predicted Result//a_page-link' is clicked on

2560-11-07 13:52:09 - [MESSAGE][PASSED] - Object: 'Object Repository/Predicted in details/Show All Multiple Verbatim Predicted Result//a_page-link' is clicked on

2560-11-07 13:52:09 - [TEST_STEP][PASSED] - verifyElementPresent: Object 'Object Repository/Predicted in details/Show All Multiple Verbatim Predicted Result//span_Product Feature' is present

2560-11-07 13:52:09 - [MESSAGE][PASSED] - Object 'Object Repository/Predicted in details/Show All Multiple Verbatim Predicted Result//span_Product Feature' is present

2560-11-07 13:52:09 - [TEST_STEP][PASSED] - click: Object: 'Object Repository/Predicted in details/Show All Multiple Verbatim Predicted Result//a_page-link' is clicked on

2560-11-07 13:52:09 - [MESSAGE][PASSED] - Object: 'Object Repository/Predicted in details/Show All Multiple Verbatim Predicted Result//a_page-link' is clicked on

2560-11-07 13:52:09 - [TEST_STEP][PASSED] - click: Object: 'Object Repository/Predicted in details/Show All Multiple Verbatim Predicted Result//a_page-link' is clicked on

2560-11-07 13:52:10 - [MESSAGE][PASSED] - Object: 'Object Repository/Predicted in details/Show All Multiple Verbatim Predicted Result//a_page-link' is clicked on

2560-11-07 13:52:10 - [TEST_STEP][PASSED] - verifyElementPresent: Object 'Object Repository/Predicted in details/Show All Multiple Verbatim Predicted Result//span_Staff Quality' is present

2560-11-07 13:52:10 - [MESSAGE][PASSED] - Object 'Object Repository/Predicted in details/Show All Multiple Verbatim Predicted Result//span_Staff Quality' is present

2560-11-07 13:52:10 - [TEST_STEP][PASSED] - click: Object: 'Object Repository/Predicted in details/Show All Multiple Verbatim Predicted Result//a_page-link' is clicked on

2560-11-07 13:52:10 - [MESSAGE][PASSED] - Object: 'Object Repository/Predicted in details/Show All Multiple Verbatim Predicted Result//a_page-link' is clicked on

2560-11-07 13:52:11 - [TEST_STEP][PASSED] - verifyElementPresent: Object 'Object Repository/Predicted in details/Show All Multiple Verbatim Predicted Result/span_Competitors (1)' is present

2560-11-07 13:52:11 - [MESSAGE][PASSED] - Object 'Object Repository/Predicted in details/Show All Multiple Verbatim Predicted Result/span_Competitors (1)' is present

2560-11-07 13:52:11 - [TEST_STEP][PASSED] - verifyElementPresent: Object 'Object Repository/Predicted in details/span_Timing' is present

2560-11-07 13:52:11 - [MESSAGE][PASSED] - Object 'Object Repository/Predicted in details/span_Timing' is present

2560-11-07 13:52:11 - [TEST_STEP][PASSED] - click: Object: 'Object Repository/Predicted in details/Show All Multiple Verbatim Predicted Result//a_page-link' is clicked on

2560-11-07 13:52:11 - [MESSAGE][PASSED] - Object: 'Object Repository/Predicted in details/Show All Multiple Verbatim Predicted Result//a_page-link' is clicked on

2560-11-07 13:52:11 - [TEST_STEP][PASSED] - verifyElementPresent: Object 'Object Repository/Predicted in details/Show All Multiple Verbatim Predicted Result/span_Private Reason (1)' is present

2560-11-07 13:52:11 - [MESSAGE][PASSED] - Object 'Object Repository/Predicted in details/Show All Multiple Verbatim Predicted Result/span_Private Reason (1)' is present

2560-11-07 13:52:11 - [TEST_STEP][PASSED] - click: Object: 'Object Repository/Predicted in details/Button_Export' is clicked on

2560-11-07 13:52:12 - [MESSAGE][PASSED] - Object: 'Object Repository/Predicted in details/Button_Export' is clicked on

2560-11-07 13:52:12 - [TEST_STEP][PASSED] - click: Object: 'Object Repository/Predicted in details/Show All Multiple Verbatim Predicted Result/label_Select All' is clicked on

2560-11-07 13:52:12 - [MESSAGE][PASSED] - Object: 'Object Repository/Predicted in details/Show All Multiple Verbatim Predicted Result/label_Select All' is clicked on

2560-11-07 13:52:12 - [TEST_STEP][PASSED] - click: Object: 'Object Repository/Predicted in details/Show All Multiple Verbatim Predicted Result/label_Accessibility' is clicked on

2560-11-07 13:52:12 - [MESSAGE][PASSED] - Object: 'Object Repository/Predicted in details/Show All Multiple Verbatim Predicted Result/label_Accessibility' is clicked on

2560-11-07 13:52:12 - [TEST_STEP][PASSED] - verifyElementPresent: Object 'Object Repository/Predicted in details/Show All Multiple Verbatim Predicted Result/Accessibility/span_Capacity' is present

2560-11-07 13:52:12 - [MESSAGE][PASSED] - Object 'Object Repository/Predicted in details/Show All Multiple Verbatim Predicted Result/Accessibility/span_Capacity' is present

2560-11-07 13:52:12 - [TEST_STEP][PASSED] - verifyElementPresent: Object 'Object Repository/Predicted in details/Show All Multiple Verbatim Predicted Result/Accessibility/span_Convenience' is present

2560-11-07 13:52:12 - [MESSAGE][PASSED] - Object 'Object Repository/Predicted in details/Show All Multiple Verbatim Predicted Result/Accessibility/span_Convenience' is present

2560-11-07 13:52:12 - [TEST_STEP][PASSED] - verifyElementPresent: Object 'Object Repository/Predicted in details/Show All Multiple Verbatim Predicted Result/Accessibility/span_Facility' is present

2560-11-07 13:52:13 - [MESSAGE][PASSED] - Object 'Object Repository/Predicted in details/Show All Multiple Verbatim Predicted Result/Accessibility/span_Facility' is present

2560-11-07 13:52:13 - [TEST_STEP][PASSED] - verifyElementPresent: Object 'Object Repository/Predicted in details/Show All Multiple Verbatim Predicted Result/Accessibility/span_Staffing' is present

2560-11-07 13:52:13 - [MESSAGE][PASSED] - Object 'Object Repository/Predicted in details/Show All Multiple Verbatim Predicted Result/Accessibility/span_Staffing' is present

2560-11-07 13:52:13 - [TEST_STEP][PASSED] - verifyElementPresent: Object 'Object Repository/Predicted in details/Show All Multiple Verbatim Predicted Result/Accessibility/span_System' is present

2560-11-07 13:52:13 - [MESSAGE][PASSED] - Object 'Object Repository/Predicted in details/Show All Multiple Verbatim Predicted Result/Accessibility/span_System' is present

2560-11-07 13:52:13 - [TEST_STEP][PASSED] - click: Object: 'Object Repository/Predicted in details/Button_Export' is clicked on

2560-11-07 13:52:14 - [MESSAGE][PASSED] - Object: 'Object Repository/Predicted in details/Button_Export' is clicked on

2560-11-07 13:52:14 - [TEST_STEP][PASSED] - click: Object: 'Object Repository/Predicted in details/Show All Multiple Verbatim Predicted Result/label_Accessibility' is clicked on

2560-11-07 13:52:14 - [MESSAGE][PASSED] - Object: 'Object Repository/Predicted in details/Show All Multiple Verbatim Predicted Result/label_Accessibility' is clicked on

2560-11-07 13:52:14 - [TEST_STEP][PASSED] - click: Object: 'Object Repository/Predicted in details/Show All Multiple Verbatim Predicted Result/Accessibility/i_fa fa-caret-right' is clicked on

2560-11-07 13:52:14 - [MESSAGE][PASSED] - Object: 'Object Repository/Predicted in details/Show All Multiple Verbatim Predicted Result/Accessibility/i_fa fa-caret-right' is clicked on

2560-11-07 13:52:14 - [TEST_STEP][PASSED] - click: Object: 'Object Repository/Predicted in details/Show All Multiple Verbatim Predicted Result/Accessibility/label_Capacity' is clicked on

2560-11-07 13:52:15 - [MESSAGE][PASSED] - Object: 'Object Repository/Predicted in details/Show All Multiple Verbatim Predicted Result/Accessibility/label_Capacity' is clicked on

2560-11-07 13:52:15 - [TEST_STEP][PASSED] - verifyElementPresent: Object 'Object Repository/Predicted in details/Show All Multiple Verbatim Predicted Result/Accessibility/span_Capacity' is present

2560-11-07 13:52:15 - [MESSAGE][PASSED] - Object 'Object Repository/Predicted in details/Show All Multiple Verbatim Predicted Result/Accessibility/span_Capacity' is present

2560-11-07 13:52:15 - [TEST_STEP][PASSED] - click: Object: 'Object Repository/Predicted in details/Button_Export' is clicked on

2560-11-07 13:52:15 - [MESSAGE][PASSED] - Object: 'Object Repository/Predicted in details/Button_Export' is clicked on

2560-11-07 13:52:15 - [TEST_STEP][PASSED] - click: Object: 'Object Repository/Predicted in details/Show All Multiple Verbatim Predicted Result/Accessibility/label_Capacity' is clicked on

2560-11-07 13:52:15 - [MESSAGE][PASSED] - Object: 'Object Repository/Predicted in details/Show All Multiple Verbatim Predicted Result/Accessibility/label_Capacity' is clicked on

2560-11-07 13:52:15 - [TEST_STEP][PASSED] - click: Object: 'Object Repository/Predicted in details/Show All Multiple Verbatim Predicted Result/Accessibility/label_Convenience' is clicked on

2560-11-07 13:52:15 - [MESSAGE][PASSED] - Object: 'Object Repository/Predicted in details/Show All Multiple Verbatim Predicted Result/Accessibility/label_Convenience' is clicked on

2560-11-07 13:52:15 - [TEST_STEP][PASSED] - verifyElementPresent: Object 'Object Repository/Predicted in details/Show All Multiple Verbatim Predicted Result/Accessibility/span_Convenience (1)' is present

2560-11-07 13:52:15 - [MESSAGE][PASSED] - Object 'Object Repository/Predicted in details/Show All Multiple Verbatim Predicted Result/Accessibility/span_Convenience (1)' is present

2560-11-07 13:52:15 - [TEST_STEP][PASSED] - click: Object: 'Object Repository/Predicted in details/Button_Export' is clicked on

2560-11-07 13:52:16 - [MESSAGE][PASSED] - Object: 'Object Repository/Predicted in details/Button_Export' is clicked on

2560-11-07 13:52:16 - [TEST_STEP][PASSED] - click: Object: 'Object Repository/Predicted in details/Show All Multiple Verbatim Predicted Result/Accessibility/label_Convenience' is clicked on

2560-11-07 13:52:16 - [MESSAGE][PASSED] - Object: 'Object Repository/Predicted in details/Show All Multiple Verbatim Predicted Result/Accessibility/label_Convenience' is clicked on

2560-11-07 13:52:16 - [TEST_STEP][PASSED] - click: Object: 'Object Repository/Predicted in details/Show All Multiple Verbatim Predicted Result/Accessibility/label_Staffing' is clicked on

2560-11-07 13:52:16 - [MESSAGE][PASSED] - Object: 'Object Repository/Predicted in details/Show All Multiple Verbatim Predicted Result/Accessibility/label_Staffing' is clicked on

2560-11-07 13:52:17 - [TEST_STEP][PASSED] - verifyElementPresent: Object 'Object Repository/Predicted in details/Show All Multiple Verbatim Predicted Result/Accessibility//span_Staffing 1' is present

2560-11-07 13:52:17 - [MESSAGE][PASSED] - Object 'Object Repository/Predicted in details/Show All Multiple Verbatim Predicted Result/Accessibility//span_Staffing 1' is present

2560-11-07 13:52:17 - [TEST_STEP][PASSED] - click: Object: 'Object Repository/Predicted in details/Button_Export' is clicked on

2560-11-07 13:52:17 - [MESSAGE][PASSED] - Object: 'Object Repository/Predicted in details/Button_Export' is clicked on

2560-11-07 13:52:17 - [TEST_STEP][PASSED] - click: Object: 'Object Repository/Predicted in details/Show All Multiple Verbatim Predicted Result/Accessibility/label_Staffing' is clicked on

2560-11-07 13:52:17 - [MESSAGE][PASSED] - Object: 'Object Repository/Predicted in details/Show All Multiple Verbatim Predicted Result/Accessibility/label_Staffing' is clicked on

2560-11-07 13:52:18 - [TEST_STEP][PASSED] - click: Object: 'Object Repository/Predicted in details/Show All Multiple Verbatim Predicted Result/Accessibility//label_System' is clicked on

2560-11-07 13:52:18 - [MESSAGE][PASSED] - Object: 'Object Repository/Predicted in details/Show All Multiple Verbatim Predicted Result/Accessibility//label_System' is clicked on

2560-11-07 13:52:18 - [TEST_STEP][PASSED] - verifyElementPresent: Object 'Object Repository/Predicted in details/Show All Multiple Verbatim Predicted Result/Accessibility/span_System 1' is present

2560-11-07 13:52:18 - [MESSAGE][PASSED] - Object 'Object Repository/Predicted in details/Show All Multiple Verbatim Predicted Result/Accessibility/span_System 1' is present

2560-11-07 13:52:18 - [TEST_STEP][PASSED] - click: Object: 'Object Repository/Predicted in details/Button_Export' is clicked on

2560-11-07 13:52:19 - [MESSAGE][PASSED] - Object: 'Object Repository/Predicted in details/Button_Export' is clicked on

2560-11-07 13:52:19 - [TEST_STEP][PASSED] - click: Object: 'Object Repository/Predicted in details/Show All Multiple Verbatim Predicted Result/Accessibility//label_System' is clicked on

2560-11-07 13:52:19 - [MESSAGE][PASSED] - Object: 'Object Repository/Predicted in details/Show All Multiple Verbatim Predicted Result/Accessibility//label_System' is clicked on

2560-11-07 13:52:19 - [TEST_STEP][PASSED] - click: Object: 'Object Repository/Predicted in details/Show All Multiple Verbatim Predicted Result/Accessibility//label_Facility' is clicked on

2560-11-07 13:52:19 - [MESSAGE][PASSED] - Object: 'Object Repository/Predicted in details/Show All Multiple Verbatim Predicted Result/Accessibility//label_Facility' is clicked on

2560-11-07 13:52:19 - [TEST_STEP][PASSED] - verifyElementPresent: Object 'Object Repository/Predicted in details/Show All Multiple Verbatim Predicted Result/Accessibility/span_Facility (1)' is present

2560-11-07 13:52:19 - [MESSAGE][PASSED] - Object 'Object Repository/Predicted in details/Show All Multiple Verbatim Predicted Result/Accessibility/span_Facility (1)' is present

2560-11-07 13:52:19 - [TEST_STEP][PASSED] - click: Object: 'Object Repository/Predicted in details/Button_Export' is clicked on

2560-11-07 13:52:19 - [MESSAGE][PASSED] - Object: 'Object Repository/Predicted in details/Button_Export' is clicked on

2560-11-07 13:52:19 - [TEST_STEP][PASSED] - click: Object: 'Object Repository/Predicted in details/Show All Multiple Verbatim Predicted Result/Accessibility//label_Facility' is clicked on

2560-11-07 13:52:19 - [MESSAGE][PASSED] - Object: 'Object Repository/Predicted in details/Show All Multiple Verbatim Predicted Result/Accessibility//label_Facility' is clicked on

2560-11-07 13:52:19 - [TEST_STEP][PASSED] - click: Object: 'Object Repository/Predicted in details/Show All Multiple Verbatim Predicted Result/Company Brand/label_Company Brand' is clicked on

2560-11-07 13:52:20 - [MESSAGE][PASSED] - Object: 'Object Repository/Predicted in details/Show All Multiple Verbatim Predicted Result/Company Brand/label_Company Brand' is clicked on

2560-11-07 13:52:20 - [TEST_STEP][PASSED] - verifyElementPresent: Object 'Object Repository/Predicted in details/Show All Multiple Verbatim Predicted Result/Company Brand//span_Advertising (1)' is present

2560-11-07 13:52:20 - [MESSAGE][PASSED] - Object 'Object Repository/Predicted in details/Show All Multiple Verbatim Predicted Result/Company Brand//span_Advertising (1)' is present

2560-11-07 13:52:20 - [TEST_STEP][PASSED] - verifyElementPresent: Object 'Object Repository/Predicted in details/Show All Multiple Verbatim Predicted Result/Company Brand//span_Loyalty (1)' is present

2560-11-07 13:52:20 - [MESSAGE][PASSED] - Object 'Object Repository/Predicted in details/Show All Multiple Verbatim Predicted Result/Company Brand//span_Loyalty (1)' is present

2560-11-07 13:52:20 - [TEST_STEP][PASSED] - verifyElementPresent: Object 'Object Repository/Predicted in details/Show All Multiple Verbatim Predicted Result/Company Brand/span_Credibility' is present

2560-11-07 13:52:20 - [MESSAGE][PASSED] - Object 'Object Repository/Predicted in details/Show All Multiple Verbatim Predicted Result/Company Brand/span_Credibility' is present

2560-11-07 13:52:20 - [TEST_STEP][PASSED] - click: Object: 'Object Repository/Predicted in details/Button_Export' is clicked on

2560-11-07 13:52:21 - [MESSAGE][PASSED] - Object: 'Object Repository/Predicted in details/Button_Export' is clicked on

2560-11-07 13:52:21 - [TEST_STEP][PASSED] - click: Object: 'Object Repository/Predicted in details/Show All Multiple Verbatim Predicted Result/Company Brand/label_Company Brand' is clicked on

2560-11-07 13:52:21 - [MESSAGE][PASSED] - Object: 'Object Repository/Predicted in details/Show All Multiple Verbatim Predicted Result/Company Brand/label_Company Brand' is clicked on

2560-11-07 13:52:21 - [TEST_STEP][PASSED] - click: Object: 'Object Repository/Predicted in details/Show All Multiple Verbatim Predicted Result/Company Brand/i_fa fa-caret-right' is clicked on

2560-11-07 13:52:21 - [MESSAGE][PASSED] - Object: 'Object Repository/Predicted in details/Show All Multiple Verbatim Predicted Result/Company Brand/i_fa fa-caret-right' is clicked on

2560-11-07 13:52:21 - [TEST_STEP][PASSED] - click: Object: 'Object Repository/Predicted in details/Show All Multiple Verbatim Predicted Result/Company Brand//label_Advertising' is clicked on

2560-11-07 13:52:21 - [MESSAGE][PASSED] - Object: 'Object Repository/Predicted in details/Show All Multiple Verbatim Predicted Result/Company Brand//label_Advertising' is clicked on

2560-11-07 13:52:21 - [TEST_STEP][PASSED] - verifyElementPresent: Object 'Object Repository/Predicted in details/Show All Multiple Verbatim Predicted Result/Company Brand//span_Advertising 1' is present

2560-11-07 13:52:22 - [MESSAGE][PASSED] - Object 'Object Repository/Predicted in details/Show All Multiple Verbatim Predicted Result/Company Brand//span_Advertising 1' is present

2560-11-07 13:52:22 - [TEST_STEP][PASSED] - click: Object: 'Object Repository/Predicted in details/Button_Export' is clicked on

2560-11-07 13:52:22 - [MESSAGE][PASSED] - Object: 'Object Repository/Predicted in details/Button_Export' is clicked on

2560-11-07 13:52:22 - [TEST_STEP][PASSED] - click: Object: 'Object Repository/Predicted in details/Show All Multiple Verbatim Predicted Result/Company Brand//label_Advertising' is clicked on

2560-11-07 13:52:22 - [MESSAGE][PASSED] - Object: 'Object Repository/Predicted in details/Show All Multiple Verbatim Predicted Result/Company Brand//label_Advertising' is clicked on

2560-11-07 13:52:22 - [TEST_STEP][PASSED] - click: Object: 'Object Repository/Predicted in details/Show All Multiple Verbatim Predicted Result/Company Brand//label_Loyalty' is clicked on

2560-11-07 13:52:22 - [MESSAGE][PASSED] - Object: 'Object Repository/Predicted in details/Show All Multiple Verbatim Predicted Result/Company Brand//label_Loyalty' is clicked on

2560-11-07 13:52:22 - [TEST_STEP][PASSED] - verifyElementPresent: Object 'Object Repository/Predicted in details/Show All Multiple Verbatim Predicted Result/Company Brand//span_Loyalty 1' is present

2560-11-07 13:52:22 - [MESSAGE][PASSED] - Object 'Object Repository/Predicted in details/Show All Multiple Verbatim Predicted Result/Company Brand//span_Loyalty 1' is present

2560-11-07 13:52:22 - [TEST_STEP][PASSED] - click: Object: 'Object Repository/Predicted in details/Button_Export' is clicked on

2560-11-07 13:52:23 - [MESSAGE][PASSED] - Object: 'Object Repository/Predicted in details/Button_Export' is clicked on

2560-11-07 13:52:23 - [TEST_STEP][PASSED] - click: Object: 'Object Repository/Predicted in details/Show All Multiple Verbatim Predicted Result/Company Brand//label_Loyalty' is clicked on

2560-11-07 13:52:23 - [MESSAGE][PASSED] - Object: 'Object Repository/Predicted in details/Show All Multiple Verbatim Predicted Result/Company Brand//label_Loyalty' is clicked on

2560-11-07 13:52:23 - [TEST_STEP][PASSED] - click: Object: 'Object Repository/Predicted in details/Show All Multiple Verbatim Predicted Result/Process//label_Process' is clicked on

2560-11-07 13:52:23 - [MESSAGE][PASSED] - Object: 'Object Repository/Predicted in details/Show All Multiple Verbatim Predicted Result/Process//label_Process' is clicked on

2560-11-07 13:52:23 - [TEST_STEP][PASSED] - verifyElementPresent: Object 'Object Repository/Predicted in details/Show All Multiple Verbatim Predicted Result/Process//span_Quality' is present

2560-11-07 13:52:23 - [MESSAGE][PASSED] - Object 'Object Repository/Predicted in details/Show All Multiple Verbatim Predicted Result/Process//span_Quality' is present

2560-11-07 13:52:24 - [TEST_STEP][PASSED] - verifyElementPresent: Object 'Object Repository/Predicted in details/Show All Multiple Verbatim Predicted Result/Process/span_Simplicity' is present

2560-11-07 13:52:24 - [MESSAGE][PASSED] - Object 'Object Repository/Predicted in details/Show All Multiple Verbatim Predicted Result/Process/span_Simplicity' is present

2560-11-07 13:52:24 - [TEST_STEP][PASSED] - verifyElementPresent: Object 'Object Repository/Predicted in details/Show All Multiple Verbatim Predicted Result/Process//span_SLA' is present

2560-11-07 13:52:24 - [MESSAGE][PASSED] - Object 'Object Repository/Predicted in details/Show All Multiple Verbatim Predicted Result/Process//span_SLA' is present

2560-11-07 13:52:25 - [TEST_STEP][PASSED] - click: Object: 'Object Repository/Predicted in details/Button_Export' is clicked on

2560-11-07 13:52:25 - [MESSAGE][PASSED] - Object: 'Object Repository/Predicted in details/Button_Export' is clicked on

2560-11-07 13:52:25 - [TEST_STEP][PASSED] - click: Object: 'Object Repository/Predicted in details/Show All Multiple Verbatim Predicted Result/Process//label_Process' is clicked on

2560-11-07 13:52:25 - [MESSAGE][PASSED] - Object: 'Object Repository/Predicted in details/Show All Multiple Verbatim Predicted Result/Process//label_Process' is clicked on

2560-11-07 13:52:25 - [TEST_STEP][PASSED] - click: Object: 'Object Repository/Predicted in details/Show All Multiple Verbatim Predicted Result/Process//i_fa fa-caret-right' is clicked on

2560-11-07 13:52:26 - [MESSAGE][PASSED] - Object: 'Object Repository/Predicted in details/Show All Multiple Verbatim Predicted Result/Process//i_fa fa-caret-right' is clicked on

2560-11-07 13:52:26 - [TEST_STEP][PASSED] - click: Object: 'Object Repository/Predicted in details/Show All Multiple Verbatim Predicted Result/Process//label_Quantity' is clicked on

2560-11-07 13:52:26 - [MESSAGE][PASSED] - Object: 'Object Repository/Predicted in details/Show All Multiple Verbatim Predicted Result/Process//label_Quantity' is clicked on

2560-11-07 13:52:26 - [TEST_STEP][PASSED] - verifyElementPresent: Object 'Object Repository/Predicted in details/Show All Multiple Verbatim Predicted Result/Process//span_Quality (1)' is present

2560-11-07 13:52:26 - [MESSAGE][PASSED] - Object 'Object Repository/Predicted in details/Show All Multiple Verbatim Predicted Result/Process//span_Quality (1)' is present

2560-11-07 13:52:27 - [TEST_STEP][PASSED] - click: Object: 'Object Repository/Predicted in details/Button_Export' is clicked on

2560-11-07 13:52:27 - [MESSAGE][PASSED] - Object: 'Object Repository/Predicted in details/Button_Export' is clicked on

2560-11-07 13:52:27 - [TEST_STEP][PASSED] - click: Object: 'Object Repository/Predicted in details/Show All Multiple Verbatim Predicted Result/Process//label_Quantity' is clicked on

2560-11-07 13:52:28 - [MESSAGE][PASSED] - Object: 'Object Repository/Predicted in details/Show All Multiple Verbatim Predicted Result/Process//label_Quantity' is clicked on

2560-11-07 13:52:28 - [TEST_STEP][PASSED] - click: Object: 'Object Repository/Predicted in details/Show All Multiple Verbatim Predicted Result/Process//label_Simplicity' is clicked on

2560-11-07 13:52:28 - [MESSAGE][PASSED] - Object: 'Object Repository/Predicted in details/Show All Multiple Verbatim Predicted Result/Process//label_Simplicity' is clicked on

2560-11-07 13:52:28 - [TEST_STEP][PASSED] - verifyElementPresent: Object 'Object Repository/Predicted in details/Show All Multiple Verbatim Predicted Result/Process/span_Simplicity (1)' is present

2560-11-07 13:52:28 - [MESSAGE][PASSED] - Object 'Object Repository/Predicted in details/Show All Multiple Verbatim Predicted Result/Process/span_Simplicity (1)' is present

2560-11-07 13:52:28 - [TEST_STEP][PASSED] - click: Object: 'Object Repository/Predicted in details/Button_Export' is clicked on

2560-11-07 13:52:28 - [MESSAGE][PASSED] - Object: 'Object Repository/Predicted in details/Button_Export' is clicked on

2560-11-07 13:52:28 - [TEST_STEP][PASSED] - click: Object: 'Object Repository/Predicted in details/Show All Multiple Verbatim Predicted Result/Process//label_Simplicity' is clicked on

2560-11-07 13:52:28 - [MESSAGE][PASSED] - Object: 'Object Repository/Predicted in details/Show All Multiple Verbatim Predicted Result/Process//label_Simplicity' is clicked on

2560-11-07 13:52:28 - [TEST_STEP][PASSED] - click: Object: 'Object Repository/Predicted in details/Show All Multiple Verbatim Predicted Result/Process//label_SLA' is clicked on

2560-11-07 13:52:29 - [MESSAGE][PASSED] - Object: 'Object Repository/Predicted in details/Show All Multiple Verbatim Predicted Result/Process//label_SLA' is clicked on

2560-11-07 13:52:29 - [TEST_STEP][PASSED] - verifyElementPresent: Object 'Object Repository/Predicted in details/Show All Multiple Verbatim Predicted Result/Process//span_SLA (1)' is present

2560-11-07 13:52:29 - [MESSAGE][PASSED] - Object 'Object Repository/Predicted in details/Show All Multiple Verbatim Predicted Result/Process//span_SLA (1)' is present

2560-11-07 13:52:29 - [TEST_STEP][PASSED] - click: Object: 'Object Repository/Predicted in details/Button_Export' is clicked on

2560-11-07 13:52:29 - [MESSAGE][PASSED] - Object: 'Object Repository/Predicted in details/Button_Export' is clicked on

2560-11-07 13:52:29 - [TEST_STEP][PASSED] - click: Object: 'Object Repository/Predicted in details/Show All Multiple Verbatim Predicted Result/Process//label_SLA' is clicked on

2560-11-07 13:52:30 - [MESSAGE][PASSED] - Object: 'Object Repository/Predicted in details/Show All Multiple Verbatim Predicted Result/Process//label_SLA' is clicked on

2560-11-07 13:52:30 - [TEST_STEP][PASSED] - click: Object: 'Object Repository/Predicted in details/Show All Multiple Verbatim Predicted Result/Prodyct Feature//label_Product Feature' is clicked on

2560-11-07 13:52:30 - [MESSAGE][PASSED] - Object: 'Object Repository/Predicted in details/Show All Multiple Verbatim Predicted Result/Prodyct Feature//label_Product Feature' is clicked on

2560-11-07 13:52:30 - [TEST_STEP][PASSED] - verifyElementPresent: Object 'Object Repository/Predicted in details/Show All Multiple Verbatim Predicted Result/Prodyct Feature/001/span_Dispute' is present

2560-11-07 13:52:30 - [MESSAGE][PASSED] - Object 'Object Repository/Predicted in details/Show All Multiple Verbatim Predicted Result/Prodyct Feature/001/span_Dispute' is present

2560-11-07 13:52:30 - [TEST_STEP][PASSED] - verifyElementPresent: Object 'Object Repository/Predicted in details/Show All Multiple Verbatim Predicted Result/Prodyct Feature/001/span_Ease of Use' is present

2560-11-07 13:52:30 - [MESSAGE][PASSED] - Object 'Object Repository/Predicted in details/Show All Multiple Verbatim Predicted Result/Prodyct Feature/001/span_Ease of Use' is present

2560-11-07 13:52:30 - [TEST_STEP][PASSED] - verifyElementPresent: Object 'Object Repository/Predicted in details/Show All Multiple Verbatim Predicted Result/Prodyct Feature/001/span_Privilege' is present

2560-11-07 13:52:31 - [MESSAGE][PASSED] - Object 'Object Repository/Predicted in details/Show All Multiple Verbatim Predicted Result/Prodyct Feature/001/span_Privilege' is present

2560-11-07 13:52:31 - [TEST_STEP][PASSED] - verifyElementPresent: Object 'Object Repository/Predicted in details/Show All Multiple Verbatim Predicted Result/Prodyct Feature/001/span_Promotion' is present

2560-11-07 13:52:32 - [MESSAGE][PASSED] - Object 'Object Repository/Predicted in details/Show All Multiple Verbatim Predicted Result/Prodyct Feature/001/span_Promotion' is present

2560-11-07 13:52:32 - [TEST_STEP][PASSED] - verifyElementPresent: Object 'Object Repository/Predicted in details/Show All Multiple Verbatim Predicted Result/Prodyct Feature/001/span_Variability' is present

2560-11-07 13:52:32 - [MESSAGE][PASSED] - Object 'Object Repository/Predicted in details/Show All Multiple Verbatim Predicted Result/Prodyct Feature/001/span_Variability' is present

2560-11-07 13:52:33 - [TEST_STEP][PASSED] - click: Object: 'Object Repository/Predicted in details/Show All Multiple Verbatim Predicted Result/Prodyct Feature/a_page-link' is clicked on

2560-11-07 13:52:33 - [MESSAGE][PASSED] - Object: 'Object Repository/Predicted in details/Show All Multiple Verbatim Predicted Result/Prodyct Feature/a_page-link' is clicked on

2560-11-07 13:52:33 - [TEST_STEP][PASSED] - verifyElementPresent: Object 'Object Repository/Predicted in details/Show All Multiple Verbatim Predicted Result/Prodyct Feature/001/span_Incident' is present

2560-11-07 13:52:33 - [MESSAGE][PASSED] - Object 'Object Repository/Predicted in details/Show All Multiple Verbatim Predicted Result/Prodyct Feature/001/span_Incident' is present

2560-11-07 13:52:33 - [TEST_STEP][PASSED] - verifyElementPresent: Object 'Object Repository/Predicted in details/Show All Multiple Verbatim Predicted Result/Prodyct Feature/001/span_Performance' is present

2560-11-07 13:52:33 - [MESSAGE][PASSED] - Object 'Object Repository/Predicted in details/Show All Multiple Verbatim Predicted Result/Prodyct Feature/001/span_Performance' is present

2560-11-07 13:52:33 - [TEST_STEP][PASSED] - verifyElementPresent: Object 'Object Repository/Predicted in details/Show All Multiple Verbatim Predicted Result/Prodyct Feature/001/span_Fee' is present

2560-11-07 13:52:33 - [MESSAGE][PASSED] - Object 'Object Repository/Predicted in details/Show All Multiple Verbatim Predicted Result/Prodyct Feature/001/span_Fee' is present

2560-11-07 13:52:33 - [TEST_STEP][PASSED] - verifyElementPresent: Object 'Object Repository/Predicted in details/Show All Multiple Verbatim Predicted Result/Prodyct Feature/001/span_Policy' is present

2560-11-07 13:52:34 - [MESSAGE][PASSED] - Object 'Object Repository/Predicted in details/Show All Multiple Verbatim Predicted Result/Prodyct Feature/001/span_Policy' is present

2560-11-07 13:52:34 - [TEST_STEP][PASSED] - click: Object: 'Object Repository/Predicted in details/Button_Export' is clicked on

2560-11-07 13:52:34 - [MESSAGE][PASSED] - Object: 'Object Repository/Predicted in details/Button_Export' is clicked on

2560-11-07 13:52:34 - [TEST_STEP][PASSED] - click: Object: 'Object Repository/Predicted in details/Show All Multiple Verbatim Predicted Result/Prodyct Feature//label_Product Feature' is clicked on

2560-11-07 13:52:35 - [MESSAGE][PASSED] - Object: 'Object Repository/Predicted in details/Show All Multiple Verbatim Predicted Result/Prodyct Feature//label_Product Feature' is clicked on

2560-11-07 13:52:35 - [TEST_STEP][PASSED] - click: Object: 'Object Repository/Predicted in details/Show All Multiple Verbatim Predicted Result/Prodyct Feature//i_fa fa-caret-right' is clicked on

2560-11-07 13:52:35 - [MESSAGE][PASSED] - Object: 'Object Repository/Predicted in details/Show All Multiple Verbatim Predicted Result/Prodyct Feature//i_fa fa-caret-right' is clicked on

2560-11-07 13:52:35 - [TEST_STEP][PASSED] - click: Object: 'Object Repository/Predicted in details/Show All Multiple Verbatim Predicted Result/Prodyct Feature//label_Dispute' is clicked on

2560-11-07 13:52:35 - [MESSAGE][PASSED] - Object: 'Object Repository/Predicted in details/Show All Multiple Verbatim Predicted Result/Prodyct Feature//label_Dispute' is clicked on

2560-11-07 13:52:35 - [TEST_STEP][PASSED] - verifyElementPresent: Object 'Object Repository/Predicted in details/Show All Multiple Verbatim Predicted Result/Prodyct Feature/span_Dispute (1)' is present

2560-11-07 13:52:35 - [MESSAGE][PASSED] - Object 'Object Repository/Predicted in details/Show All Multiple Verbatim Predicted Result/Prodyct Feature/span_Dispute (1)' is present

2560-11-07 13:52:36 - [TEST_STEP][PASSED] - click: Object: 'Object Repository/Predicted in details/Button_Export' is clicked on

2560-11-07 13:52:36 - [MESSAGE][PASSED] - Object: 'Object Repository/Predicted in details/Button_Export' is clicked on

2560-11-07 13:52:36 - [TEST_STEP][PASSED] - click: Object: 'Object Repository/Predicted in details/Show All Multiple Verbatim Predicted Result/Prodyct Feature//label_Dispute' is clicked on

2560-11-07 13:52:36 - [MESSAGE][PASSED] - Object: 'Object Repository/Predicted in details/Show All Multiple Verbatim Predicted Result/Prodyct Feature//label_Dispute' is clicked on

2560-11-07 13:52:36 - [TEST_STEP][PASSED] - click: Object: 'Object Repository/Predicted in details/Show All Multiple Verbatim Predicted Result/Prodyct Feature//label_Privilege' is clicked on

2560-11-07 13:52:37 - [MESSAGE][PASSED] - Object: 'Object Repository/Predicted in details/Show All Multiple Verbatim Predicted Result/Prodyct Feature//label_Privilege' is clicked on

2560-11-07 13:52:37 - [TEST_STEP][PASSED] - verifyElementPresent: Object 'Object Repository/Predicted in details/Show All Multiple Verbatim Predicted Result/Prodyct Feature//span_Privilege (1)' is present

2560-11-07 13:52:37 - [MESSAGE][PASSED] - Object 'Object Repository/Predicted in details/Show All Multiple Verbatim Predicted Result/Prodyct Feature//span_Privilege (1)' is present

2560-11-07 13:52:37 - [TEST_STEP][PASSED] - click: Object: 'Object Repository/Predicted in details/Button_Export' is clicked on

2560-11-07 13:52:37 - [MESSAGE][PASSED] - Object: 'Object Repository/Predicted in details/Button_Export' is clicked on

2560-11-07 13:52:37 - [TEST_STEP][PASSED] - click: Object: 'Object Repository/Predicted in details/Show All Multiple Verbatim Predicted Result/Prodyct Feature//label_Privilege' is clicked on

2560-11-07 13:52:37 - [MESSAGE][PASSED] - Object: 'Object Repository/Predicted in details/Show All Multiple Verbatim Predicted Result/Prodyct Feature//label_Privilege' is clicked on

2560-11-07 13:52:37 - [TEST_STEP][PASSED] - click: Object: 'Object Repository/Predicted in details/Show All Multiple Verbatim Predicted Result/Prodyct Feature//label_Ease of Use' is clicked on

2560-11-07 13:52:38 - [MESSAGE][PASSED] - Object: 'Object Repository/Predicted in details/Show All Multiple Verbatim Predicted Result/Prodyct Feature//label_Ease of Use' is clicked on

2560-11-07 13:52:38 - [TEST_STEP][PASSED] - verifyElementPresent: Object 'Object Repository/Predicted in details/Show All Multiple Verbatim Predicted Result/Prodyct Feature/span_Ease of Use' is present

2560-11-07 13:52:38 - [MESSAGE][PASSED] - Object 'Object Repository/Predicted in details/Show All Multiple Verbatim Predicted Result/Prodyct Feature/span_Ease of Use' is present

2560-11-07 13:52:38 - [TEST_STEP][PASSED] - click: Object: 'Object Repository/Predicted in details/Button_Export' is clicked on

2560-11-07 13:52:38 - [MESSAGE][PASSED] - Object: 'Object Repository/Predicted in details/Button_Export' is clicked on

2560-11-07 13:52:38 - [TEST_STEP][PASSED] - click: Object: 'Object Repository/Predicted in details/Show All Multiple Verbatim Predicted Result/Prodyct Feature//label_Ease of Use' is clicked on

2560-11-07 13:52:39 - [MESSAGE][PASSED] - Object: 'Object Repository/Predicted in details/Show All Multiple Verbatim Predicted Result/Prodyct Feature//label_Ease of Use' is clicked on

2560-11-07 13:52:39 - [TEST_STEP][PASSED] - click: Object: 'Object Repository/Predicted in details/Show All Multiple Verbatim Predicted Result/Prodyct Feature//label_Promotion' is clicked on

2560-11-07 13:52:39 - [MESSAGE][PASSED] - Object: 'Object Repository/Predicted in details/Show All Multiple Verbatim Predicted Result/Prodyct Feature//label_Promotion' is clicked on

2560-11-07 13:52:39 - [TEST_STEP][PASSED] - verifyElementPresent: Object 'Object Repository/Predicted in details/Show All Multiple Verbatim Predicted Result/Prodyct Feature//span_Promotion (1)' is present

2560-11-07 13:52:40 - [MESSAGE][PASSED] - Object 'Object Repository/Predicted in details/Show All Multiple Verbatim Predicted Result/Prodyct Feature//span_Promotion (1)' is present

2560-11-07 13:52:40 - [TEST_STEP][PASSED] - click: Object: 'Object Repository/Predicted in details/Button_Export' is clicked on

2560-11-07 13:52:40 - [MESSAGE][PASSED] - Object: 'Object Repository/Predicted in details/Button_Export' is clicked on

2560-11-07 13:52:40 - [TEST_STEP][PASSED] - click: Object: 'Object Repository/Predicted in details/Show All Multiple Verbatim Predicted Result/Prodyct Feature//label_Promotion' is clicked on

2560-11-07 13:52:40 - [MESSAGE][PASSED] - Object: 'Object Repository/Predicted in details/Show All Multiple Verbatim Predicted Result/Prodyct Feature//label_Promotion' is clicked on

2560-11-07 13:52:40 - [TEST_STEP][PASSED] - click: Object: 'Object Repository/Predicted in details/Show All Multiple Verbatim Predicted Result/Prodyct Feature//label_Variability' is clicked on

2560-11-07 13:52:41 - [MESSAGE][PASSED] - Object: 'Object Repository/Predicted in details/Show All Multiple Verbatim Predicted Result/Prodyct Feature//label_Variability' is clicked on

2560-11-07 13:52:41 - [TEST_STEP][PASSED] - verifyElementPresent: Object 'Object Repository/Predicted in details/Show All Multiple Verbatim Predicted Result/Prodyct Feature//span_Variability (1)' is present

2560-11-07 13:52:41 - [MESSAGE][PASSED] - Object 'Object Repository/Predicted in details/Show All Multiple Verbatim Predicted Result/Prodyct Feature//span_Variability (1)' is present

2560-11-07 13:52:41 - [TEST_STEP][PASSED] - click: Object: 'Object Repository/Predicted in details/Button_Export' is clicked on

2560-11-07 13:52:41 - [MESSAGE][PASSED] - Object: 'Object Repository/Predicted in details/Button_Export' is clicked on

2560-11-07 13:52:42 - [TEST_STEP][PASSED] - click: Object: 'Object Repository/Predicted in details/Show All Multiple Verbatim Predicted Result/Prodyct Feature//label_Variability' is clicked on

2560-11-07 13:52:42 - [MESSAGE][PASSED] - Object: 'Object Repository/Predicted in details/Show All Multiple Verbatim Predicted Result/Prodyct Feature//label_Variability' is clicked on

2560-11-07 13:52:42 - [TEST_STEP][PASSED] - click: Object: 'Object Repository/Predicted in details/Show All Multiple Verbatim Predicted Result/Prodyct Feature//label_Incident' is clicked on

2560-11-07 13:52:42 - [MESSAGE][PASSED] - Object: 'Object Repository/Predicted in details/Show All Multiple Verbatim Predicted Result/Prodyct Feature//label_Incident' is clicked on

2560-11-07 13:52:42 - [TEST_STEP][PASSED] - verifyElementPresent: Object 'Object Repository/Predicted in details/Show All Multiple Verbatim Predicted Result/Prodyct Feature//span_Incident (1)' is present

2560-11-07 13:52:42 - [MESSAGE][PASSED] - Object 'Object Repository/Predicted in details/Show All Multiple Verbatim Predicted Result/Prodyct Feature//span_Incident (1)' is present

2560-11-07 13:52:42 - [TEST_STEP][PASSED] - click: Object: 'Object Repository/Predicted in details/Button_Export' is clicked on

2560-11-07 13:52:43 - [MESSAGE][PASSED] - Object: 'Object Repository/Predicted in details/Button_Export' is clicked on

2560-11-07 13:52:43 - [TEST_STEP][PASSED] - click: Object: 'Object Repository/Predicted in details/Show All Multiple Verbatim Predicted Result/Prodyct Feature//label_Incident' is clicked on

2560-11-07 13:52:43 - [MESSAGE][PASSED] - Object: 'Object Repository/Predicted in details/Show All Multiple Verbatim Predicted Result/Prodyct Feature//label_Incident' is clicked on

2560-11-07 13:52:43 - [TEST_STEP][PASSED] - click: Object: 'Object Repository/Predicted in details/Show All Multiple Verbatim Predicted Result/Prodyct Feature//label_Performance' is clicked on

2560-11-07 13:52:44 - [MESSAGE][PASSED] - Object: 'Object Repository/Predicted in details/Show All Multiple Verbatim Predicted Result/Prodyct Feature//label_Performance' is clicked on

2560-11-07 13:52:44 - [TEST_STEP][PASSED] - verifyElementPresent: Object 'Object Repository/Predicted in details/Show All Multiple Verbatim Predicted Result/Prodyct Feature//span_Performance (1)' is present

2560-11-07 13:52:44 - [MESSAGE][PASSED] - Object 'Object Repository/Predicted in details/Show All Multiple Verbatim Predicted Result/Prodyct Feature//span_Performance (1)' is present

2560-11-07 13:52:44 - [TEST_STEP][PASSED] - click: Object: 'Object Repository/Predicted in details/Button_Export' is clicked on

2560-11-07 13:52:44 - [MESSAGE][PASSED] - Object: 'Object Repository/Predicted in details/Button_Export' is clicked on

2560-11-07 13:52:45 - [TEST_STEP][PASSED] - click: Object: 'Object Repository/Predicted in details/Show All Multiple Verbatim Predicted Result/Prodyct Feature//label_Performance' is clicked on

2560-11-07 13:52:45 - [MESSAGE][PASSED] - Object: 'Object Repository/Predicted in details/Show All Multiple Verbatim Predicted Result/Prodyct Feature//label_Performance' is clicked on

2560-11-07 13:52:45 - [TEST_STEP][PASSED] - click: Object: 'Object Repository/Predicted in details/Show All Multiple Verbatim Predicted Result/Prodyct Feature//label_Fee' is clicked on

2560-11-07 13:52:45 - [MESSAGE][PASSED] - Object: 'Object Repository/Predicted in details/Show All Multiple Verbatim Predicted Result/Prodyct Feature//label_Fee' is clicked on

2560-11-07 13:52:45 - [TEST_STEP][PASSED] - verifyElementPresent: Object 'Object Repository/Predicted in details/Show All Multiple Verbatim Predicted Result/Prodyct Feature//span_Fee (1)' is present

2560-11-07 13:52:45 - [MESSAGE][PASSED] - Object 'Object Repository/Predicted in details/Show All Multiple Verbatim Predicted Result/Prodyct Feature//span_Fee (1)' is present

2560-11-07 13:52:45 - [TEST_STEP][PASSED] - click: Object: 'Object Repository/Predicted in details/Button_Export' is clicked on

2560-11-07 13:52:46 - [MESSAGE][PASSED] - Object: 'Object Repository/Predicted in details/Button_Export' is clicked on

2560-11-07 13:52:46 - [TEST_STEP][PASSED] - click: Object: 'Object Repository/Predicted in details/Show All Multiple Verbatim Predicted Result/Prodyct Feature//label_Fee' is clicked on

2560-11-07 13:52:46 - [MESSAGE][PASSED] - Object: 'Object Repository/Predicted in details/Show All Multiple Verbatim Predicted Result/Prodyct Feature//label_Fee' is clicked on

2560-11-07 13:52:46 - [TEST_STEP][PASSED] - click: Object: 'Object Repository/Predicted in details/Show All Multiple Verbatim Predicted Result/Prodyct Feature//label_Policy' is clicked on

2560-11-07 13:52:47 - [MESSAGE][PASSED] - Object: 'Object Repository/Predicted in details/Show All Multiple Verbatim Predicted Result/Prodyct Feature//label_Policy' is clicked on

2560-11-07 13:52:47 - [TEST_STEP][PASSED] - verifyElementPresent: Object 'Object Repository/Predicted in details/Show All Multiple Verbatim Predicted Result/Prodyct Feature/span_Policy (1)' is present

2560-11-07 13:52:47 - [MESSAGE][PASSED] - Object 'Object Repository/Predicted in details/Show All Multiple Verbatim Predicted Result/Prodyct Feature/span_Policy (1)' is present

2560-11-07 13:52:47 - [TEST_STEP][PASSED] - click: Object: 'Object Repository/Predicted in details/Button_Export' is clicked on

2560-11-07 13:52:48 - [MESSAGE][PASSED] - Object: 'Object Repository/Predicted in details/Button_Export' is clicked on

2560-11-07 13:52:48 - [TEST_STEP][PASSED] - click: Object: 'Object Repository/Predicted in details/Show All Multiple Verbatim Predicted Result/Prodyct Feature//label_Policy' is clicked on

2560-11-07 13:52:48 - [MESSAGE][PASSED] - Object: 'Object Repository/Predicted in details/Show All Multiple Verbatim Predicted Result/Prodyct Feature//label_Policy' is clicked on

2560-11-07 13:52:48 - [TEST_STEP][PASSED] - click: Object: 'Object Repository/Predicted in details/Show All Multiple Verbatim Predicted Result/Staff Quality//label_Staff Quality' is clicked on

2560-11-07 13:52:49 - [MESSAGE][PASSED] - Object: 'Object Repository/Predicted in details/Show All Multiple Verbatim Predicted Result/Staff Quality//label_Staff Quality' is clicked on

2560-11-07 13:52:49 - [TEST_STEP][PASSED] - verifyElementPresent: Object 'Object Repository/Predicted in details/Show All Multiple Verbatim Predicted Result/Staff Quality//span_Communication skillKnowle' is present

2560-11-07 13:52:49 - [MESSAGE][PASSED] - Object 'Object Repository/Predicted in details/Show All Multiple Verbatim Predicted Result/Staff Quality//span_Communication skillKnowle' is present

2560-11-07 13:52:49 - [TEST_STEP][PASSED] - verifyElementPresent: Object 'Object Repository/Predicted in details/Show All Multiple Verbatim Predicted Result/Staff Quality//span_MannerService' is present

2560-11-07 13:52:49 - [MESSAGE][PASSED] - Object 'Object Repository/Predicted in details/Show All Multiple Verbatim Predicted Result/Staff Quality//span_MannerService' is present

2560-11-07 13:52:49 - [TEST_STEP][PASSED] - verifyElementPresent: Object 'Object Repository/Predicted in details/Show All Multiple Verbatim Predicted Result/Staff Quality//span_Take Ownership' is present

2560-11-07 13:52:49 - [MESSAGE][PASSED] - Object 'Object Repository/Predicted in details/Show All Multiple Verbatim Predicted Result/Staff Quality//span_Take Ownership' is present

2560-11-07 13:52:49 - [TEST_STEP][PASSED] - verifyElementPresent: Object 'Object Repository/Predicted in details/Show All Multiple Verbatim Predicted Result/Staff Quality//span_Force Sale' is present

2560-11-07 13:52:49 - [MESSAGE][PASSED] - Object 'Object Repository/Predicted in details/Show All Multiple Verbatim Predicted Result/Staff Quality//span_Force Sale' is present

2560-11-07 13:52:50 - [TEST_STEP][PASSED] - verifyElementPresent: Object 'Object Repository/Predicted in details/Show All Multiple Verbatim Predicted Result/Staff Quality/span_Ethic' is present

2560-11-07 13:52:50 - [MESSAGE][PASSED] - Object 'Object Repository/Predicted in details/Show All Multiple Verbatim Predicted Result/Staff Quality/span_Ethic' is present

2560-11-07 13:52:50 - [TEST_STEP][PASSED] - click: Object: 'Object Repository/Predicted in details/Show All Multiple Verbatim Predicted Result/Staff Quality/a_page-link' is clicked on

2560-11-07 13:52:51 - [MESSAGE][PASSED] - Object: 'Object Repository/Predicted in details/Show All Multiple Verbatim Predicted Result/Staff Quality/a_page-link' is clicked on

2560-11-07 13:52:51 - [TEST_STEP][PASSED] - verifyElementPresent: Object 'Object Repository/Predicted in details/Show All Multiple Verbatim Predicted Result/Staff Quality//span_Staff Appearance (1)' is present

2560-11-07 13:52:51 - [MESSAGE][PASSED] - Object 'Object Repository/Predicted in details/Show All Multiple Verbatim Predicted Result/Staff Quality//span_Staff Appearance (1)' is present

2560-11-07 13:52:51 - [TEST_STEP][PASSED] - click: Object: 'Object Repository/Predicted in details/Button_Export' is clicked on

2560-11-07 13:52:52 - [MESSAGE][PASSED] - Object: 'Object Repository/Predicted in details/Button_Export' is clicked on

2560-11-07 13:52:52 - [TEST_STEP][PASSED] - click: Object: 'Object Repository/Predicted in details/Show All Multiple Verbatim Predicted Result/Staff Quality//label_Staff Quality' is clicked on

2560-11-07 13:52:52 - [MESSAGE][PASSED] - Object: 'Object Repository/Predicted in details/Show All Multiple Verbatim Predicted Result/Staff Quality//label_Staff Quality' is clicked on

2560-11-07 13:52:52 - [TEST_STEP][PASSED] - click: Object: 'Object Repository/Predicted in details/Show All Multiple Verbatim Predicted Result/Staff Quality/i_fa fa-caret-right' is clicked on

2560-11-07 13:52:53 - [MESSAGE][PASSED] - Object: 'Object Repository/Predicted in details/Show All Multiple Verbatim Predicted Result/Staff Quality/i_fa fa-caret-right' is clicked on

2560-11-07 13:52:53 - [TEST_STEP][PASSED] - click: Object: 'Object Repository/Predicted in details/Show All Multiple Verbatim Predicted Result/Staff Quality//label_Communication SkillKnowl' is clicked on

2560-11-07 13:52:53 - [MESSAGE][PASSED] - Object: 'Object Repository/Predicted in details/Show All Multiple Verbatim Predicted Result/Staff Quality//label_Communication SkillKnowl' is clicked on

2560-11-07 13:52:53 - [TEST_STEP][PASSED] - verifyElementPresent: Object 'Object Repository/Predicted in details/Show All Multiple Verbatim Predicted Result/Staff Quality//span_Communication skillKnowle (1)' is present

2560-11-07 13:52:53 - [MESSAGE][PASSED] - Object 'Object Repository/Predicted in details/Show All Multiple Verbatim Predicted Result/Staff Quality//span_Communication skillKnowle (1)' is present

2560-11-07 13:52:53 - [TEST_STEP][PASSED] - click: Object: 'Object Repository/Predicted in details/Button_Export' is clicked on

2560-11-07 13:52:53 - [MESSAGE][PASSED] - Object: 'Object Repository/Predicted in details/Button_Export' is clicked on

2560-11-07 13:52:53 - [TEST_STEP][PASSED] - click: Object: 'Object Repository/Predicted in details/Show All Multiple Verbatim Predicted Result/Staff Quality//label_Communication SkillKnowl' is clicked on

2560-11-07 13:52:54 - [MESSAGE][PASSED] - Object: 'Object Repository/Predicted in details/Show All Multiple Verbatim Predicted Result/Staff Quality//label_Communication SkillKnowl' is clicked on

2560-11-07 13:52:54 - [TEST_STEP][PASSED] - click: Object: 'Object Repository/Predicted in details/Show All Multiple Verbatim Predicted Result/Staff Quality//label_ServiceManner' is clicked on

2560-11-07 13:52:54 - [MESSAGE][PASSED] - Object: 'Object Repository/Predicted in details/Show All Multiple Verbatim Predicted Result/Staff Quality//label_ServiceManner' is clicked on

2560-11-07 13:52:54 - [TEST_STEP][PASSED] - verifyElementPresent: Object 'Object Repository/Predicted in details/Show All Multiple Verbatim Predicted Result/Staff Quality//span_MannerService (1)' is present

2560-11-07 13:52:54 - [MESSAGE][PASSED] - Object 'Object Repository/Predicted in details/Show All Multiple Verbatim Predicted Result/Staff Quality//span_MannerService (1)' is present

2560-11-07 13:52:54 - [TEST_STEP][PASSED] - click: Object: 'Object Repository/Predicted in details/Button_Export' is clicked on

2560-11-07 13:52:55 - [MESSAGE][PASSED] - Object: 'Object Repository/Predicted in details/Button_Export' is clicked on

2560-11-07 13:52:55 - [TEST_STEP][PASSED] - click: Object: 'Object Repository/Predicted in details/Show All Multiple Verbatim Predicted Result/Staff Quality//label_ServiceManner' is clicked on

2560-11-07 13:52:55 - [MESSAGE][PASSED] - Object: 'Object Repository/Predicted in details/Show All Multiple Verbatim Predicted Result/Staff Quality//label_ServiceManner' is clicked on

2560-11-07 13:52:55 - [TEST_STEP][PASSED] - click: Object: 'Object Repository/Predicted in details/Show All Multiple Verbatim Predicted Result/Staff Quality//label_Take Ownership' is clicked on

2560-11-07 13:52:56 - [MESSAGE][PASSED] - Object: 'Object Repository/Predicted in details/Show All Multiple Verbatim Predicted Result/Staff Quality//label_Take Ownership' is clicked on

2560-11-07 13:52:56 - [TEST_STEP][PASSED] - verifyElementPresent: Object 'Object Repository/Predicted in details/Show All Multiple Verbatim Predicted Result/Staff Quality//span_Take Ownership (1)' is present

2560-11-07 13:52:56 - [MESSAGE][PASSED] - Object 'Object Repository/Predicted in details/Show All Multiple Verbatim Predicted Result/Staff Quality//span_Take Ownership (1)' is present

2560-11-07 13:52:56 - [TEST_STEP][PASSED] - click: Object: 'Object Repository/Predicted in details/Button_Export' is clicked on

2560-11-07 13:52:56 - [MESSAGE][PASSED] - Object: 'Object Repository/Predicted in details/Button_Export' is clicked on

2560-11-07 13:52:57 - [TEST_STEP][PASSED] - click: Object: 'Object Repository/Predicted in details/Show All Multiple Verbatim Predicted Result/Staff Quality//label_Take Ownership' is clicked on

2560-11-07 13:52:57 - [MESSAGE][PASSED] - Object: 'Object Repository/Predicted in details/Show All Multiple Verbatim Predicted Result/Staff Quality//label_Take Ownership' is clicked on

2560-11-07 13:52:57 - [TEST_STEP][PASSED] - click: Object: 'Object Repository/Predicted in details/Show All Multiple Verbatim Predicted Result/Staff Quality//label_Force Sale' is clicked on

2560-11-07 13:52:57 - [MESSAGE][PASSED] - Object: 'Object Repository/Predicted in details/Show All Multiple Verbatim Predicted Result/Staff Quality//label_Force Sale' is clicked on

2560-11-07 13:52:58 - [TEST_STEP][PASSED] - verifyElementPresent: Object 'Object Repository/Predicted in details/Show All Multiple Verbatim Predicted Result/Staff Quality/span_Force Sale (1)' is present

2560-11-07 13:52:58 - [MESSAGE][PASSED] - Object 'Object Repository/Predicted in details/Show All Multiple Verbatim Predicted Result/Staff Quality/span_Force Sale (1)' is present

2560-11-07 13:52:58 - [TEST_STEP][PASSED] - click: Object: 'Object Repository/Predicted in details/Button_Export' is clicked on

2560-11-07 13:52:58 - [MESSAGE][PASSED] - Object: 'Object Repository/Predicted in details/Button_Export' is clicked on

2560-11-07 13:52:58 - [TEST_STEP][PASSED] - click: Object: 'Object Repository/Predicted in details/Show All Multiple Verbatim Predicted Result/Staff Quality//label_Force Sale' is clicked on

2560-11-07 13:52:58 - [MESSAGE][PASSED] - Object: 'Object Repository/Predicted in details/Show All Multiple Verbatim Predicted Result/Staff Quality//label_Force Sale' is clicked on

2560-11-07 13:52:58 - [TEST_STEP][PASSED] - click: Object: 'Object Repository/Predicted in details/Multiple Prediction By SAI/label_Ethic (1)' is clicked on

2560-11-07 13:52:59 - [MESSAGE][PASSED] - Object: 'Object Repository/Predicted in details/Multiple Prediction By SAI/label_Ethic (1)' is clicked on

2560-11-07 13:52:59 - [TEST_STEP][PASSED] - verifyElementPresent: Object 'Object Repository/Predicted in details/Multiple Prediction By SAI//span_Staff Quality' is present

2560-11-07 13:52:59 - [MESSAGE][PASSED] - Object 'Object Repository/Predicted in details/Multiple Prediction By SAI//span_Staff Quality' is present

2560-11-07 13:52:59 - [TEST_STEP][PASSED] - verifyElementPresent: Object 'Object Repository/Predicted in details/Multiple Prediction By SAI/span_Private Reason' is present

2560-11-07 13:53:00 - [MESSAGE][PASSED] - Object 'Object Repository/Predicted in details/Multiple Prediction By SAI/span_Private Reason' is present

2560-11-07 13:53:00 - [TEST_STEP][PASSED] - click: Object: 'Object Repository/Predicted in details/Multiple Prediction By SAI/button_Export (1)' is clicked on

2560-11-07 13:53:00 - [MESSAGE][PASSED] - Object: 'Object Repository/Predicted in details/Multiple Prediction By SAI/button_Export (1)' is clicked on

2560-11-07 13:53:01 - [TEST_STEP][PASSED] - click: Object: 'Object Repository/Predicted in details/Multiple Prediction By SAI//label_Ethic_un' is clicked on

2560-11-07 13:53:01 - [MESSAGE][PASSED] - Object: 'Object Repository/Predicted in details/Multiple Prediction By SAI//label_Ethic_un' is clicked on

2560-11-07 13:53:01 - [TEST_STEP][PASSED] - click: Object: 'Object Repository/Predicted in details/Multiple Prediction By SAI//label_Staff Appearance' is clicked on

2560-11-07 13:53:02 - [MESSAGE][PASSED] - Object: 'Object Repository/Predicted in details/Multiple Prediction By SAI//label_Staff Appearance' is clicked on

2560-11-07 13:53:02 - [TEST_STEP][PASSED] - verifyElementPresent: Object 'Object Repository/Predicted in details/Multiple Prediction By SAI/span_Staff Quality (1)' is present

2560-11-07 13:53:02 - [MESSAGE][PASSED] - Object 'Object Repository/Predicted in details/Multiple Prediction By SAI/span_Staff Quality (1)' is present

2560-11-07 13:53:02 - [TEST_STEP][PASSED] - click: Object: 'Object Repository/Predicted in details/Multiple Prediction By SAI/button_Export02' is clicked on

2560-11-07 13:53:03 - [MESSAGE][PASSED] - Object: 'Object Repository/Predicted in details/Multiple Prediction By SAI/button_Export02' is clicked on

2560-11-07 13:53:03 - [TEST_STEP][PASSED] - click: Object: 'Object Repository/Predicted in details/Multiple Prediction By SAI//label_Staff Appearance_un' is clicked on

2560-11-07 13:53:03 - [MESSAGE][PASSED] - Object: 'Object Repository/Predicted in details/Multiple Prediction By SAI//label_Staff Appearance_un' is clicked on

2560-11-07 13:53:03 - [TEST_STEP][PASSED] - click: Object: 'Object Repository/Predicted in details/Multiple Prediction By SAI//i_fa fa-caret-right_private' is clicked on

2560-11-07 13:53:03 - [MESSAGE][PASSED] - Object: 'Object Repository/Predicted in details/Multiple Prediction By SAI//i_fa fa-caret-right_private' is clicked on

2560-11-07 13:53:03 - [TEST_STEP][PASSED] - click: Object: 'Object Repository/Predicted in details/Multiple Prediction By SAI//label_Private Reason' is clicked on

2560-11-07 13:53:04 - [MESSAGE][PASSED] - Object: 'Object Repository/Predicted in details/Multiple Prediction By SAI//label_Private Reason' is clicked on

2560-11-07 13:53:04 - [TEST_STEP][PASSED] - verifyElementPresent: Object 'Object Repository/Predicted in details/Multiple Prediction By SAI/span_Private Reason (1)' is present

2560-11-07 13:53:05 - [MESSAGE][PASSED] - Object 'Object Repository/Predicted in details/Multiple Prediction By SAI/span_Private Reason (1)' is present

2560-11-07 13:53:05 - [TEST_STEP][PASSED] - click: Object: 'Object Repository/Predicted in details/Multiple Prediction By SAI/button_Export03' is clicked on

2560-11-07 13:53:05 - [MESSAGE][PASSED] - Object: 'Object Repository/Predicted in details/Multiple Prediction By SAI/button_Export03' is clicked on

2560-11-07 13:53:05 - [TEST_STEP][PASSED] - click: Object: 'Object Repository/Predicted in details/Multiple Prediction By SAI/label_Private Reason_un' is clicked on

2560-11-07 13:53:05 - [MESSAGE][PASSED] - Object: 'Object Repository/Predicted in details/Multiple Prediction By SAI/label_Private Reason_un' is clicked on

2560-11-07 13:53:05 - [TEST_STEP][PASSED] - click: Object: 'Object Repository/Predicted in details/Multiple Prediction By SAI/i_fa fa-caret-right_time' is clicked on

2560-11-07 13:53:05 - [MESSAGE][PASSED] - Object: 'Object Repository/Predicted in details/Multiple Prediction By SAI/i_fa fa-caret-right_time' is clicked on

2560-11-07 13:53:05 - [TEST_STEP][PASSED] - click: Object: 'Object Repository/Predicted in details/Multiple Prediction By SAI//label_Timing' is clicked on

2560-11-07 13:53:06 - [MESSAGE][PASSED] - Object: 'Object Repository/Predicted in details/Multiple Prediction By SAI//label_Timing' is clicked on

2560-11-07 13:53:06 - [TEST_STEP][PASSED] - verifyElementPresent: Object 'Object Repository/Predicted in details/Multiple Prediction By SAI/span_Timing' is present

2560-11-07 13:53:07 - [MESSAGE][PASSED] - Object 'Object Repository/Predicted in details/Multiple Prediction By SAI/span_Timing' is present

2560-11-07 13:53:07 - [TEST_STEP][PASSED] - click: Object: 'Object Repository/Predicted in details/Multiple Prediction By SAI/button_Export04' is clicked on

2560-11-07 13:53:07 - [MESSAGE][PASSED] - Object: 'Object Repository/Predicted in details/Multiple Prediction By SAI/button_Export04' is clicked on

2560-11-07 13:53:07 - [TEST_STEP][PASSED] - click: Object: 'Object Repository/Predicted in details/Multiple Prediction By SAI//label_Timing_un' is clicked on

2560-11-07 13:53:07 - [MESSAGE][PASSED] - Object: 'Object Repository/Predicted in details/Multiple Prediction By SAI//label_Timing_un' is clicked on

2560-11-07 13:53:07 - [TEST_STEP][PASSED] - click: Object: 'Object Repository/Predicted in details/Multiple Prediction By SAI//label_Queue Time' is clicked on

2560-11-07 13:53:07 - [MESSAGE][PASSED] - Object: 'Object Repository/Predicted in details/Multiple Prediction By SAI//label_Queue Time' is clicked on

2560-11-07 13:53:07 - [TEST_STEP][PASSED] - verifyElementPresent: Object 'Object Repository/Predicted in details/Multiple Prediction By SAI//span_Timing' is present

2560-11-07 13:53:08 - [MESSAGE][PASSED] - Object 'Object Repository/Predicted in details/Multiple Prediction By SAI//span_Timing' is present

2560-11-07 13:53:08 - [TEST_STEP][PASSED] - click: Object: 'Object Repository/Predicted in details/Multiple Prediction By SAI/button_Export05' is clicked on

2560-11-07 13:53:08 - [MESSAGE][PASSED] - Object: 'Object Repository/Predicted in details/Multiple Prediction By SAI/button_Export05' is clicked on

2560-11-07 13:53:08 - [TEST_STEP][PASSED] - click: Object: 'Object Repository/Predicted in details/Multiple Prediction By SAI/label_Queue Time_un' is clicked on

2560-11-07 13:53:09 - [MESSAGE][PASSED] - Object: 'Object Repository/Predicted in details/Multiple Prediction By SAI/label_Queue Time_un' is clicked on

2560-11-07 13:53:09 - [TEST_STEP][PASSED] - click: Object: 'Object Repository/Predicted in details/Multiple Prediction By SAI//label_Service Time' is clicked on

2560-11-07 13:53:09 - [MESSAGE][PASSED] - Object: 'Object Repository/Predicted in details/Multiple Prediction By SAI//label_Service Time' is clicked on

2560-11-07 13:53:09 - [TEST_STEP][PASSED] - verifyElementPresent: Object 'Object Repository/Predicted in details/Multiple Prediction By SAI//span_Timing' is present

2560-11-07 13:53:09 - [MESSAGE][PASSED] - Object 'Object Repository/Predicted in details/Multiple Prediction By SAI//span_Timing' is present

2560-11-07 13:53:09 - [TEST_STEP][PASSED] - click: Object: 'Object Repository/Predicted in details/Multiple Prediction By SAI//button_Export06' is clicked on

2560-11-07 13:53:09 - [MESSAGE][PASSED] - Object: 'Object Repository/Predicted in details/Multiple Prediction By SAI//button_Export06' is clicked on

2560-11-07 13:53:09 - [TEST_STEP][PASSED] - click: Object: 'Object Repository/Predicted in details/Multiple Prediction By SAI//label_Service Time' is clicked on

2560-11-07 13:53:10 - [MESSAGE][PASSED] - Object: 'Object Repository/Predicted in details/Multiple Prediction By SAI//label_Service Time' is clicked on

2560-11-07 13:53:10 - [TEST_STEP][PASSED] - click: Object: 'Object Repository/Predicted in details/Multiple Prediction By SAI//label_Waiting Time' is clicked on

2560-11-07 13:53:12 - [MESSAGE][PASSED] - Object: 'Object Repository/Predicted in details/Multiple Prediction By SAI//label_Waiting Time' is clicked on

2560-11-07 13:53:12 - [TEST_STEP][PASSED] - verifyElementPresent: Object 'Object Repository/Predicted in details/Multiple Prediction By SAI//span_Timing' is present

2560-11-07 13:53:12 - [MESSAGE][PASSED] - Object 'Object Repository/Predicted in details/Multiple Prediction By SAI//span_Timing' is present

2560-11-07 13:53:12 - [TEST_STEP][PASSED] - click: Object: 'Object Repository/Predicted in details/Multiple Prediction By SAI/button_Export07' is clicked on

2560-11-07 13:53:12 - [MESSAGE][PASSED] - Object: 'Object Repository/Predicted in details/Multiple Prediction By SAI/button_Export07' is clicked on

2560-11-07 13:53:12 - [TEST_STEP][PASSED] - click: Object: 'Object Repository/Predicted in details/Multiple Prediction By SAI//label_Waiting Time' is clicked on

2560-11-07 13:53:12 - [MESSAGE][PASSED] - Object: 'Object Repository/Predicted in details/Multiple Prediction By SAI//label_Waiting Time' is clicked on

2560-11-07 13:53:12 - [TEST_STEP][PASSED] - click: Object: 'Object Repository/Predicted in details/Multiple Prediction By SAI//i_fa fa-caret-right_competitors' is clicked on

2560-11-07 13:53:12 - [MESSAGE][PASSED] - Object: 'Object Repository/Predicted in details/Multiple Prediction By SAI//i_fa fa-caret-right_competitors' is clicked on

2560-11-07 13:53:12 - [TEST_STEP][PASSED] - click: Object: 'Object Repository/Predicted in details/Multiple Prediction By SAI//label_Competitors' is clicked on

2560-11-07 13:53:13 - [MESSAGE][PASSED] - Object: 'Object Repository/Predicted in details/Multiple Prediction By SAI//label_Competitors' is clicked on

2560-11-07 13:53:13 - [TEST_STEP][PASSED] - verifyElementPresent: Object 'Object Repository/Predicted in details/Multiple Prediction By SAI/span_Competitors' is present

2560-11-07 13:53:14 - [MESSAGE][PASSED] - Object 'Object Repository/Predicted in details/Multiple Prediction By SAI/span_Competitors' is present

2560-11-07 13:53:14 - [TEST_STEP][PASSED] - click: Object: 'Object Repository/Predicted in details/Multiple Prediction By SAI/button_Export09' is clicked on

2560-11-07 13:53:14 - [MESSAGE][PASSED] - Object: 'Object Repository/Predicted in details/Multiple Prediction By SAI/button_Export09' is clicked on

2560-11-07 13:53:14 - [TEST_STEP][PASSED] - click: Object: 'Object Repository/Predicted in details/Multiple Prediction By SAI//label_Competitors' is clicked on

2560-11-07 13:53:14 - [MESSAGE][PASSED] - Object: 'Object Repository/Predicted in details/Multiple Prediction By SAI//label_Competitors' is clicked on

2560-11-07 13:53:14 - [TEST_STEP][PASSED] - click: Object: 'Object Repository/Predicted in details/Multiple Prediction By SAI/label_Select All' is clicked on

2560-11-07 13:53:15 - [MESSAGE][PASSED] - Object: 'Object Repository/Predicted in details/Multiple Prediction By SAI/label_Select All' is clicked on

2560-11-07 13:53:15 - [TEST_STEP][PASSED] - verifyElementPresent: Object 'Object Repository/Predicted in details/Multiple Prediction By SAI//span_ATM Machine' is present

2560-11-07 13:53:15 - [MESSAGE][PASSED] - Object 'Object Repository/Predicted in details/Multiple Prediction By SAI//span_ATM Machine' is present

2560-11-07 13:53:15 - [TEST_STEP][PASSED] - verifyElementPresent: Object 'Object Repository/Predicted in details/Multiple Prediction By SAI//span_E Machine' is present

2560-11-07 13:53:15 - [MESSAGE][PASSED] - Object 'Object Repository/Predicted in details/Multiple Prediction By SAI//span_E Machine' is present

2560-11-07 13:53:15 - [TEST_STEP][PASSED] - click: Object: 'Object Repository/Predicted in details/Multiple Prediction By SAI/button_Export10' is clicked on

2560-11-07 13:53:16 - [MESSAGE][PASSED] - Object: 'Object Repository/Predicted in details/Multiple Prediction By SAI/button_Export10' is clicked on

2560-11-07 13:53:16 - [TEST_STEP][PASSED] - click: Object: 'Object Repository/Predicted in details/Multiple Prediction By SAI//a_2' is clicked on

2560-11-07 13:53:17 - [MESSAGE][PASSED] - Object: 'Object Repository/Predicted in details/Multiple Prediction By SAI//a_2' is clicked on

2560-11-07 13:53:17 - [TEST_STEP][PASSED] - verifyElementPresent: Object 'Object Repository/Predicted in details/Multiple Prediction By SAI//span_ATM Machine' is present

2560-11-07 13:53:17 - [MESSAGE][PASSED] - Object 'Object Repository/Predicted in details/Multiple Prediction By SAI//span_ATM Machine' is present

2560-11-07 13:53:17 - [TEST_STEP][PASSED] - click: Object: 'Object Repository/Predicted in details/Multiple Prediction By SAI/button_Export10' is clicked on

2560-11-07 13:53:17 - [MESSAGE][PASSED] - Object: 'Object Repository/Predicted in details/Multiple Prediction By SAI/button_Export10' is clicked on

2560-11-07 13:53:17 - [TEST_STEP][PASSED] - click: Object: 'Object Repository/Predicted in details/Multiple Prediction By SAI//a_4' is clicked on

2560-11-07 13:53:17 - [MESSAGE][PASSED] - Object: 'Object Repository/Predicted in details/Multiple Prediction By SAI//a_4' is clicked on

2560-11-07 13:53:17 - [TEST_STEP][PASSED] - verifyElementPresent: Object 'Object Repository/Predicted in details/Multiple Prediction By SAI//span_E Machine' is present

2560-11-07 13:53:18 - [MESSAGE][PASSED] - Object 'Object Repository/Predicted in details/Multiple Prediction By SAI//span_E Machine' is present

2560-11-07 13:53:18 - [TEST_STEP][PASSED] - verifyElementPresent: Object 'Object Repository/Predicted in details/Multiple Prediction By SAI//span_Loan' is present

2560-11-07 13:53:18 - [MESSAGE][PASSED] - Object 'Object Repository/Predicted in details/Multiple Prediction By SAI//span_Loan' is present

2560-11-07 13:53:18 - [TEST_STEP][PASSED] - verifyElementPresent: Object 'Object Repository/Predicted in details/Multiple Prediction By SAI//span_SMS Alert' is present

2560-11-07 13:53:18 - [MESSAGE][PASSED] - Object 'Object Repository/Predicted in details/Multiple Prediction By SAI//span_SMS Alert' is present

2560-11-07 13:53:18 - [TEST_STEP][PASSED] - verifyElementPresent: Object 'Object Repository/Predicted in details/Multiple Prediction By SAI//span_Mutual Fund' is present

2560-11-07 13:53:18 - [MESSAGE][PASSED] - Object 'Object Repository/Predicted in details/Multiple Prediction By SAI//span_Mutual Fund' is present

2560-11-07 13:53:18 - [TEST_STEP][PASSED] - click: Object: 'Object Repository/Predicted in details/Multiple Prediction By SAI/button_Export10' is clicked on

2560-11-07 13:53:18 - [MESSAGE][PASSED] - Object: 'Object Repository/Predicted in details/Multiple Prediction By SAI/button_Export10' is clicked on

2560-11-07 13:53:18 - [TEST_STEP][NOT_RUN] - closeBrowser: NOT_RUN: closeBrowser

2560-11-07 13:53:18 - [MESSAGE][NOT_RUN] - NOT_RUN: closeBrowser]]></system-out>
         <system-err><![CDATA[]]></system-err>
      </testcase>
      <testcase name="Test Cases/4. Menu User Management/Search user list" classname="Test Cases/4. Menu User Management/Search user list" status="PASSED">
         <system-out><![CDATA[2560-11-07 13:53:19 - [TEST_CASE][PASSED] - Test Cases/4. Menu User Management/Search user list: Test Cases/4. Menu User Management/Search user list

2560-11-07 13:53:19 - [TEST_STEP][NOT_RUN] - openBrowser: NOT_RUN: openBrowser

2560-11-07 13:53:19 - [MESSAGE][NOT_RUN] - NOT_RUN: openBrowser

2560-11-07 13:53:19 - [TEST_STEP][NOT_RUN] - maximizeWindow: NOT_RUN: maximizeWindow

2560-11-07 13:53:19 - [MESSAGE][NOT_RUN] - NOT_RUN: maximizeWindow

2560-11-07 13:53:19 - [TEST_STEP][NOT_RUN] - navigateToUrl: NOT_RUN: navigateToUrl

2560-11-07 13:53:19 - [MESSAGE][NOT_RUN] - NOT_RUN: navigateToUrl

2560-11-07 13:53:19 - [TEST_STEP][NOT_RUN] - click: NOT_RUN: click

2560-11-07 13:53:19 - [MESSAGE][NOT_RUN] - NOT_RUN: click

2560-11-07 13:53:19 - [TEST_STEP][NOT_RUN] - setText: NOT_RUN: setText

2560-11-07 13:53:19 - [MESSAGE][NOT_RUN] - NOT_RUN: setText

2560-11-07 13:53:19 - [TEST_STEP][NOT_RUN] - setText: NOT_RUN: setText

2560-11-07 13:53:19 - [MESSAGE][NOT_RUN] - NOT_RUN: setText

2560-11-07 13:53:19 - [TEST_STEP][NOT_RUN] - submit: NOT_RUN: submit

2560-11-07 13:53:20 - [MESSAGE][NOT_RUN] - NOT_RUN: submit

2560-11-07 13:53:20 - [TEST_STEP][PASSED] - click: Object: 'Object Repository/Chage status/Page_Guru TMDA/a_User Management' is clicked on

2560-11-07 13:53:20 - [MESSAGE][PASSED] - Object: 'Object Repository/Chage status/Page_Guru TMDA/a_User Management' is clicked on

2560-11-07 13:53:20 - [TEST_STEP][PASSED] - setText: Text 'Dog1111' is set on object 'Object Repository/Search user list/Page_Guru TMDA (2)/input_ng-untouched ng-valid ng'

2560-11-07 13:53:21 - [MESSAGE][PASSED] - Text 'Dog1111' is set on object 'Object Repository/Search user list/Page_Guru TMDA (2)/input_ng-untouched ng-valid ng'

2560-11-07 13:53:21 - [TEST_STEP][PASSED] - verifyElementNotPresent: Web element with id: 'Object Repository/Search user list//i_fa fa-pencil-square-o' located by 'By.xpath: //i[count(. | //*[@aria-hidden = 'true']) = count(//*[@aria-hidden = 'true'])][count(. | //*[@class = 'fa fa-pencil-square-o']) = count(//*[@class = 'fa fa-pencil-square-o'])][count(. | /html[1]/body[1]/my-app[1]/app-user-management[1]/div[@class="container-fluid"]/div[2]/div[@class="table-responsive"]/table[@class="table centurygothic-font"]/tbody[1]/tr[2]/td[@class="w3-center"]/button[@class="btn w3-text-white btn-edit w3-circle padding-0"]/i[@class="fa fa-pencil-square-o"]) = count(/html[1]/body[1]/my-app[1]/app-user-management[1]/div[@class="container-fluid"]/div[2]/div[@class="table-responsive"]/table[@class="table centurygothic-font"]/tbody[1]/tr[2]/td[@class="w3-center"]/button[@class="btn w3-text-white btn-edit w3-circle padding-0"]/i[@class="fa fa-pencil-square-o"])]' is not present after '5' second(s)

2560-11-07 13:53:21 - [MESSAGE][PASSED] - Web element with id: 'Object Repository/Search user list//i_fa fa-pencil-square-o' located by 'By.xpath: //i[count(. | //*[@aria-hidden = 'true']) = count(//*[@aria-hidden = 'true'])][count(. | //*[@class = 'fa fa-pencil-square-o']) = count(//*[@class = 'fa fa-pencil-square-o'])][count(. | /html[1]/body[1]/my-app[1]/app-user-management[1]/div[@class="container-fluid"]/div[2]/div[@class="table-responsive"]/table[@class="table centurygothic-font"]/tbody[1]/tr[2]/td[@class="w3-center"]/button[@class="btn w3-text-white btn-edit w3-circle padding-0"]/i[@class="fa fa-pencil-square-o"]) = count(/html[1]/body[1]/my-app[1]/app-user-management[1]/div[@class="container-fluid"]/div[2]/div[@class="table-responsive"]/table[@class="table centurygothic-font"]/tbody[1]/tr[2]/td[@class="w3-center"]/button[@class="btn w3-text-white btn-edit w3-circle padding-0"]/i[@class="fa fa-pencil-square-o"])]' is not present after '5' second(s)

2560-11-07 13:53:21 - [TEST_STEP][PASSED] - setText: Text 'Creme' is set on object 'Object Repository/Search user list/Page_Guru TMDA (2)/input_ng-untouched ng-valid ng'

2560-11-07 13:53:21 - [MESSAGE][PASSED] - Text 'Creme' is set on object 'Object Repository/Search user list/Page_Guru TMDA (2)/input_ng-untouched ng-valid ng'

2560-11-07 13:53:21 - [TEST_STEP][PASSED] - verifyElementPresent: Object 'Object Repository/Search user list/td_Creme' is present

2560-11-07 13:53:22 - [MESSAGE][PASSED] - Object 'Object Repository/Search user list/td_Creme' is present

2560-11-07 13:53:22 - [TEST_STEP][NOT_RUN] - closeBrowser: NOT_RUN: closeBrowser

2560-11-07 13:53:22 - [MESSAGE][NOT_RUN] - NOT_RUN: closeBrowser]]></system-out>
         <system-err><![CDATA[]]></system-err>
      </testcase>
      <testcase name="Test Cases/4. Menu User Management/Change role and status" classname="Test Cases/4. Menu User Management/Change role and status" status="PASSED">
         <system-out><![CDATA[2560-11-07 13:53:22 - [TEST_CASE][PASSED] - Test Cases/4. Menu User Management/Change role and status: Test Cases/4. Menu User Management/Change role and status

2560-11-07 13:53:22 - [TEST_STEP][NOT_RUN] - openBrowser: NOT_RUN: openBrowser

2560-11-07 13:53:22 - [MESSAGE][NOT_RUN] - NOT_RUN: openBrowser

2560-11-07 13:53:22 - [TEST_STEP][NOT_RUN] - maximizeWindow: NOT_RUN: maximizeWindow

2560-11-07 13:53:22 - [MESSAGE][NOT_RUN] - NOT_RUN: maximizeWindow

2560-11-07 13:53:22 - [TEST_STEP][NOT_RUN] - navigateToUrl: NOT_RUN: navigateToUrl

2560-11-07 13:53:22 - [MESSAGE][NOT_RUN] - NOT_RUN: navigateToUrl

2560-11-07 13:53:22 - [TEST_STEP][NOT_RUN] - click: NOT_RUN: click

2560-11-07 13:53:22 - [MESSAGE][NOT_RUN] - NOT_RUN: click

2560-11-07 13:53:22 - [TEST_STEP][NOT_RUN] - setText: NOT_RUN: setText

2560-11-07 13:53:22 - [MESSAGE][NOT_RUN] - NOT_RUN: setText

2560-11-07 13:53:22 - [TEST_STEP][NOT_RUN] - setText: NOT_RUN: setText

2560-11-07 13:53:22 - [MESSAGE][NOT_RUN] - NOT_RUN: setText

2560-11-07 13:53:22 - [TEST_STEP][NOT_RUN] - submit: NOT_RUN: submit

2560-11-07 13:53:22 - [MESSAGE][NOT_RUN] - NOT_RUN: submit

2560-11-07 13:53:22 - [TEST_STEP][PASSED] - click: Object: 'Object Repository/Change role/Page_Guru TMDA/a_User Management' is clicked on

2560-11-07 13:53:22 - [MESSAGE][PASSED] - Object: 'Object Repository/Change role/Page_Guru TMDA/a_User Management' is clicked on

2560-11-07 13:53:22 - [TEST_STEP][PASSED] - setText: Text 'fortest' is set on object 'Object Repository/Change role/Page_Guru TMDA (2)/input_ng-untouched ng-valid ng'

2560-11-07 13:53:22 - [MESSAGE][PASSED] - Text 'fortest' is set on object 'Object Repository/Change role/Page_Guru TMDA (2)/input_ng-untouched ng-valid ng'

2560-11-07 13:53:22 - [TEST_STEP][PASSED] - click: Object: 'Object Repository/Change role/Page_Guru TMDA (2)/button_User' is clicked on

2560-11-07 13:53:22 - [MESSAGE][PASSED] - Object: 'Object Repository/Change role/Page_Guru TMDA (2)/button_User' is clicked on

2560-11-07 13:53:22 - [TEST_STEP][PASSED] - click: Object: 'Object Repository/Change role/Page_Guru TMDA (2)/button_ADMIN' is clicked on

2560-11-07 13:53:22 - [MESSAGE][PASSED] - Object: 'Object Repository/Change role/Page_Guru TMDA (2)/button_ADMIN' is clicked on

2560-11-07 13:53:22 - [TEST_STEP][PASSED] - click: Object: 'Object Repository/Chage status/Page_Guru TMDA (2)/button_DEACTIVATED' is clicked on

2560-11-07 13:53:23 - [MESSAGE][PASSED] - Object: 'Object Repository/Chage status/Page_Guru TMDA (2)/button_DEACTIVATED' is clicked on

2560-11-07 13:53:23 - [TEST_STEP][PASSED] - click: Object: 'Object Repository/Chage status/Page_Guru TMDA (2)/button_ACTIVATED' is clicked on

2560-11-07 13:53:23 - [MESSAGE][PASSED] - Object: 'Object Repository/Chage status/Page_Guru TMDA (2)/button_ACTIVATED' is clicked on

2560-11-07 13:53:23 - [TEST_STEP][PASSED] - refresh: Refresh successfully

2560-11-07 13:53:25 - [MESSAGE][PASSED] - Refresh successfully

2560-11-07 13:53:25 - [TEST_STEP][PASSED] - click: Object: 'Object Repository/Change role/Page_Guru TMDA/a_User Management' is clicked on

2560-11-07 13:53:25 - [MESSAGE][PASSED] - Object: 'Object Repository/Change role/Page_Guru TMDA/a_User Management' is clicked on

2560-11-07 13:53:25 - [TEST_STEP][PASSED] - setText: Text 'fortest' is set on object 'Object Repository/Change role/Page_Guru TMDA (2)/input_ng-untouched ng-valid ng'

2560-11-07 13:53:26 - [MESSAGE][PASSED] - Text 'fortest' is set on object 'Object Repository/Change role/Page_Guru TMDA (2)/input_ng-untouched ng-valid ng'

2560-11-07 13:53:26 - [TEST_STEP][PASSED] - verifyElementPresent: Object 'Object Repository/Change role/Page_Guru TMDA (2)/button_User' is present

2560-11-07 13:53:26 - [MESSAGE][PASSED] - Object 'Object Repository/Change role/Page_Guru TMDA (2)/button_User' is present

2560-11-07 13:53:26 - [TEST_STEP][PASSED] - verifyElementPresent: Object 'Object Repository/Chage status/Page_Guru TMDA (2)/button_DEACTIVATED' is present

2560-11-07 13:53:26 - [MESSAGE][PASSED] - Object 'Object Repository/Chage status/Page_Guru TMDA (2)/button_DEACTIVATED' is present

2560-11-07 13:53:26 - [TEST_STEP][PASSED] - click: Object: 'Object Repository/Change role/Page_Guru TMDA (2)/button_User' is clicked on

2560-11-07 13:53:26 - [MESSAGE][PASSED] - Object: 'Object Repository/Change role/Page_Guru TMDA (2)/button_User' is clicked on

2560-11-07 13:53:26 - [TEST_STEP][PASSED] - click: Object: 'Object Repository/Change role/Page_Guru TMDA (2)/button_ADMIN' is clicked on

2560-11-07 13:53:26 - [MESSAGE][PASSED] - Object: 'Object Repository/Change role/Page_Guru TMDA (2)/button_ADMIN' is clicked on

2560-11-07 13:53:26 - [TEST_STEP][PASSED] - refresh: Refresh successfully

2560-11-07 13:53:28 - [MESSAGE][PASSED] - Refresh successfully

2560-11-07 13:53:28 - [TEST_STEP][PASSED] - click: Object: 'Object Repository/Change role/Page_Guru TMDA/a_User Management' is clicked on

2560-11-07 13:53:28 - [MESSAGE][PASSED] - Object: 'Object Repository/Change role/Page_Guru TMDA/a_User Management' is clicked on

2560-11-07 13:53:28 - [TEST_STEP][PASSED] - setText: Text 'fortest' is set on object 'Object Repository/Change role/Page_Guru TMDA (2)/input_ng-untouched ng-valid ng'

2560-11-07 13:53:28 - [MESSAGE][PASSED] - Text 'fortest' is set on object 'Object Repository/Change role/Page_Guru TMDA (2)/input_ng-untouched ng-valid ng'

2560-11-07 13:53:28 - [TEST_STEP][PASSED] - verifyElementPresent: Object 'Object Repository/Change role/Page_Guru TMDA (2)/button_User' is present

2560-11-07 13:53:28 - [MESSAGE][PASSED] - Object 'Object Repository/Change role/Page_Guru TMDA (2)/button_User' is present

2560-11-07 13:53:28 - [TEST_STEP][PASSED] - verifyElementPresent: Object 'Object Repository/Chage status/Page_Guru TMDA (2)/button_DEACTIVATED' is present

2560-11-07 13:53:28 - [MESSAGE][PASSED] - Object 'Object Repository/Chage status/Page_Guru TMDA (2)/button_DEACTIVATED' is present

2560-11-07 13:53:28 - [TEST_STEP][PASSED] - click: Object: 'Object Repository/Chage status/Page_Guru TMDA (2)/button_DEACTIVATED' is clicked on

2560-11-07 13:53:28 - [MESSAGE][PASSED] - Object: 'Object Repository/Chage status/Page_Guru TMDA (2)/button_DEACTIVATED' is clicked on

2560-11-07 13:53:28 - [TEST_STEP][PASSED] - click: Object: 'Object Repository/Chage status/Page_Guru TMDA (2)/button_ACTIVATED' is clicked on

2560-11-07 13:53:28 - [MESSAGE][PASSED] - Object: 'Object Repository/Chage status/Page_Guru TMDA (2)/button_ACTIVATED' is clicked on

2560-11-07 13:53:28 - [TEST_STEP][PASSED] - refresh: Refresh successfully

2560-11-07 13:53:30 - [MESSAGE][PASSED] - Refresh successfully

2560-11-07 13:53:30 - [TEST_STEP][PASSED] - click: Object: 'Object Repository/Change role/Page_Guru TMDA/a_User Management' is clicked on

2560-11-07 13:53:30 - [MESSAGE][PASSED] - Object: 'Object Repository/Change role/Page_Guru TMDA/a_User Management' is clicked on

2560-11-07 13:53:30 - [TEST_STEP][PASSED] - setText: Text 'fortest' is set on object 'Object Repository/Change role/Page_Guru TMDA (2)/input_ng-untouched ng-valid ng'

2560-11-07 13:53:30 - [MESSAGE][PASSED] - Text 'fortest' is set on object 'Object Repository/Change role/Page_Guru TMDA (2)/input_ng-untouched ng-valid ng'

2560-11-07 13:53:30 - [TEST_STEP][PASSED] - verifyElementPresent: Object 'Object Repository/Change role/Page_Guru TMDA (2)/button_User' is present

2560-11-07 13:53:30 - [MESSAGE][PASSED] - Object 'Object Repository/Change role/Page_Guru TMDA (2)/button_User' is present

2560-11-07 13:53:30 - [TEST_STEP][PASSED] - verifyElementPresent: Object 'Object Repository/Chage status/Page_Guru TMDA (2)/button_DEACTIVATED' is present

2560-11-07 13:53:30 - [MESSAGE][PASSED] - Object 'Object Repository/Chage status/Page_Guru TMDA (2)/button_DEACTIVATED' is present

2560-11-07 13:53:30 - [TEST_STEP][PASSED] - click: Object: 'Object Repository/Change role/Page_Guru TMDA (2)/button_User' is clicked on

2560-11-07 13:53:30 - [MESSAGE][PASSED] - Object: 'Object Repository/Change role/Page_Guru TMDA (2)/button_User' is clicked on

2560-11-07 13:53:30 - [TEST_STEP][PASSED] - click: Object: 'Object Repository/Change role/Page_Guru TMDA (2)/button_ADMIN' is clicked on

2560-11-07 13:53:31 - [MESSAGE][PASSED] - Object: 'Object Repository/Change role/Page_Guru TMDA (2)/button_ADMIN' is clicked on

2560-11-07 13:53:31 - [TEST_STEP][PASSED] - click: Object: 'Object Repository/Chage status/Page_Guru TMDA (2)/button_DEACTIVATED' is clicked on

2560-11-07 13:53:31 - [MESSAGE][PASSED] - Object: 'Object Repository/Chage status/Page_Guru TMDA (2)/button_DEACTIVATED' is clicked on

2560-11-07 13:53:31 - [TEST_STEP][PASSED] - click: Object: 'Object Repository/Chage status/Page_Guru TMDA (2)/button_ACTIVATED' is clicked on

2560-11-07 13:53:31 - [MESSAGE][PASSED] - Object: 'Object Repository/Chage status/Page_Guru TMDA (2)/button_ACTIVATED' is clicked on

2560-11-07 13:53:31 - [TEST_STEP][PASSED] - click: Object: 'Object Repository/Change role/Page_Guru TMDA (2)/button_SUBMIT' is clicked on

2560-11-07 13:53:31 - [MESSAGE][PASSED] - Object: 'Object Repository/Change role/Page_Guru TMDA (2)/button_SUBMIT' is clicked on

2560-11-07 13:53:31 - [TEST_STEP][PASSED] - verifyElementPresent: Object 'Object Repository/Change role/Page_Guru TMDA (2)/div_User Management Successful' is present

2560-11-07 13:53:31 - [MESSAGE][PASSED] - Object 'Object Repository/Change role/Page_Guru TMDA (2)/div_User Management Successful' is present

2560-11-07 13:53:31 - [TEST_STEP][PASSED] - click: Object: 'Object Repository/Change role/Page_Guru TMDA (2)/button_' is clicked on

2560-11-07 13:53:32 - [MESSAGE][PASSED] - Object: 'Object Repository/Change role/Page_Guru TMDA (2)/button_' is clicked on

2560-11-07 13:53:32 - [TEST_STEP][PASSED] - refresh: Refresh successfully

2560-11-07 13:53:33 - [MESSAGE][PASSED] - Refresh successfully

2560-11-07 13:53:33 - [TEST_STEP][PASSED] - click: Object: 'Object Repository/Change role/Page_Guru TMDA/a_User Management' is clicked on

2560-11-07 13:53:33 - [MESSAGE][PASSED] - Object: 'Object Repository/Change role/Page_Guru TMDA/a_User Management' is clicked on

2560-11-07 13:53:33 - [TEST_STEP][PASSED] - setText: Text 'fortest' is set on object 'Object Repository/Change role/Page_Guru TMDA (2)/input_ng-untouched ng-valid ng'

2560-11-07 13:53:34 - [MESSAGE][PASSED] - Text 'fortest' is set on object 'Object Repository/Change role/Page_Guru TMDA (2)/input_ng-untouched ng-valid ng'

2560-11-07 13:53:34 - [TEST_STEP][PASSED] - verifyElementPresent: Object 'Object Repository/Change role/Page_Guru TMDA (2)/button_Admin (1)' is present

2560-11-07 13:53:34 - [MESSAGE][PASSED] - Object 'Object Repository/Change role/Page_Guru TMDA (2)/button_Admin (1)' is present

2560-11-07 13:53:34 - [TEST_STEP][PASSED] - verifyElementPresent: Object 'Object Repository/Chage status/Page_Guru TMDA (2)/button_ACTIVATED (1)' is present

2560-11-07 13:53:34 - [MESSAGE][PASSED] - Object 'Object Repository/Chage status/Page_Guru TMDA (2)/button_ACTIVATED (1)' is present

2560-11-07 13:53:34 - [TEST_STEP][PASSED] - click: Object: 'Object Repository/Change role/Page_Guru TMDA (2)/button_Admin (1)' is clicked on

2560-11-07 13:53:34 - [MESSAGE][PASSED] - Object: 'Object Repository/Change role/Page_Guru TMDA (2)/button_Admin (1)' is clicked on

2560-11-07 13:53:34 - [TEST_STEP][PASSED] - click: Object: 'Object Repository/Change role/Page_Guru TMDA (2)/button_USER (1)' is clicked on

2560-11-07 13:53:34 - [MESSAGE][PASSED] - Object: 'Object Repository/Change role/Page_Guru TMDA (2)/button_USER (1)' is clicked on

2560-11-07 13:53:34 - [TEST_STEP][PASSED] - click: Object: 'Object Repository/Change role/Page_Guru TMDA (2)/button_SUBMIT' is clicked on

2560-11-07 13:53:34 - [MESSAGE][PASSED] - Object: 'Object Repository/Change role/Page_Guru TMDA (2)/button_SUBMIT' is clicked on

2560-11-07 13:53:34 - [TEST_STEP][PASSED] - verifyElementPresent: Object 'Object Repository/Change role/Page_Guru TMDA (2)/div_User Management Successful' is present

2560-11-07 13:53:35 - [MESSAGE][PASSED] - Object 'Object Repository/Change role/Page_Guru TMDA (2)/div_User Management Successful' is present

2560-11-07 13:53:35 - [TEST_STEP][PASSED] - click: Object: 'Object Repository/Change role/Page_Guru TMDA (2)/button_' is clicked on

2560-11-07 13:53:35 - [MESSAGE][PASSED] - Object: 'Object Repository/Change role/Page_Guru TMDA (2)/button_' is clicked on

2560-11-07 13:53:35 - [TEST_STEP][PASSED] - refresh: Refresh successfully

2560-11-07 13:53:36 - [MESSAGE][PASSED] - Refresh successfully

2560-11-07 13:53:36 - [TEST_STEP][PASSED] - click: Object: 'Object Repository/Change role/Page_Guru TMDA/a_User Management' is clicked on

2560-11-07 13:53:37 - [MESSAGE][PASSED] - Object: 'Object Repository/Change role/Page_Guru TMDA/a_User Management' is clicked on

2560-11-07 13:53:37 - [TEST_STEP][PASSED] - setText: Text 'fortest' is set on object 'Object Repository/Change role/Page_Guru TMDA (2)/input_ng-untouched ng-valid ng'

2560-11-07 13:53:37 - [MESSAGE][PASSED] - Text 'fortest' is set on object 'Object Repository/Change role/Page_Guru TMDA (2)/input_ng-untouched ng-valid ng'

2560-11-07 13:53:37 - [TEST_STEP][PASSED] - verifyElementPresent: Object 'Object Repository/Change role/Page_Guru TMDA (2)/button_User' is present

2560-11-07 13:53:37 - [MESSAGE][PASSED] - Object 'Object Repository/Change role/Page_Guru TMDA (2)/button_User' is present

2560-11-07 13:53:37 - [TEST_STEP][PASSED] - verifyElementPresent: Object 'Object Repository/Chage status/Page_Guru TMDA (2)/button_ACTIVATED (1)' is present

2560-11-07 13:53:37 - [MESSAGE][PASSED] - Object 'Object Repository/Chage status/Page_Guru TMDA (2)/button_ACTIVATED (1)' is present

2560-11-07 13:53:37 - [TEST_STEP][PASSED] - click: Object: 'Object Repository/Chage status/Page_Guru TMDA (2)/button_ACTIVATED (1)' is clicked on

2560-11-07 13:53:37 - [MESSAGE][PASSED] - Object: 'Object Repository/Chage status/Page_Guru TMDA (2)/button_ACTIVATED (1)' is clicked on

2560-11-07 13:53:37 - [TEST_STEP][PASSED] - click: Object: 'Object Repository/Chage status/Page_Guru TMDA (2)/button_DEACTIVATED (1)' is clicked on

2560-11-07 13:53:37 - [MESSAGE][PASSED] - Object: 'Object Repository/Chage status/Page_Guru TMDA (2)/button_DEACTIVATED (1)' is clicked on

2560-11-07 13:53:37 - [TEST_STEP][PASSED] - click: Object: 'Object Repository/Change role/Page_Guru TMDA (2)/button_SUBMIT' is clicked on

2560-11-07 13:53:37 - [MESSAGE][PASSED] - Object: 'Object Repository/Change role/Page_Guru TMDA (2)/button_SUBMIT' is clicked on

2560-11-07 13:53:37 - [TEST_STEP][PASSED] - verifyElementPresent: Object 'Object Repository/Change role/Page_Guru TMDA (2)/div_User Management Successful' is present

2560-11-07 13:53:38 - [MESSAGE][PASSED] - Object 'Object Repository/Change role/Page_Guru TMDA (2)/div_User Management Successful' is present

2560-11-07 13:53:38 - [TEST_STEP][PASSED] - click: Object: 'Object Repository/Change role/Page_Guru TMDA (2)/button_' is clicked on

2560-11-07 13:53:38 - [MESSAGE][PASSED] - Object: 'Object Repository/Change role/Page_Guru TMDA (2)/button_' is clicked on

2560-11-07 13:53:38 - [TEST_STEP][PASSED] - refresh: Refresh successfully

2560-11-07 13:53:40 - [MESSAGE][PASSED] - Refresh successfully

2560-11-07 13:53:40 - [TEST_STEP][PASSED] - click: Object: 'Object Repository/Change role/Page_Guru TMDA/a_User Management' is clicked on

2560-11-07 13:53:40 - [MESSAGE][PASSED] - Object: 'Object Repository/Change role/Page_Guru TMDA/a_User Management' is clicked on

2560-11-07 13:53:40 - [TEST_STEP][PASSED] - setText: Text 'fortest' is set on object 'Object Repository/Change role/Page_Guru TMDA (2)/input_ng-untouched ng-valid ng'

2560-11-07 13:53:40 - [MESSAGE][PASSED] - Text 'fortest' is set on object 'Object Repository/Change role/Page_Guru TMDA (2)/input_ng-untouched ng-valid ng'

2560-11-07 13:53:40 - [TEST_STEP][PASSED] - verifyElementPresent: Object 'Object Repository/Change role/Page_Guru TMDA (2)/button_User' is present

2560-11-07 13:53:40 - [MESSAGE][PASSED] - Object 'Object Repository/Change role/Page_Guru TMDA (2)/button_User' is present

2560-11-07 13:53:40 - [TEST_STEP][PASSED] - verifyElementPresent: Object 'Object Repository/Chage status/Page_Guru TMDA (2)/button_DEACTIVATED' is present

2560-11-07 13:53:40 - [MESSAGE][PASSED] - Object 'Object Repository/Chage status/Page_Guru TMDA (2)/button_DEACTIVATED' is present

2560-11-07 13:53:40 - [TEST_STEP][NOT_RUN] - closeBrowser: NOT_RUN: closeBrowser

2560-11-07 13:53:40 - [MESSAGE][NOT_RUN] - NOT_RUN: closeBrowser]]></system-out>
         <system-err><![CDATA[]]></system-err>
      </testcase>
      <testcase name="Test Cases/4. Menu User Management/Change user profile picture" classname="Test Cases/4. Menu User Management/Change user profile picture" status="PASSED">
         <system-out><![CDATA[2560-11-07 13:53:40 - [TEST_CASE][PASSED] - Test Cases/4. Menu User Management/Change user profile picture: Test Cases/4. Menu User Management/Change user profile picture

2560-11-07 13:53:40 - [TEST_STEP][NOT_RUN] - openBrowser: NOT_RUN: openBrowser

2560-11-07 13:53:40 - [MESSAGE][NOT_RUN] - NOT_RUN: openBrowser

2560-11-07 13:53:40 - [TEST_STEP][NOT_RUN] - maximizeWindow: NOT_RUN: maximizeWindow

2560-11-07 13:53:40 - [MESSAGE][NOT_RUN] - NOT_RUN: maximizeWindow

2560-11-07 13:53:40 - [TEST_STEP][NOT_RUN] - navigateToUrl: NOT_RUN: navigateToUrl

2560-11-07 13:53:40 - [MESSAGE][NOT_RUN] - NOT_RUN: navigateToUrl

2560-11-07 13:53:40 - [TEST_STEP][NOT_RUN] - click: NOT_RUN: click

2560-11-07 13:53:40 - [MESSAGE][NOT_RUN] - NOT_RUN: click

2560-11-07 13:53:40 - [TEST_STEP][NOT_RUN] - setText: NOT_RUN: setText

2560-11-07 13:53:40 - [MESSAGE][NOT_RUN] - NOT_RUN: setText

2560-11-07 13:53:40 - [TEST_STEP][NOT_RUN] - setText: NOT_RUN: setText

2560-11-07 13:53:40 - [MESSAGE][NOT_RUN] - NOT_RUN: setText

2560-11-07 13:53:40 - [TEST_STEP][NOT_RUN] - submit: NOT_RUN: submit

2560-11-07 13:53:40 - [MESSAGE][NOT_RUN] - NOT_RUN: submit

2560-11-07 13:53:40 - [TEST_STEP][PASSED] - click: Object: 'Object Repository/Change profile pic//a_User Management' is clicked on

2560-11-07 13:53:40 - [MESSAGE][PASSED] - Object: 'Object Repository/Change profile pic//a_User Management' is clicked on

2560-11-07 13:53:40 - [TEST_STEP][PASSED] - setText: Text 'fortest' is set on object 'Object Repository/Change profile pic//input_ng-untouched ng-valid ng'

2560-11-07 13:53:40 - [MESSAGE][PASSED] - Text 'fortest' is set on object 'Object Repository/Change profile pic//input_ng-untouched ng-valid ng'

2560-11-07 13:53:40 - [TEST_STEP][PASSED] - click: Object: 'Object Repository/Change profile pic//i_fa fa-pencil-square-o' is clicked on

2560-11-07 13:53:41 - [MESSAGE][PASSED] - Object: 'Object Repository/Change profile pic//i_fa fa-pencil-square-o' is clicked on

2560-11-07 13:53:41 - [TEST_STEP][PASSED] - uploadFile: File 'C:\Penguins.jpg' sent to object: 'Object Repository/Change profile pic/input_file-input'

2560-11-07 13:53:41 - [MESSAGE][PASSED] - File 'C:\Penguins.jpg' sent to object: 'Object Repository/Change profile pic/input_file-input'

2560-11-07 13:53:41 - [TEST_STEP][PASSED] - click: Object: 'Object Repository/Change profile pic//button_SUBMIT' is clicked on

2560-11-07 13:53:41 - [MESSAGE][PASSED] - Object: 'Object Repository/Change profile pic//button_SUBMIT' is clicked on

2560-11-07 13:53:41 - [TEST_STEP][PASSED] - verifyElementPresent: Object 'Object Repository/Change profile pic/div_Edit Profile Successful.' is present

2560-11-07 13:53:42 - [MESSAGE][PASSED] - Object 'Object Repository/Change profile pic/div_Edit Profile Successful.' is present

2560-11-07 13:53:42 - [TEST_STEP][PASSED] - click: Object: 'Object Repository/Change profile pic//button_' is clicked on

2560-11-07 13:53:43 - [MESSAGE][PASSED] - Object: 'Object Repository/Change profile pic//button_' is clicked on

2560-11-07 13:53:43 - [TEST_STEP][NOT_RUN] - closeBrowser: NOT_RUN: closeBrowser

2560-11-07 13:53:43 - [MESSAGE][NOT_RUN] - NOT_RUN: closeBrowser]]></system-out>
         <system-err><![CDATA[]]></system-err>
      </testcase>
      <testcase name="Test Cases/4. Menu User Management/Edit profile management" classname="Test Cases/4. Menu User Management/Edit profile management" status="PASSED">
         <system-out><![CDATA[2560-11-07 13:53:44 - [TEST_CASE][PASSED] - Test Cases/4. Menu User Management/Edit profile management: Test Cases/4. Menu User Management/Edit profile management

2560-11-07 13:53:44 - [TEST_STEP][NOT_RUN] - openBrowser: NOT_RUN: openBrowser

2560-11-07 13:53:44 - [MESSAGE][NOT_RUN] - NOT_RUN: openBrowser

2560-11-07 13:53:44 - [TEST_STEP][NOT_RUN] - maximizeWindow: NOT_RUN: maximizeWindow

2560-11-07 13:53:44 - [MESSAGE][NOT_RUN] - NOT_RUN: maximizeWindow

2560-11-07 13:53:44 - [TEST_STEP][NOT_RUN] - navigateToUrl: NOT_RUN: navigateToUrl

2560-11-07 13:53:44 - [MESSAGE][NOT_RUN] - NOT_RUN: navigateToUrl

2560-11-07 13:53:44 - [TEST_STEP][NOT_RUN] - click: NOT_RUN: click

2560-11-07 13:53:44 - [MESSAGE][NOT_RUN] - NOT_RUN: click

2560-11-07 13:53:44 - [TEST_STEP][NOT_RUN] - setText: NOT_RUN: setText

2560-11-07 13:53:44 - [MESSAGE][NOT_RUN] - NOT_RUN: setText

2560-11-07 13:53:44 - [TEST_STEP][NOT_RUN] - setText: NOT_RUN: setText

2560-11-07 13:53:44 - [MESSAGE][NOT_RUN] - NOT_RUN: setText

2560-11-07 13:53:44 - [TEST_STEP][NOT_RUN] - submit: NOT_RUN: submit

2560-11-07 13:53:44 - [MESSAGE][NOT_RUN] - NOT_RUN: submit

2560-11-07 13:53:44 - [TEST_STEP][PASSED] - click: Object: 'Object Repository/Change role/Page_Guru TMDA/a_User Management' is clicked on

2560-11-07 13:53:44 - [MESSAGE][PASSED] - Object: 'Object Repository/Change role/Page_Guru TMDA/a_User Management' is clicked on

2560-11-07 13:53:44 - [TEST_STEP][PASSED] - setText: Text 'fortest' is set on object 'Object Repository/Change role/Page_Guru TMDA (2)/input_ng-untouched ng-valid ng'

2560-11-07 13:53:44 - [MESSAGE][PASSED] - Text 'fortest' is set on object 'Object Repository/Change role/Page_Guru TMDA (2)/input_ng-untouched ng-valid ng'

2560-11-07 13:53:44 - [TEST_STEP][PASSED] - click: Object: 'Object Repository/Edit user profile/list/i_fa fa-pencil-square-o' is clicked on

2560-11-07 13:53:45 - [MESSAGE][PASSED] - Object: 'Object Repository/Edit user profile/list/i_fa fa-pencil-square-o' is clicked on

2560-11-07 13:53:45 - [TEST_STEP][PASSED] - click: Object: 'Object Repository/Edit user profile/Edit//i_fa fa-pencil name' is clicked on

2560-11-07 13:53:45 - [MESSAGE][PASSED] - Object: 'Object Repository/Edit user profile/Edit//i_fa fa-pencil name' is clicked on

2560-11-07 13:53:45 - [TEST_STEP][PASSED] - click: Object: 'Object Repository/Edit user profile/Edit/i_fa fa-pencil email' is clicked on

2560-11-07 13:53:45 - [MESSAGE][PASSED] - Object: 'Object Repository/Edit user profile/Edit/i_fa fa-pencil email' is clicked on

2560-11-07 13:53:45 - [TEST_STEP][PASSED] - setText: Text 'e' is set on object 'Object Repository/Edit user profile/Edit//input_firstname'

2560-11-07 13:53:45 - [MESSAGE][PASSED] - Text 'e' is set on object 'Object Repository/Edit user profile/Edit//input_firstname'

2560-11-07 13:53:45 - [TEST_STEP][PASSED] - sendKeys: Keys 'BACK_SPACE + ' sent to object: 'Object Repository/Edit user profile/Edit//input_firstname'

2560-11-07 13:53:45 - [MESSAGE][PASSED] - Keys 'BACK_SPACE + ' sent to object: 'Object Repository/Edit user profile/Edit//input_firstname'

2560-11-07 13:53:45 - [TEST_STEP][PASSED] - verifyElementNotClickable: Object 'Object Repository/Edit user profile/Edit/button_SUBMIT' is NOT clickable

2560-11-07 13:53:45 - [MESSAGE][PASSED] - Object 'Object Repository/Edit user profile/Edit/button_SUBMIT' is NOT clickable

2560-11-07 13:53:45 - [TEST_STEP][PASSED] - setText: Text '55555' is set on object 'Object Repository/Edit user profile/Edit//input_firstname'

2560-11-07 13:53:46 - [MESSAGE][PASSED] - Text '55555' is set on object 'Object Repository/Edit user profile/Edit//input_firstname'

2560-11-07 13:53:46 - [TEST_STEP][PASSED] - verifyElementNotClickable: Object 'Object Repository/Edit user profile/Edit/button_SUBMIT' is NOT clickable

2560-11-07 13:53:46 - [MESSAGE][PASSED] - Object 'Object Repository/Edit user profile/Edit/button_SUBMIT' is NOT clickable

2560-11-07 13:53:46 - [TEST_STEP][PASSED] - setText: Text 'Piratchana' is set on object 'Object Repository/Edit user profile/Edit//input_firstname'

2560-11-07 13:53:46 - [MESSAGE][PASSED] - Text 'Piratchana' is set on object 'Object Repository/Edit user profile/Edit//input_firstname'

2560-11-07 13:53:46 - [TEST_STEP][PASSED] - setText: Text 'e' is set on object 'Object Repository/Edit user profile/Edit//input_lastname'

2560-11-07 13:53:46 - [MESSAGE][PASSED] - Text 'e' is set on object 'Object Repository/Edit user profile/Edit//input_lastname'

2560-11-07 13:53:46 - [TEST_STEP][PASSED] - sendKeys: Keys 'BACK_SPACE + ' sent to object: 'Object Repository/Edit user profile/Edit//input_lastname'

2560-11-07 13:53:46 - [MESSAGE][PASSED] - Keys 'BACK_SPACE + ' sent to object: 'Object Repository/Edit user profile/Edit//input_lastname'

2560-11-07 13:53:46 - [TEST_STEP][PASSED] - verifyElementNotClickable: Object 'Object Repository/Edit user profile/Edit/button_SUBMIT' is NOT clickable

2560-11-07 13:53:47 - [MESSAGE][PASSED] - Object 'Object Repository/Edit user profile/Edit/button_SUBMIT' is NOT clickable

2560-11-07 13:53:47 - [TEST_STEP][PASSED] - setText: Text '55555' is set on object 'Object Repository/Edit user profile/Edit//input_lastname'

2560-11-07 13:53:47 - [MESSAGE][PASSED] - Text '55555' is set on object 'Object Repository/Edit user profile/Edit//input_lastname'

2560-11-07 13:53:47 - [TEST_STEP][PASSED] - verifyElementNotClickable: Object 'Object Repository/Edit user profile/Edit/button_SUBMIT' is NOT clickable

2560-11-07 13:53:47 - [MESSAGE][PASSED] - Object 'Object Repository/Edit user profile/Edit/button_SUBMIT' is NOT clickable

2560-11-07 13:53:47 - [TEST_STEP][PASSED] - setText: Text 'Maksub' is set on object 'Object Repository/Edit user profile/Edit//input_lastname'

2560-11-07 13:53:47 - [MESSAGE][PASSED] - Text 'Maksub' is set on object 'Object Repository/Edit user profile/Edit//input_lastname'

2560-11-07 13:53:47 - [TEST_STEP][PASSED] - setText: Text 'e' is set on object 'Object Repository/Edit user profile/Edit/input_email'

2560-11-07 13:53:47 - [MESSAGE][PASSED] - Text 'e' is set on object 'Object Repository/Edit user profile/Edit/input_email'

2560-11-07 13:53:47 - [TEST_STEP][PASSED] - sendKeys: Keys 'BACK_SPACE + ' sent to object: 'Object Repository/Edit user profile/Edit/input_email'

2560-11-07 13:53:47 - [MESSAGE][PASSED] - Keys 'BACK_SPACE + ' sent to object: 'Object Repository/Edit user profile/Edit/input_email'

2560-11-07 13:53:47 - [TEST_STEP][PASSED] - verifyElementNotClickable: Object 'Object Repository/Edit user profile/Edit/button_SUBMIT' is NOT clickable

2560-11-07 13:53:47 - [MESSAGE][PASSED] - Object 'Object Repository/Edit user profile/Edit/button_SUBMIT' is NOT clickable

2560-11-07 13:53:47 - [TEST_STEP][PASSED] - setText: Text 'Cremecreme' is set on object 'Object Repository/Edit user profile/Edit/input_email'

2560-11-07 13:53:48 - [MESSAGE][PASSED] - Text 'Cremecreme' is set on object 'Object Repository/Edit user profile/Edit/input_email'

2560-11-07 13:53:48 - [TEST_STEP][PASSED] - verifyElementNotClickable: Object 'Object Repository/Edit user profile/Edit/button_SUBMIT' is NOT clickable

2560-11-07 13:53:48 - [MESSAGE][PASSED] - Object 'Object Repository/Edit user profile/Edit/button_SUBMIT' is NOT clickable

2560-11-07 13:53:48 - [TEST_STEP][PASSED] - setText: Text 'Creme@mail.com' is set on object 'Object Repository/Edit user profile/Edit/input_email'

2560-11-07 13:53:48 - [MESSAGE][PASSED] - Text 'Creme@mail.com' is set on object 'Object Repository/Edit user profile/Edit/input_email'

2560-11-07 13:53:48 - [TEST_STEP][PASSED] - click: Object: 'Object Repository/Edit user profile/Edit/button_SUBMIT' is clicked on

2560-11-07 13:53:48 - [MESSAGE][PASSED] - Object: 'Object Repository/Edit user profile/Edit/button_SUBMIT' is clicked on

2560-11-07 13:53:48 - [TEST_STEP][PASSED] - verifyElementPresent: Object 'Object Repository/Edit user profile/Edit/div_Edit Profile Successful.' is present

2560-11-07 13:53:49 - [MESSAGE][PASSED] - Object 'Object Repository/Edit user profile/Edit/div_Edit Profile Successful.' is present

2560-11-07 13:53:49 - [TEST_STEP][PASSED] - click: Object: 'Object Repository/Edit user profile/Edit/button_' is clicked on

2560-11-07 13:53:51 - [MESSAGE][PASSED] - Object: 'Object Repository/Edit user profile/Edit/button_' is clicked on

2560-11-07 13:53:51 - [TEST_STEP][NOT_RUN] - closeBrowser: NOT_RUN: closeBrowser

2560-11-07 13:53:51 - [MESSAGE][NOT_RUN] - NOT_RUN: closeBrowser]]></system-out>
         <system-err><![CDATA[]]></system-err>
      </testcase>
      <testcase name="Test Cases/4. Menu User Management/Reset and Change password" classname="Test Cases/4. Menu User Management/Reset and Change password" status="PASSED">
         <system-out><![CDATA[2560-11-07 13:53:51 - [TEST_CASE][PASSED] - Test Cases/4. Menu User Management/Reset and Change password: Test Cases/4. Menu User Management/Reset and Change password

2560-11-07 13:53:51 - [TEST_STEP][NOT_RUN] - openBrowser: NOT_RUN: openBrowser

2560-11-07 13:53:51 - [MESSAGE][NOT_RUN] - NOT_RUN: openBrowser

2560-11-07 13:53:51 - [TEST_STEP][NOT_RUN] - maximizeWindow: NOT_RUN: maximizeWindow

2560-11-07 13:53:51 - [MESSAGE][NOT_RUN] - NOT_RUN: maximizeWindow

2560-11-07 13:53:51 - [TEST_STEP][NOT_RUN] - navigateToUrl: NOT_RUN: navigateToUrl

2560-11-07 13:53:51 - [MESSAGE][NOT_RUN] - NOT_RUN: navigateToUrl

2560-11-07 13:53:51 - [TEST_STEP][NOT_RUN] - click: NOT_RUN: click

2560-11-07 13:53:51 - [MESSAGE][NOT_RUN] - NOT_RUN: click

2560-11-07 13:53:51 - [TEST_STEP][NOT_RUN] - setText: NOT_RUN: setText

2560-11-07 13:53:51 - [MESSAGE][NOT_RUN] - NOT_RUN: setText

2560-11-07 13:53:51 - [TEST_STEP][NOT_RUN] - setText: NOT_RUN: setText

2560-11-07 13:53:51 - [MESSAGE][NOT_RUN] - NOT_RUN: setText

2560-11-07 13:53:51 - [TEST_STEP][NOT_RUN] - submit: NOT_RUN: submit

2560-11-07 13:53:51 - [MESSAGE][NOT_RUN] - NOT_RUN: submit

2560-11-07 13:53:51 - [TEST_STEP][PASSED] - click: Object: 'Object Repository/reset password//a_User Management (1)' is clicked on

2560-11-07 13:53:51 - [MESSAGE][PASSED] - Object: 'Object Repository/reset password//a_User Management (1)' is clicked on

2560-11-07 13:53:51 - [TEST_STEP][PASSED] - setText: Text 'Do not change' is set on object 'Object Repository/Edit user profile/list/input_ng-untouched ng-valid ng'

2560-11-07 13:53:52 - [MESSAGE][PASSED] - Text 'Do not change' is set on object 'Object Repository/Edit user profile/list/input_ng-untouched ng-valid ng'

2560-11-07 13:53:52 - [TEST_STEP][PASSED] - click: Object: 'Object Repository/reset password//i_fa fa-pencil-square-o (1)' is clicked on

2560-11-07 13:53:52 - [MESSAGE][PASSED] - Object: 'Object Repository/reset password//i_fa fa-pencil-square-o (1)' is clicked on

2560-11-07 13:53:52 - [TEST_STEP][PASSED] - click: Object: 'Object Repository/reset password//a_Reset Password (1)' is clicked on

2560-11-07 13:53:53 - [MESSAGE][PASSED] - Object: 'Object Repository/reset password//a_Reset Password (1)' is clicked on

2560-11-07 13:53:53 - [TEST_STEP][PASSED] - click: Object: 'Object Repository/reset password//button_Yes (1)' is clicked on

2560-11-07 13:53:53 - [MESSAGE][PASSED] - Object: 'Object Repository/reset password//button_Yes (1)' is clicked on

2560-11-07 13:53:53 - [TEST_STEP][PASSED] - waitForElementNotPresent: Web element with id: 'Object Repository/reset password/img_w3-center' located by 'By.xpath: //img[count(. | //*[@class = 'w3-center']) = count(//*[@class = 'w3-center'])][count(. | //*[@src = '/assets/img/reset-password.png']) = count(//*[@src = '/assets/img/reset-password.png'])][count(. | //*[@width = '160px']) = count(//*[@width = '160px'])][count(. | /html[1]/body[1]/my-app[1]/app-edit-profile[1]/div[@class="popup-zone"]/div[@class="reset-password-box"]/div[@class="row"]/div[@class="col-xs-5 col-sm-5 col-md-5 col-lg-5 w3-padding-32"]/img[@class="w3-center"]) = count(/html[1]/body[1]/my-app[1]/app-edit-profile[1]/div[@class="popup-zone"]/div[@class="reset-password-box"]/div[@class="row"]/div[@class="col-xs-5 col-sm-5 col-md-5 col-lg-5 w3-padding-32"]/img[@class="w3-center"])]' is not present after '5' second(s)

2560-11-07 13:53:53 - [MESSAGE][PASSED] - Web element with id: 'Object Repository/reset password/img_w3-center' located by 'By.xpath: //img[count(. | //*[@class = 'w3-center']) = count(//*[@class = 'w3-center'])][count(. | //*[@src = '/assets/img/reset-password.png']) = count(//*[@src = '/assets/img/reset-password.png'])][count(. | //*[@width = '160px']) = count(//*[@width = '160px'])][count(. | /html[1]/body[1]/my-app[1]/app-edit-profile[1]/div[@class="popup-zone"]/div[@class="reset-password-box"]/div[@class="row"]/div[@class="col-xs-5 col-sm-5 col-md-5 col-lg-5 w3-padding-32"]/img[@class="w3-center"]) = count(/html[1]/body[1]/my-app[1]/app-edit-profile[1]/div[@class="popup-zone"]/div[@class="reset-password-box"]/div[@class="row"]/div[@class="col-xs-5 col-sm-5 col-md-5 col-lg-5 w3-padding-32"]/img[@class="w3-center"])]' is not present after '5' second(s)

2560-11-07 13:53:53 - [TEST_STEP][PASSED] - click: Object: 'Object Repository/reset password//img_Profile (1)' is clicked on

2560-11-07 13:53:53 - [MESSAGE][PASSED] - Object: 'Object Repository/reset password//img_Profile (1)' is clicked on

2560-11-07 13:53:53 - [TEST_STEP][PASSED] - click: Object: 'Object Repository/reset password//button_LOGOUT (1)' is clicked on

2560-11-07 13:53:54 - [MESSAGE][PASSED] - Object: 'Object Repository/reset password//button_LOGOUT (1)' is clicked on

2560-11-07 13:53:54 - [TEST_STEP][PASSED] - click: Object: 'Object Repository/Page_Guru TMDA/span_Login' is clicked on

2560-11-07 13:53:54 - [MESSAGE][PASSED] - Object: 'Object Repository/Page_Guru TMDA/span_Login' is clicked on

2560-11-07 13:53:54 - [TEST_STEP][PASSED] - setText: Text 'Creme' is set on object 'Object Repository/Page_Guru TMDA (1)/input_ng-untouched ng-valid ng'

2560-11-07 13:53:54 - [MESSAGE][PASSED] - Text 'Creme' is set on object 'Object Repository/Page_Guru TMDA (1)/input_ng-untouched ng-valid ng'

2560-11-07 13:53:54 - [TEST_STEP][PASSED] - setText: Text 'Creme' is set on object 'Object Repository/Page_Guru TMDA (1)/input_ng-untouched ng-pristine'

2560-11-07 13:53:54 - [MESSAGE][PASSED] - Text 'Creme' is set on object 'Object Repository/Page_Guru TMDA (1)/input_ng-untouched ng-pristine'

2560-11-07 13:53:54 - [TEST_STEP][PASSED] - submit: The form containing object: 'Object Repository/Page_Guru TMDA (1)/button_Login' is submitted

2560-11-07 13:53:54 - [MESSAGE][PASSED] - The form containing object: 'Object Repository/Page_Guru TMDA (1)/button_Login' is submitted

2560-11-07 13:53:54 - [TEST_STEP][PASSED] - verifyElementPresent: Object 'Object Repository/reset password//a_Help (1)' is present

2560-11-07 13:53:55 - [MESSAGE][PASSED] - Object 'Object Repository/reset password//a_Help (1)' is present

2560-11-07 13:53:55 - [TEST_STEP][PASSED] - click: Object: 'Object Repository/reset password/img_Profile (1)' is clicked on

2560-11-07 13:53:55 - [MESSAGE][PASSED] - Object: 'Object Repository/reset password/img_Profile (1)' is clicked on

2560-11-07 13:53:55 - [TEST_STEP][PASSED] - click: Object: 'Object Repository/reset password//span_Edit Profile (1)' is clicked on

2560-11-07 13:53:55 - [MESSAGE][PASSED] - Object: 'Object Repository/reset password//span_Edit Profile (1)' is clicked on

2560-11-07 13:53:55 - [TEST_STEP][PASSED] - setText: Text 'Creme' is set on object 'Object Repository/reset password//input_old_password (1)'

2560-11-07 13:53:55 - [MESSAGE][PASSED] - Text 'Creme' is set on object 'Object Repository/reset password//input_old_password (1)'

2560-11-07 13:53:55 - [TEST_STEP][PASSED] - setText: Text '1234' is set on object 'Object Repository/reset password//input_new_password (1)'

2560-11-07 13:53:56 - [MESSAGE][PASSED] - Text '1234' is set on object 'Object Repository/reset password//input_new_password (1)'

2560-11-07 13:53:56 - [TEST_STEP][PASSED] - setText: Text '1234' is set on object 'Object Repository/reset password//input_cf_password (1)'

2560-11-07 13:53:56 - [MESSAGE][PASSED] - Text '1234' is set on object 'Object Repository/reset password//input_cf_password (1)'

2560-11-07 13:53:56 - [TEST_STEP][PASSED] - click: Object: 'Object Repository/reset password//button_SUBMIT (1)' is clicked on

2560-11-07 13:53:56 - [MESSAGE][PASSED] - Object: 'Object Repository/reset password//button_SUBMIT (1)' is clicked on

2560-11-07 13:53:56 - [TEST_STEP][PASSED] - verifyElementPresent: Object 'Object Repository/reset password//div_Edit Profile Successful. (1)' is present

2560-11-07 13:53:56 - [MESSAGE][PASSED] - Object 'Object Repository/reset password//div_Edit Profile Successful. (1)' is present

2560-11-07 13:53:56 - [TEST_STEP][PASSED] - click: Object: 'Object Repository/reset password//button_ Closing Edit successful (1)' is clicked on

2560-11-07 13:53:58 - [MESSAGE][PASSED] - Object: 'Object Repository/reset password//button_ Closing Edit successful (1)' is clicked on

2560-11-07 13:53:58 - [TEST_STEP][PASSED] - click: Object: 'Object Repository/reset password//img_Profile (1)' is clicked on

2560-11-07 13:53:58 - [MESSAGE][PASSED] - Object: 'Object Repository/reset password//img_Profile (1)' is clicked on

2560-11-07 13:53:58 - [TEST_STEP][PASSED] - click: Object: 'Object Repository/reset password//button_LOGOUT (1)' is clicked on

2560-11-07 13:53:59 - [MESSAGE][PASSED] - Object: 'Object Repository/reset password//button_LOGOUT (1)' is clicked on

2560-11-07 13:53:59 - [TEST_STEP][PASSED] - click: Object: 'Object Repository/Page_Guru TMDA/span_Login' is clicked on

2560-11-07 13:53:59 - [MESSAGE][PASSED] - Object: 'Object Repository/Page_Guru TMDA/span_Login' is clicked on

2560-11-07 13:53:59 - [TEST_STEP][PASSED] - setText: Text 'Creme' is set on object 'Object Repository/Page_Guru TMDA (1)/input_ng-untouched ng-valid ng'

2560-11-07 13:53:59 - [MESSAGE][PASSED] - Text 'Creme' is set on object 'Object Repository/Page_Guru TMDA (1)/input_ng-untouched ng-valid ng'

2560-11-07 13:53:59 - [TEST_STEP][PASSED] - setText: Text '1234' is set on object 'Object Repository/Page_Guru TMDA (1)/input_ng-untouched ng-pristine'

2560-11-07 13:53:59 - [MESSAGE][PASSED] - Text '1234' is set on object 'Object Repository/Page_Guru TMDA (1)/input_ng-untouched ng-pristine'

2560-11-07 13:53:59 - [TEST_STEP][PASSED] - submit: The form containing object: 'Object Repository/Page_Guru TMDA (1)/button_Login' is submitted

2560-11-07 13:53:59 - [MESSAGE][PASSED] - The form containing object: 'Object Repository/Page_Guru TMDA (1)/button_Login' is submitted

2560-11-07 13:53:59 - [TEST_STEP][PASSED] - verifyElementPresent: Object 'Object Repository/reset password//a_Help (1)' is present

2560-11-07 13:54:00 - [MESSAGE][PASSED] - Object 'Object Repository/reset password//a_Help (1)' is present

2560-11-07 13:54:00 - [TEST_STEP][NOT_RUN] - closeBrowser: NOT_RUN: closeBrowser

2560-11-07 13:54:00 - [MESSAGE][NOT_RUN] - NOT_RUN: closeBrowser]]></system-out>
         <system-err><![CDATA[]]></system-err>
      </testcase>
      <testcase name="Test Cases/3. Menu Text Prediction/Upload File with labelling" classname="Test Cases/3. Menu Text Prediction/Upload File with labelling" status="PASSED">
         <system-out><![CDATA[2560-11-07 13:54:00 - [TEST_CASE][PASSED] - Test Cases/3. Menu Text Prediction/Upload File with labelling: Test Cases/3. Menu Text Prediction/Upload File with labelling

2560-11-07 13:54:00 - [TEST_STEP][NOT_RUN] - openBrowser: NOT_RUN: openBrowser

2560-11-07 13:54:00 - [MESSAGE][NOT_RUN] - NOT_RUN: openBrowser

2560-11-07 13:54:00 - [TEST_STEP][NOT_RUN] - maximizeWindow: NOT_RUN: maximizeWindow

2560-11-07 13:54:00 - [MESSAGE][NOT_RUN] - NOT_RUN: maximizeWindow

2560-11-07 13:54:00 - [TEST_STEP][NOT_RUN] - navigateToUrl: NOT_RUN: navigateToUrl

2560-11-07 13:54:00 - [MESSAGE][NOT_RUN] - NOT_RUN: navigateToUrl

2560-11-07 13:54:00 - [TEST_STEP][NOT_RUN] - click: NOT_RUN: click

2560-11-07 13:54:00 - [MESSAGE][NOT_RUN] - NOT_RUN: click

2560-11-07 13:54:00 - [TEST_STEP][NOT_RUN] - setText: NOT_RUN: setText

2560-11-07 13:54:00 - [MESSAGE][NOT_RUN] - NOT_RUN: setText

2560-11-07 13:54:00 - [TEST_STEP][NOT_RUN] - setText: NOT_RUN: setText

2560-11-07 13:54:00 - [MESSAGE][NOT_RUN] - NOT_RUN: setText

2560-11-07 13:54:00 - [TEST_STEP][NOT_RUN] - click: NOT_RUN: click

2560-11-07 13:54:00 - [MESSAGE][NOT_RUN] - NOT_RUN: click

2560-11-07 13:54:00 - [TEST_STEP][PASSED] - click: Object: 'Object Repository/Upload File with labelling/a_Text Prediction' is clicked on

2560-11-07 13:54:00 - [MESSAGE][PASSED] - Object: 'Object Repository/Upload File with labelling/a_Text Prediction' is clicked on

2560-11-07 13:54:00 - [TEST_STEP][PASSED] - click: Object: 'Object Repository/Upload File with labelling//a_Upload File (1)' is clicked on

2560-11-07 13:54:00 - [MESSAGE][PASSED] - Object: 'Object Repository/Upload File with labelling//a_Upload File (1)' is clicked on

2560-11-07 13:54:00 - [TEST_STEP][PASSED] - verifyElementNotClickable: Object 'Object Repository/Upload File with labelling/button_Upload (1)' is NOT clickable

2560-11-07 13:54:00 - [MESSAGE][PASSED] - Object 'Object Repository/Upload File with labelling/button_Upload (1)' is NOT clickable

2560-11-07 13:54:00 - [TEST_STEP][PASSED] - uploadFile: File 'C:\Penguins.jpg' sent to object: 'Object Repository/Upload File with labelling//input_upfile'

2560-11-07 13:54:00 - [MESSAGE][PASSED] - File 'C:\Penguins.jpg' sent to object: 'Object Repository/Upload File with labelling//input_upfile'

2560-11-07 13:54:00 - [TEST_STEP][PASSED] - waitForElementClickable: Object 'Object Repository/Upload File with labelling//button_Upload (1)' is clickable

2560-11-07 13:54:01 - [MESSAGE][PASSED] - Object 'Object Repository/Upload File with labelling//button_Upload (1)' is clickable

2560-11-07 13:54:01 - [TEST_STEP][PASSED] - click: Object: 'Object Repository/Upload File with labelling//button_Upload (1)' is clicked on

2560-11-07 13:54:01 - [MESSAGE][PASSED] - Object: 'Object Repository/Upload File with labelling//button_Upload (1)' is clicked on

2560-11-07 13:54:01 - [TEST_STEP][PASSED] - waitForElementClickable: Object 'Object Repository/Upload File with labelling/div_progress-bar-zone' is clickable

2560-11-07 13:54:01 - [MESSAGE][PASSED] - Object 'Object Repository/Upload File with labelling/div_progress-bar-zone' is clickable

2560-11-07 13:54:01 - [TEST_STEP][PASSED] - verifyElementPresent: Object 'Object Repository/Upload File with labelling/div_File Not Type of Excel' is present

2560-11-07 13:54:01 - [MESSAGE][PASSED] - Object 'Object Repository/Upload File with labelling/div_File Not Type of Excel' is present

2560-11-07 13:54:01 - [TEST_STEP][PASSED] - click: Object: 'Object Repository/Upload File with labelling//button_' is clicked on

2560-11-07 13:54:01 - [MESSAGE][PASSED] - Object: 'Object Repository/Upload File with labelling//button_' is clicked on

2560-11-07 13:54:01 - [TEST_STEP][PASSED] - waitForElementNotPresent: Web element with id: 'Object Repository/Upload File with labelling/div_File Not Type of Excel' located by 'By.xpath: //div[count(. | //*[@class = 'w3-xlarge w3-text-gray w3-padding-16']) = count(//*[@class = 'w3-xlarge w3-text-gray w3-padding-16'])][count(. | //*[text() = 'File Not Type of Excel!']) = count(//*[text() = 'File Not Type of Excel!'])][count(. | id("swal2-content")/div[@class="w3-white"]/div[@class="w3-xlarge w3-text-gray w3-padding-16"]) = count(id("swal2-content")/div[@class="w3-white"]/div[@class="w3-xlarge w3-text-gray w3-padding-16"])]' is not present after '5' second(s)

2560-11-07 13:54:02 - [MESSAGE][PASSED] - Web element with id: 'Object Repository/Upload File with labelling/div_File Not Type of Excel' located by 'By.xpath: //div[count(. | //*[@class = 'w3-xlarge w3-text-gray w3-padding-16']) = count(//*[@class = 'w3-xlarge w3-text-gray w3-padding-16'])][count(. | //*[text() = 'File Not Type of Excel!']) = count(//*[text() = 'File Not Type of Excel!'])][count(. | id("swal2-content")/div[@class="w3-white"]/div[@class="w3-xlarge w3-text-gray w3-padding-16"]) = count(id("swal2-content")/div[@class="w3-white"]/div[@class="w3-xlarge w3-text-gray w3-padding-16"])]' is not present after '5' second(s)

2560-11-07 13:54:02 - [TEST_STEP][PASSED] - uploadFile: File 'C:\test-Copy1.xlsx' sent to object: 'Object Repository/Upload File with labelling//input_upfile'

2560-11-07 13:54:02 - [MESSAGE][PASSED] - File 'C:\test-Copy1.xlsx' sent to object: 'Object Repository/Upload File with labelling//input_upfile'

2560-11-07 13:54:02 - [TEST_STEP][PASSED] - waitForElementClickable: Object 'Object Repository/Upload File with labelling//button_Upload (1)' is clickable

2560-11-07 13:54:02 - [MESSAGE][PASSED] - Object 'Object Repository/Upload File with labelling//button_Upload (1)' is clickable

2560-11-07 13:54:02 - [TEST_STEP][PASSED] - click: Object: 'Object Repository/Upload File with labelling//button_Upload (1)' is clicked on

2560-11-07 13:54:02 - [MESSAGE][PASSED] - Object: 'Object Repository/Upload File with labelling//button_Upload (1)' is clicked on

2560-11-07 13:54:02 - [TEST_STEP][PASSED] - waitForElementNotPresent: Web element with id: 'Object Repository/Page_Guru TMDA (6)/Page_Guru TMDA (5)/Page_Guru TMDA/div_progress-bar-zone' located by 'By.xpath: //div[count(. | /html[1]/body[1]/my-app[1]/app-multiple-verbatim[1]/div[@class="popup-zone"]/div[@class="progress-bar-zone"]) = count(/html[1]/body[1]/my-app[1]/app-multiple-verbatim[1]/div[@class="popup-zone"]/div[@class="progress-bar-zone"])]' is not present after '5' second(s)

2560-11-07 13:54:03 - [MESSAGE][PASSED] - Web element with id: 'Object Repository/Page_Guru TMDA (6)/Page_Guru TMDA (5)/Page_Guru TMDA/div_progress-bar-zone' located by 'By.xpath: //div[count(. | /html[1]/body[1]/my-app[1]/app-multiple-verbatim[1]/div[@class="popup-zone"]/div[@class="progress-bar-zone"]) = count(/html[1]/body[1]/my-app[1]/app-multiple-verbatim[1]/div[@class="popup-zone"]/div[@class="progress-bar-zone"])]' is not present after '5' second(s)

2560-11-07 13:54:03 - [TEST_STEP][NOT_RUN] - click: NOT_RUN: click

2560-11-07 13:54:03 - [MESSAGE][NOT_RUN] - NOT_RUN: click

2560-11-07 13:54:03 - [TEST_STEP][PASSED] - selectOptionByIndex: All options with index in [1] are selected on object 'Object Repository/Upload File with labelling/select_sheet'

2560-11-07 13:54:03 - [MESSAGE][PASSED] - All options with index in [1] are selected on object 'Object Repository/Upload File with labelling/select_sheet'

2560-11-07 13:54:03 - [TEST_STEP][PASSED] - waitForElementPresent: Object 'Object Repository/Upload File with labelling/div_w3-padding-32 w3-center' is present

2560-11-07 13:54:06 - [MESSAGE][PASSED] - Object 'Object Repository/Upload File with labelling/div_w3-padding-32 w3-center' is present

2560-11-07 13:54:06 - [TEST_STEP][PASSED] - verifyElementPresent: Object 'Object Repository/Upload file without Labeling/Uploading/div_Your file is not verified.' is present

2560-11-07 13:54:07 - [MESSAGE][PASSED] - Object 'Object Repository/Upload file without Labeling/Uploading/div_Your file is not verified.' is present

2560-11-07 13:54:07 - [TEST_STEP][PASSED] - click: Object: 'Object Repository/Upload File with labelling/button_your file is not verified' is clicked on

2560-11-07 13:54:07 - [MESSAGE][PASSED] - Object: 'Object Repository/Upload File with labelling/button_your file is not verified' is clicked on

2560-11-07 13:54:07 - [TEST_STEP][PASSED] - waitForElementNotPresent: Web element with id: 'Object Repository/Upload File with labelling/button_your file is not verified' located by 'By.xpath: //button[count(. | //*[@type = 'button']) = count(//*[@type = 'button'])][count(. | //*[@class = 'swal2-close']) = count(//*[@class = 'swal2-close'])][count(. | //*[@aria-label = 'Close this dialog']) = count(//*[@aria-label = 'Close this dialog'])][count(. | //*[text() = '×']) = count(//*[text() = '×'])][count(. | /html[@class="swal2-shown"]/body[@class="swal2-shown"]/div[@class="swal2-container swal2-fade swal2-shown"]/div[@class="swal2-modal swal2-show"]/button[@class="swal2-close"]) = count(/html[@class="swal2-shown"]/body[@class="swal2-shown"]/div[@class="swal2-container swal2-fade swal2-shown"]/div[@class="swal2-modal swal2-show"]/button[@class="swal2-close"])]' is not present after '5' second(s)

2560-11-07 13:54:07 - [MESSAGE][PASSED] - Web element with id: 'Object Repository/Upload File with labelling/button_your file is not verified' located by 'By.xpath: //button[count(. | //*[@type = 'button']) = count(//*[@type = 'button'])][count(. | //*[@class = 'swal2-close']) = count(//*[@class = 'swal2-close'])][count(. | //*[@aria-label = 'Close this dialog']) = count(//*[@aria-label = 'Close this dialog'])][count(. | //*[text() = '×']) = count(//*[text() = '×'])][count(. | /html[@class="swal2-shown"]/body[@class="swal2-shown"]/div[@class="swal2-container swal2-fade swal2-shown"]/div[@class="swal2-modal swal2-show"]/button[@class="swal2-close"]) = count(/html[@class="swal2-shown"]/body[@class="swal2-shown"]/div[@class="swal2-container swal2-fade swal2-shown"]/div[@class="swal2-modal swal2-show"]/button[@class="swal2-close"])]' is not present after '5' second(s)

2560-11-07 13:54:07 - [TEST_STEP][PASSED] - uploadFile: File 'C:\test1.xlsx' sent to object: 'Object Repository/Upload File with labelling/input_upfile'

2560-11-07 13:54:07 - [MESSAGE][PASSED] - File 'C:\test1.xlsx' sent to object: 'Object Repository/Upload File with labelling/input_upfile'

2560-11-07 13:54:07 - [TEST_STEP][PASSED] - waitForElementClickable: Object 'Object Repository/Upload File with labelling//button_Upload (1)' is clickable

2560-11-07 13:54:07 - [MESSAGE][PASSED] - Object 'Object Repository/Upload File with labelling//button_Upload (1)' is clickable

2560-11-07 13:54:07 - [TEST_STEP][PASSED] - click: Object: 'Object Repository/Upload File with labelling//button_Upload (1)' is clicked on

2560-11-07 13:54:07 - [MESSAGE][PASSED] - Object: 'Object Repository/Upload File with labelling//button_Upload (1)' is clicked on

2560-11-07 13:54:07 - [TEST_STEP][PASSED] - waitForElementNotPresent: Web element with id: 'Object Repository/Page_Guru TMDA (6)/Page_Guru TMDA (5)/Page_Guru TMDA/div_progress-bar-zone' located by 'By.xpath: //div[count(. | /html[1]/body[1]/my-app[1]/app-multiple-verbatim[1]/div[@class="popup-zone"]/div[@class="progress-bar-zone"]) = count(/html[1]/body[1]/my-app[1]/app-multiple-verbatim[1]/div[@class="popup-zone"]/div[@class="progress-bar-zone"])]' is not present after '5' second(s)

2560-11-07 13:54:08 - [MESSAGE][PASSED] - Web element with id: 'Object Repository/Page_Guru TMDA (6)/Page_Guru TMDA (5)/Page_Guru TMDA/div_progress-bar-zone' located by 'By.xpath: //div[count(. | /html[1]/body[1]/my-app[1]/app-multiple-verbatim[1]/div[@class="popup-zone"]/div[@class="progress-bar-zone"]) = count(/html[1]/body[1]/my-app[1]/app-multiple-verbatim[1]/div[@class="popup-zone"]/div[@class="progress-bar-zone"])]' is not present after '5' second(s)

2560-11-07 13:54:08 - [TEST_STEP][NOT_RUN] - click: NOT_RUN: click

2560-11-07 13:54:08 - [MESSAGE][NOT_RUN] - NOT_RUN: click

2560-11-07 13:54:08 - [TEST_STEP][PASSED] - selectOptionByIndex: All options with index in [1] are selected on object 'Object Repository/Upload File with labelling/select_sheet (2)'

2560-11-07 13:54:08 - [MESSAGE][PASSED] - All options with index in [1] are selected on object 'Object Repository/Upload File with labelling/select_sheet (2)'

2560-11-07 13:54:08 - [TEST_STEP][PASSED] - waitForElementPresent: Object 'Object Repository/Upload File with labelling/div_w3-padding-32 w3-center' is present

2560-11-07 13:54:11 - [MESSAGE][PASSED] - Object 'Object Repository/Upload File with labelling/div_w3-padding-32 w3-center' is present

2560-11-07 13:54:11 - [TEST_STEP][PASSED] - verifyElementPresent: Object 'Object Repository/Upload file without Labeling/Uploading/div_Your file is not verified.' is present

2560-11-07 13:54:11 - [MESSAGE][PASSED] - Object 'Object Repository/Upload file without Labeling/Uploading/div_Your file is not verified.' is present

2560-11-07 13:54:11 - [TEST_STEP][PASSED] - click: Object: 'Object Repository/Upload File with labelling/button_your file is not verified' is clicked on

2560-11-07 13:54:11 - [MESSAGE][PASSED] - Object: 'Object Repository/Upload File with labelling/button_your file is not verified' is clicked on

2560-11-07 13:54:11 - [TEST_STEP][PASSED] - waitForElementNotPresent: Web element with id: 'Object Repository/Upload File with labelling/button_your file is not verified' located by 'By.xpath: //button[count(. | //*[@type = 'button']) = count(//*[@type = 'button'])][count(. | //*[@class = 'swal2-close']) = count(//*[@class = 'swal2-close'])][count(. | //*[@aria-label = 'Close this dialog']) = count(//*[@aria-label = 'Close this dialog'])][count(. | //*[text() = '×']) = count(//*[text() = '×'])][count(. | /html[@class="swal2-shown"]/body[@class="swal2-shown"]/div[@class="swal2-container swal2-fade swal2-shown"]/div[@class="swal2-modal swal2-show"]/button[@class="swal2-close"]) = count(/html[@class="swal2-shown"]/body[@class="swal2-shown"]/div[@class="swal2-container swal2-fade swal2-shown"]/div[@class="swal2-modal swal2-show"]/button[@class="swal2-close"])]' is not present after '5' second(s)

2560-11-07 13:54:11 - [MESSAGE][PASSED] - Web element with id: 'Object Repository/Upload File with labelling/button_your file is not verified' located by 'By.xpath: //button[count(. | //*[@type = 'button']) = count(//*[@type = 'button'])][count(. | //*[@class = 'swal2-close']) = count(//*[@class = 'swal2-close'])][count(. | //*[@aria-label = 'Close this dialog']) = count(//*[@aria-label = 'Close this dialog'])][count(. | //*[text() = '×']) = count(//*[text() = '×'])][count(. | /html[@class="swal2-shown"]/body[@class="swal2-shown"]/div[@class="swal2-container swal2-fade swal2-shown"]/div[@class="swal2-modal swal2-show"]/button[@class="swal2-close"]) = count(/html[@class="swal2-shown"]/body[@class="swal2-shown"]/div[@class="swal2-container swal2-fade swal2-shown"]/div[@class="swal2-modal swal2-show"]/button[@class="swal2-close"])]' is not present after '5' second(s)

2560-11-07 13:54:11 - [TEST_STEP][PASSED] - uploadFile: File 'C:\test.xlsx' sent to object: 'Object Repository/Upload File with labelling/input_upfile'

2560-11-07 13:54:12 - [MESSAGE][PASSED] - File 'C:\test.xlsx' sent to object: 'Object Repository/Upload File with labelling/input_upfile'

2560-11-07 13:54:12 - [TEST_STEP][PASSED] - waitForElementClickable: Object 'Object Repository/Upload File with labelling//button_Upload (1)' is clickable

2560-11-07 13:54:12 - [MESSAGE][PASSED] - Object 'Object Repository/Upload File with labelling//button_Upload (1)' is clickable

2560-11-07 13:54:12 - [TEST_STEP][PASSED] - click: Object: 'Object Repository/Upload File with labelling//button_Upload (1)' is clicked on

2560-11-07 13:54:12 - [MESSAGE][PASSED] - Object: 'Object Repository/Upload File with labelling//button_Upload (1)' is clicked on

2560-11-07 13:54:12 - [TEST_STEP][PASSED] - waitForElementNotPresent: Web element with id: 'Object Repository/Page_Guru TMDA (6)/Page_Guru TMDA (5)/Page_Guru TMDA/div_progress-bar-zone' located by 'By.xpath: //div[count(. | /html[1]/body[1]/my-app[1]/app-multiple-verbatim[1]/div[@class="popup-zone"]/div[@class="progress-bar-zone"]) = count(/html[1]/body[1]/my-app[1]/app-multiple-verbatim[1]/div[@class="popup-zone"]/div[@class="progress-bar-zone"])]' is not present after '5' second(s)

2560-11-07 13:54:13 - [MESSAGE][PASSED] - Web element with id: 'Object Repository/Page_Guru TMDA (6)/Page_Guru TMDA (5)/Page_Guru TMDA/div_progress-bar-zone' located by 'By.xpath: //div[count(. | /html[1]/body[1]/my-app[1]/app-multiple-verbatim[1]/div[@class="popup-zone"]/div[@class="progress-bar-zone"]) = count(/html[1]/body[1]/my-app[1]/app-multiple-verbatim[1]/div[@class="popup-zone"]/div[@class="progress-bar-zone"])]' is not present after '5' second(s)

2560-11-07 13:54:13 - [TEST_STEP][PASSED] - selectOptionByIndex: All options with index in [1] are selected on object 'Object Repository/Upload File with labelling/select_sheet'

2560-11-07 13:54:13 - [MESSAGE][PASSED] - All options with index in [1] are selected on object 'Object Repository/Upload File with labelling/select_sheet'

2560-11-07 13:54:13 - [TEST_STEP][PASSED] - waitForElementPresent: Object 'Object Repository/Upload File with labelling/div_w3-padding-32 w3-center' is present

2560-11-07 13:54:18 - [MESSAGE][PASSED] - Object 'Object Repository/Upload File with labelling/div_w3-padding-32 w3-center' is present

2560-11-07 13:54:18 - [TEST_STEP][PASSED] - verifyElementPresent: Object 'Object Repository/Upload File with labelling//div_Your file is verified.' is present

2560-11-07 13:54:18 - [MESSAGE][PASSED] - Object 'Object Repository/Upload File with labelling//div_Your file is verified.' is present

2560-11-07 13:54:18 - [TEST_STEP][PASSED] - click: Object: 'Object Repository/Upload File with labelling/button_your file is verified' is clicked on

2560-11-07 13:54:18 - [MESSAGE][PASSED] - Object: 'Object Repository/Upload File with labelling/button_your file is verified' is clicked on

2560-11-07 13:54:18 - [TEST_STEP][PASSED] - waitForElementNotPresent: Web element with id: 'Object Repository/Upload File with labelling//div_w3-padding-32 w3-center' located by 'By.xpath: //div[count(. | //*[@class = 'w3-padding-32 w3-center']) = count(//*[@class = 'w3-padding-32 w3-center'])][count(. | id("swal2-content")/div[@class="w3-padding-32 w3-center"]) = count(id("swal2-content")/div[@class="w3-padding-32 w3-center"])]' is not present after '5' second(s)

2560-11-07 13:54:19 - [MESSAGE][PASSED] - Web element with id: 'Object Repository/Upload File with labelling//div_w3-padding-32 w3-center' located by 'By.xpath: //div[count(. | //*[@class = 'w3-padding-32 w3-center']) = count(//*[@class = 'w3-padding-32 w3-center'])][count(. | id("swal2-content")/div[@class="w3-padding-32 w3-center"]) = count(id("swal2-content")/div[@class="w3-padding-32 w3-center"])]' is not present after '5' second(s)

2560-11-07 13:54:19 - [TEST_STEP][PASSED] - waitForElementPresent: Object 'Object Repository/Upload File with labelling/i_fa fa-check w3-text-green' is present

2560-11-07 13:54:19 - [MESSAGE][PASSED] - Object 'Object Repository/Upload File with labelling/i_fa fa-check w3-text-green' is present

2560-11-07 13:54:19 - [TEST_STEP][PASSED] - click: Object: 'Object Repository/Upload File with labelling//button_Preview (1)' is clicked on

2560-11-07 13:54:19 - [MESSAGE][PASSED] - Object: 'Object Repository/Upload File with labelling//button_Preview (1)' is clicked on

2560-11-07 13:54:19 - [TEST_STEP][PASSED] - verifyElementPresent: Object 'Object Repository/Upload File with labelling/div_excel-reader' is present

2560-11-07 13:54:19 - [MESSAGE][PASSED] - Object 'Object Repository/Upload File with labelling/div_excel-reader' is present

2560-11-07 13:54:19 - [TEST_STEP][PASSED] - click: Object: 'Object Repository/Upload File with labelling/i_fa fa-times w3-xlarge w3-tex' is clicked on

2560-11-07 13:54:19 - [MESSAGE][PASSED] - Object: 'Object Repository/Upload File with labelling/i_fa fa-times w3-xlarge w3-tex' is clicked on

2560-11-07 13:54:19 - [TEST_STEP][PASSED] - scrollToElement: Scroll to object 'Object Repository/Upload File with labelling//button_Start (1)' successfully

2560-11-07 13:54:19 - [MESSAGE][PASSED] - Scroll to object 'Object Repository/Upload File with labelling//button_Start (1)' successfully

2560-11-07 13:54:19 - [TEST_STEP][PASSED] - click: Object: 'Object Repository/Upload File with labelling//button_Start (1)' is clicked on

2560-11-07 13:54:19 - [MESSAGE][PASSED] - Object: 'Object Repository/Upload File with labelling//button_Start (1)' is clicked on

2560-11-07 13:54:19 - [TEST_STEP][PASSED] - waitForElementNotPresent: Web element with id: 'Object Repository/Page_Guru TMDA (6)/Page_Guru TMDA (5)/Page_Guru TMDA/div_progress-bar-zone' located by 'By.xpath: //div[count(. | /html[1]/body[1]/my-app[1]/app-multiple-verbatim[1]/div[@class="popup-zone"]/div[@class="progress-bar-zone"]) = count(/html[1]/body[1]/my-app[1]/app-multiple-verbatim[1]/div[@class="popup-zone"]/div[@class="progress-bar-zone"])]' is not present after '5' second(s)

2560-11-07 13:54:21 - [MESSAGE][PASSED] - Web element with id: 'Object Repository/Page_Guru TMDA (6)/Page_Guru TMDA (5)/Page_Guru TMDA/div_progress-bar-zone' located by 'By.xpath: //div[count(. | /html[1]/body[1]/my-app[1]/app-multiple-verbatim[1]/div[@class="popup-zone"]/div[@class="progress-bar-zone"]) = count(/html[1]/body[1]/my-app[1]/app-multiple-verbatim[1]/div[@class="popup-zone"]/div[@class="progress-bar-zone"])]' is not present after '5' second(s)

2560-11-07 13:54:21 - [TEST_STEP][PASSED] - waitForElementNotPresent: Web element with id: 'Object Repository/Upload File with labelling//div_loader' located by 'By.xpath: //div[count(. | //*[@class = 'loader']) = count(//*[@class = 'loader'])][count(. | /html[1]/body[1]/my-app[1]/app-predicted-results[1]/div[@class="container-fluid"]/div[@class="row"]/div[@class="col-sm-6 col-sm-offset-3"]/div[@class="loader"]) = count(/html[1]/body[1]/my-app[1]/app-predicted-results[1]/div[@class="container-fluid"]/div[@class="row"]/div[@class="col-sm-6 col-sm-offset-3"]/div[@class="loader"])]' is present after '20' second(s)

2560-11-07 13:54:41 - [MESSAGE][WARNING] - Web element with id: 'Object Repository/Upload File with labelling//div_loader' located by 'By.xpath: //div[count(. | //*[@class = 'loader']) = count(//*[@class = 'loader'])][count(. | /html[1]/body[1]/my-app[1]/app-predicted-results[1]/div[@class="container-fluid"]/div[@class="row"]/div[@class="col-sm-6 col-sm-offset-3"]/div[@class="loader"]) = count(/html[1]/body[1]/my-app[1]/app-predicted-results[1]/div[@class="container-fluid"]/div[@class="row"]/div[@class="col-sm-6 col-sm-offset-3"]/div[@class="loader"])]' is present after '20' second(s)

2560-11-07 13:54:41 - [TEST_STEP][PASSED] - verifyElementPresent: Object 'Object Repository/Upload File with labelling/div_row' is present

2560-11-07 13:54:41 - [MESSAGE][PASSED] - Object 'Object Repository/Upload File with labelling/div_row' is present

2560-11-07 13:54:41 - [TEST_STEP][NOT_RUN] - closeBrowser: NOT_RUN: closeBrowser

2560-11-07 13:54:41 - [MESSAGE][NOT_RUN] - NOT_RUN: closeBrowser]]></system-out>
         <system-err><![CDATA[]]></system-err>
      </testcase>
      <system-out><![CDATA[2560-11-07 13:48:39 - [TEST_SUITE][PASSED] - Basic: Test Cases/3. Menu Text Prediction/Upload File with labelling]]></system-out>
      <system-err><![CDATA[]]></system-err>
   </testsuite>
</testsuites>
